640
64
Round 1/20
Local Epoch [1/5] - Loss: 7.6616
Local Epoch [2/5] - Loss: 5.2313
Local Epoch [3/5] - Loss: 3.0301
Local Epoch [4/5] - Loss: 1.1502
Local Epoch [5/5] - Loss: 0.3174
Client 1 done.
Local Epoch [1/5] - Loss: 7.6234
Local Epoch [2/5] - Loss: 5.5965
Local Epoch [3/5] - Loss: 3.2999
Local Epoch [4/5] - Loss: 1.4930
Local Epoch [5/5] - Loss: 0.4924
Client 2 done.
eval:0.078125
Round 2/20
Local Epoch [1/5] - Loss: 2.3079
Local Epoch [2/5] - Loss: 0.6133
Local Epoch [3/5] - Loss: 0.1155
Local Epoch [4/5] - Loss: 0.0260
Local Epoch [5/5] - Loss: 0.0195
Client 1 done.
Local Epoch [1/5] - Loss: 2.3040
Local Epoch [2/5] - Loss: 0.7134
Local Epoch [3/5] - Loss: 0.1715
Local Epoch [4/5] - Loss: 0.0478
Local Epoch [5/5] - Loss: 0.0232
Client 2 done.
eval:0.109375
Round 3/20
Local Epoch [1/5] - Loss: 0.3317
Local Epoch [2/5] - Loss: 0.0810
Local Epoch [3/5] - Loss: 0.0532
Local Epoch [4/5] - Loss: 0.0220
Local Epoch [5/5] - Loss: 0.0157
Client 1 done.
Local Epoch [1/5] - Loss: 0.3386
Local Epoch [2/5] - Loss: 0.0707
Local Epoch [3/5] - Loss: 0.0277
Local Epoch [4/5] - Loss: 0.0185
Local Epoch [5/5] - Loss: 0.0155
Client 2 done.
eval:0.125
Round 4/20
Local Epoch [1/5] - Loss: 0.0868
Local Epoch [2/5] - Loss: 0.0306
Local Epoch [3/5] - Loss: 0.0195
Local Epoch [4/5] - Loss: 0.0167
Local Epoch [5/5] - Loss: 0.0149
Client 1 done.
Local Epoch [1/5] - Loss: 0.0814
Local Epoch [2/5] - Loss: 0.0320
Local Epoch [3/5] - Loss: 0.0210
Local Epoch [4/5] - Loss: 0.0168
Local Epoch [5/5] - Loss: 0.0165
Client 2 done.
eval:0.140625
Round 5/20
Local Epoch [1/5] - Loss: 0.0365
Local Epoch [2/5] - Loss: 0.0263
Local Epoch [3/5] - Loss: 0.0182
Local Epoch [4/5] - Loss: 0.0140
Local Epoch [5/5] - Loss: 0.0127
Client 1 done.
Local Epoch [1/5] - Loss: 0.0436
Local Epoch [2/5] - Loss: 0.0248
Local Epoch [3/5] - Loss: 0.0177
Local Epoch [4/5] - Loss: 0.0149
Local Epoch [5/5] - Loss: 0.0140
Client 2 done.
eval:0.125
Round 6/20
Local Epoch [1/5] - Loss: 0.0300
Local Epoch [2/5] - Loss: 0.0193
Local Epoch [3/5] - Loss: 0.0151
Local Epoch [4/5] - Loss: 0.0120
Local Epoch [5/5] - Loss: 0.0105
Client 1 done.
Local Epoch [1/5] - Loss: 0.0333
Local Epoch [2/5] - Loss: 0.0181
Local Epoch [3/5] - Loss: 0.0143
Local Epoch [4/5] - Loss: 0.0120
Local Epoch [5/5] - Loss: 0.0121
Client 2 done.
eval:0.140625
Round 7/20
Local Epoch [1/5] - Loss: 0.0258
Local Epoch [2/5] - Loss: 0.0157
Local Epoch [3/5] - Loss: 0.0137
Local Epoch [4/5] - Loss: 0.0119
Local Epoch [5/5] - Loss: 0.0098
Client 1 done.
Local Epoch [1/5] - Loss: 0.0254
Local Epoch [2/5] - Loss: 0.0168
Local Epoch [3/5] - Loss: 0.0123
Local Epoch [4/5] - Loss: 0.0099
Local Epoch [5/5] - Loss: 0.0104
Client 2 done.
eval:0.125
Round 8/20
Local Epoch [1/5] - Loss: 0.0173
Local Epoch [2/5] - Loss: 0.0130
Local Epoch [3/5] - Loss: 0.0120
Local Epoch [4/5] - Loss: 0.0113
Local Epoch [5/5] - Loss: 0.0092
Client 1 done.
Local Epoch [1/5] - Loss: 0.0160
Local Epoch [2/5] - Loss: 0.0133
Local Epoch [3/5] - Loss: 0.0097
Local Epoch [4/5] - Loss: 0.0090
Local Epoch [5/5] - Loss: 0.0081
Client 2 done.
eval:0.125
Round 9/20
Local Epoch [1/5] - Loss: 0.0128
Local Epoch [2/5] - Loss: 0.0102
Local Epoch [3/5] - Loss: 0.0089
Local Epoch [4/5] - Loss: 0.0080
Local Epoch [5/5] - Loss: 0.0075
Client 1 done.
Local Epoch [1/5] - Loss: 0.0130
Local Epoch [2/5] - Loss: 0.0104
Local Epoch [3/5] - Loss: 0.0097
Local Epoch [4/5] - Loss: 0.0076
Local Epoch [5/5] - Loss: 0.0080
Client 2 done.
eval:0.125
Round 10/20
Local Epoch [1/5] - Loss: 0.0115
Local Epoch [2/5] - Loss: 0.0096
Local Epoch [3/5] - Loss: 0.0093
Local Epoch [4/5] - Loss: 0.0086
Local Epoch [5/5] - Loss: 0.0064
Client 1 done.
Local Epoch [1/5] - Loss: 0.0112
Local Epoch [2/5] - Loss: 0.0107
Local Epoch [3/5] - Loss: 0.0076
Local Epoch [4/5] - Loss: 0.0075
Local Epoch [5/5] - Loss: 0.0071
Client 2 done.
eval:0.125
Round 11/20
Local Epoch [1/5] - Loss: 0.0101
Local Epoch [2/5] - Loss: 0.0099
Local Epoch [3/5] - Loss: 0.0075
Local Epoch [4/5] - Loss: 0.0066
Local Epoch [5/5] - Loss: 0.0055
Client 1 done.
Local Epoch [1/5] - Loss: 0.0108
Local Epoch [2/5] - Loss: 0.0082
Local Epoch [3/5] - Loss: 0.0081
Local Epoch [4/5] - Loss: 0.0070
Local Epoch [5/5] - Loss: 0.0055
Client 2 done.
eval:0.140625
Round 12/20
Local Epoch [1/5] - Loss: 0.0090
Local Epoch [2/5] - Loss: 0.0082
Local Epoch [3/5] - Loss: 0.0062
Local Epoch [4/5] - Loss: 0.0059
Local Epoch [5/5] - Loss: 0.0051
Client 1 done.
Local Epoch [1/5] - Loss: 0.0087
Local Epoch [2/5] - Loss: 0.0068
Local Epoch [3/5] - Loss: 0.0074
Local Epoch [4/5] - Loss: 0.0056
Local Epoch [5/5] - Loss: 0.0057
Client 2 done.
eval:0.125
Round 13/20
Local Epoch [1/5] - Loss: 0.0080
Local Epoch [2/5] - Loss: 0.0072
Local Epoch [3/5] - Loss: 0.0059
Local Epoch [4/5] - Loss: 0.0054
Local Epoch [5/5] - Loss: 0.0051
Client 1 done.
Local Epoch [1/5] - Loss: 0.0086
Local Epoch [2/5] - Loss: 0.0063
Local Epoch [3/5] - Loss: 0.0064
Local Epoch [4/5] - Loss: 0.0057
Local Epoch [5/5] - Loss: 0.0053
Client 2 done.
eval:0.140625
Round 14/20
Local Epoch [1/5] - Loss: 0.0076
Local Epoch [2/5] - Loss: 0.0059
Local Epoch [3/5] - Loss: 0.0050
Local Epoch [4/5] - Loss: 0.0053
Local Epoch [5/5] - Loss: 0.0043
Client 1 done.
Local Epoch [1/5] - Loss: 0.0072
Local Epoch [2/5] - Loss: 0.0069
Local Epoch [3/5] - Loss: 0.0060
Local Epoch [4/5] - Loss: 0.0046
Local Epoch [5/5] - Loss: 0.0053
Client 2 done.
eval:0.125
Round 15/20
Local Epoch [1/5] - Loss: 0.0069
Local Epoch [2/5] - Loss: 0.0053
Local Epoch [3/5] - Loss: 0.0057
Local Epoch [4/5] - Loss: 0.0045
Local Epoch [5/5] - Loss: 0.0045
Client 1 done.
Local Epoch [1/5] - Loss: 0.0062
Local Epoch [2/5] - Loss: 0.0060
Local Epoch [3/5] - Loss: 0.0047
Local Epoch [4/5] - Loss: 0.0049
Local Epoch [5/5] - Loss: 0.0048
Client 2 done.
eval:0.140625
Round 16/20
Local Epoch [1/5] - Loss: 0.0060
Local Epoch [2/5] - Loss: 0.0057
Local Epoch [3/5] - Loss: 0.0052
Local Epoch [4/5] - Loss: 0.0044
Local Epoch [5/5] - Loss: 0.0048
Client 1 done.
Local Epoch [1/5] - Loss: 0.0063
Local Epoch [2/5] - Loss: 0.0051
Local Epoch [3/5] - Loss: 0.0045
Local Epoch [4/5] - Loss: 0.0062
Local Epoch [5/5] - Loss: 0.0045
Client 2 done.
eval:0.125
Round 17/20
Local Epoch [1/5] - Loss: 0.0063
Local Epoch [2/5] - Loss: 0.0049
Local Epoch [3/5] - Loss: 0.0047
Local Epoch [4/5] - Loss: 0.0042
Local Epoch [5/5] - Loss: 0.0037
Client 1 done.
Local Epoch [1/5] - Loss: 0.0053
Local Epoch [2/5] - Loss: 0.0048
Local Epoch [3/5] - Loss: 0.0046
Local Epoch [4/5] - Loss: 0.0038
Local Epoch [5/5] - Loss: 0.0043
Client 2 done.
eval:0.125
Round 18/20
Local Epoch [1/5] - Loss: 0.0048
Local Epoch [2/5] - Loss: 0.0047
Local Epoch [3/5] - Loss: 0.0037
Local Epoch [4/5] - Loss: 0.0036
Local Epoch [5/5] - Loss: 0.0037
Client 1 done.
Local Epoch [1/5] - Loss: 0.0060
Local Epoch [2/5] - Loss: 0.0045
Local Epoch [3/5] - Loss: 0.0043
Local Epoch [4/5] - Loss: 0.0046
Local Epoch [5/5] - Loss: 0.0034
Client 2 done.
eval:0.125
Round 19/20
Local Epoch [1/5] - Loss: 0.0044
Local Epoch [2/5] - Loss: 0.0040
Local Epoch [3/5] - Loss: 0.0040
Local Epoch [4/5] - Loss: 0.0040
Local Epoch [5/5] - Loss: 0.0043
Client 1 done.
Local Epoch [1/5] - Loss: 0.0045
Local Epoch [2/5] - Loss: 0.0041
Local Epoch [3/5] - Loss: 0.0042
Local Epoch [4/5] - Loss: 0.0037
Local Epoch [5/5] - Loss: 0.0034
Client 2 done.
eval:0.125
Round 20/20
Local Epoch [1/5] - Loss: 0.0044
Local Epoch [2/5] - Loss: 0.0042
Local Epoch [3/5] - Loss: 0.0034
Local Epoch [4/5] - Loss: 0.0037
Local Epoch [5/5] - Loss: 0.0029
Client 1 done.
Local Epoch [1/5] - Loss: 0.0044
Local Epoch [2/5] - Loss: 0.0045
Local Epoch [3/5] - Loss: 0.0035
Local Epoch [4/5] - Loss: 0.0033
Local Epoch [5/5] - Loss: 0.0029
Client 2 done.
eval:0.125
0.0 0.125

------------------------------------------------------------
Sender: LSF System <lsfadmin@hpc.dtu.dk>
Subject: Job 26781600: <train> in cluster <dcc> Done

Job <train> was submitted from host <n-62-27-22> by user <s224227> in cluster <dcc> at Tue Nov  4 14:46:07 2025
Job was executed on host(s) <n-62-18-5>, in queue <gpua10>, as user <s224227> in cluster <dcc> at Tue Nov  4 14:46:09 2025
</zhome/d1/b/187261> was used as the home directory.
</zhome/d1/b/187261/Desktop/Bachelor/Bachelor> was used as the working directory.
Started at Tue Nov  4 14:46:09 2025
Terminated at Tue Nov  4 14:47:58 2025
Results reported at Tue Nov  4 14:47:58 2025

Your job looked like:

------------------------------------------------------------
# LSBATCH: User input
#!/bin/bash

#BSUB -J train
#BSUB -q gpua10 
#BSUB -W 30
#BSUB -R "rusage[mem=10G]"
#BSUB -R "span[hosts=1]"
#BSUB -n 1
#BSUB -o train_%J.out
#BSUB -e train_%J.err

# # Load Python if needed (depends on DTU module system)
module load python/3.10.12  

# Activate your virtual environment
source ~/torch-env/bin/activate

python main_imnet.py 2 20 5 8 1
------------------------------------------------------------

Successfully completed.

Resource usage summary:

    CPU time :                                   102.14 sec.
    Max Memory :                                 1952 MB
    Average Memory :                             1301.67 MB
    Total Requested Memory :                     10240.00 MB
    Delta Memory :                               8288.00 MB
    Max Swap :                                   -
    Max Processes :                              4
    Max Threads :                                9
    Run time :                                   183 sec.
    Turnaround time :                            111 sec.

The output (if any) is above this job summary.



PS:

Read file <train_26781600.err> for stderr output of this job.

