6405
64
Round 1/20
Local Epoch [1/5] - Loss: 7.0877 - Acc: 0.0
Local Epoch [2/5] - Loss: 5.5651 - Acc: 0.0
Local Epoch [3/5] - Loss: 4.3401 - Acc: 0.015625
Local Epoch [4/5] - Loss: 3.2010 - Acc: 0.015625
Local Epoch [5/5] - Loss: 2.4085 - Acc: 0.0625
Client 1 done.
Local Epoch [1/5] - Loss: 7.0716 - Acc: 0.0
Local Epoch [2/5] - Loss: 5.6442 - Acc: 0.0
Local Epoch [3/5] - Loss: 4.2935 - Acc: 0.046875
Local Epoch [4/5] - Loss: 3.1656 - Acc: 0.03125
Local Epoch [5/5] - Loss: 2.3610 - Acc: 0.046875
Client 2 done.
Local Epoch [1/5] - Loss: 7.0728 - Acc: 0.0
Local Epoch [2/5] - Loss: 5.6201 - Acc: 0.015625
Local Epoch [3/5] - Loss: 4.2061 - Acc: 0.03125
Local Epoch [4/5] - Loss: 3.1316 - Acc: 0.078125
Local Epoch [5/5] - Loss: 2.3585 - Acc: 0.078125
Client 3 done.
Local Epoch [1/5] - Loss: 7.0182 - Acc: 0.0
Local Epoch [2/5] - Loss: 5.5912 - Acc: 0.015625
Local Epoch [3/5] - Loss: 4.1619 - Acc: 0.0
Local Epoch [4/5] - Loss: 3.1150 - Acc: 0.171875
Local Epoch [5/5] - Loss: 2.3063 - Acc: 0.109375
Client 4 done.
Local Epoch [1/5] - Loss: 7.1088 - Acc: 0.0
Local Epoch [2/5] - Loss: 5.7345 - Acc: 0.015625
Local Epoch [3/5] - Loss: 4.4273 - Acc: 0.125
Local Epoch [4/5] - Loss: 3.3146 - Acc: 0.15625
Local Epoch [5/5] - Loss: 2.4532 - Acc: 0.125
Client 5 done.
eval:0.03125
Round 2/20
Local Epoch [1/5] - Loss: 4.7907 - Acc: 0.0
Local Epoch [2/5] - Loss: 3.4406 - Acc: 0.0625
Local Epoch [3/5] - Loss: 2.4551 - Acc: 0.125
Local Epoch [4/5] - Loss: 1.7578 - Acc: 0.109375
Local Epoch [5/5] - Loss: 1.3008 - Acc: 0.125
Client 1 done.
Local Epoch [1/5] - Loss: 4.7439 - Acc: 0.015625
Local Epoch [2/5] - Loss: 3.4180 - Acc: 0.09375
Local Epoch [3/5] - Loss: 2.4000 - Acc: 0.109375
Local Epoch [4/5] - Loss: 1.7099 - Acc: 0.109375
Local Epoch [5/5] - Loss: 1.2878 - Acc: 0.078125
Client 2 done.
Local Epoch [1/5] - Loss: 4.7755 - Acc: 0.0625
Local Epoch [2/5] - Loss: 3.5807 - Acc: 0.125
Local Epoch [3/5] - Loss: 2.3444 - Acc: 0.09375
Local Epoch [4/5] - Loss: 1.6606 - Acc: 0.09375
Local Epoch [5/5] - Loss: 1.3085 - Acc: 0.125
Client 3 done.
Local Epoch [1/5] - Loss: 4.6946 - Acc: 0.046875
Local Epoch [2/5] - Loss: 3.3461 - Acc: 0.109375
Local Epoch [3/5] - Loss: 2.5230 - Acc: 0.234375
Local Epoch [4/5] - Loss: 1.6043 - Acc: 0.234375
Local Epoch [5/5] - Loss: 1.1973 - Acc: 0.203125
Client 4 done.
Local Epoch [1/5] - Loss: 4.8386 - Acc: 0.09375
Local Epoch [2/5] - Loss: 3.4917 - Acc: 0.15625
Local Epoch [3/5] - Loss: 2.4225 - Acc: 0.203125
Local Epoch [4/5] - Loss: 1.7254 - Acc: 0.109375
Local Epoch [5/5] - Loss: 1.2662 - Acc: 0.21875
Client 5 done.
eval:0.1875
Round 3/20
Local Epoch [1/5] - Loss: 3.1799 - Acc: 0.109375
Local Epoch [2/5] - Loss: 2.0459 - Acc: 0.109375
Local Epoch [3/5] - Loss: 1.4163 - Acc: 0.125
Local Epoch [4/5] - Loss: 1.0957 - Acc: 0.109375
Local Epoch [5/5] - Loss: 0.8809 - Acc: 0.125
Client 1 done.
Local Epoch [1/5] - Loss: 3.1415 - Acc: 0.1875
Local Epoch [2/5] - Loss: 2.0148 - Acc: 0.15625
Local Epoch [3/5] - Loss: 1.3477 - Acc: 0.140625
Local Epoch [4/5] - Loss: 0.9790 - Acc: 0.140625
Local Epoch [5/5] - Loss: 0.8280 - Acc: 0.1875
Client 2 done.
Local Epoch [1/5] - Loss: 3.3334 - Acc: 0.15625
Local Epoch [2/5] - Loss: 2.0040 - Acc: 0.1875
Local Epoch [3/5] - Loss: 1.2778 - Acc: 0.140625
Local Epoch [4/5] - Loss: 0.9946 - Acc: 0.203125
Local Epoch [5/5] - Loss: 0.9047 - Acc: 0.1875
Client 3 done.
Local Epoch [1/5] - Loss: 3.1049 - Acc: 0.15625
Local Epoch [2/5] - Loss: 1.9843 - Acc: 0.25
Local Epoch [3/5] - Loss: 1.3890 - Acc: 0.265625
Local Epoch [4/5] - Loss: 0.9586 - Acc: 0.203125
Local Epoch [5/5] - Loss: 0.7803 - Acc: 0.28125
Client 4 done.
Local Epoch [1/5] - Loss: 3.1390 - Acc: 0.125
Local Epoch [2/5] - Loss: 2.1243 - Acc: 0.203125
Local Epoch [3/5] - Loss: 1.6101 - Acc: 0.203125
Local Epoch [4/5] - Loss: 1.0284 - Acc: 0.203125
Local Epoch [5/5] - Loss: 0.8811 - Acc: 0.234375
Client 5 done.
eval:0.21875
Round 4/20
Local Epoch [1/5] - Loss: 2.0759 - Acc: 0.125
Local Epoch [2/5] - Loss: 1.3685 - Acc: 0.21875
Local Epoch [3/5] - Loss: 0.9481 - Acc: 0.203125
Local Epoch [4/5] - Loss: 0.7744 - Acc: 0.15625
Local Epoch [5/5] - Loss: 0.7692 - Acc: 0.15625
Client 1 done.
Local Epoch [1/5] - Loss: 2.0571 - Acc: 0.21875
Local Epoch [2/5] - Loss: 1.2766 - Acc: 0.171875
Local Epoch [3/5] - Loss: 0.9186 - Acc: 0.1875
Local Epoch [4/5] - Loss: 0.7891 - Acc: 0.21875
Local Epoch [5/5] - Loss: 0.7085 - Acc: 0.171875
Client 2 done.
Local Epoch [1/5] - Loss: 2.2670 - Acc: 0.21875
Local Epoch [2/5] - Loss: 1.2653 - Acc: 0.203125
Local Epoch [3/5] - Loss: 0.8669 - Acc: 0.203125
Local Epoch [4/5] - Loss: 0.7513 - Acc: 0.1875
Local Epoch [5/5] - Loss: 0.7383 - Acc: 0.21875
Client 3 done.
Local Epoch [1/5] - Loss: 2.0600 - Acc: 0.21875
Local Epoch [2/5] - Loss: 1.2923 - Acc: 0.25
Local Epoch [3/5] - Loss: 0.8719 - Acc: 0.21875
Local Epoch [4/5] - Loss: 0.7346 - Acc: 0.265625
Local Epoch [5/5] - Loss: 0.6396 - Acc: 0.25
Client 4 done.
Local Epoch [1/5] - Loss: 2.1115 - Acc: 0.203125
Local Epoch [2/5] - Loss: 1.2818 - Acc: 0.1875
Local Epoch [3/5] - Loss: 0.9203 - Acc: 0.203125
Local Epoch [4/5] - Loss: 0.8191 - Acc: 0.234375
Local Epoch [5/5] - Loss: 0.7881 - Acc: 0.234375
Client 5 done.
eval:0.25
Round 5/20
Local Epoch [1/5] - Loss: 1.4790 - Acc: 0.234375
Local Epoch [2/5] - Loss: 1.1049 - Acc: 0.21875
Local Epoch [3/5] - Loss: 0.7627 - Acc: 0.125
Local Epoch [4/5] - Loss: 0.6995 - Acc: 0.140625
Local Epoch [5/5] - Loss: 0.6714 - Acc: 0.140625
Client 1 done.
Local Epoch [1/5] - Loss: 1.3795 - Acc: 0.21875
Local Epoch [2/5] - Loss: 0.9477 - Acc: 0.203125
Local Epoch [3/5] - Loss: 0.7308 - Acc: 0.234375
Local Epoch [4/5] - Loss: 0.7105 - Acc: 0.203125
Local Epoch [5/5] - Loss: 0.6529 - Acc: 0.21875
Client 2 done.
Local Epoch [1/5] - Loss: 1.4182 - Acc: 0.25
Local Epoch [2/5] - Loss: 0.9741 - Acc: 0.21875
Local Epoch [3/5] - Loss: 0.7172 - Acc: 0.28125
Local Epoch [4/5] - Loss: 0.7194 - Acc: 0.234375
Local Epoch [5/5] - Loss: 0.6644 - Acc: 0.21875
Client 3 done.
Local Epoch [1/5] - Loss: 1.4091 - Acc: 0.359375
Local Epoch [2/5] - Loss: 0.9105 - Acc: 0.28125
Local Epoch [3/5] - Loss: 0.7364 - Acc: 0.28125
Local Epoch [4/5] - Loss: 0.7390 - Acc: 0.25
Local Epoch [5/5] - Loss: 0.6495 - Acc: 0.25
Client 4 done.
Local Epoch [1/5] - Loss: 1.5076 - Acc: 0.28125
Local Epoch [2/5] - Loss: 0.9499 - Acc: 0.234375
Local Epoch [3/5] - Loss: 0.7506 - Acc: 0.265625
Local Epoch [4/5] - Loss: 0.6927 - Acc: 0.234375
Local Epoch [5/5] - Loss: 0.6661 - Acc: 0.203125
Client 5 done.
eval:0.234375
Round 6/20
Local Epoch [1/5] - Loss: 1.0824 - Acc: 0.1875
Local Epoch [2/5] - Loss: 0.8370 - Acc: 0.109375
Local Epoch [3/5] - Loss: 0.6790 - Acc: 0.234375
Local Epoch [4/5] - Loss: 0.6560 - Acc: 0.25
Local Epoch [5/5] - Loss: 0.6417 - Acc: 0.1875
Client 1 done.
Local Epoch [1/5] - Loss: 1.0184 - Acc: 0.265625
Local Epoch [2/5] - Loss: 0.7435 - Acc: 0.21875
Local Epoch [3/5] - Loss: 0.6880 - Acc: 0.28125
Local Epoch [4/5] - Loss: 0.6492 - Acc: 0.25
Local Epoch [5/5] - Loss: 0.6552 - Acc: 0.234375
Client 2 done.
Local Epoch [1/5] - Loss: 1.1412 - Acc: 0.234375
Local Epoch [2/5] - Loss: 0.7822 - Acc: 0.25
Local Epoch [3/5] - Loss: 0.6943 - Acc: 0.265625
Local Epoch [4/5] - Loss: 0.7006 - Acc: 0.3125
Local Epoch [5/5] - Loss: 0.6365 - Acc: 0.3125
Client 3 done.
Local Epoch [1/5] - Loss: 1.0564 - Acc: 0.328125
Local Epoch [2/5] - Loss: 0.7749 - Acc: 0.265625
Local Epoch [3/5] - Loss: 0.7310 - Acc: 0.296875
Local Epoch [4/5] - Loss: 0.6808 - Acc: 0.234375
Local Epoch [5/5] - Loss: 0.6008 - Acc: 0.3125
Client 4 done.
Local Epoch [1/5] - Loss: 1.0626 - Acc: 0.1875
Local Epoch [2/5] - Loss: 0.7900 - Acc: 0.234375
Local Epoch [3/5] - Loss: 0.7612 - Acc: 0.234375
Local Epoch [4/5] - Loss: 0.6772 - Acc: 0.21875
Local Epoch [5/5] - Loss: 0.7016 - Acc: 0.265625
Client 5 done.
eval:0.296875
Round 7/20
Local Epoch [1/5] - Loss: 0.8958 - Acc: 0.34375
Local Epoch [2/5] - Loss: 0.7093 - Acc: 0.3125
Local Epoch [3/5] - Loss: 0.6587 - Acc: 0.234375
Local Epoch [4/5] - Loss: 0.6643 - Acc: 0.21875
Local Epoch [5/5] - Loss: 0.6018 - Acc: 0.234375
Client 1 done.
Local Epoch [1/5] - Loss: 0.8181 - Acc: 0.3125
Local Epoch [2/5] - Loss: 0.6665 - Acc: 0.21875
Local Epoch [3/5] - Loss: 0.6339 - Acc: 0.21875
Local Epoch [4/5] - Loss: 0.6243 - Acc: 0.21875
Local Epoch [5/5] - Loss: 0.5965 - Acc: 0.21875
Client 2 done.
Local Epoch [1/5] - Loss: 0.9461 - Acc: 0.3125
Local Epoch [2/5] - Loss: 0.6628 - Acc: 0.265625
Local Epoch [3/5] - Loss: 0.6598 - Acc: 0.28125
Local Epoch [4/5] - Loss: 0.6365 - Acc: 0.25
Local Epoch [5/5] - Loss: 0.6213 - Acc: 0.296875
Client 3 done.
Local Epoch [1/5] - Loss: 0.7997 - Acc: 0.328125
Local Epoch [2/5] - Loss: 0.6130 - Acc: 0.28125
Local Epoch [3/5] - Loss: 0.6144 - Acc: 0.296875
Local Epoch [4/5] - Loss: 0.6337 - Acc: 0.28125
Local Epoch [5/5] - Loss: 0.5759 - Acc: 0.328125
Client 4 done.
Local Epoch [1/5] - Loss: 0.8244 - Acc: 0.265625
Local Epoch [2/5] - Loss: 0.7420 - Acc: 0.28125
Local Epoch [3/5] - Loss: 0.6626 - Acc: 0.265625
Local Epoch [4/5] - Loss: 0.7364 - Acc: 0.234375
Local Epoch [5/5] - Loss: 0.6542 - Acc: 0.25
Client 5 done.
eval:0.28125
Round 8/20
Local Epoch [1/5] - Loss: 0.6542 - Acc: 0.3125
Local Epoch [2/5] - Loss: 0.6780 - Acc: 0.28125
Local Epoch [3/5] - Loss: 0.6133 - Acc: 0.234375
Local Epoch [4/5] - Loss: 0.6089 - Acc: 0.25
Local Epoch [5/5] - Loss: 0.5759 - Acc: 0.171875
Client 1 done.
Local Epoch [1/5] - Loss: 0.6239 - Acc: 0.25
Local Epoch [2/5] - Loss: 0.6579 - Acc: 0.296875
Local Epoch [3/5] - Loss: 0.5760 - Acc: 0.21875
Local Epoch [4/5] - Loss: 0.5924 - Acc: 0.21875
Local Epoch [5/5] - Loss: 0.5836 - Acc: 0.234375
Client 2 done.
Local Epoch [1/5] - Loss: 0.6432 - Acc: 0.28125
Local Epoch [2/5] - Loss: 0.6565 - Acc: 0.28125
Local Epoch [3/5] - Loss: 0.5638 - Acc: 0.28125
Local Epoch [4/5] - Loss: 0.5515 - Acc: 0.265625
Local Epoch [5/5] - Loss: 0.5615 - Acc: 0.28125
Client 3 done.
Local Epoch [1/5] - Loss: 0.6663 - Acc: 0.359375
Local Epoch [2/5] - Loss: 0.6680 - Acc: 0.34375
Local Epoch [3/5] - Loss: 0.6488 - Acc: 0.3125
Local Epoch [4/5] - Loss: 0.7355 - Acc: 0.359375
Local Epoch [5/5] - Loss: 0.5602 - Acc: 0.3125
Client 4 done.
Local Epoch [1/5] - Loss: 0.6757 - Acc: 0.296875
Local Epoch [2/5] - Loss: 0.6070 - Acc: 0.328125
Local Epoch [3/5] - Loss: 0.6686 - Acc: 0.25
Local Epoch [4/5] - Loss: 0.6267 - Acc: 0.25
Local Epoch [5/5] - Loss: 1.4746 - Acc: 0.234375
Client 5 done.
eval:0.296875
Round 9/20
Local Epoch [1/5] - Loss: 0.5839 - Acc: 0.28125
Local Epoch [2/5] - Loss: 0.6072 - Acc: 0.328125
Local Epoch [3/5] - Loss: 0.5778 - Acc: 0.265625
Local Epoch [4/5] - Loss: 0.5794 - Acc: 0.203125
Local Epoch [5/5] - Loss: 0.5335 - Acc: 0.234375
Client 1 done.
Local Epoch [1/5] - Loss: 0.5722 - Acc: 0.25
Local Epoch [2/5] - Loss: 0.5808 - Acc: 0.28125
Local Epoch [3/5] - Loss: 0.5618 - Acc: 0.25
Local Epoch [4/5] - Loss: 0.5863 - Acc: 0.21875
Local Epoch [5/5] - Loss: 0.5461 - Acc: 0.25
Client 2 done.
Local Epoch [1/5] - Loss: 0.5505 - Acc: 0.296875
Local Epoch [2/5] - Loss: 0.6200 - Acc: 0.265625
Local Epoch [3/5] - Loss: 0.6083 - Acc: 0.21875
Local Epoch [4/5] - Loss: 0.5886 - Acc: 0.265625
Local Epoch [5/5] - Loss: 0.5838 - Acc: 0.203125
Client 3 done.
Local Epoch [1/5] - Loss: 0.5654 - Acc: 0.375
Local Epoch [2/5] - Loss: 0.6727 - Acc: 0.34375
Local Epoch [3/5] - Loss: 0.5354 - Acc: 0.265625
Local Epoch [4/5] - Loss: 0.6010 - Acc: 0.3125
Local Epoch [5/5] - Loss: 0.6824 - Acc: 0.28125
Client 4 done.
Local Epoch [1/5] - Loss: 0.5470 - Acc: 0.34375
Local Epoch [2/5] - Loss: 0.6323 - Acc: 0.28125
Local Epoch [3/5] - Loss: 0.5566 - Acc: 0.21875
Local Epoch [4/5] - Loss: 0.5855 - Acc: 0.28125
Local Epoch [5/5] - Loss: 0.5759 - Acc: 0.296875
Client 5 done.
eval:0.3125
Round 10/20
Local Epoch [1/5] - Loss: 0.4992 - Acc: 0.296875
Local Epoch [2/5] - Loss: 0.5967 - Acc: 0.3125
Local Epoch [3/5] - Loss: 0.5730 - Acc: 0.234375
Local Epoch [4/5] - Loss: 0.5873 - Acc: 0.3125
Local Epoch [5/5] - Loss: 0.5655 - Acc: 0.265625
Client 1 done.
Local Epoch [1/5] - Loss: 0.4876 - Acc: 0.296875
Local Epoch [2/5] - Loss: 0.5711 - Acc: 0.265625
Local Epoch [3/5] - Loss: 0.5848 - Acc: 0.28125
Local Epoch [4/5] - Loss: 0.7016 - Acc: 0.28125
Local Epoch [5/5] - Loss: 0.5773 - Acc: 0.25
Client 2 done.
Local Epoch [1/5] - Loss: 0.5057 - Acc: 0.265625
Local Epoch [2/5] - Loss: 0.5646 - Acc: 0.34375
Local Epoch [3/5] - Loss: 0.5596 - Acc: 0.234375
Local Epoch [4/5] - Loss: 0.5810 - Acc: 0.25
Local Epoch [5/5] - Loss: 0.7529 - Acc: 0.265625
Client 3 done.
Local Epoch [1/5] - Loss: 0.5090 - Acc: 0.328125
Local Epoch [2/5] - Loss: 0.7577 - Acc: 0.359375
Local Epoch [3/5] - Loss: 0.5947 - Acc: 0.328125
Local Epoch [4/5] - Loss: 0.6147 - Acc: 0.328125
Local Epoch [5/5] - Loss: 0.5828 - Acc: 0.265625
Client 4 done.
Local Epoch [1/5] - Loss: 0.5287 - Acc: 0.34375
Local Epoch [2/5] - Loss: 0.5528 - Acc: 0.390625
Local Epoch [3/5] - Loss: 0.5940 - Acc: 0.328125
Local Epoch [4/5] - Loss: 0.5753 - Acc: 0.265625
Local Epoch [5/5] - Loss: 0.5841 - Acc: 0.328125
Client 5 done.
eval:0.34375
Round 11/20
Local Epoch [1/5] - Loss: 0.4671 - Acc: 0.34375
Local Epoch [2/5] - Loss: 0.6671 - Acc: 0.296875
Local Epoch [3/5] - Loss: 0.5188 - Acc: 0.28125
Local Epoch [4/5] - Loss: 0.5846 - Acc: 0.28125
Local Epoch [5/5] - Loss: 0.5591 - Acc: 0.265625
Client 1 done.
Local Epoch [1/5] - Loss: 0.4337 - Acc: 0.265625
Local Epoch [2/5] - Loss: 0.5377 - Acc: 0.328125
Local Epoch [3/5] - Loss: 0.5556 - Acc: 0.328125
Local Epoch [4/5] - Loss: 0.5520 - Acc: 0.296875
Local Epoch [5/5] - Loss: 0.5847 - Acc: 0.28125
Client 2 done.
Local Epoch [1/5] - Loss: 0.4387 - Acc: 0.296875
Local Epoch [2/5] - Loss: 0.6406 - Acc: 0.25
Local Epoch [3/5] - Loss: 0.5407 - Acc: 0.296875
Local Epoch [4/5] - Loss: 0.5839 - Acc: 0.28125
Local Epoch [5/5] - Loss: 0.5792 - Acc: 0.234375
Client 3 done.
Local Epoch [1/5] - Loss: 0.4667 - Acc: 0.328125
Local Epoch [2/5] - Loss: 0.5329 - Acc: 0.359375
Local Epoch [3/5] - Loss: 0.5399 - Acc: 0.3125
Local Epoch [4/5] - Loss: 0.5882 - Acc: 0.34375
Local Epoch [5/5] - Loss: 0.5579 - Acc: 0.296875
Client 4 done.
Local Epoch [1/5] - Loss: 0.4673 - Acc: 0.34375
Local Epoch [2/5] - Loss: 0.5454 - Acc: 0.3125
Local Epoch [3/5] - Loss: 0.5806 - Acc: 0.328125
Local Epoch [4/5] - Loss: 0.6301 - Acc: 0.28125
Local Epoch [5/5] - Loss: 0.5597 - Acc: 0.25
Client 5 done.
eval:0.3125
Round 12/20
Local Epoch [1/5] - Loss: 0.4297 - Acc: 0.296875
Local Epoch [2/5] - Loss: 0.6178 - Acc: 0.328125
Local Epoch [3/5] - Loss: 0.6390 - Acc: 0.25
Local Epoch [4/5] - Loss: 0.5355 - Acc: 0.296875
Local Epoch [5/5] - Loss: 0.5312 - Acc: 0.28125
Client 1 done.
Local Epoch [1/5] - Loss: 0.4378 - Acc: 0.296875
Local Epoch [2/5] - Loss: 0.5032 - Acc: 0.21875
Local Epoch [3/5] - Loss: 0.5294 - Acc: 0.234375
Local Epoch [4/5] - Loss: 0.5209 - Acc: 0.265625
Local Epoch [5/5] - Loss: 0.5599 - Acc: 0.1875
Client 2 done.
Local Epoch [1/5] - Loss: 0.4169 - Acc: 0.265625
Local Epoch [2/5] - Loss: 0.5414 - Acc: 0.34375
Local Epoch [3/5] - Loss: 0.7137 - Acc: 0.296875
Local Epoch [4/5] - Loss: 0.5529 - Acc: 0.34375
Local Epoch [5/5] - Loss: 0.5219 - Acc: 0.296875
Client 3 done.
Local Epoch [1/5] - Loss: 0.4549 - Acc: 0.375
Local Epoch [2/5] - Loss: 0.4688 - Acc: 0.328125
Local Epoch [3/5] - Loss: 0.6063 - Acc: 0.3125
Local Epoch [4/5] - Loss: 0.5843 - Acc: 0.265625
Local Epoch [5/5] - Loss: 0.5263 - Acc: 0.390625
Client 4 done.
Local Epoch [1/5] - Loss: 0.4280 - Acc: 0.3125
Local Epoch [2/5] - Loss: 0.5144 - Acc: 0.3125
Local Epoch [3/5] - Loss: 0.5917 - Acc: 0.28125
Local Epoch [4/5] - Loss: 0.5550 - Acc: 0.28125
Local Epoch [5/5] - Loss: 0.5532 - Acc: 0.296875
Client 5 done.
eval:0.328125
Round 13/20
Local Epoch [1/5] - Loss: 0.4132 - Acc: 0.265625
Local Epoch [2/5] - Loss: 0.5234 - Acc: 0.25
Local Epoch [3/5] - Loss: 0.5533 - Acc: 0.28125
Local Epoch [4/5] - Loss: 0.6098 - Acc: 0.296875
Local Epoch [5/5] - Loss: 0.6239 - Acc: 0.1875
Client 1 done.
Local Epoch [1/5] - Loss: 0.4124 - Acc: 0.265625
Local Epoch [2/5] - Loss: 0.5577 - Acc: 0.28125
Local Epoch [3/5] - Loss: 0.5183 - Acc: 0.3125
Local Epoch [4/5] - Loss: 1.3399 - Acc: 0.296875
Local Epoch [5/5] - Loss: 0.4874 - Acc: 0.296875
Client 2 done.
Local Epoch [1/5] - Loss: 0.4098 - Acc: 0.28125
Local Epoch [2/5] - Loss: 0.5227 - Acc: 0.234375
Local Epoch [3/5] - Loss: 0.5835 - Acc: 0.234375
Local Epoch [4/5] - Loss: 0.5499 - Acc: 0.3125
Local Epoch [5/5] - Loss: 0.5326 - Acc: 0.25
Client 3 done.
Local Epoch [1/5] - Loss: 0.5295 - Acc: 0.328125
Local Epoch [2/5] - Loss: 0.5156 - Acc: 0.328125
Local Epoch [3/5] - Loss: 0.5092 - Acc: 0.296875
Local Epoch [4/5] - Loss: 0.5698 - Acc: 0.28125
Local Epoch [5/5] - Loss: 0.5654 - Acc: 0.375
Client 4 done.
Local Epoch [1/5] - Loss: 0.4161 - Acc: 0.34375
Local Epoch [2/5] - Loss: 0.5246 - Acc: 0.296875
Local Epoch [3/5] - Loss: 0.5648 - Acc: 0.28125
Local Epoch [4/5] - Loss: 0.6329 - Acc: 0.3125
Local Epoch [5/5] - Loss: 0.5825 - Acc: 0.265625
Client 5 done.
eval:0.328125
Round 14/20
Local Epoch [1/5] - Loss: 0.3806 - Acc: 0.265625
Local Epoch [2/5] - Loss: 0.5389 - Acc: 0.3125
Local Epoch [3/5] - Loss: 0.5179 - Acc: 0.203125
Local Epoch [4/5] - Loss: 0.6090 - Acc: 0.25
Local Epoch [5/5] - Loss: 0.5338 - Acc: 0.1875
Client 1 done.
Local Epoch [1/5] - Loss: 0.3938 - Acc: 0.296875
Local Epoch [2/5] - Loss: 0.5017 - Acc: 0.265625
Local Epoch [3/5] - Loss: 0.5096 - Acc: 0.265625
Local Epoch [4/5] - Loss: 0.5549 - Acc: 0.296875
Local Epoch [5/5] - Loss: 0.5641 - Acc: 0.203125
Client 2 done.
Local Epoch [1/5] - Loss: 0.3784 - Acc: 0.25
Local Epoch [2/5] - Loss: 0.7093 - Acc: 0.28125
Local Epoch [3/5] - Loss: 0.4912 - Acc: 0.265625
Local Epoch [4/5] - Loss: 0.6909 - Acc: 0.265625
Local Epoch [5/5] - Loss: 0.5511 - Acc: 0.28125
Client 3 done.
Local Epoch [1/5] - Loss: 0.3728 - Acc: 0.328125
Local Epoch [2/5] - Loss: 0.5625 - Acc: 0.265625
Local Epoch [3/5] - Loss: 0.5508 - Acc: 0.296875
Local Epoch [4/5] - Loss: 0.5588 - Acc: 0.28125
Local Epoch [5/5] - Loss: 0.5215 - Acc: 0.28125
Client 4 done.
Local Epoch [1/5] - Loss: 0.4306 - Acc: 0.28125
Local Epoch [2/5] - Loss: 0.5386 - Acc: 0.28125
Local Epoch [3/5] - Loss: 0.4911 - Acc: 0.296875
Local Epoch [4/5] - Loss: 0.5444 - Acc: 0.234375
Local Epoch [5/5] - Loss: 0.6596 - Acc: 0.296875
Client 5 done.
eval:0.265625
Round 15/20
Local Epoch [1/5] - Loss: 0.3889 - Acc: 0.265625
Local Epoch [2/5] - Loss: 0.4963 - Acc: 0.328125
Local Epoch [3/5] - Loss: 0.6226 - Acc: 0.203125
Local Epoch [4/5] - Loss: 0.5268 - Acc: 0.234375
Local Epoch [5/5] - Loss: 0.4685 - Acc: 0.140625
Client 1 done.
Local Epoch [1/5] - Loss: 0.3683 - Acc: 0.265625
Local Epoch [2/5] - Loss: 0.5881 - Acc: 0.28125
Local Epoch [3/5] - Loss: 0.5191 - Acc: 0.265625
Local Epoch [4/5] - Loss: 0.5532 - Acc: 0.265625
Local Epoch [5/5] - Loss: 0.5327 - Acc: 0.234375
Client 2 done.
Local Epoch [1/5] - Loss: 0.3595 - Acc: 0.265625
Local Epoch [2/5] - Loss: 0.5235 - Acc: 0.234375
Local Epoch [3/5] - Loss: 0.5403 - Acc: 0.234375
Local Epoch [4/5] - Loss: 0.5279 - Acc: 0.234375
Local Epoch [5/5] - Loss: 0.5374 - Acc: 0.21875
Client 3 done.
Local Epoch [1/5] - Loss: 0.3899 - Acc: 0.296875
Local Epoch [2/5] - Loss: 0.5195 - Acc: 0.296875
Local Epoch [3/5] - Loss: 0.5265 - Acc: 0.296875
Local Epoch [4/5] - Loss: 0.5335 - Acc: 0.25
Local Epoch [5/5] - Loss: 0.5016 - Acc: 0.25
Client 4 done.
Local Epoch [1/5] - Loss: 0.3705 - Acc: 0.28125
Local Epoch [2/5] - Loss: 0.4796 - Acc: 0.28125
Local Epoch [3/5] - Loss: 0.4854 - Acc: 0.25
Local Epoch [4/5] - Loss: 0.5680 - Acc: 0.25
Local Epoch [5/5] - Loss: 0.6040 - Acc: 0.28125
Client 5 done.
eval:0.265625
Round 16/20
Local Epoch [1/5] - Loss: 0.3649 - Acc: 0.28125
Local Epoch [2/5] - Loss: 0.5160 - Acc: 0.25
Local Epoch [3/5] - Loss: 0.5099 - Acc: 0.203125
Local Epoch [4/5] - Loss: 0.9518 - Acc: 0.171875
Local Epoch [5/5] - Loss: 0.4446 - Acc: 0.234375
Client 1 done.
Local Epoch [1/5] - Loss: 0.4396 - Acc: 0.265625
Local Epoch [2/5] - Loss: 0.4668 - Acc: 0.3125
Local Epoch [3/5] - Loss: 0.5443 - Acc: 0.25
Local Epoch [4/5] - Loss: 0.5075 - Acc: 0.234375
Local Epoch [5/5] - Loss: 0.4992 - Acc: 0.21875
Client 2 done.
Local Epoch [1/5] - Loss: 0.3965 - Acc: 0.25
Local Epoch [2/5] - Loss: 0.4811 - Acc: 0.28125
Local Epoch [3/5] - Loss: 0.5208 - Acc: 0.234375
Local Epoch [4/5] - Loss: 0.5450 - Acc: 0.265625
Local Epoch [5/5] - Loss: 0.4984 - Acc: 0.28125
Client 3 done.
Local Epoch [1/5] - Loss: 0.3648 - Acc: 0.28125
Local Epoch [2/5] - Loss: 0.4938 - Acc: 0.28125
Local Epoch [3/5] - Loss: 0.5289 - Acc: 0.28125
Local Epoch [4/5] - Loss: 0.4910 - Acc: 0.296875
Local Epoch [5/5] - Loss: 0.5867 - Acc: 0.3125
Client 4 done.
Local Epoch [1/5] - Loss: 0.3744 - Acc: 0.296875
Local Epoch [2/5] - Loss: 0.4859 - Acc: 0.265625
Local Epoch [3/5] - Loss: 0.5755 - Acc: 0.265625
Local Epoch [4/5] - Loss: 0.5163 - Acc: 0.234375
Local Epoch [5/5] - Loss: 0.5327 - Acc: 0.234375
Client 5 done.
eval:0.28125
Round 17/20
Local Epoch [1/5] - Loss: 0.3698 - Acc: 0.3125
Local Epoch [2/5] - Loss: 0.5638 - Acc: 0.28125
Local Epoch [3/5] - Loss: 0.5413 - Acc: 0.265625
Local Epoch [4/5] - Loss: 0.5142 - Acc: 0.265625
Local Epoch [5/5] - Loss: 0.6722 - Acc: 0.234375
Client 1 done.
Local Epoch [1/5] - Loss: 0.3608 - Acc: 0.296875
Local Epoch [2/5] - Loss: 0.4760 - Acc: 0.28125
Local Epoch [3/5] - Loss: 0.5417 - Acc: 0.28125
Local Epoch [4/5] - Loss: 0.5178 - Acc: 0.296875
Local Epoch [5/5] - Loss: 0.5276 - Acc: 0.203125
Client 2 done.
Local Epoch [1/5] - Loss: 0.3604 - Acc: 0.296875
Local Epoch [2/5] - Loss: 0.5025 - Acc: 0.234375
Local Epoch [3/5] - Loss: 0.4843 - Acc: 0.265625
Local Epoch [4/5] - Loss: 0.5824 - Acc: 0.265625
Local Epoch [5/5] - Loss: 0.5284 - Acc: 0.28125
Client 3 done.
Local Epoch [1/5] - Loss: 0.3687 - Acc: 0.28125
Local Epoch [2/5] - Loss: 0.6183 - Acc: 0.296875
Local Epoch [3/5] - Loss: 0.4783 - Acc: 0.328125
Local Epoch [4/5] - Loss: 0.4890 - Acc: 0.234375
Local Epoch [5/5] - Loss: 0.5567 - Acc: 0.265625
Client 4 done.
Local Epoch [1/5] - Loss: 0.3748 - Acc: 0.25
Local Epoch [2/5] - Loss: 0.4862 - Acc: 0.34375
Local Epoch [3/5] - Loss: 0.5204 - Acc: 0.265625
Local Epoch [4/5] - Loss: 0.5019 - Acc: 0.3125
Local Epoch [5/5] - Loss: 0.5153 - Acc: 0.296875
Client 5 done.
eval:0.3125
Round 18/20
Local Epoch [1/5] - Loss: 0.3567 - Acc: 0.3125
Local Epoch [2/5] - Loss: 0.5277 - Acc: 0.3125
Local Epoch [3/5] - Loss: 0.5633 - Acc: 0.25
Local Epoch [4/5] - Loss: 0.4767 - Acc: 0.21875
Local Epoch [5/5] - Loss: 0.5876 - Acc: 0.1875
Client 1 done.
Local Epoch [1/5] - Loss: 0.3466 - Acc: 0.296875
Local Epoch [2/5] - Loss: 0.5128 - Acc: 0.34375
Local Epoch [3/5] - Loss: 0.5139 - Acc: 0.234375
Local Epoch [4/5] - Loss: 0.4890 - Acc: 0.25
Local Epoch [5/5] - Loss: 0.5784 - Acc: 0.21875
Client 2 done.
Local Epoch [1/5] - Loss: 0.3572 - Acc: 0.3125
Local Epoch [2/5] - Loss: 0.5131 - Acc: 0.3125
Local Epoch [3/5] - Loss: 0.6495 - Acc: 0.28125
Local Epoch [4/5] - Loss: 0.4663 - Acc: 0.21875
Local Epoch [5/5] - Loss: 0.4826 - Acc: 0.21875
Client 3 done.
Local Epoch [1/5] - Loss: 0.4567 - Acc: 0.34375
Local Epoch [2/5] - Loss: 0.4771 - Acc: 0.28125
Local Epoch [3/5] - Loss: 0.4983 - Acc: 0.28125
Local Epoch [4/5] - Loss: 0.5384 - Acc: 0.25
Local Epoch [5/5] - Loss: 0.6208 - Acc: 0.265625
Client 4 done.
Local Epoch [1/5] - Loss: 0.3652 - Acc: 0.328125
Local Epoch [2/5] - Loss: 0.4975 - Acc: 0.296875
Local Epoch [3/5] - Loss: 0.4784 - Acc: 0.296875
Local Epoch [4/5] - Loss: 0.5486 - Acc: 0.328125
Local Epoch [5/5] - Loss: 0.5055 - Acc: 0.3125
Client 5 done.
eval:0.296875
Round 19/20
Local Epoch [1/5] - Loss: 0.4464 - Acc: 0.28125
Local Epoch [2/5] - Loss: 0.4918 - Acc: 0.359375
Local Epoch [3/5] - Loss: 0.5502 - Acc: 0.28125
Local Epoch [4/5] - Loss: 0.4672 - Acc: 0.25
Local Epoch [5/5] - Loss: 0.5323 - Acc: 0.25
Client 1 done.
Local Epoch [1/5] - Loss: 0.3685 - Acc: 0.28125
Local Epoch [2/5] - Loss: 0.5280 - Acc: 0.3125
Local Epoch [3/5] - Loss: 0.5500 - Acc: 0.296875
Local Epoch [4/5] - Loss: 0.4942 - Acc: 0.28125
Local Epoch [5/5] - Loss: 0.5999 - Acc: 0.25
Client 2 done.
Local Epoch [1/5] - Loss: 0.4084 - Acc: 0.28125
Local Epoch [2/5] - Loss: 0.4760 - Acc: 0.265625
Local Epoch [3/5] - Loss: 0.5115 - Acc: 0.328125
Local Epoch [4/5] - Loss: 0.5085 - Acc: 0.265625
Local Epoch [5/5] - Loss: 0.5341 - Acc: 0.28125
Client 3 done.
Local Epoch [1/5] - Loss: 0.3686 - Acc: 0.3125
Local Epoch [2/5] - Loss: 0.5285 - Acc: 0.296875
Local Epoch [3/5] - Loss: 0.5017 - Acc: 0.34375
Local Epoch [4/5] - Loss: 0.5459 - Acc: 0.328125
Local Epoch [5/5] - Loss: 0.4855 - Acc: 0.28125
Client 4 done.
Local Epoch [1/5] - Loss: 0.3726 - Acc: 0.328125
Local Epoch [2/5] - Loss: 0.4935 - Acc: 0.34375
Local Epoch [3/5] - Loss: 0.4969 - Acc: 0.28125
Local Epoch [4/5] - Loss: 0.5195 - Acc: 0.265625
Local Epoch [5/5] - Loss: 0.5326 - Acc: 0.25
Client 5 done.
eval:0.296875
Round 20/20
Local Epoch [1/5] - Loss: 0.3696 - Acc: 0.296875
Local Epoch [2/5] - Loss: 0.5952 - Acc: 0.3125
Local Epoch [3/5] - Loss: 0.5938 - Acc: 0.296875
Local Epoch [4/5] - Loss: 0.5346 - Acc: 0.296875
Local Epoch [5/5] - Loss: 0.4789 - Acc: 0.203125
Client 1 done.
Local Epoch [1/5] - Loss: 0.3671 - Acc: 0.328125
Local Epoch [2/5] - Loss: 0.4817 - Acc: 0.328125
Local Epoch [3/5] - Loss: 0.4834 - Acc: 0.3125
Local Epoch [4/5] - Loss: 0.4828 - Acc: 0.21875
Local Epoch [5/5] - Loss: 0.4772 - Acc: 0.21875
Client 2 done.
Local Epoch [1/5] - Loss: 0.4626 - Acc: 0.3125
Local Epoch [2/5] - Loss: 0.4405 - Acc: 0.25
Local Epoch [3/5] - Loss: 0.5066 - Acc: 0.28125
Local Epoch [4/5] - Loss: 0.4976 - Acc: 0.25
Local Epoch [5/5] - Loss: 0.5583 - Acc: 0.203125
Client 3 done.
Local Epoch [1/5] - Loss: 0.3532 - Acc: 0.3125
Local Epoch [2/5] - Loss: 0.4593 - Acc: 0.328125
Local Epoch [3/5] - Loss: 0.5105 - Acc: 0.25
Local Epoch [4/5] - Loss: 0.4875 - Acc: 0.28125
Local Epoch [5/5] - Loss: 0.4894 - Acc: 0.234375
Client 4 done.
Local Epoch [1/5] - Loss: 0.3462 - Acc: 0.359375
Local Epoch [2/5] - Loss: 0.4813 - Acc: 0.3125
Local Epoch [3/5] - Loss: 0.5058 - Acc: 0.28125
Local Epoch [4/5] - Loss: 0.4906 - Acc: 0.34375
Local Epoch [5/5] - Loss: 0.5289 - Acc: 0.296875
Client 5 done.
eval:0.265625
Local Epoch [1/25] - Loss: 6.4236 - Acc: 0.109375
Local Epoch [2/25] - Loss: 3.9777 - Acc: 0.1875
Local Epoch [3/25] - Loss: 2.3180 - Acc: 0.28125
Local Epoch [4/25] - Loss: 1.3093 - Acc: 0.28125
Local Epoch [5/25] - Loss: 0.7148 - Acc: 0.328125
Local Epoch [6/25] - Loss: 0.3697 - Acc: 0.328125
Local Epoch [7/25] - Loss: 0.1923 - Acc: 0.375
Local Epoch [8/25] - Loss: 0.1114 - Acc: 0.375
Local Epoch [9/25] - Loss: 0.0749 - Acc: 0.375
Local Epoch [10/25] - Loss: 0.0560 - Acc: 0.375
Local Epoch [11/25] - Loss: 0.0451 - Acc: 0.375
Local Epoch [12/25] - Loss: 0.0378 - Acc: 0.390625
Local Epoch [13/25] - Loss: 0.0326 - Acc: 0.390625
Local Epoch [14/25] - Loss: 0.0286 - Acc: 0.390625
Local Epoch [15/25] - Loss: 0.0255 - Acc: 0.40625
Local Epoch [16/25] - Loss: 0.0230 - Acc: 0.40625
Local Epoch [17/25] - Loss: 0.0210 - Acc: 0.40625
Local Epoch [18/25] - Loss: 0.0193 - Acc: 0.390625
Local Epoch [19/25] - Loss: 0.0178 - Acc: 0.375
Local Epoch [20/25] - Loss: 0.0166 - Acc: 0.375
Local Epoch [21/25] - Loss: 0.0155 - Acc: 0.375
Local Epoch [22/25] - Loss: 0.0145 - Acc: 0.375
Local Epoch [23/25] - Loss: 0.0137 - Acc: 0.375
Local Epoch [24/25] - Loss: 0.0129 - Acc: 0.375
Local Epoch [25/25] - Loss: 0.0122 - Acc: 0.375
Accuracy before training: 0.0, Accurracy after FL: 0.265625, Accuracy ResNet: 0.375

------------------------------------------------------------
Sender: LSF System <lsfadmin@hpc.dtu.dk>
Subject: Job 26782269: <train> in cluster <dcc> Done

Job <train> was submitted from host <n-62-27-22> by user <s224227> in cluster <dcc> at Tue Nov  4 15:45:33 2025
Job was executed on host(s) <n-62-18-5>, in queue <gpua10>, as user <s224227> in cluster <dcc> at Tue Nov  4 15:45:34 2025
</zhome/d1/b/187261> was used as the home directory.
</zhome/d1/b/187261/Desktop/Bachelor/Bachelor> was used as the working directory.
Started at Tue Nov  4 15:45:34 2025
Terminated at Tue Nov  4 16:01:39 2025
Results reported at Tue Nov  4 16:01:39 2025

Your job looked like:

------------------------------------------------------------
# LSBATCH: User input
#!/bin/bash

#BSUB -J train
#BSUB -q gpua10 
#BSUB -W 200
#BSUB -R "rusage[mem=15G]"
#BSUB -R "span[hosts=1]"
#BSUB -n 1
#BSUB -o train_%J.out
#BSUB -e train_%J.err

# # Load Python if needed (depends on DTU module system)
module load python/3.10.12  

# Activate your virtual environment
source ~/torch-env/bin/activate

python main_imnet.py 5 20 5 64 1
------------------------------------------------------------

Successfully completed.

Resource usage summary:

    CPU time :                                   942.86 sec.
    Max Memory :                                 8912 MB
    Average Memory :                             7808.75 MB
    Total Requested Memory :                     15360.00 MB
    Delta Memory :                               6448.00 MB
    Max Swap :                                   -
    Max Processes :                              4
    Max Threads :                                9
    Run time :                                   1021 sec.
    Turnaround time :                            966 sec.

The output (if any) is above this job summary.



PS:

Read file <train_26782269.err> for stderr output of this job.

