640
64
Round 1/20
Local Epoch [1/5] - Loss: 7.6330 - Acc: 0.0
Local Epoch [2/5] - Loss: nan - Acc: 0.0
Local Epoch [3/5] - Loss: nan - Acc: 0.0
Local Epoch [4/5] - Loss: nan - Acc: 0.0
Local Epoch [5/5] - Loss: nan - Acc: 0.0
Client 1 done.
Local Epoch [1/5] - Loss: 7.7230 - Acc: 0.0
Local Epoch [2/5] - Loss: nan - Acc: 0.0
Local Epoch [3/5] - Loss: nan - Acc: 0.0
Local Epoch [4/5] - Loss: nan - Acc: 0.0
Local Epoch [5/5] - Loss: nan - Acc: 0.0
Client 2 done.
eval:0.0
Round 2/20
Local Epoch [1/5] - Loss: nan - Acc: 0.0
Local Epoch [2/5] - Loss: nan - Acc: 0.0
Local Epoch [3/5] - Loss: nan - Acc: 0.0
Local Epoch [4/5] - Loss: nan - Acc: 0.0
Local Epoch [5/5] - Loss: nan - Acc: 0.0
Client 1 done.
Local Epoch [1/5] - Loss: nan - Acc: 0.0
Local Epoch [2/5] - Loss: nan - Acc: 0.0
Local Epoch [3/5] - Loss: nan - Acc: 0.0
Local Epoch [4/5] - Loss: nan - Acc: 0.0
Local Epoch [5/5] - Loss: nan - Acc: 0.0
Client 2 done.
eval:0.0
Round 3/20
Local Epoch [1/5] - Loss: nan - Acc: 0.0
Local Epoch [2/5] - Loss: nan - Acc: 0.0
Local Epoch [3/5] - Loss: nan - Acc: 0.0
Local Epoch [4/5] - Loss: nan - Acc: 0.0
Local Epoch [5/5] - Loss: nan - Acc: 0.0
Client 1 done.
Local Epoch [1/5] - Loss: nan - Acc: 0.0
Local Epoch [2/5] - Loss: nan - Acc: 0.0
Local Epoch [3/5] - Loss: nan - Acc: 0.0
Local Epoch [4/5] - Loss: nan - Acc: 0.0
Local Epoch [5/5] - Loss: nan - Acc: 0.0
Client 2 done.
eval:0.0
Round 4/20
Local Epoch [1/5] - Loss: nan - Acc: 0.0
Local Epoch [2/5] - Loss: nan - Acc: 0.0
Local Epoch [3/5] - Loss: nan - Acc: 0.0
Local Epoch [4/5] - Loss: nan - Acc: 0.0
Local Epoch [5/5] - Loss: nan - Acc: 0.0
Client 1 done.
Local Epoch [1/5] - Loss: nan - Acc: 0.0
Local Epoch [2/5] - Loss: nan - Acc: 0.0
Local Epoch [3/5] - Loss: nan - Acc: 0.0
Local Epoch [4/5] - Loss: nan - Acc: 0.0
Local Epoch [5/5] - Loss: nan - Acc: 0.0
Client 2 done.
eval:0.0
Round 5/20
Local Epoch [1/5] - Loss: nan - Acc: 0.0
Local Epoch [2/5] - Loss: nan - Acc: 0.0
Local Epoch [3/5] - Loss: nan - Acc: 0.0
Local Epoch [4/5] - Loss: nan - Acc: 0.0
Local Epoch [5/5] - Loss: nan - Acc: 0.0
Client 1 done.
Local Epoch [1/5] - Loss: nan - Acc: 0.0
Local Epoch [2/5] - Loss: nan - Acc: 0.0
Local Epoch [3/5] - Loss: nan - Acc: 0.0
Local Epoch [4/5] - Loss: nan - Acc: 0.0
Local Epoch [5/5] - Loss: nan - Acc: 0.0
Client 2 done.
eval:0.0
Round 6/20
Local Epoch [1/5] - Loss: nan - Acc: 0.0
Local Epoch [2/5] - Loss: nan - Acc: 0.0
Local Epoch [3/5] - Loss: nan - Acc: 0.0
Local Epoch [4/5] - Loss: nan - Acc: 0.0
Local Epoch [5/5] - Loss: nan - Acc: 0.0
Client 1 done.
Local Epoch [1/5] - Loss: nan - Acc: 0.0
Local Epoch [2/5] - Loss: nan - Acc: 0.0
Local Epoch [3/5] - Loss: nan - Acc: 0.0
Local Epoch [4/5] - Loss: nan - Acc: 0.0
Local Epoch [5/5] - Loss: nan - Acc: 0.0
Client 2 done.
eval:0.0
Round 7/20
Local Epoch [1/5] - Loss: nan - Acc: 0.0
Local Epoch [2/5] - Loss: nan - Acc: 0.0
Local Epoch [3/5] - Loss: nan - Acc: 0.0
Local Epoch [4/5] - Loss: nan - Acc: 0.0
Local Epoch [5/5] - Loss: nan - Acc: 0.0
Client 1 done.
Local Epoch [1/5] - Loss: nan - Acc: 0.0
Local Epoch [2/5] - Loss: nan - Acc: 0.0
Local Epoch [3/5] - Loss: nan - Acc: 0.0
Local Epoch [4/5] - Loss: nan - Acc: 0.0
Local Epoch [5/5] - Loss: nan - Acc: 0.0
Client 2 done.
eval:0.0
Round 8/20
Local Epoch [1/5] - Loss: nan - Acc: 0.0
Local Epoch [2/5] - Loss: nan - Acc: 0.0
Local Epoch [3/5] - Loss: nan - Acc: 0.0
Local Epoch [4/5] - Loss: nan - Acc: 0.0
Local Epoch [5/5] - Loss: nan - Acc: 0.0
Client 1 done.
Local Epoch [1/5] - Loss: nan - Acc: 0.0
Local Epoch [2/5] - Loss: nan - Acc: 0.0
Local Epoch [3/5] - Loss: nan - Acc: 0.0
Local Epoch [4/5] - Loss: nan - Acc: 0.0
Local Epoch [5/5] - Loss: nan - Acc: 0.0
Client 2 done.
eval:0.0
Round 9/20
Local Epoch [1/5] - Loss: nan - Acc: 0.0
Local Epoch [2/5] - Loss: nan - Acc: 0.0
Local Epoch [3/5] - Loss: nan - Acc: 0.0
Local Epoch [4/5] - Loss: nan - Acc: 0.0
Local Epoch [5/5] - Loss: nan - Acc: 0.0
Client 1 done.
Local Epoch [1/5] - Loss: nan - Acc: 0.0
Local Epoch [2/5] - Loss: nan - Acc: 0.0
Local Epoch [3/5] - Loss: nan - Acc: 0.0
Local Epoch [4/5] - Loss: nan - Acc: 0.0
Local Epoch [5/5] - Loss: nan - Acc: 0.0
Client 2 done.
eval:0.0
Round 10/20
Local Epoch [1/5] - Loss: nan - Acc: 0.0
Local Epoch [2/5] - Loss: nan - Acc: 0.0
Local Epoch [3/5] - Loss: nan - Acc: 0.0
Local Epoch [4/5] - Loss: nan - Acc: 0.0
Local Epoch [5/5] - Loss: nan - Acc: 0.0
Client 1 done.
Local Epoch [1/5] - Loss: nan - Acc: 0.0
Local Epoch [2/5] - Loss: nan - Acc: 0.0
Local Epoch [3/5] - Loss: nan - Acc: 0.0
Local Epoch [4/5] - Loss: nan - Acc: 0.0
Local Epoch [5/5] - Loss: nan - Acc: 0.0
Client 2 done.
eval:0.0
Round 11/20
Local Epoch [1/5] - Loss: nan - Acc: 0.0
Local Epoch [2/5] - Loss: nan - Acc: 0.0
Local Epoch [3/5] - Loss: nan - Acc: 0.0
Local Epoch [4/5] - Loss: nan - Acc: 0.0
Local Epoch [5/5] - Loss: nan - Acc: 0.0
Client 1 done.
Local Epoch [1/5] - Loss: nan - Acc: 0.0
Local Epoch [2/5] - Loss: nan - Acc: 0.0
Local Epoch [3/5] - Loss: nan - Acc: 0.0
Local Epoch [4/5] - Loss: nan - Acc: 0.0
Local Epoch [5/5] - Loss: nan - Acc: 0.0
Client 2 done.
eval:0.0
Round 12/20
Local Epoch [1/5] - Loss: nan - Acc: 0.0
Local Epoch [2/5] - Loss: nan - Acc: 0.0
Local Epoch [3/5] - Loss: nan - Acc: 0.0
Local Epoch [4/5] - Loss: nan - Acc: 0.0
Local Epoch [5/5] - Loss: nan - Acc: 0.0
Client 1 done.
Local Epoch [1/5] - Loss: nan - Acc: 0.0
Local Epoch [2/5] - Loss: nan - Acc: 0.0
Local Epoch [3/5] - Loss: nan - Acc: 0.0
Local Epoch [4/5] - Loss: nan - Acc: 0.0
Local Epoch [5/5] - Loss: nan - Acc: 0.0
Client 2 done.
eval:0.0
Round 13/20
Local Epoch [1/5] - Loss: nan - Acc: 0.0
Local Epoch [2/5] - Loss: nan - Acc: 0.0
Local Epoch [3/5] - Loss: nan - Acc: 0.0
Local Epoch [4/5] - Loss: nan - Acc: 0.0
Local Epoch [5/5] - Loss: nan - Acc: 0.0
Client 1 done.
Local Epoch [1/5] - Loss: nan - Acc: 0.0
Local Epoch [2/5] - Loss: nan - Acc: 0.0
Local Epoch [3/5] - Loss: nan - Acc: 0.0
Local Epoch [4/5] - Loss: nan - Acc: 0.0
Local Epoch [5/5] - Loss: nan - Acc: 0.0
Client 2 done.
eval:0.0
Round 14/20
Local Epoch [1/5] - Loss: nan - Acc: 0.0
Local Epoch [2/5] - Loss: nan - Acc: 0.0
Local Epoch [3/5] - Loss: nan - Acc: 0.0
Local Epoch [4/5] - Loss: nan - Acc: 0.0
Local Epoch [5/5] - Loss: nan - Acc: 0.0
Client 1 done.
Local Epoch [1/5] - Loss: nan - Acc: 0.0
Local Epoch [2/5] - Loss: nan - Acc: 0.0
Local Epoch [3/5] - Loss: nan - Acc: 0.0
Local Epoch [4/5] - Loss: nan - Acc: 0.0
Local Epoch [5/5] - Loss: nan - Acc: 0.0
Client 2 done.
eval:0.0
Round 15/20
Local Epoch [1/5] - Loss: nan - Acc: 0.0
Local Epoch [2/5] - Loss: nan - Acc: 0.0
Local Epoch [3/5] - Loss: nan - Acc: 0.0
Local Epoch [4/5] - Loss: nan - Acc: 0.0
Local Epoch [5/5] - Loss: nan - Acc: 0.0
Client 1 done.
Local Epoch [1/5] - Loss: nan - Acc: 0.0
Local Epoch [2/5] - Loss: nan - Acc: 0.0
Local Epoch [3/5] - Loss: nan - Acc: 0.0
Local Epoch [4/5] - Loss: nan - Acc: 0.0
Local Epoch [5/5] - Loss: nan - Acc: 0.0
Client 2 done.
eval:0.0
Round 16/20
Local Epoch [1/5] - Loss: nan - Acc: 0.0
Local Epoch [2/5] - Loss: nan - Acc: 0.0
Local Epoch [3/5] - Loss: nan - Acc: 0.0
Local Epoch [4/5] - Loss: nan - Acc: 0.0
Local Epoch [5/5] - Loss: nan - Acc: 0.0
Client 1 done.
Local Epoch [1/5] - Loss: nan - Acc: 0.0
Local Epoch [2/5] - Loss: nan - Acc: 0.0
Local Epoch [3/5] - Loss: nan - Acc: 0.0
Local Epoch [4/5] - Loss: nan - Acc: 0.0
Local Epoch [5/5] - Loss: nan - Acc: 0.0
Client 2 done.
eval:0.0
Round 17/20
Local Epoch [1/5] - Loss: nan - Acc: 0.0
Local Epoch [2/5] - Loss: nan - Acc: 0.0
Local Epoch [3/5] - Loss: nan - Acc: 0.0
Local Epoch [4/5] - Loss: nan - Acc: 0.0
Local Epoch [5/5] - Loss: nan - Acc: 0.0
Client 1 done.
Local Epoch [1/5] - Loss: nan - Acc: 0.0
Local Epoch [2/5] - Loss: nan - Acc: 0.0
Local Epoch [3/5] - Loss: nan - Acc: 0.0
Local Epoch [4/5] - Loss: nan - Acc: 0.0
Local Epoch [5/5] - Loss: nan - Acc: 0.0
Client 2 done.
eval:0.0
Round 18/20
Local Epoch [1/5] - Loss: nan - Acc: 0.0
Local Epoch [2/5] - Loss: nan - Acc: 0.0
Local Epoch [3/5] - Loss: nan - Acc: 0.0
Local Epoch [4/5] - Loss: nan - Acc: 0.0
Local Epoch [5/5] - Loss: nan - Acc: 0.0
Client 1 done.
Local Epoch [1/5] - Loss: nan - Acc: 0.0
Local Epoch [2/5] - Loss: nan - Acc: 0.0
Local Epoch [3/5] - Loss: nan - Acc: 0.0
Local Epoch [4/5] - Loss: nan - Acc: 0.0
Local Epoch [5/5] - Loss: nan - Acc: 0.0
Client 2 done.
eval:0.0
Round 19/20
Local Epoch [1/5] - Loss: nan - Acc: 0.0
Local Epoch [2/5] - Loss: nan - Acc: 0.0
Local Epoch [3/5] - Loss: nan - Acc: 0.0
Local Epoch [4/5] - Loss: nan - Acc: 0.0
Local Epoch [5/5] - Loss: nan - Acc: 0.0
Client 1 done.
Local Epoch [1/5] - Loss: nan - Acc: 0.0
Local Epoch [2/5] - Loss: nan - Acc: 0.0
Local Epoch [3/5] - Loss: nan - Acc: 0.0
Local Epoch [4/5] - Loss: nan - Acc: 0.0
Local Epoch [5/5] - Loss: nan - Acc: 0.0
Client 2 done.
eval:0.0
Round 20/20
Local Epoch [1/5] - Loss: nan - Acc: 0.0
Local Epoch [2/5] - Loss: nan - Acc: 0.0
Local Epoch [3/5] - Loss: nan - Acc: 0.0
Local Epoch [4/5] - Loss: nan - Acc: 0.0
Local Epoch [5/5] - Loss: nan - Acc: 0.0
Client 1 done.
Local Epoch [1/5] - Loss: nan - Acc: 0.0
Local Epoch [2/5] - Loss: nan - Acc: 0.0
Local Epoch [3/5] - Loss: nan - Acc: 0.0
Local Epoch [4/5] - Loss: nan - Acc: 0.0
Local Epoch [5/5] - Loss: nan - Acc: 0.0
Client 2 done.
eval:0.0
0.0 0.0

------------------------------------------------------------
Sender: LSF System <lsfadmin@hpc.dtu.dk>
Subject: Job 26781574: <train> in cluster <dcc> Done

Job <train> was submitted from host <n-62-27-22> by user <s224227> in cluster <dcc> at Tue Nov  4 14:39:06 2025
Job was executed on host(s) <n-62-18-5>, in queue <gpua10>, as user <s224227> in cluster <dcc> at Tue Nov  4 14:39:07 2025
</zhome/d1/b/187261> was used as the home directory.
</zhome/d1/b/187261/Desktop/Bachelor/Bachelor> was used as the working directory.
Started at Tue Nov  4 14:39:07 2025
Terminated at Tue Nov  4 14:40:57 2025
Results reported at Tue Nov  4 14:40:57 2025

Your job looked like:

------------------------------------------------------------
# LSBATCH: User input
#!/bin/bash

#BSUB -J train
#BSUB -q gpua10 
#BSUB -W 30
#BSUB -R "rusage[mem=10G]"
#BSUB -R "span[hosts=1]"
#BSUB -n 1
#BSUB -o train_%J.out
#BSUB -e train_%J.err

# # Load Python if needed (depends on DTU module system)
module load python/3.10.12  

# Activate your virtual environment
source ~/torch-env/bin/activate

python main_imnet.py 2 20 5 8 1
------------------------------------------------------------

Successfully completed.

Resource usage summary:

    CPU time :                                   102.99 sec.
    Max Memory :                                 2008 MB
    Average Memory :                             1538.00 MB
    Total Requested Memory :                     10240.00 MB
    Delta Memory :                               8232.00 MB
    Max Swap :                                   -
    Max Processes :                              4
    Max Threads :                                9
    Run time :                                   121 sec.
    Turnaround time :                            111 sec.

The output (if any) is above this job summary.



PS:

Read file <train_26781574.err> for stderr output of this job.

