640
64
Round 1/20
Local Epoch [1/5] - Loss: 7.6330 - Acc: 0.0
Local Epoch [2/5] - Loss: 5.3700 - Acc: 0.0
Local Epoch [3/5] - Loss: 3.1728 - Acc: 0.015625
Local Epoch [4/5] - Loss: 1.4065 - Acc: 0.015625
Local Epoch [5/5] - Loss: 0.4582 - Acc: 0.0
Client 1 done.
Local Epoch [1/5] - Loss: 7.6543 - Acc: 0.0
Local Epoch [2/5] - Loss: 5.5672 - Acc: 0.015625
Local Epoch [3/5] - Loss: 3.4523 - Acc: 0.015625
Local Epoch [4/5] - Loss: 1.4343 - Acc: 0.046875
Local Epoch [5/5] - Loss: 0.4197 - Acc: 0.0625
Client 2 done.
eval:0.0
Round 2/20
Local Epoch [1/5] - Loss: 2.3201 - Acc: 0.0
Local Epoch [2/5] - Loss: 0.6829 - Acc: 0.015625
Local Epoch [3/5] - Loss: 0.1834 - Acc: 0.0
Local Epoch [4/5] - Loss: 0.0404 - Acc: 0.015625
Local Epoch [5/5] - Loss: 0.0268 - Acc: 0.015625
Client 1 done.
Local Epoch [1/5] - Loss: 2.4292 - Acc: 0.0
Local Epoch [2/5] - Loss: 0.6454 - Acc: 0.0625
Local Epoch [3/5] - Loss: 0.1384 - Acc: 0.046875
Local Epoch [4/5] - Loss: 0.0344 - Acc: 0.046875
Local Epoch [5/5] - Loss: 0.0155 - Acc: 0.078125
Client 2 done.
eval:0.046875
Round 3/20
Local Epoch [1/5] - Loss: 0.3110 - Acc: 0.03125
Local Epoch [2/5] - Loss: 0.0823 - Acc: 0.03125
Local Epoch [3/5] - Loss: 0.0330 - Acc: 0.046875
Local Epoch [4/5] - Loss: 0.0191 - Acc: 0.046875
Local Epoch [5/5] - Loss: 0.0159 - Acc: 0.046875
Client 1 done.
Local Epoch [1/5] - Loss: 0.3299 - Acc: 0.0625
Local Epoch [2/5] - Loss: 0.0733 - Acc: 0.078125
Local Epoch [3/5] - Loss: 0.0266 - Acc: 0.078125
Local Epoch [4/5] - Loss: 0.0181 - Acc: 0.09375
Local Epoch [5/5] - Loss: 0.0146 - Acc: 0.078125
Client 2 done.
eval:0.09375
Round 4/20
Local Epoch [1/5] - Loss: 0.0839 - Acc: 0.09375
Local Epoch [2/5] - Loss: 0.0355 - Acc: 0.09375
Local Epoch [3/5] - Loss: 0.0241 - Acc: 0.0625
Local Epoch [4/5] - Loss: 0.0224 - Acc: 0.109375
Local Epoch [5/5] - Loss: 0.0158 - Acc: 0.109375
Client 1 done.
Local Epoch [1/5] - Loss: 0.0832 - Acc: 0.078125
Local Epoch [2/5] - Loss: 0.0401 - Acc: 0.078125
Local Epoch [3/5] - Loss: 0.0229 - Acc: 0.09375
Local Epoch [4/5] - Loss: 0.0184 - Acc: 0.09375
Local Epoch [5/5] - Loss: 0.0147 - Acc: 0.09375
Client 2 done.
eval:0.09375
Round 5/20
Local Epoch [1/5] - Loss: 0.0450 - Acc: 0.125
Local Epoch [2/5] - Loss: 0.0257 - Acc: 0.09375
Local Epoch [3/5] - Loss: 0.0200 - Acc: 0.078125
Local Epoch [4/5] - Loss: 0.0167 - Acc: 0.078125
Local Epoch [5/5] - Loss: 0.0135 - Acc: 0.09375
Client 1 done.
Local Epoch [1/5] - Loss: 0.0557 - Acc: 0.078125
Local Epoch [2/5] - Loss: 0.0257 - Acc: 0.09375
Local Epoch [3/5] - Loss: 0.0201 - Acc: 0.09375
Local Epoch [4/5] - Loss: 0.0142 - Acc: 0.09375
Local Epoch [5/5] - Loss: 0.0138 - Acc: 0.09375
Client 2 done.
eval:0.125
Round 6/20
Local Epoch [1/5] - Loss: 0.0393 - Acc: 0.125
Local Epoch [2/5] - Loss: 0.0348 - Acc: 0.046875
Local Epoch [3/5] - Loss: 0.0190 - Acc: 0.078125
Local Epoch [4/5] - Loss: 0.0130 - Acc: 0.046875
Local Epoch [5/5] - Loss: 0.0146 - Acc: 0.0625
Client 1 done.
Local Epoch [1/5] - Loss: 0.0339 - Acc: 0.109375
Local Epoch [2/5] - Loss: 0.0223 - Acc: 0.078125
Local Epoch [3/5] - Loss: 0.0144 - Acc: 0.09375
Local Epoch [4/5] - Loss: 0.0135 - Acc: 0.09375
Local Epoch [5/5] - Loss: 0.0108 - Acc: 0.09375
Client 2 done.
eval:0.09375
Round 7/20
Local Epoch [1/5] - Loss: 0.0225 - Acc: 0.109375
Local Epoch [2/5] - Loss: 0.0148 - Acc: 0.109375
Local Epoch [3/5] - Loss: 0.0114 - Acc: 0.09375
Local Epoch [4/5] - Loss: 0.0100 - Acc: 0.109375
Local Epoch [5/5] - Loss: 0.0109 - Acc: 0.09375
Client 1 done.
Local Epoch [1/5] - Loss: 0.0239 - Acc: 0.09375
Local Epoch [2/5] - Loss: 0.0164 - Acc: 0.09375
Local Epoch [3/5] - Loss: 0.0137 - Acc: 0.078125
Local Epoch [4/5] - Loss: 0.0123 - Acc: 0.09375
Local Epoch [5/5] - Loss: 0.0108 - Acc: 0.09375
Client 2 done.
eval:0.109375
Round 8/20
Local Epoch [1/5] - Loss: 0.0200 - Acc: 0.125
Local Epoch [2/5] - Loss: 0.0156 - Acc: 0.0625
Local Epoch [3/5] - Loss: 0.0130 - Acc: 0.09375
Local Epoch [4/5] - Loss: 0.0099 - Acc: 0.09375
Local Epoch [5/5] - Loss: 0.0089 - Acc: 0.046875
Client 1 done.
Local Epoch [1/5] - Loss: 0.0157 - Acc: 0.078125
Local Epoch [2/5] - Loss: 0.0137 - Acc: 0.09375
Local Epoch [3/5] - Loss: 0.0130 - Acc: 0.09375
Local Epoch [4/5] - Loss: 0.0111 - Acc: 0.09375
Local Epoch [5/5] - Loss: 0.0091 - Acc: 0.09375
Client 2 done.
eval:0.09375
Round 9/20
Local Epoch [1/5] - Loss: 0.0149 - Acc: 0.09375
Local Epoch [2/5] - Loss: 0.0125 - Acc: 0.109375
Local Epoch [3/5] - Loss: 0.0094 - Acc: 0.078125
Local Epoch [4/5] - Loss: 0.0080 - Acc: 0.09375
Local Epoch [5/5] - Loss: 0.0072 - Acc: 0.078125
Client 1 done.
Local Epoch [1/5] - Loss: 0.0154 - Acc: 0.09375
Local Epoch [2/5] - Loss: 0.0121 - Acc: 0.09375
Local Epoch [3/5] - Loss: 0.0088 - Acc: 0.09375
Local Epoch [4/5] - Loss: 0.0086 - Acc: 0.09375
Local Epoch [5/5] - Loss: 0.0080 - Acc: 0.09375
Client 2 done.
eval:0.09375
Round 10/20
Local Epoch [1/5] - Loss: 0.0126 - Acc: 0.109375
Local Epoch [2/5] - Loss: 0.0105 - Acc: 0.109375
Local Epoch [3/5] - Loss: 0.0081 - Acc: 0.09375
Local Epoch [4/5] - Loss: 0.0080 - Acc: 0.09375
Local Epoch [5/5] - Loss: 0.0068 - Acc: 0.09375
Client 1 done.
Local Epoch [1/5] - Loss: 0.0157 - Acc: 0.09375
Local Epoch [2/5] - Loss: 0.0108 - Acc: 0.09375
Local Epoch [3/5] - Loss: 0.0081 - Acc: 0.09375
Local Epoch [4/5] - Loss: 0.0080 - Acc: 0.09375
Local Epoch [5/5] - Loss: 0.0069 - Acc: 0.09375
Client 2 done.
eval:0.09375
Round 11/20
Local Epoch [1/5] - Loss: 0.0113 - Acc: 0.09375
Local Epoch [2/5] - Loss: 0.0083 - Acc: 0.125
Local Epoch [3/5] - Loss: 0.0083 - Acc: 0.125
Local Epoch [4/5] - Loss: 0.0070 - Acc: 0.125
Local Epoch [5/5] - Loss: 0.0065 - Acc: 0.125
Client 1 done.
Local Epoch [1/5] - Loss: 0.0092 - Acc: 0.09375
Local Epoch [2/5] - Loss: 0.0091 - Acc: 0.09375
Local Epoch [3/5] - Loss: 0.0084 - Acc: 0.09375
Local Epoch [4/5] - Loss: 0.0067 - Acc: 0.09375
Local Epoch [5/5] - Loss: 0.0066 - Acc: 0.09375
Client 2 done.
eval:0.109375
Round 12/20
Local Epoch [1/5] - Loss: 0.0090 - Acc: 0.125
Local Epoch [2/5] - Loss: 0.0075 - Acc: 0.109375
Local Epoch [3/5] - Loss: 0.0080 - Acc: 0.078125
Local Epoch [4/5] - Loss: 0.0066 - Acc: 0.09375
Local Epoch [5/5] - Loss: 0.0061 - Acc: 0.140625
Client 1 done.
Local Epoch [1/5] - Loss: 0.0090 - Acc: 0.09375
Local Epoch [2/5] - Loss: 0.0083 - Acc: 0.078125
Local Epoch [3/5] - Loss: 0.0072 - Acc: 0.09375
Local Epoch [4/5] - Loss: 0.0060 - Acc: 0.09375
Local Epoch [5/5] - Loss: 0.0076 - Acc: 0.09375
Client 2 done.
eval:0.125
Round 13/20
Local Epoch [1/5] - Loss: 0.0074 - Acc: 0.109375
Local Epoch [2/5] - Loss: 0.0070 - Acc: 0.125
Local Epoch [3/5] - Loss: 0.0070 - Acc: 0.140625
Local Epoch [4/5] - Loss: 0.0061 - Acc: 0.09375
Local Epoch [5/5] - Loss: 0.0053 - Acc: 0.09375
Client 1 done.
Local Epoch [1/5] - Loss: 0.0085 - Acc: 0.109375
Local Epoch [2/5] - Loss: 0.0085 - Acc: 0.09375
Local Epoch [3/5] - Loss: 0.0065 - Acc: 0.078125
Local Epoch [4/5] - Loss: 0.0049 - Acc: 0.09375
Local Epoch [5/5] - Loss: 0.0055 - Acc: 0.09375
Client 2 done.
eval:0.078125
Round 14/20
Local Epoch [1/5] - Loss: 0.0071 - Acc: 0.125
Local Epoch [2/5] - Loss: 0.0074 - Acc: 0.109375
Local Epoch [3/5] - Loss: 0.0053 - Acc: 0.125
Local Epoch [4/5] - Loss: 0.0060 - Acc: 0.09375
Local Epoch [5/5] - Loss: 0.0049 - Acc: 0.125
Client 1 done.
Local Epoch [1/5] - Loss: 0.0073 - Acc: 0.09375
Local Epoch [2/5] - Loss: 0.0059 - Acc: 0.09375
Local Epoch [3/5] - Loss: 0.0061 - Acc: 0.09375
Local Epoch [4/5] - Loss: 0.0053 - Acc: 0.09375
Local Epoch [5/5] - Loss: 0.0050 - Acc: 0.09375
Client 2 done.
eval:0.09375
Round 15/20
Local Epoch [1/5] - Loss: 0.0068 - Acc: 0.125
Local Epoch [2/5] - Loss: 0.0060 - Acc: 0.109375
Local Epoch [3/5] - Loss: 0.0054 - Acc: 0.09375
Local Epoch [4/5] - Loss: 0.0042 - Acc: 0.109375
Local Epoch [5/5] - Loss: 0.0048 - Acc: 0.125
Client 1 done.
Local Epoch [1/5] - Loss: 0.0068 - Acc: 0.09375
Local Epoch [2/5] - Loss: 0.0063 - Acc: 0.09375
Local Epoch [3/5] - Loss: 0.0055 - Acc: 0.09375
Local Epoch [4/5] - Loss: 0.0049 - Acc: 0.09375
Local Epoch [5/5] - Loss: 0.0045 - Acc: 0.09375
Client 2 done.
eval:0.109375
Round 16/20
Local Epoch [1/5] - Loss: 0.0067 - Acc: 0.078125
Local Epoch [2/5] - Loss: 0.0053 - Acc: 0.109375
Local Epoch [3/5] - Loss: 0.0051 - Acc: 0.09375
Local Epoch [4/5] - Loss: 0.0046 - Acc: 0.09375
Local Epoch [5/5] - Loss: 0.0046 - Acc: 0.09375
Client 1 done.
Local Epoch [1/5] - Loss: 0.0065 - Acc: 0.09375
Local Epoch [2/5] - Loss: 0.0056 - Acc: 0.09375
Local Epoch [3/5] - Loss: 0.0051 - Acc: 0.109375
Local Epoch [4/5] - Loss: 0.0046 - Acc: 0.09375
Local Epoch [5/5] - Loss: 0.0039 - Acc: 0.09375
Client 2 done.
eval:0.09375
Round 17/20
Local Epoch [1/5] - Loss: 0.0055 - Acc: 0.078125
Local Epoch [2/5] - Loss: 0.0055 - Acc: 0.09375
Local Epoch [3/5] - Loss: 0.0047 - Acc: 0.109375
Local Epoch [4/5] - Loss: 0.0051 - Acc: 0.09375
Local Epoch [5/5] - Loss: 0.0041 - Acc: 0.09375
Client 1 done.
Local Epoch [1/5] - Loss: 0.0057 - Acc: 0.078125
Local Epoch [2/5] - Loss: 0.0057 - Acc: 0.09375
Local Epoch [3/5] - Loss: 0.0044 - Acc: 0.078125
Local Epoch [4/5] - Loss: 0.0048 - Acc: 0.09375
Local Epoch [5/5] - Loss: 0.0039 - Acc: 0.09375
Client 2 done.
eval:0.078125
Round 18/20
Local Epoch [1/5] - Loss: 0.0050 - Acc: 0.078125
Local Epoch [2/5] - Loss: 0.0048 - Acc: 0.078125
Local Epoch [3/5] - Loss: 0.0042 - Acc: 0.109375
Local Epoch [4/5] - Loss: 0.0043 - Acc: 0.109375
Local Epoch [5/5] - Loss: 0.0038 - Acc: 0.109375
Client 1 done.
Local Epoch [1/5] - Loss: 0.0056 - Acc: 0.09375
Local Epoch [2/5] - Loss: 0.0053 - Acc: 0.09375
Local Epoch [3/5] - Loss: 0.0042 - Acc: 0.109375
Local Epoch [4/5] - Loss: 0.0039 - Acc: 0.09375
Local Epoch [5/5] - Loss: 0.0037 - Acc: 0.09375
Client 2 done.
eval:0.109375
Round 19/20
Local Epoch [1/5] - Loss: 0.0052 - Acc: 0.078125
Local Epoch [2/5] - Loss: 0.0049 - Acc: 0.09375
Local Epoch [3/5] - Loss: 0.0043 - Acc: 0.09375
Local Epoch [4/5] - Loss: 0.0042 - Acc: 0.109375
Local Epoch [5/5] - Loss: 0.0036 - Acc: 0.09375
Client 1 done.
Local Epoch [1/5] - Loss: 0.0062 - Acc: 0.078125
Local Epoch [2/5] - Loss: 0.0048 - Acc: 0.09375
Local Epoch [3/5] - Loss: 0.0039 - Acc: 0.09375
Local Epoch [4/5] - Loss: 0.0035 - Acc: 0.09375
Local Epoch [5/5] - Loss: 0.0036 - Acc: 0.09375
Client 2 done.
eval:0.125
Round 20/20
Local Epoch [1/5] - Loss: 0.0044 - Acc: 0.125
Local Epoch [2/5] - Loss: 0.0043 - Acc: 0.09375
Local Epoch [3/5] - Loss: 0.0039 - Acc: 0.109375
Local Epoch [4/5] - Loss: 0.0036 - Acc: 0.109375
Local Epoch [5/5] - Loss: 0.0039 - Acc: 0.09375
Client 1 done.
Local Epoch [1/5] - Loss: 0.0045 - Acc: 0.09375
Local Epoch [2/5] - Loss: 0.0044 - Acc: 0.078125
Local Epoch [3/5] - Loss: 0.0037 - Acc: 0.09375
Local Epoch [4/5] - Loss: 0.0036 - Acc: 0.09375
Local Epoch [5/5] - Loss: 0.0032 - Acc: 0.09375
Client 2 done.
eval:0.109375
0.0 0.109375

------------------------------------------------------------
Sender: LSF System <lsfadmin@hpc.dtu.dk>
Subject: Job 26781615: <train> in cluster <dcc> Done

Job <train> was submitted from host <n-62-27-22> by user <s224227> in cluster <dcc> at Tue Nov  4 14:50:54 2025
Job was executed on host(s) <n-62-18-5>, in queue <gpua10>, as user <s224227> in cluster <dcc> at Tue Nov  4 14:50:56 2025
</zhome/d1/b/187261> was used as the home directory.
</zhome/d1/b/187261/Desktop/Bachelor/Bachelor> was used as the working directory.
Started at Tue Nov  4 14:50:56 2025
Terminated at Tue Nov  4 14:52:51 2025
Results reported at Tue Nov  4 14:52:51 2025

Your job looked like:

------------------------------------------------------------
# LSBATCH: User input
#!/bin/bash

#BSUB -J train
#BSUB -q gpua10 
#BSUB -W 30
#BSUB -R "rusage[mem=10G]"
#BSUB -R "span[hosts=1]"
#BSUB -n 1
#BSUB -o train_%J.out
#BSUB -e train_%J.err

# # Load Python if needed (depends on DTU module system)
module load python/3.10.12  

# Activate your virtual environment
source ~/torch-env/bin/activate

python main_imnet.py 2 20 5 8 1
------------------------------------------------------------

Successfully completed.

Resource usage summary:

    CPU time :                                   108.20 sec.
    Max Memory :                                 1965 MB
    Average Memory :                             1510.00 MB
    Total Requested Memory :                     10240.00 MB
    Delta Memory :                               8275.00 MB
    Max Swap :                                   -
    Max Processes :                              4
    Max Threads :                                9
    Run time :                                   123 sec.
    Turnaround time :                            117 sec.

The output (if any) is above this job summary.



PS:

Read file <train_26781615.err> for stderr output of this job.

