1024
64
Round 1/30
Local Epoch [1/5] - Loss: 7.2062 - Acc: 0.0
Local Epoch [2/5] - Loss: 6.2895 - Acc: 0.0
Local Epoch [3/5] - Loss: 5.0723 - Acc: 0.0
Local Epoch [4/5] - Loss: 3.8355 - Acc: 0.0
Local Epoch [5/5] - Loss: 2.7651 - Acc: 0.0
Client 1 done.
Local Epoch [1/5] - Loss: 7.1357 - Acc: 0.0
Local Epoch [2/5] - Loss: 6.3107 - Acc: 0.0
Local Epoch [3/5] - Loss: 4.8836 - Acc: 0.0
Local Epoch [4/5] - Loss: 3.5985 - Acc: 0.0
Local Epoch [5/5] - Loss: 2.6511 - Acc: 0.0
Client 2 done.
Local Epoch [1/5] - Loss: 7.1543 - Acc: 0.0
Local Epoch [2/5] - Loss: 6.2307 - Acc: 0.0
Local Epoch [3/5] - Loss: 5.0138 - Acc: 0.0
Local Epoch [4/5] - Loss: 3.7304 - Acc: 0.0
Local Epoch [5/5] - Loss: 2.6587 - Acc: 0.0
Client 3 done.
Local Epoch [1/5] - Loss: 7.1245 - Acc: 0.0
Local Epoch [2/5] - Loss: 6.2529 - Acc: 0.015625
Local Epoch [3/5] - Loss: 5.0359 - Acc: 0.015625
Local Epoch [4/5] - Loss: 3.7480 - Acc: 0.015625
Local Epoch [5/5] - Loss: 2.5571 - Acc: 0.015625
Client 4 done.
Local Epoch [1/5] - Loss: 7.1637 - Acc: 0.015625
Local Epoch [2/5] - Loss: 6.3164 - Acc: 0.015625
Local Epoch [3/5] - Loss: 5.0723 - Acc: 0.015625
Local Epoch [4/5] - Loss: 3.7022 - Acc: 0.015625
Local Epoch [5/5] - Loss: 2.4657 - Acc: 0.03125
Client 5 done.
eval:0.03125
Round 2/30
Local Epoch [1/5] - Loss: 5.7178 - Acc: 0.03125
Local Epoch [2/5] - Loss: 4.7328 - Acc: 0.0
Local Epoch [3/5] - Loss: 3.7330 - Acc: 0.0
Local Epoch [4/5] - Loss: 2.7875 - Acc: 0.0
Local Epoch [5/5] - Loss: 1.8379 - Acc: 0.0
Client 1 done.
Local Epoch [1/5] - Loss: 5.7022 - Acc: 0.015625
Local Epoch [2/5] - Loss: 4.9234 - Acc: 0.0
Local Epoch [3/5] - Loss: 3.6762 - Acc: 0.015625
Local Epoch [4/5] - Loss: 2.5259 - Acc: 0.015625
Local Epoch [5/5] - Loss: 1.6862 - Acc: 0.0
Client 2 done.
Local Epoch [1/5] - Loss: 5.6069 - Acc: 0.015625
Local Epoch [2/5] - Loss: 4.7420 - Acc: 0.015625
Local Epoch [3/5] - Loss: 3.6086 - Acc: 0.015625
Local Epoch [4/5] - Loss: 2.6620 - Acc: 0.015625
Local Epoch [5/5] - Loss: 1.7849 - Acc: 0.015625
Client 3 done.
Local Epoch [1/5] - Loss: 5.7008 - Acc: 0.015625
Local Epoch [2/5] - Loss: 4.7467 - Acc: 0.015625
Local Epoch [3/5] - Loss: 3.6835 - Acc: 0.0
Local Epoch [4/5] - Loss: 2.4856 - Acc: 0.0
Local Epoch [5/5] - Loss: 1.7378 - Acc: 0.015625
Client 4 done.
Local Epoch [1/5] - Loss: 5.5449 - Acc: 0.03125
Local Epoch [2/5] - Loss: 4.6729 - Acc: 0.015625
Local Epoch [3/5] - Loss: 3.5699 - Acc: 0.015625
Local Epoch [4/5] - Loss: 2.6591 - Acc: 0.015625
Local Epoch [5/5] - Loss: 1.7551 - Acc: 0.015625
Client 5 done.
eval:0.03125
Round 3/30
Local Epoch [1/5] - Loss: 4.5362 - Acc: 0.03125
Local Epoch [2/5] - Loss: 3.6433 - Acc: 0.015625
Local Epoch [3/5] - Loss: 2.7797 - Acc: 0.0
Local Epoch [4/5] - Loss: 1.8370 - Acc: 0.0
Local Epoch [5/5] - Loss: 1.1772 - Acc: 0.03125
Client 1 done.
Local Epoch [1/5] - Loss: 4.4290 - Acc: 0.015625
Local Epoch [2/5] - Loss: 3.6403 - Acc: 0.015625
Local Epoch [3/5] - Loss: 2.8240 - Acc: 0.0
Local Epoch [4/5] - Loss: 1.9247 - Acc: 0.0
Local Epoch [5/5] - Loss: 1.2399 - Acc: 0.0
Client 2 done.
Local Epoch [1/5] - Loss: 4.5357 - Acc: 0.046875
Local Epoch [2/5] - Loss: 3.5424 - Acc: 0.015625
Local Epoch [3/5] - Loss: 2.5758 - Acc: 0.0
Local Epoch [4/5] - Loss: 1.8860 - Acc: 0.0
Local Epoch [5/5] - Loss: 1.1979 - Acc: 0.0
Client 3 done.
Local Epoch [1/5] - Loss: 4.4986 - Acc: 0.046875
Local Epoch [2/5] - Loss: 3.7003 - Acc: 0.03125
Local Epoch [3/5] - Loss: 2.6473 - Acc: 0.015625
Local Epoch [4/5] - Loss: 1.7636 - Acc: 0.03125
Local Epoch [5/5] - Loss: 1.0746 - Acc: 0.03125
Client 4 done.
Local Epoch [1/5] - Loss: 4.4243 - Acc: 0.015625
Local Epoch [2/5] - Loss: 3.5874 - Acc: 0.03125
Local Epoch [3/5] - Loss: 2.6354 - Acc: 0.03125
Local Epoch [4/5] - Loss: 1.8067 - Acc: 0.03125
Local Epoch [5/5] - Loss: 1.0753 - Acc: 0.03125
Client 5 done.
eval:0.046875
Round 4/30
Local Epoch [1/5] - Loss: 3.5270 - Acc: 0.03125
Local Epoch [2/5] - Loss: 2.7710 - Acc: 0.015625
Local Epoch [3/5] - Loss: 2.0756 - Acc: 0.015625
Local Epoch [4/5] - Loss: 1.3494 - Acc: 0.015625
Local Epoch [5/5] - Loss: 0.9346 - Acc: 0.046875
Client 1 done.
Local Epoch [1/5] - Loss: 3.5352 - Acc: 0.046875
Local Epoch [2/5] - Loss: 2.7778 - Acc: 0.03125
Local Epoch [3/5] - Loss: 2.0212 - Acc: 0.015625
Local Epoch [4/5] - Loss: 1.4739 - Acc: 0.046875
Local Epoch [5/5] - Loss: 0.9024 - Acc: 0.046875
Client 2 done.
Local Epoch [1/5] - Loss: 3.5653 - Acc: 0.03125
Local Epoch [2/5] - Loss: 2.8520 - Acc: 0.046875
Local Epoch [3/5] - Loss: 2.0611 - Acc: 0.015625
Local Epoch [4/5] - Loss: 1.3591 - Acc: 0.015625
Local Epoch [5/5] - Loss: 0.8983 - Acc: 0.015625
Client 3 done.
Local Epoch [1/5] - Loss: 3.4706 - Acc: 0.046875
Local Epoch [2/5] - Loss: 2.7467 - Acc: 0.046875
Local Epoch [3/5] - Loss: 1.9254 - Acc: 0.046875
Local Epoch [4/5] - Loss: 1.2526 - Acc: 0.015625
Local Epoch [5/5] - Loss: 0.8912 - Acc: 0.015625
Client 4 done.
Local Epoch [1/5] - Loss: 3.4701 - Acc: 0.015625
Local Epoch [2/5] - Loss: 2.7412 - Acc: 0.03125
Local Epoch [3/5] - Loss: 1.8713 - Acc: 0.046875
Local Epoch [4/5] - Loss: 1.1999 - Acc: 0.046875
Local Epoch [5/5] - Loss: 0.7773 - Acc: 0.0625
Client 5 done.
eval:0.0625
Round 5/30
Local Epoch [1/5] - Loss: 2.9084 - Acc: 0.046875
Local Epoch [2/5] - Loss: 2.1032 - Acc: 0.046875
Local Epoch [3/5] - Loss: 1.3492 - Acc: 0.046875
Local Epoch [4/5] - Loss: 1.0027 - Acc: 0.03125
Local Epoch [5/5] - Loss: 0.5977 - Acc: 0.015625
Client 1 done.
Local Epoch [1/5] - Loss: 2.8033 - Acc: 0.0625
Local Epoch [2/5] - Loss: 2.1498 - Acc: 0.03125
Local Epoch [3/5] - Loss: 1.4544 - Acc: 0.03125
Local Epoch [4/5] - Loss: 0.8511 - Acc: 0.0625
Local Epoch [5/5] - Loss: 0.5346 - Acc: 0.078125
Client 2 done.
Local Epoch [1/5] - Loss: 2.8105 - Acc: 0.078125
Local Epoch [2/5] - Loss: 2.1720 - Acc: 0.0625
Local Epoch [3/5] - Loss: 1.4614 - Acc: 0.03125
Local Epoch [4/5] - Loss: 1.0311 - Acc: 0.015625
Local Epoch [5/5] - Loss: 0.5120 - Acc: 0.0
Client 3 done.
Local Epoch [1/5] - Loss: 2.7139 - Acc: 0.0625
Local Epoch [2/5] - Loss: 1.9356 - Acc: 0.078125
Local Epoch [3/5] - Loss: 1.3417 - Acc: 0.046875
Local Epoch [4/5] - Loss: 0.9235 - Acc: 0.046875
Local Epoch [5/5] - Loss: 0.5425 - Acc: 0.0625
Client 4 done.
Local Epoch [1/5] - Loss: 2.7109 - Acc: 0.046875
Local Epoch [2/5] - Loss: 2.1703 - Acc: 0.046875
Local Epoch [3/5] - Loss: 1.3546 - Acc: 0.046875
Local Epoch [4/5] - Loss: 0.8255 - Acc: 0.03125
Local Epoch [5/5] - Loss: 0.4546 - Acc: 0.046875
Client 5 done.
eval:0.0625
Round 6/30
Local Epoch [1/5] - Loss: 2.1438 - Acc: 0.078125
Local Epoch [2/5] - Loss: 1.6173 - Acc: 0.046875
Local Epoch [3/5] - Loss: 1.1511 - Acc: 0.0625
Local Epoch [4/5] - Loss: 0.7097 - Acc: 0.046875
Local Epoch [5/5] - Loss: 0.5302 - Acc: 0.03125
Client 1 done.
Local Epoch [1/5] - Loss: 2.2709 - Acc: 0.078125
Local Epoch [2/5] - Loss: 1.5631 - Acc: 0.015625
Local Epoch [3/5] - Loss: 1.0372 - Acc: 0.03125
Local Epoch [4/5] - Loss: 0.6952 - Acc: 0.03125
Local Epoch [5/5] - Loss: 0.4576 - Acc: 0.0625
Client 2 done.
Local Epoch [1/5] - Loss: 2.1249 - Acc: 0.0625
Local Epoch [2/5] - Loss: 1.6103 - Acc: 0.0625
Local Epoch [3/5] - Loss: 1.0253 - Acc: 0.03125
Local Epoch [4/5] - Loss: 0.6576 - Acc: 0.03125
Local Epoch [5/5] - Loss: 0.3841 - Acc: 0.015625
Client 3 done.
Local Epoch [1/5] - Loss: 2.2343 - Acc: 0.0625
Local Epoch [2/5] - Loss: 1.5733 - Acc: 0.078125
Local Epoch [3/5] - Loss: 1.0792 - Acc: 0.03125
Local Epoch [4/5] - Loss: 0.6437 - Acc: 0.0625
Local Epoch [5/5] - Loss: 0.4173 - Acc: 0.078125
Client 4 done.
Local Epoch [1/5] - Loss: 2.0999 - Acc: 0.046875
Local Epoch [2/5] - Loss: 1.4792 - Acc: 0.03125
Local Epoch [3/5] - Loss: 0.9882 - Acc: 0.046875
Local Epoch [4/5] - Loss: 0.5998 - Acc: 0.046875
Local Epoch [5/5] - Loss: 0.3956 - Acc: 0.046875
Client 5 done.
eval:0.078125
Round 7/30
Local Epoch [1/5] - Loss: 1.7208 - Acc: 0.0625
Local Epoch [2/5] - Loss: 1.2262 - Acc: 0.046875
Local Epoch [3/5] - Loss: 0.8092 - Acc: 0.03125
Local Epoch [4/5] - Loss: 0.4911 - Acc: 0.03125
Local Epoch [5/5] - Loss: 0.3009 - Acc: 0.015625
Client 1 done.
Local Epoch [1/5] - Loss: 1.6560 - Acc: 0.078125
Local Epoch [2/5] - Loss: 1.1969 - Acc: 0.03125
Local Epoch [3/5] - Loss: 0.8307 - Acc: 0.03125
Local Epoch [4/5] - Loss: 0.5390 - Acc: 0.03125
Local Epoch [5/5] - Loss: 0.3029 - Acc: 0.015625
Client 2 done.
Local Epoch [1/5] - Loss: 1.7070 - Acc: 0.0625
Local Epoch [2/5] - Loss: 1.1788 - Acc: 0.0625
Local Epoch [3/5] - Loss: 0.8262 - Acc: 0.09375
Local Epoch [4/5] - Loss: 0.4904 - Acc: 0.078125
Local Epoch [5/5] - Loss: 0.3258 - Acc: 0.0625
Client 3 done.
Local Epoch [1/5] - Loss: 1.6251 - Acc: 0.078125
Local Epoch [2/5] - Loss: 1.2635 - Acc: 0.078125
Local Epoch [3/5] - Loss: 0.8623 - Acc: 0.078125
Local Epoch [4/5] - Loss: 0.4796 - Acc: 0.078125
Local Epoch [5/5] - Loss: 0.4220 - Acc: 0.03125
Client 4 done.
Local Epoch [1/5] - Loss: 1.5657 - Acc: 0.0625
Local Epoch [2/5] - Loss: 1.1915 - Acc: 0.0625
Local Epoch [3/5] - Loss: 0.6639 - Acc: 0.078125
Local Epoch [4/5] - Loss: 0.3946 - Acc: 0.078125
Local Epoch [5/5] - Loss: 0.2460 - Acc: 0.078125
Client 5 done.
eval:0.0625
Round 8/30
Local Epoch [1/5] - Loss: 1.3318 - Acc: 0.0625
Local Epoch [2/5] - Loss: 0.9374 - Acc: 0.0625
Local Epoch [3/5] - Loss: 0.6730 - Acc: 0.078125
Local Epoch [4/5] - Loss: 0.3927 - Acc: 0.03125
Local Epoch [5/5] - Loss: 0.3240 - Acc: 0.03125
Client 1 done.
Local Epoch [1/5] - Loss: 1.1493 - Acc: 0.078125
Local Epoch [2/5] - Loss: 0.9418 - Acc: 0.03125
Local Epoch [3/5] - Loss: 0.6426 - Acc: 0.03125
Local Epoch [4/5] - Loss: 0.4397 - Acc: 0.03125
Local Epoch [5/5] - Loss: 0.2938 - Acc: 0.03125
Client 2 done.
Local Epoch [1/5] - Loss: 1.2377 - Acc: 0.078125
Local Epoch [2/5] - Loss: 0.8669 - Acc: 0.078125
Local Epoch [3/5] - Loss: 0.6076 - Acc: 0.078125
Local Epoch [4/5] - Loss: 0.3931 - Acc: 0.0625
Local Epoch [5/5] - Loss: 0.2755 - Acc: 0.0625
Client 3 done.
Local Epoch [1/5] - Loss: 1.3549 - Acc: 0.0625
Local Epoch [2/5] - Loss: 0.9272 - Acc: 0.078125
Local Epoch [3/5] - Loss: 0.5520 - Acc: 0.078125
Local Epoch [4/5] - Loss: 0.4509 - Acc: 0.078125
Local Epoch [5/5] - Loss: 0.2705 - Acc: 0.046875
Client 4 done.
Local Epoch [1/5] - Loss: 1.2246 - Acc: 0.078125
Local Epoch [2/5] - Loss: 0.8375 - Acc: 0.078125
Local Epoch [3/5] - Loss: 0.5159 - Acc: 0.078125
Local Epoch [4/5] - Loss: 0.3151 - Acc: 0.078125
Local Epoch [5/5] - Loss: 0.1902 - Acc: 0.0625
Client 5 done.
eval:0.078125
Round 9/30
Local Epoch [1/5] - Loss: 0.9919 - Acc: 0.078125
Local Epoch [2/5] - Loss: 0.7885 - Acc: 0.078125
Local Epoch [3/5] - Loss: 0.4917 - Acc: 0.078125
Local Epoch [4/5] - Loss: 0.3611 - Acc: 0.046875
Local Epoch [5/5] - Loss: 0.2955 - Acc: 0.0625
Client 1 done.
Local Epoch [1/5] - Loss: 1.0591 - Acc: 0.078125
Local Epoch [2/5] - Loss: 0.7159 - Acc: 0.03125
Local Epoch [3/5] - Loss: 0.4374 - Acc: 0.03125
Local Epoch [4/5] - Loss: 0.3665 - Acc: 0.03125
Local Epoch [5/5] - Loss: 0.2346 - Acc: 0.03125
Client 2 done.
Local Epoch [1/5] - Loss: 1.0713 - Acc: 0.09375
Local Epoch [2/5] - Loss: 0.7467 - Acc: 0.0625
Local Epoch [3/5] - Loss: 0.4482 - Acc: 0.0625
Local Epoch [4/5] - Loss: 0.3602 - Acc: 0.046875
Local Epoch [5/5] - Loss: 0.2251 - Acc: 0.03125
Client 3 done.
Local Epoch [1/5] - Loss: 1.0187 - Acc: 0.078125
Local Epoch [2/5] - Loss: 0.8237 - Acc: 0.0625
Local Epoch [3/5] - Loss: 0.5034 - Acc: 0.0625
Local Epoch [4/5] - Loss: 0.3196 - Acc: 0.046875
Local Epoch [5/5] - Loss: 0.2795 - Acc: 0.046875
Client 4 done.
Local Epoch [1/5] - Loss: 0.8929 - Acc: 0.078125
Local Epoch [2/5] - Loss: 0.6343 - Acc: 0.09375
Local Epoch [3/5] - Loss: 0.4121 - Acc: 0.078125
Local Epoch [4/5] - Loss: 0.2765 - Acc: 0.078125
Local Epoch [5/5] - Loss: 0.1519 - Acc: 0.046875
Client 5 done.
eval:0.078125
Round 10/30
Local Epoch [1/5] - Loss: 0.8113 - Acc: 0.078125
Local Epoch [2/5] - Loss: 0.5665 - Acc: 0.0625
Local Epoch [3/5] - Loss: 0.3903 - Acc: 0.046875
Local Epoch [4/5] - Loss: 0.3799 - Acc: 0.03125
Local Epoch [5/5] - Loss: 0.2205 - Acc: 0.03125
Client 1 done.
Local Epoch [1/5] - Loss: 0.7359 - Acc: 0.078125
Local Epoch [2/5] - Loss: 0.6202 - Acc: 0.09375
Local Epoch [3/5] - Loss: 0.3727 - Acc: 0.09375
Local Epoch [4/5] - Loss: 0.2647 - Acc: 0.078125
Local Epoch [5/5] - Loss: 0.2223 - Acc: 0.046875
Client 2 done.
Local Epoch [1/5] - Loss: 0.6801 - Acc: 0.0625
Local Epoch [2/5] - Loss: 0.5672 - Acc: 0.046875
Local Epoch [3/5] - Loss: 0.3763 - Acc: 0.046875
Local Epoch [4/5] - Loss: 0.2599 - Acc: 0.0625
Local Epoch [5/5] - Loss: 0.1919 - Acc: 0.0625
Client 3 done.
Local Epoch [1/5] - Loss: 0.7630 - Acc: 0.078125
Local Epoch [2/5] - Loss: 0.5711 - Acc: 0.078125
Local Epoch [3/5] - Loss: 0.3459 - Acc: 0.078125
Local Epoch [4/5] - Loss: 0.2654 - Acc: 0.078125
Local Epoch [5/5] - Loss: 0.2678 - Acc: 0.078125
Client 4 done.
Local Epoch [1/5] - Loss: 0.6584 - Acc: 0.078125
Local Epoch [2/5] - Loss: 0.4790 - Acc: 0.09375
Local Epoch [3/5] - Loss: 0.3686 - Acc: 0.078125
Local Epoch [4/5] - Loss: 0.2425 - Acc: 0.078125
Local Epoch [5/5] - Loss: 0.1622 - Acc: 0.078125
Client 5 done.
eval:0.078125
Round 11/30
Local Epoch [1/5] - Loss: 0.6597 - Acc: 0.0625
Local Epoch [2/5] - Loss: 0.5052 - Acc: 0.078125
Local Epoch [3/5] - Loss: 0.3075 - Acc: 0.0625
Local Epoch [4/5] - Loss: 0.2627 - Acc: 0.046875
Local Epoch [5/5] - Loss: 0.2074 - Acc: 0.03125
Client 1 done.
Local Epoch [1/5] - Loss: 0.5655 - Acc: 0.078125
Local Epoch [2/5] - Loss: 0.4299 - Acc: 0.09375
Local Epoch [3/5] - Loss: 0.3299 - Acc: 0.09375
Local Epoch [4/5] - Loss: 0.2670 - Acc: 0.0625
Local Epoch [5/5] - Loss: 0.2319 - Acc: 0.0625
Client 2 done.
Local Epoch [1/5] - Loss: 0.6121 - Acc: 0.078125
Local Epoch [2/5] - Loss: 0.4584 - Acc: 0.078125
Local Epoch [3/5] - Loss: 0.3573 - Acc: 0.078125
Local Epoch [4/5] - Loss: 0.2795 - Acc: 0.078125
Local Epoch [5/5] - Loss: 0.2033 - Acc: 0.0625
Client 3 done.
Local Epoch [1/5] - Loss: 0.6655 - Acc: 0.078125
Local Epoch [2/5] - Loss: 0.4953 - Acc: 0.09375
Local Epoch [3/5] - Loss: 0.2918 - Acc: 0.078125
Local Epoch [4/5] - Loss: 0.2394 - Acc: 0.078125
Local Epoch [5/5] - Loss: 0.2201 - Acc: 0.078125
Client 4 done.
Local Epoch [1/5] - Loss: 0.6152 - Acc: 0.078125
Local Epoch [2/5] - Loss: 0.4341 - Acc: 0.078125
Local Epoch [3/5] - Loss: 0.2660 - Acc: 0.078125
Local Epoch [4/5] - Loss: 0.1987 - Acc: 0.09375
Local Epoch [5/5] - Loss: 0.1465 - Acc: 0.09375
Client 5 done.
eval:0.078125
Round 12/30
Local Epoch [1/5] - Loss: 0.5348 - Acc: 0.078125
Local Epoch [2/5] - Loss: 0.3835 - Acc: 0.09375
Local Epoch [3/5] - Loss: 0.2785 - Acc: 0.078125
Local Epoch [4/5] - Loss: 0.2633 - Acc: 0.078125
Local Epoch [5/5] - Loss: 0.1646 - Acc: 0.0625
Client 1 done.
Local Epoch [1/5] - Loss: 0.4511 - Acc: 0.078125
Local Epoch [2/5] - Loss: 0.4298 - Acc: 0.09375
Local Epoch [3/5] - Loss: 0.3088 - Acc: 0.0625
Local Epoch [4/5] - Loss: 0.2621 - Acc: 0.078125
Local Epoch [5/5] - Loss: 0.1829 - Acc: 0.078125
Client 2 done.
Local Epoch [1/5] - Loss: 0.5089 - Acc: 0.078125
Local Epoch [2/5] - Loss: 0.3649 - Acc: 0.0625
Local Epoch [3/5] - Loss: 0.3130 - Acc: 0.078125
Local Epoch [4/5] - Loss: 0.2165 - Acc: 0.078125
Local Epoch [5/5] - Loss: 0.1598 - Acc: 0.078125
Client 3 done.
Local Epoch [1/5] - Loss: 0.4692 - Acc: 0.078125
Local Epoch [2/5] - Loss: 0.3784 - Acc: 0.078125
Local Epoch [3/5] - Loss: 0.3051 - Acc: 0.078125
Local Epoch [4/5] - Loss: 0.2172 - Acc: 0.078125
Local Epoch [5/5] - Loss: 0.1973 - Acc: 0.078125
Client 4 done.
Local Epoch [1/5] - Loss: 0.4768 - Acc: 0.078125
Local Epoch [2/5] - Loss: 0.3352 - Acc: 0.078125
Local Epoch [3/5] - Loss: 0.2344 - Acc: 0.078125
Local Epoch [4/5] - Loss: 0.1818 - Acc: 0.0625
Local Epoch [5/5] - Loss: 0.1319 - Acc: 0.046875
Client 5 done.
eval:0.078125
Round 13/30
Local Epoch [1/5] - Loss: 0.3797 - Acc: 0.078125
Local Epoch [2/5] - Loss: 0.3504 - Acc: 0.09375
Local Epoch [3/5] - Loss: 0.2005 - Acc: 0.09375
Local Epoch [4/5] - Loss: 0.2251 - Acc: 0.078125
Local Epoch [5/5] - Loss: 0.1563 - Acc: 0.0625
Client 1 done.
Local Epoch [1/5] - Loss: 0.4280 - Acc: 0.078125
Local Epoch [2/5] - Loss: 0.3027 - Acc: 0.078125
Local Epoch [3/5] - Loss: 0.2606 - Acc: 0.078125
Local Epoch [4/5] - Loss: 0.1992 - Acc: 0.09375
Local Epoch [5/5] - Loss: 0.1522 - Acc: 0.046875
Client 2 done.
Local Epoch [1/5] - Loss: 0.3854 - Acc: 0.078125
Local Epoch [2/5] - Loss: 0.3254 - Acc: 0.078125
Local Epoch [3/5] - Loss: 0.2514 - Acc: 0.0625
Local Epoch [4/5] - Loss: 0.2126 - Acc: 0.078125
Local Epoch [5/5] - Loss: 0.1972 - Acc: 0.078125
Client 3 done.
Local Epoch [1/5] - Loss: 0.3635 - Acc: 0.078125
Local Epoch [2/5] - Loss: 0.3089 - Acc: 0.0625
Local Epoch [3/5] - Loss: 0.2221 - Acc: 0.078125
Local Epoch [4/5] - Loss: 0.2237 - Acc: 0.078125
Local Epoch [5/5] - Loss: 0.1753 - Acc: 0.078125
Client 4 done.
Local Epoch [1/5] - Loss: 0.3432 - Acc: 0.078125
Local Epoch [2/5] - Loss: 0.2688 - Acc: 0.078125
Local Epoch [3/5] - Loss: 0.2158 - Acc: 0.078125
Local Epoch [4/5] - Loss: 0.1652 - Acc: 0.078125
Local Epoch [5/5] - Loss: 0.1219 - Acc: 0.078125
Client 5 done.
eval:0.078125
Round 14/30
Local Epoch [1/5] - Loss: 0.3411 - Acc: 0.078125
Local Epoch [2/5] - Loss: 0.2382 - Acc: 0.078125
Local Epoch [3/5] - Loss: 0.2441 - Acc: 0.078125
Local Epoch [4/5] - Loss: 0.1710 - Acc: 0.0625
Local Epoch [5/5] - Loss: 0.1627 - Acc: 0.0625
Client 1 done.
Local Epoch [1/5] - Loss: 0.3374 - Acc: 0.078125
Local Epoch [2/5] - Loss: 0.2600 - Acc: 0.078125
Local Epoch [3/5] - Loss: 0.2173 - Acc: 0.078125
Local Epoch [4/5] - Loss: 0.1594 - Acc: 0.078125
Local Epoch [5/5] - Loss: 0.1494 - Acc: 0.0625
Client 2 done.
Local Epoch [1/5] - Loss: 0.3217 - Acc: 0.078125
Local Epoch [2/5] - Loss: 0.2928 - Acc: 0.078125
Local Epoch [3/5] - Loss: 0.1942 - Acc: 0.078125
Local Epoch [4/5] - Loss: 0.1505 - Acc: 0.078125
Local Epoch [5/5] - Loss: 0.1446 - Acc: 0.078125
Client 3 done.
Local Epoch [1/5] - Loss: 0.3670 - Acc: 0.078125
Local Epoch [2/5] - Loss: 0.2407 - Acc: 0.0625
Local Epoch [3/5] - Loss: 0.2289 - Acc: 0.0625
Local Epoch [4/5] - Loss: 0.1581 - Acc: 0.0625
Local Epoch [5/5] - Loss: 0.1412 - Acc: 0.0625
Client 4 done.
Local Epoch [1/5] - Loss: 0.2964 - Acc: 0.078125
Local Epoch [2/5] - Loss: 0.2507 - Acc: 0.078125
Local Epoch [3/5] - Loss: 0.2014 - Acc: 0.09375
Local Epoch [4/5] - Loss: 0.1619 - Acc: 0.09375
Local Epoch [5/5] - Loss: 0.1201 - Acc: 0.109375
Client 5 done.
eval:0.078125
Round 15/30
Local Epoch [1/5] - Loss: 0.2866 - Acc: 0.09375
Local Epoch [2/5] - Loss: 0.2089 - Acc: 0.09375
Local Epoch [3/5] - Loss: 0.1828 - Acc: 0.09375
Local Epoch [4/5] - Loss: 0.1365 - Acc: 0.078125
Local Epoch [5/5] - Loss: 0.1493 - Acc: 0.078125
Client 1 done.
Local Epoch [1/5] - Loss: 0.2848 - Acc: 0.078125
Local Epoch [2/5] - Loss: 0.2378 - Acc: 0.0625
Local Epoch [3/5] - Loss: 0.1616 - Acc: 0.0625
Local Epoch [4/5] - Loss: 0.1679 - Acc: 0.078125
Local Epoch [5/5] - Loss: 0.1499 - Acc: 0.0625
Client 2 done.
Local Epoch [1/5] - Loss: 0.2514 - Acc: 0.078125
Local Epoch [2/5] - Loss: 0.2288 - Acc: 0.078125
Local Epoch [3/5] - Loss: 0.2239 - Acc: 0.0625
Local Epoch [4/5] - Loss: 0.1598 - Acc: 0.0625
Local Epoch [5/5] - Loss: 0.1315 - Acc: 0.0625
Client 3 done.
Local Epoch [1/5] - Loss: 0.2452 - Acc: 0.0625
Local Epoch [2/5] - Loss: 0.2360 - Acc: 0.0625
Local Epoch [3/5] - Loss: 0.1803 - Acc: 0.0625
Local Epoch [4/5] - Loss: 0.1580 - Acc: 0.078125
Local Epoch [5/5] - Loss: 0.1325 - Acc: 0.078125
Client 4 done.
Local Epoch [1/5] - Loss: 0.2917 - Acc: 0.078125
Local Epoch [2/5] - Loss: 0.1988 - Acc: 0.078125
Local Epoch [3/5] - Loss: 0.1601 - Acc: 0.078125
Local Epoch [4/5] - Loss: 0.1334 - Acc: 0.078125
Local Epoch [5/5] - Loss: 0.0993 - Acc: 0.0625
Client 5 done.
eval:0.078125
Round 16/30
Local Epoch [1/5] - Loss: 0.2191 - Acc: 0.0625
Local Epoch [2/5] - Loss: 0.2081 - Acc: 0.078125
Local Epoch [3/5] - Loss: 0.1572 - Acc: 0.078125
Local Epoch [4/5] - Loss: 0.1647 - Acc: 0.078125
Local Epoch [5/5] - Loss: 0.1327 - Acc: 0.0625
Client 1 done.
Local Epoch [1/5] - Loss: 0.2460 - Acc: 0.078125
Local Epoch [2/5] - Loss: 0.2187 - Acc: 0.078125
Local Epoch [3/5] - Loss: 0.1871 - Acc: 0.078125
Local Epoch [4/5] - Loss: 0.1893 - Acc: 0.09375
Local Epoch [5/5] - Loss: 0.1368 - Acc: 0.0625
Client 2 done.
Local Epoch [1/5] - Loss: 0.2872 - Acc: 0.078125
Local Epoch [2/5] - Loss: 0.2238 - Acc: 0.0625
Local Epoch [3/5] - Loss: 0.1483 - Acc: 0.0625
Local Epoch [4/5] - Loss: 0.1475 - Acc: 0.0625
Local Epoch [5/5] - Loss: 0.1380 - Acc: 0.0625
Client 3 done.
Local Epoch [1/5] - Loss: 0.2272 - Acc: 0.078125
Local Epoch [2/5] - Loss: 0.2078 - Acc: 0.0625
Local Epoch [3/5] - Loss: 0.2028 - Acc: 0.078125
Local Epoch [4/5] - Loss: 0.1645 - Acc: 0.0625
Local Epoch [5/5] - Loss: 0.1231 - Acc: 0.0625
Client 4 done.
Local Epoch [1/5] - Loss: 0.2198 - Acc: 0.078125
Local Epoch [2/5] - Loss: 0.1895 - Acc: 0.078125
Local Epoch [3/5] - Loss: 0.1461 - Acc: 0.078125
Local Epoch [4/5] - Loss: 0.1183 - Acc: 0.078125
Local Epoch [5/5] - Loss: 0.0787 - Acc: 0.078125
Client 5 done.
eval:0.078125
Round 17/30
Local Epoch [1/5] - Loss: 0.1986 - Acc: 0.0625
Local Epoch [2/5] - Loss: 0.1510 - Acc: 0.078125
Local Epoch [3/5] - Loss: 0.1820 - Acc: 0.0625
Local Epoch [4/5] - Loss: 0.1171 - Acc: 0.0625
Local Epoch [5/5] - Loss: 0.1110 - Acc: 0.0625
Client 1 done.
Local Epoch [1/5] - Loss: 0.2260 - Acc: 0.078125
Local Epoch [2/5] - Loss: 0.1498 - Acc: 0.078125
Local Epoch [3/5] - Loss: 0.1781 - Acc: 0.09375
Local Epoch [4/5] - Loss: 0.1271 - Acc: 0.078125
Local Epoch [5/5] - Loss: 0.1259 - Acc: 0.078125
Client 2 done.
Local Epoch [1/5] - Loss: 0.2330 - Acc: 0.078125
Local Epoch [2/5] - Loss: 0.1973 - Acc: 0.0625
Local Epoch [3/5] - Loss: 0.1439 - Acc: 0.0625
Local Epoch [4/5] - Loss: 0.1197 - Acc: 0.0625
Local Epoch [5/5] - Loss: 0.1437 - Acc: 0.0625
Client 3 done.
Local Epoch [1/5] - Loss: 0.2375 - Acc: 0.0625
Local Epoch [2/5] - Loss: 0.2420 - Acc: 0.0625
Local Epoch [3/5] - Loss: 0.2019 - Acc: 0.0625
Local Epoch [4/5] - Loss: 0.1248 - Acc: 0.0625
Local Epoch [5/5] - Loss: 0.1263 - Acc: 0.0625
Client 4 done.
Local Epoch [1/5] - Loss: 0.1773 - Acc: 0.078125
Local Epoch [2/5] - Loss: 0.1592 - Acc: 0.078125
Local Epoch [3/5] - Loss: 0.1444 - Acc: 0.078125
Local Epoch [4/5] - Loss: 0.1140 - Acc: 0.0625
Local Epoch [5/5] - Loss: 0.0995 - Acc: 0.0625
Client 5 done.
eval:0.0625
Round 18/30
Local Epoch [1/5] - Loss: 0.1863 - Acc: 0.078125
Local Epoch [2/5] - Loss: 0.1675 - Acc: 0.0625
Local Epoch [3/5] - Loss: 0.1176 - Acc: 0.0625
Local Epoch [4/5] - Loss: 0.1297 - Acc: 0.0625
Local Epoch [5/5] - Loss: 0.1036 - Acc: 0.0625
Client 1 done.
Local Epoch [1/5] - Loss: 0.1787 - Acc: 0.0625
Local Epoch [2/5] - Loss: 0.1382 - Acc: 0.0625
Local Epoch [3/5] - Loss: 0.1728 - Acc: 0.078125
Local Epoch [4/5] - Loss: 0.1145 - Acc: 0.0625
Local Epoch [5/5] - Loss: 0.1321 - Acc: 0.0625
Client 2 done.
Local Epoch [1/5] - Loss: 0.1812 - Acc: 0.0625
Local Epoch [2/5] - Loss: 0.1697 - Acc: 0.078125
Local Epoch [3/5] - Loss: 0.1466 - Acc: 0.0625
Local Epoch [4/5] - Loss: 0.1233 - Acc: 0.0625
Local Epoch [5/5] - Loss: 0.1190 - Acc: 0.0625
Client 3 done.
Local Epoch [1/5] - Loss: 0.1715 - Acc: 0.0625
Local Epoch [2/5] - Loss: 0.1407 - Acc: 0.0625
Local Epoch [3/5] - Loss: 0.1525 - Acc: 0.0625
Local Epoch [4/5] - Loss: 0.1132 - Acc: 0.0625
Local Epoch [5/5] - Loss: 0.0881 - Acc: 0.0625
Client 4 done.
Local Epoch [1/5] - Loss: 0.1673 - Acc: 0.078125
Local Epoch [2/5] - Loss: 0.1406 - Acc: 0.078125
Local Epoch [3/5] - Loss: 0.1318 - Acc: 0.078125
Local Epoch [4/5] - Loss: 0.0991 - Acc: 0.0625
Local Epoch [5/5] - Loss: 0.1034 - Acc: 0.0625
Client 5 done.
eval:0.0625
Round 19/30
Local Epoch [1/5] - Loss: 0.1669 - Acc: 0.0625
Local Epoch [2/5] - Loss: 0.1301 - Acc: 0.0625
Local Epoch [3/5] - Loss: 0.1260 - Acc: 0.078125
Local Epoch [4/5] - Loss: 0.1169 - Acc: 0.078125
Local Epoch [5/5] - Loss: 0.1109 - Acc: 0.0625
Client 1 done.
Local Epoch [1/5] - Loss: 0.1500 - Acc: 0.0625
Local Epoch [2/5] - Loss: 0.1564 - Acc: 0.078125
Local Epoch [3/5] - Loss: 0.1468 - Acc: 0.0625
Local Epoch [4/5] - Loss: 0.0939 - Acc: 0.0625
Local Epoch [5/5] - Loss: 0.0941 - Acc: 0.0625
Client 2 done.
Local Epoch [1/5] - Loss: 0.1679 - Acc: 0.0625
Local Epoch [2/5] - Loss: 0.1728 - Acc: 0.078125
Local Epoch [3/5] - Loss: 0.1273 - Acc: 0.09375
Local Epoch [4/5] - Loss: 0.1249 - Acc: 0.078125
Local Epoch [5/5] - Loss: 0.1045 - Acc: 0.078125
Client 3 done.
Local Epoch [1/5] - Loss: 0.1541 - Acc: 0.0625
Local Epoch [2/5] - Loss: 0.1283 - Acc: 0.0625
Local Epoch [3/5] - Loss: 0.1417 - Acc: 0.0625
Local Epoch [4/5] - Loss: 0.1282 - Acc: 0.0625
Local Epoch [5/5] - Loss: 0.0823 - Acc: 0.0625
Client 4 done.
Local Epoch [1/5] - Loss: 0.1536 - Acc: 0.0625
Local Epoch [2/5] - Loss: 0.1299 - Acc: 0.078125
Local Epoch [3/5] - Loss: 0.1299 - Acc: 0.109375
Local Epoch [4/5] - Loss: 0.0848 - Acc: 0.09375
Local Epoch [5/5] - Loss: 0.0786 - Acc: 0.078125
Client 5 done.
eval:0.0625
Round 20/30
Local Epoch [1/5] - Loss: 0.1468 - Acc: 0.0625
Local Epoch [2/5] - Loss: 0.1633 - Acc: 0.0625
Local Epoch [3/5] - Loss: 0.1375 - Acc: 0.09375
Local Epoch [4/5] - Loss: 0.1115 - Acc: 0.09375
Local Epoch [5/5] - Loss: 0.1220 - Acc: 0.09375
Client 1 done.
Local Epoch [1/5] - Loss: 0.1376 - Acc: 0.0625
Local Epoch [2/5] - Loss: 0.1339 - Acc: 0.078125
Local Epoch [3/5] - Loss: 0.1388 - Acc: 0.0625
Local Epoch [4/5] - Loss: 0.1181 - Acc: 0.0625
Local Epoch [5/5] - Loss: 0.0994 - Acc: 0.0625
Client 2 done.
Local Epoch [1/5] - Loss: 0.1605 - Acc: 0.0625
Local Epoch [2/5] - Loss: 0.1253 - Acc: 0.078125
Local Epoch [3/5] - Loss: 0.1045 - Acc: 0.078125
Local Epoch [4/5] - Loss: 0.1004 - Acc: 0.078125
Local Epoch [5/5] - Loss: 0.0812 - Acc: 0.078125
Client 3 done.
Local Epoch [1/5] - Loss: 0.1751 - Acc: 0.0625
Local Epoch [2/5] - Loss: 0.1360 - Acc: 0.0625
Local Epoch [3/5] - Loss: 0.1613 - Acc: 0.0625
Local Epoch [4/5] - Loss: 0.0989 - Acc: 0.0625
Local Epoch [5/5] - Loss: 0.1077 - Acc: 0.0625
Client 4 done.
Local Epoch [1/5] - Loss: 0.1167 - Acc: 0.0625
Local Epoch [2/5] - Loss: 0.1069 - Acc: 0.0625
Local Epoch [3/5] - Loss: 0.0988 - Acc: 0.0625
Local Epoch [4/5] - Loss: 0.0891 - Acc: 0.0625
Local Epoch [5/5] - Loss: 0.0634 - Acc: 0.0625
Client 5 done.
eval:0.0625
Round 21/30
Local Epoch [1/5] - Loss: 0.1367 - Acc: 0.078125
Local Epoch [2/5] - Loss: 0.1341 - Acc: 0.09375
Local Epoch [3/5] - Loss: 0.1158 - Acc: 0.078125
Local Epoch [4/5] - Loss: 0.0982 - Acc: 0.078125
Local Epoch [5/5] - Loss: 0.0866 - Acc: 0.078125
Client 1 done.
Local Epoch [1/5] - Loss: 0.1641 - Acc: 0.078125
Local Epoch [2/5] - Loss: 0.1518 - Acc: 0.09375
Local Epoch [3/5] - Loss: 0.1038 - Acc: 0.078125
Local Epoch [4/5] - Loss: 0.1434 - Acc: 0.078125
Local Epoch [5/5] - Loss: 0.0717 - Acc: 0.078125
Client 2 done.
Local Epoch [1/5] - Loss: 0.1657 - Acc: 0.078125
Local Epoch [2/5] - Loss: 0.1458 - Acc: 0.0625
Local Epoch [3/5] - Loss: 0.1243 - Acc: 0.0625
Local Epoch [4/5] - Loss: 0.1451 - Acc: 0.0625
Local Epoch [5/5] - Loss: 0.0721 - Acc: 0.0625
Client 3 done.
Local Epoch [1/5] - Loss: 0.1513 - Acc: 0.0625
Local Epoch [2/5] - Loss: 0.1315 - Acc: 0.0625
Local Epoch [3/5] - Loss: 0.1191 - Acc: 0.0625
Local Epoch [4/5] - Loss: 0.0901 - Acc: 0.0625
Local Epoch [5/5] - Loss: 0.0770 - Acc: 0.0625
Client 4 done.
Local Epoch [1/5] - Loss: 0.1357 - Acc: 0.0625
Local Epoch [2/5] - Loss: 0.1229 - Acc: 0.078125
Local Epoch [3/5] - Loss: 0.0949 - Acc: 0.078125
Local Epoch [4/5] - Loss: 0.0817 - Acc: 0.09375
Local Epoch [5/5] - Loss: 0.0790 - Acc: 0.09375
Client 5 done.
eval:0.0625
Round 22/30
Local Epoch [1/5] - Loss: 0.1461 - Acc: 0.0625
Local Epoch [2/5] - Loss: 0.1152 - Acc: 0.078125
Local Epoch [3/5] - Loss: 0.1084 - Acc: 0.078125
Local Epoch [4/5] - Loss: 0.1039 - Acc: 0.0625
Local Epoch [5/5] - Loss: 0.0786 - Acc: 0.0625
Client 1 done.
Local Epoch [1/5] - Loss: 0.1139 - Acc: 0.0625
Local Epoch [2/5] - Loss: 0.1107 - Acc: 0.0625
Local Epoch [3/5] - Loss: 0.0825 - Acc: 0.0625
Local Epoch [4/5] - Loss: 0.0923 - Acc: 0.0625
Local Epoch [5/5] - Loss: 0.1097 - Acc: 0.078125
Client 2 done.
Local Epoch [1/5] - Loss: 0.1266 - Acc: 0.0625
Local Epoch [2/5] - Loss: 0.1218 - Acc: 0.078125
Local Epoch [3/5] - Loss: 0.1064 - Acc: 0.078125
Local Epoch [4/5] - Loss: 0.0712 - Acc: 0.0625
Local Epoch [5/5] - Loss: 0.0865 - Acc: 0.0625
Client 3 done.
Local Epoch [1/5] - Loss: 0.1470 - Acc: 0.0625
Local Epoch [2/5] - Loss: 0.1375 - Acc: 0.0625
Local Epoch [3/5] - Loss: 0.1017 - Acc: 0.0625
Local Epoch [4/5] - Loss: 0.1069 - Acc: 0.0625
Local Epoch [5/5] - Loss: 0.0984 - Acc: 0.0625
Client 4 done.
Local Epoch [1/5] - Loss: 0.1100 - Acc: 0.0625
Local Epoch [2/5] - Loss: 0.0987 - Acc: 0.0625
Local Epoch [3/5] - Loss: 0.0895 - Acc: 0.0625
Local Epoch [4/5] - Loss: 0.0868 - Acc: 0.0625
Local Epoch [5/5] - Loss: 0.0694 - Acc: 0.0625
Client 5 done.
eval:0.0625
Round 23/30
Local Epoch [1/5] - Loss: 0.1132 - Acc: 0.0625
Local Epoch [2/5] - Loss: 0.1199 - Acc: 0.078125
Local Epoch [3/5] - Loss: 0.1005 - Acc: 0.078125
Local Epoch [4/5] - Loss: 0.0901 - Acc: 0.0625
Local Epoch [5/5] - Loss: 0.0730 - Acc: 0.0625
Client 1 done.
Local Epoch [1/5] - Loss: 0.1092 - Acc: 0.0625
Local Epoch [2/5] - Loss: 0.1163 - Acc: 0.0625
Local Epoch [3/5] - Loss: 0.1005 - Acc: 0.0625
Local Epoch [4/5] - Loss: 0.1197 - Acc: 0.0625
Local Epoch [5/5] - Loss: 0.0760 - Acc: 0.09375
Client 2 done.
Local Epoch [1/5] - Loss: 0.1016 - Acc: 0.0625
Local Epoch [2/5] - Loss: 0.0932 - Acc: 0.0625
Local Epoch [3/5] - Loss: 0.0772 - Acc: 0.0625
Local Epoch [4/5] - Loss: 0.0814 - Acc: 0.0625
Local Epoch [5/5] - Loss: 0.0774 - Acc: 0.0625
Client 3 done.
Local Epoch [1/5] - Loss: 0.1363 - Acc: 0.0625
Local Epoch [2/5] - Loss: 0.0917 - Acc: 0.0625
Local Epoch [3/5] - Loss: 0.1090 - Acc: 0.078125
Local Epoch [4/5] - Loss: 0.1083 - Acc: 0.078125
Local Epoch [5/5] - Loss: 0.0642 - Acc: 0.0625
Client 4 done.
Local Epoch [1/5] - Loss: 0.1101 - Acc: 0.0625
Local Epoch [2/5] - Loss: 0.0800 - Acc: 0.0625
Local Epoch [3/5] - Loss: 0.0894 - Acc: 0.0625
Local Epoch [4/5] - Loss: 0.0882 - Acc: 0.0625
Local Epoch [5/5] - Loss: 0.0587 - Acc: 0.0625
Client 5 done.
eval:0.0625
Round 24/30
Local Epoch [1/5] - Loss: 0.1013 - Acc: 0.0625
Local Epoch [2/5] - Loss: 0.0866 - Acc: 0.0625
Local Epoch [3/5] - Loss: 0.1195 - Acc: 0.0625
Local Epoch [4/5] - Loss: 0.0812 - Acc: 0.078125
Local Epoch [5/5] - Loss: 0.0710 - Acc: 0.078125
Client 1 done.
Local Epoch [1/5] - Loss: 0.1188 - Acc: 0.0625
Local Epoch [2/5] - Loss: 0.1191 - Acc: 0.0625
Local Epoch [3/5] - Loss: 0.1200 - Acc: 0.0625
Local Epoch [4/5] - Loss: 0.0886 - Acc: 0.0625
Local Epoch [5/5] - Loss: 0.1056 - Acc: 0.0625
Client 2 done.
Local Epoch [1/5] - Loss: 0.0823 - Acc: 0.0625
Local Epoch [2/5] - Loss: 0.1318 - Acc: 0.0625
Local Epoch [3/5] - Loss: 0.0787 - Acc: 0.0625
Local Epoch [4/5] - Loss: 0.0916 - Acc: 0.0625
Local Epoch [5/5] - Loss: 0.0845 - Acc: 0.0625
Client 3 done.
Local Epoch [1/5] - Loss: 0.1200 - Acc: 0.0625
Local Epoch [2/5] - Loss: 0.1670 - Acc: 0.0625
Local Epoch [3/5] - Loss: 0.1262 - Acc: 0.09375
Local Epoch [4/5] - Loss: 0.0813 - Acc: 0.0625
Local Epoch [5/5] - Loss: 0.0856 - Acc: 0.0625
Client 4 done.
Local Epoch [1/5] - Loss: 0.0925 - Acc: 0.0625
Local Epoch [2/5] - Loss: 0.0832 - Acc: 0.0625
Local Epoch [3/5] - Loss: 0.0751 - Acc: 0.078125
Local Epoch [4/5] - Loss: 0.0673 - Acc: 0.078125
Local Epoch [5/5] - Loss: 0.0550 - Acc: 0.078125
Client 5 done.
eval:0.0625
Round 25/30
Local Epoch [1/5] - Loss: 0.1106 - Acc: 0.0625
Local Epoch [2/5] - Loss: 0.1129 - Acc: 0.0625
Local Epoch [3/5] - Loss: 0.0821 - Acc: 0.078125
Local Epoch [4/5] - Loss: 0.0813 - Acc: 0.0625
Local Epoch [5/5] - Loss: 0.0731 - Acc: 0.078125
Client 1 done.
Local Epoch [1/5] - Loss: 0.1213 - Acc: 0.0625
Local Epoch [2/5] - Loss: 0.1084 - Acc: 0.0625
Local Epoch [3/5] - Loss: 0.0780 - Acc: 0.0625
Local Epoch [4/5] - Loss: 0.0902 - Acc: 0.0625
Local Epoch [5/5] - Loss: 0.0848 - Acc: 0.0625
Client 2 done.
Local Epoch [1/5] - Loss: 0.1071 - Acc: 0.0625
Local Epoch [2/5] - Loss: 0.0741 - Acc: 0.0625
Local Epoch [3/5] - Loss: 0.1018 - Acc: 0.09375
Local Epoch [4/5] - Loss: 0.0731 - Acc: 0.078125
Local Epoch [5/5] - Loss: 0.1008 - Acc: 0.09375
Client 3 done.
Local Epoch [1/5] - Loss: 0.1258 - Acc: 0.0625
Local Epoch [2/5] - Loss: 0.0905 - Acc: 0.0625
Local Epoch [3/5] - Loss: 0.0809 - Acc: 0.0625
Local Epoch [4/5] - Loss: 0.0805 - Acc: 0.0625
Local Epoch [5/5] - Loss: 0.0906 - Acc: 0.0625
Client 4 done.
Local Epoch [1/5] - Loss: 0.0842 - Acc: 0.0625
Local Epoch [2/5] - Loss: 0.0941 - Acc: 0.0625
Local Epoch [3/5] - Loss: 0.0837 - Acc: 0.0625
Local Epoch [4/5] - Loss: 0.0565 - Acc: 0.0625
Local Epoch [5/5] - Loss: 0.0605 - Acc: 0.0625
Client 5 done.
eval:0.0625
Round 26/30
Local Epoch [1/5] - Loss: 0.0825 - Acc: 0.0625
Local Epoch [2/5] - Loss: 0.0958 - Acc: 0.0625
Local Epoch [3/5] - Loss: 0.0922 - Acc: 0.078125
Local Epoch [4/5] - Loss: 0.0986 - Acc: 0.0625
Local Epoch [5/5] - Loss: 0.0559 - Acc: 0.0625
Client 1 done.
Local Epoch [1/5] - Loss: 0.1018 - Acc: 0.0625
Local Epoch [2/5] - Loss: 0.1025 - Acc: 0.0625
Local Epoch [3/5] - Loss: 0.0880 - Acc: 0.0625
Local Epoch [4/5] - Loss: 0.0883 - Acc: 0.078125
Local Epoch [5/5] - Loss: 0.0660 - Acc: 0.078125
Client 2 done.
Local Epoch [1/5] - Loss: 0.0985 - Acc: 0.0625
Local Epoch [2/5] - Loss: 0.1063 - Acc: 0.078125
Local Epoch [3/5] - Loss: 0.0931 - Acc: 0.078125
Local Epoch [4/5] - Loss: 0.0786 - Acc: 0.078125
Local Epoch [5/5] - Loss: 0.0741 - Acc: 0.078125
Client 3 done.
Local Epoch [1/5] - Loss: 0.0808 - Acc: 0.0625
Local Epoch [2/5] - Loss: 0.0847 - Acc: 0.0625
Local Epoch [3/5] - Loss: 0.0766 - Acc: 0.078125
Local Epoch [4/5] - Loss: 0.1003 - Acc: 0.078125
Local Epoch [5/5] - Loss: 0.0661 - Acc: 0.078125
Client 4 done.
Local Epoch [1/5] - Loss: 0.0757 - Acc: 0.0625
Local Epoch [2/5] - Loss: 0.0822 - Acc: 0.0625
Local Epoch [3/5] - Loss: 0.0829 - Acc: 0.078125
Local Epoch [4/5] - Loss: 0.0595 - Acc: 0.078125
Local Epoch [5/5] - Loss: 0.0543 - Acc: 0.078125
Client 5 done.
eval:0.0625
Round 27/30
Local Epoch [1/5] - Loss: 0.1156 - Acc: 0.0625
Local Epoch [2/5] - Loss: 0.0864 - Acc: 0.078125
Local Epoch [3/5] - Loss: 0.0992 - Acc: 0.078125
Local Epoch [4/5] - Loss: 0.0814 - Acc: 0.09375
Local Epoch [5/5] - Loss: 0.1272 - Acc: 0.078125
Client 1 done.
Local Epoch [1/5] - Loss: 0.0987 - Acc: 0.0625
Local Epoch [2/5] - Loss: 0.0868 - Acc: 0.0625
Local Epoch [3/5] - Loss: 0.0838 - Acc: 0.0625
Local Epoch [4/5] - Loss: 0.0769 - Acc: 0.0625
Local Epoch [5/5] - Loss: 0.0649 - Acc: 0.078125
Client 2 done.
Local Epoch [1/5] - Loss: 0.0936 - Acc: 0.0625
Local Epoch [2/5] - Loss: 0.0630 - Acc: 0.0625
Local Epoch [3/5] - Loss: 0.0727 - Acc: 0.0625
Local Epoch [4/5] - Loss: 0.0778 - Acc: 0.0625
Local Epoch [5/5] - Loss: 0.0597 - Acc: 0.078125
Client 3 done.
Local Epoch [1/5] - Loss: 0.0817 - Acc: 0.0625
Local Epoch [2/5] - Loss: 0.0766 - Acc: 0.0625
Local Epoch [3/5] - Loss: 0.0702 - Acc: 0.078125
Local Epoch [4/5] - Loss: 0.0552 - Acc: 0.078125
Local Epoch [5/5] - Loss: 0.0693 - Acc: 0.078125
Client 4 done.
Local Epoch [1/5] - Loss: 0.0656 - Acc: 0.0625
Local Epoch [2/5] - Loss: 0.0657 - Acc: 0.0625
Local Epoch [3/5] - Loss: 0.0584 - Acc: 0.0625
Local Epoch [4/5] - Loss: 0.0538 - Acc: 0.0625
Local Epoch [5/5] - Loss: 0.0446 - Acc: 0.0625
Client 5 done.
eval:0.0625
Round 28/30
Local Epoch [1/5] - Loss: 0.0887 - Acc: 0.0625
Local Epoch [2/5] - Loss: 0.0819 - Acc: 0.0625
Local Epoch [3/5] - Loss: 0.0616 - Acc: 0.078125
Local Epoch [4/5] - Loss: 0.0625 - Acc: 0.078125
Local Epoch [5/5] - Loss: 0.0487 - Acc: 0.078125
Client 1 done.
Local Epoch [1/5] - Loss: 0.0837 - Acc: 0.0625
Local Epoch [2/5] - Loss: 0.0848 - Acc: 0.0625
Local Epoch [3/5] - Loss: 0.0733 - Acc: 0.0625
Local Epoch [4/5] - Loss: 0.0524 - Acc: 0.0625
Local Epoch [5/5] - Loss: 0.0442 - Acc: 0.078125
Client 2 done.
Local Epoch [1/5] - Loss: 0.0834 - Acc: 0.0625
Local Epoch [2/5] - Loss: 0.0661 - Acc: 0.0625
Local Epoch [3/5] - Loss: 0.0655 - Acc: 0.0625
Local Epoch [4/5] - Loss: 0.0710 - Acc: 0.0625
Local Epoch [5/5] - Loss: 0.0517 - Acc: 0.0625
Client 3 done.
Local Epoch [1/5] - Loss: 0.0689 - Acc: 0.0625
Local Epoch [2/5] - Loss: 0.0814 - Acc: 0.078125
Local Epoch [3/5] - Loss: 0.0817 - Acc: 0.078125
Local Epoch [4/5] - Loss: 0.0674 - Acc: 0.0625
Local Epoch [5/5] - Loss: 0.0615 - Acc: 0.0625
Client 4 done.
Local Epoch [1/5] - Loss: 0.0780 - Acc: 0.0625
Local Epoch [2/5] - Loss: 0.0685 - Acc: 0.0625
Local Epoch [3/5] - Loss: 0.0606 - Acc: 0.0625
Local Epoch [4/5] - Loss: 0.0520 - Acc: 0.078125
Local Epoch [5/5] - Loss: 0.0461 - Acc: 0.078125
Client 5 done.
eval:0.0625
Round 29/30
Local Epoch [1/5] - Loss: 0.0734 - Acc: 0.0625
Local Epoch [2/5] - Loss: 0.0961 - Acc: 0.0625
Local Epoch [3/5] - Loss: 0.0684 - Acc: 0.078125
Local Epoch [4/5] - Loss: 0.0691 - Acc: 0.078125
Local Epoch [5/5] - Loss: 0.0611 - Acc: 0.078125
Client 1 done.
Local Epoch [1/5] - Loss: 0.0731 - Acc: 0.0625
Local Epoch [2/5] - Loss: 0.0622 - Acc: 0.0625
Local Epoch [3/5] - Loss: 0.0695 - Acc: 0.0625
Local Epoch [4/5] - Loss: 0.0654 - Acc: 0.0625
Local Epoch [5/5] - Loss: 0.0514 - Acc: 0.0625
Client 2 done.
Local Epoch [1/5] - Loss: 0.0726 - Acc: 0.0625
Local Epoch [2/5] - Loss: 0.0846 - Acc: 0.0625
Local Epoch [3/5] - Loss: 0.0685 - Acc: 0.0625
Local Epoch [4/5] - Loss: 0.0741 - Acc: 0.078125
Local Epoch [5/5] - Loss: 0.0521 - Acc: 0.078125
Client 3 done.
Local Epoch [1/5] - Loss: 0.0837 - Acc: 0.0625
Local Epoch [2/5] - Loss: 0.1091 - Acc: 0.0625
Local Epoch [3/5] - Loss: 0.0726 - Acc: 0.0625
Local Epoch [4/5] - Loss: 0.0616 - Acc: 0.0625
Local Epoch [5/5] - Loss: 0.0636 - Acc: 0.0625
Client 4 done.
Local Epoch [1/5] - Loss: 0.0633 - Acc: 0.0625
Local Epoch [2/5] - Loss: 0.0678 - Acc: 0.0625
Local Epoch [3/5] - Loss: 0.0713 - Acc: 0.0625
Local Epoch [4/5] - Loss: 0.0484 - Acc: 0.0625
Local Epoch [5/5] - Loss: 0.0530 - Acc: 0.0625
Client 5 done.
eval:0.0625
Round 30/30
Local Epoch [1/5] - Loss: 0.0874 - Acc: 0.0625
Local Epoch [2/5] - Loss: 0.0688 - Acc: 0.0625
Local Epoch [3/5] - Loss: 0.0774 - Acc: 0.0625
Local Epoch [4/5] - Loss: 0.0925 - Acc: 0.0625
Local Epoch [5/5] - Loss: 0.0547 - Acc: 0.0625
Client 1 done.
Local Epoch [1/5] - Loss: 0.0947 - Acc: 0.0625
Local Epoch [2/5] - Loss: 0.0681 - Acc: 0.078125
Local Epoch [3/5] - Loss: 0.0568 - Acc: 0.078125
Local Epoch [4/5] - Loss: 0.0768 - Acc: 0.09375
Local Epoch [5/5] - Loss: 0.0600 - Acc: 0.09375
Client 2 done.
Local Epoch [1/5] - Loss: 0.0855 - Acc: 0.0625
Local Epoch [2/5] - Loss: 0.0744 - Acc: 0.0625
Local Epoch [3/5] - Loss: 0.0690 - Acc: 0.0625
Local Epoch [4/5] - Loss: 0.0586 - Acc: 0.078125
Local Epoch [5/5] - Loss: 0.0442 - Acc: 0.078125
Client 3 done.
Local Epoch [1/5] - Loss: 0.0730 - Acc: 0.0625
Local Epoch [2/5] - Loss: 0.0699 - Acc: 0.0625
Local Epoch [3/5] - Loss: 0.0822 - Acc: 0.0625
Local Epoch [4/5] - Loss: 0.0609 - Acc: 0.078125
Local Epoch [5/5] - Loss: 0.0553 - Acc: 0.078125
Client 4 done.
Local Epoch [1/5] - Loss: 0.0713 - Acc: 0.0625
Local Epoch [2/5] - Loss: 0.0638 - Acc: 0.0625
Local Epoch [3/5] - Loss: 0.0526 - Acc: 0.0625
Local Epoch [4/5] - Loss: 0.0443 - Acc: 0.0625
Local Epoch [5/5] - Loss: 0.0466 - Acc: 0.0625
Client 5 done.
eval:0.078125
0.015625 0.078125

------------------------------------------------------------
Sender: LSF System <lsfadmin@hpc.dtu.dk>
Subject: Job 26781637: <train> in cluster <dcc> Done

Job <train> was submitted from host <n-62-27-22> by user <s224227> in cluster <dcc> at Tue Nov  4 14:56:09 2025
Job was executed on host(s) <n-62-18-5>, in queue <gpua10>, as user <s224227> in cluster <dcc> at Tue Nov  4 14:56:10 2025
</zhome/d1/b/187261> was used as the home directory.
</zhome/d1/b/187261/Desktop/Bachelor/Bachelor> was used as the working directory.
Started at Tue Nov  4 14:56:10 2025
Terminated at Tue Nov  4 14:59:51 2025
Results reported at Tue Nov  4 14:59:51 2025

Your job looked like:

------------------------------------------------------------
# LSBATCH: User input
#!/bin/bash

#BSUB -J train
#BSUB -q gpua10 
#BSUB -W 80
#BSUB -R "rusage[mem=12G]"
#BSUB -R "span[hosts=1]"
#BSUB -n 1
#BSUB -o train_%J.out
#BSUB -e train_%J.err

# # Load Python if needed (depends on DTU module system)
module load python/3.10.12  

# Activate your virtual environment
source ~/torch-env/bin/activate

python main_imnet.py 5 30 5 64 1
------------------------------------------------------------

Successfully completed.

Resource usage summary:

    CPU time :                                   211.54 sec.
    Max Memory :                                 2465 MB
    Average Memory :                             1840.75 MB
    Total Requested Memory :                     12288.00 MB
    Delta Memory :                               9823.00 MB
    Max Swap :                                   -
    Max Processes :                              4
    Max Threads :                                9
    Run time :                                   306 sec.
    Turnaround time :                            222 sec.

The output (if any) is above this job summary.



PS:

Read file <train_26781637.err> for stderr output of this job.

