Train: (50000, 32, 32, 3) (50000, 1)
Test: (10000, 32, 32, 3) (10000, 1)
Round 1/10
Local Epoch [1/3] - Loss: 70.4669 - Acc: 0.1061
Local Epoch [2/3] - Loss: 2.3131 - Acc: 0.1085
Local Epoch [3/3] - Loss: 2.3127 - Acc: 0.1048
Client 1 done.
Local Epoch [1/3] - Loss: 4.5021 - Acc: 0.135
Local Epoch [2/3] - Loss: 2.3958 - Acc: 0.1249
Local Epoch [3/3] - Loss: 2.2850 - Acc: 0.1277
Client 2 done.
Local Epoch [1/3] - Loss: 3.5813 - Acc: 0.1068
Local Epoch [2/3] - Loss: 6.9164 - Acc: 0.0789
Local Epoch [3/3] - Loss: 3.7584 - Acc: 0.112
Client 3 done.
Local Epoch [1/3] - Loss: 316.4573 - Acc: 0.1058
Local Epoch [2/3] - Loss: 2.2838 - Acc: 0.0851
Local Epoch [3/3] - Loss: 2.2765 - Acc: 0.09
Client 4 done.
Local Epoch [1/3] - Loss: 17.5431 - Acc: 0.1071
Local Epoch [2/3] - Loss: 2.3146 - Acc: 0.085
Local Epoch [3/3] - Loss: 2.3040 - Acc: 0.0856
Client 5 done.
eval:0.1
Round 2/10
Local Epoch [1/3] - Loss: 2.3146 - Acc: 0.1011
Local Epoch [2/3] - Loss: 2.3144 - Acc: 0.1017
Local Epoch [3/3] - Loss: 2.3141 - Acc: 0.1059
Client 1 done.
Local Epoch [1/3] - Loss: 2.3143 - Acc: 0.1054
Local Epoch [2/3] - Loss: 2.3141 - Acc: 0.0984
Local Epoch [3/3] - Loss: 2.3133 - Acc: 0.1042
Client 2 done.
Local Epoch [1/3] - Loss: 2.3141 - Acc: 0.1044
Local Epoch [2/3] - Loss: 2.3128 - Acc: 0.105
Local Epoch [3/3] - Loss: 2.3147 - Acc: 0.0982
Client 3 done.
Local Epoch [1/3] - Loss: 2.3135 - Acc: 0.1111
Local Epoch [2/3] - Loss: 2.3133 - Acc: 0.1013
Local Epoch [3/3] - Loss: 2.3129 - Acc: 0.1069
Client 4 done.
Local Epoch [1/3] - Loss: 2.3133 - Acc: 0.0988
Local Epoch [2/3] - Loss: 2.3135 - Acc: 0.1186
Local Epoch [3/3] - Loss: 2.3129 - Acc: 0.0914
Client 5 done.
eval:0.0984
Round 3/10
Local Epoch [1/3] - Loss: 2.3137 - Acc: 0.0986
Local Epoch [2/3] - Loss: 2.3142 - Acc: 0.1022
Local Epoch [3/3] - Loss: 2.3150 - Acc: 0.1165
Client 1 done.
Local Epoch [1/3] - Loss: 2.3146 - Acc: 0.1061
Local Epoch [2/3] - Loss: 2.3139 - Acc: 0.1152
Local Epoch [3/3] - Loss: 2.3151 - Acc: 0.1124
Client 2 done.
Local Epoch [1/3] - Loss: 2.3137 - Acc: 0.1111
Local Epoch [2/3] - Loss: 2.3124 - Acc: 0.1134
Local Epoch [3/3] - Loss: 2.3137 - Acc: 0.0974
Client 3 done.
Local Epoch [1/3] - Loss: 2.3121 - Acc: 0.1078
Local Epoch [2/3] - Loss: 2.3146 - Acc: 0.1029
Local Epoch [3/3] - Loss: 2.3130 - Acc: 0.101
Client 4 done.
Local Epoch [1/3] - Loss: 2.3128 - Acc: 0.1065
Local Epoch [2/3] - Loss: 2.3133 - Acc: 0.1042
Local Epoch [3/3] - Loss: 2.3136 - Acc: 0.1117
Client 5 done.
eval:0.103
Round 4/10
Local Epoch [1/3] - Loss: 2.3138 - Acc: 0.0977
Local Epoch [2/3] - Loss: 2.3134 - Acc: 0.1018
Local Epoch [3/3] - Loss: 2.3139 - Acc: 0.1021
Client 1 done.
Local Epoch [1/3] - Loss: 2.3138 - Acc: 0.1085
Local Epoch [2/3] - Loss: 2.3140 - Acc: 0.1046
Local Epoch [3/3] - Loss: 2.3149 - Acc: 0.1049
Client 2 done.
Local Epoch [1/3] - Loss: 2.3118 - Acc: 0.1116
Local Epoch [2/3] - Loss: 2.3136 - Acc: 0.1051
Local Epoch [3/3] - Loss: 2.3136 - Acc: 0.1116
Client 3 done.
Local Epoch [1/3] - Loss: 2.3128 - Acc: 0.103
Local Epoch [2/3] - Loss: 2.3144 - Acc: 0.11
Local Epoch [3/3] - Loss: 2.3135 - Acc: 0.0978
Client 4 done.
Local Epoch [1/3] - Loss: 2.3129 - Acc: 0.1046
Local Epoch [2/3] - Loss: 2.3133 - Acc: 0.1057
Local Epoch [3/3] - Loss: 2.3140 - Acc: 0.1143
Client 5 done.
eval:0.1082
Round 5/10
Local Epoch [1/3] - Loss: 2.3146 - Acc: 0.0937
Local Epoch [2/3] - Loss: 2.3131 - Acc: 0.1159
Local Epoch [3/3] - Loss: 2.3142 - Acc: 0.104
Client 1 done.
Local Epoch [1/3] - Loss: 2.3149 - Acc: 0.1135
Local Epoch [2/3] - Loss: 2.3142 - Acc: 0.1192
Local Epoch [3/3] - Loss: 2.3136 - Acc: 0.1008
Client 2 done.
Local Epoch [1/3] - Loss: 2.3132 - Acc: 0.1052
Local Epoch [2/3] - Loss: 2.3127 - Acc: 0.1088
Local Epoch [3/3] - Loss: 2.3144 - Acc: 0.0914
Client 3 done.
Local Epoch [1/3] - Loss: 2.3144 - Acc: 0.1013
Local Epoch [2/3] - Loss: 2.3129 - Acc: 0.105
Local Epoch [3/3] - Loss: 2.3137 - Acc: 0.1072
Client 4 done.
Local Epoch [1/3] - Loss: 2.3132 - Acc: 0.1031
Local Epoch [2/3] - Loss: 2.3145 - Acc: 0.1007
Local Epoch [3/3] - Loss: 2.3136 - Acc: 0.1037
Client 5 done.
eval:0.1023
Round 6/10
Local Epoch [1/3] - Loss: 2.3141 - Acc: 0.1122
Local Epoch [2/3] - Loss: 2.3151 - Acc: 0.116
Local Epoch [3/3] - Loss: 2.3144 - Acc: 0.0988
Client 1 done.
Local Epoch [1/3] - Loss: 2.3134 - Acc: 0.0944
Local Epoch [2/3] - Loss: 2.3137 - Acc: 0.1053
Local Epoch [3/3] - Loss: 2.3141 - Acc: 0.1182
Client 2 done.
Local Epoch [1/3] - Loss: 2.3128 - Acc: 0.0953
Local Epoch [2/3] - Loss: 2.3143 - Acc: 0.1095
Local Epoch [3/3] - Loss: 2.3125 - Acc: 0.1108
Client 3 done.
Local Epoch [1/3] - Loss: 2.3134 - Acc: 0.1027
Local Epoch [2/3] - Loss: 2.3149 - Acc: 0.098
Local Epoch [3/3] - Loss: 2.3129 - Acc: 0.1089
Client 4 done.
Local Epoch [1/3] - Loss: 2.3135 - Acc: 0.1031
Local Epoch [2/3] - Loss: 2.3139 - Acc: 0.1126
Local Epoch [3/3] - Loss: 2.3154 - Acc: 0.1044
Client 5 done.
eval:0.1038
Round 7/10
Local Epoch [1/3] - Loss: 2.3139 - Acc: 0.1001
Local Epoch [2/3] - Loss: 2.3139 - Acc: 0.1149
Local Epoch [3/3] - Loss: 2.3131 - Acc: 0.0974
Client 1 done.
Local Epoch [1/3] - Loss: 2.3141 - Acc: 0.0923
Local Epoch [2/3] - Loss: 2.3137 - Acc: 0.1079
Local Epoch [3/3] - Loss: 2.3144 - Acc: 0.1063
Client 2 done.
Local Epoch [1/3] - Loss: 2.3135 - Acc: 0.108
Local Epoch [2/3] - Loss: 2.3140 - Acc: 0.1087
Local Epoch [3/3] - Loss: 2.3144 - Acc: 0.1057
Client 3 done.
Local Epoch [1/3] - Loss: 2.3124 - Acc: 0.1118
Local Epoch [2/3] - Loss: 2.3130 - Acc: 0.1102
Local Epoch [3/3] - Loss: 2.3128 - Acc: 0.0967
Client 4 done.
Local Epoch [1/3] - Loss: 2.3145 - Acc: 0.1068
Local Epoch [2/3] - Loss: 2.3146 - Acc: 0.0976
Local Epoch [3/3] - Loss: 2.3143 - Acc: 0.1093
Client 5 done.
eval:0.1066
Round 8/10
Local Epoch [1/3] - Loss: 2.3141 - Acc: 0.1001
Local Epoch [2/3] - Loss: 2.3134 - Acc: 0.0992
Local Epoch [3/3] - Loss: 2.3129 - Acc: 0.1152
Client 1 done.
Local Epoch [1/3] - Loss: 2.3141 - Acc: 0.1075
Local Epoch [2/3] - Loss: 2.3142 - Acc: 0.0975
Local Epoch [3/3] - Loss: 2.3120 - Acc: 0.1004
Client 2 done.
Local Epoch [1/3] - Loss: 2.3151 - Acc: 0.0979
Local Epoch [2/3] - Loss: 2.3125 - Acc: 0.1019
Local Epoch [3/3] - Loss: 2.3151 - Acc: 0.1092
Client 3 done.
Local Epoch [1/3] - Loss: 2.3136 - Acc: 0.1015
Local Epoch [2/3] - Loss: 2.3139 - Acc: 0.1245
Local Epoch [3/3] - Loss: 2.3138 - Acc: 0.0983
Client 4 done.
Local Epoch [1/3] - Loss: 2.3137 - Acc: 0.1068
Local Epoch [2/3] - Loss: 2.3134 - Acc: 0.1144
Local Epoch [3/3] - Loss: 2.3135 - Acc: 0.1208
Client 5 done.
eval:0.1045
Round 9/10
Local Epoch [1/3] - Loss: 2.3137 - Acc: 0.0993
Local Epoch [2/3] - Loss: 2.3134 - Acc: 0.103
Local Epoch [3/3] - Loss: 2.3136 - Acc: 0.1022
Client 1 done.
Local Epoch [1/3] - Loss: 2.3144 - Acc: 0.108
Local Epoch [2/3] - Loss: 2.3138 - Acc: 0.1173
Local Epoch [3/3] - Loss: 2.3143 - Acc: 0.1141
Client 2 done.
Local Epoch [1/3] - Loss: 2.3148 - Acc: 0.1083
Local Epoch [2/3] - Loss: 2.3134 - Acc: 0.0979
Local Epoch [3/3] - Loss: 2.3134 - Acc: 0.097
Client 3 done.
Local Epoch [1/3] - Loss: 2.3152 - Acc: 0.0954
Local Epoch [2/3] - Loss: 2.3128 - Acc: 0.1137
Local Epoch [3/3] - Loss: 2.3145 - Acc: 0.115
Client 4 done.
Local Epoch [1/3] - Loss: 2.3138 - Acc: 0.1024
Local Epoch [2/3] - Loss: 2.3122 - Acc: 0.0953
Local Epoch [3/3] - Loss: 2.3141 - Acc: 0.1043
Client 5 done.
eval:0.1233
Round 10/10
Local Epoch [1/3] - Loss: 2.3136 - Acc: 0.0935
Local Epoch [2/3] - Loss: 2.3131 - Acc: 0.089
Local Epoch [3/3] - Loss: 2.3138 - Acc: 0.1072
Client 1 done.
Local Epoch [1/3] - Loss: 2.3131 - Acc: 0.089
Local Epoch [2/3] - Loss: 2.3158 - Acc: 0.1081
Local Epoch [3/3] - Loss: 2.3140 - Acc: 0.0802
Client 2 done.
Local Epoch [1/3] - Loss: 2.3135 - Acc: 0.1128
Local Epoch [2/3] - Loss: 2.3132 - Acc: 0.1109
Local Epoch [3/3] - Loss: 2.3140 - Acc: 0.1027
Client 3 done.
Local Epoch [1/3] - Loss: 2.3135 - Acc: 0.0971
Local Epoch [2/3] - Loss: 2.3142 - Acc: 0.1095
Local Epoch [3/3] - Loss: 2.3138 - Acc: 0.0956
Client 4 done.
Local Epoch [1/3] - Loss: 2.3144 - Acc: 0.1035
Local Epoch [2/3] - Loss: 2.3128 - Acc: 0.0872
Local Epoch [3/3] - Loss: 2.3135 - Acc: 0.1113
Client 5 done.
eval:0.1081
0.1018 0.1081

------------------------------------------------------------
Sender: LSF System <lsfadmin@hpc.dtu.dk>
Subject: Job 26792932: <cifar_batch2> in cluster <dcc> Done

Job <cifar_batch2> was submitted from host <n-62-30-1> by user <s224227> in cluster <dcc> at Thu Nov  6 09:39:49 2025
Job was executed on host(s) <n-62-18-5>, in queue <gpua10>, as user <s224227> in cluster <dcc> at Thu Nov  6 09:39:49 2025
</zhome/d1/b/187261> was used as the home directory.
</zhome/d1/b/187261/Desktop/Bachelor/Bachelor> was used as the working directory.
Started at Thu Nov  6 09:39:49 2025
Terminated at Thu Nov  6 11:15:19 2025
Results reported at Thu Nov  6 11:15:19 2025

Your job looked like:

------------------------------------------------------------
# LSBATCH: User input
#!/bin/bash

#BSUB -J cifar_batch2
#BSUB -q gpua10 
#BSUB -W 200
#BSUB -R "rusage[mem=20G]"
#BSUB -R "span[hosts=1]"
#BSUB -n 1
#BSUB -o cifar_batch2_%J.out
#BSUB -e cifar_batch2_%J.err

# Load Python
module load python3/3.12.11  

# Activate your virtual environment
source ~/bachelor-env/bin/activate

python main_cifar.py 5 10 3 2 1 5c_10r_batch2
------------------------------------------------------------

Successfully completed.

Resource usage summary:

    CPU time :                                   5631.94 sec.
    Max Memory :                                 2889 MB
    Average Memory :                             2390.71 MB
    Total Requested Memory :                     20480.00 MB
    Delta Memory :                               17591.00 MB
    Max Swap :                                   -
    Max Processes :                              4
    Max Threads :                                8
    Run time :                                   5753 sec.
    Turnaround time :                            5730 sec.

The output (if any) is above this job summary.



PS:

Read file <cifar_batch2_26792932.err> for stderr output of this job.

