Predicted label: tensor([6])
Final loss: nan
Random dummy: True, dummy variance: 0.0, grads_mode: none
SSIM: nan
PSNR: nan
Predicted label: tensor([6])
Final loss: 0.000000
Random dummy: True, dummy variance: 0.0, grads_mode: none
SSIM: 0.9719498
PSNR: 31.61967790103606
Predicted label: tensor([6])
Final loss: nan
Random dummy: True, dummy variance: 0.0, grads_mode: none
SSIM: nan
PSNR: nan
Predicted label: tensor([6])
Final loss: nan
Random dummy: True, dummy variance: 0.0, grads_mode: none
SSIM: nan
PSNR: nan
Predicted label: tensor([6])
Final loss: nan
Random dummy: True, dummy variance: 0.0, grads_mode: none
SSIM: nan
PSNR: nan
Predicted label: tensor([6])
Final loss: nan
Random dummy: True, dummy variance: 0.0, grads_mode: none
SSIM: nan
PSNR: nan
Predicted label: tensor([6])
Final loss: 185.622879
Random dummy: True, dummy variance: 0.0, grads_mode: none
SSIM: -0.001078606
PSNR: 5.451933383762039
Predicted label: tensor([6])
Final loss: nan
Random dummy: True, dummy variance: 0.0, grads_mode: none
SSIM: nan
PSNR: nan
Predicted label: tensor([6])
Final loss: nan
Random dummy: True, dummy variance: 0.0, grads_mode: none
SSIM: nan
PSNR: nan
Predicted label: tensor([6])
Final loss: nan
Random dummy: True, dummy variance: 0.0, grads_mode: none
SSIM: nan
PSNR: nan

------------------------------------------------------------
Sender: LSF System <lsfadmin@hpc.dtu.dk>
Subject: Job 27463665: <iDLG_def> in cluster <dcc> Done

Job <iDLG_def> was submitted from host <n-62-30-5> by user <s224227> in cluster <dcc> at Sun Dec 21 12:46:52 2025
Job was executed on host(s) <n-62-31-5>, in queue <hpc>, as user <s224227> in cluster <dcc> at Sun Dec 21 12:46:52 2025
</zhome/d1/b/187261> was used as the home directory.
</zhome/d1/b/187261/Desktop/Bachelor/Bachelor> was used as the working directory.
Started at Sun Dec 21 12:46:52 2025
Terminated at Sun Dec 21 12:56:31 2025
Results reported at Sun Dec 21 12:56:31 2025

Your job looked like:

------------------------------------------------------------
# LSBATCH: User input
#!/bin/bash

#BSUB -J iDLG_def
#BSUB -q hpc
#BSUB -W 120
#BSUB -R "rusage[mem=10G]"
#BSUB -R "select[model == XeonGold6126]"
#BSUB -R "span[hosts=1]"
#BSUB -n 1
#BSUB -o iDLG_def_%J.out
#BSUB -e iDLG_def_%J.err

# # Load Python if needed 
module load python/3.12.11  

# Activate your virtual environment
source ~/bachelor-env/bin/activate

python main_Tommy.py None True 0.0 0 Clipping 0.01 b64_e150_img0_Clip_01_1
python main_Tommy.py None True 0.0 0 Cliiping 0.01 b64_e150_img0_Clip_01_2
python main_Tommy.py None True 0.0 0 Clipping 0.01 b64_e150_img0_Clip_01_3
python main_Tommy.py None True 0.0 0 Clipping 0.01 b64_e150_img0_Clip_01_4
python main_Tommy.py None True 0.0 0 Clipping 0.01 b64_e150_img0_Clip_01_5
python main_Tommy.py None True 0.0 0 Clipping 0.02 b64_e150_img0_Clip_02_1
python main_Tommy.py None True 0.0 0 Clipping 0.02 b64_e150_img0_Clip_02_2
python main_Tommy.py None True 0.0 0 Clipping 0.02 b64_e150_img0_Clip_02_3
python main_Tommy.py None True 0.0 0 Clipping 0.02 b64_e150_img0_Clip_02_4
python main_Tommy.py None True 0.0 0 Clipping 0.02 b64_e150_img0_Clip_02_5
# python main_Tommy.py None True 0.0 0 SGP 0.7 b64_e150_img0_SGP_7
# python main_Tommy.py None True 0.0 0 SGP 0.65 b64_e150_img0_SGP_65
# python main_Tommy.py None True 0.0 0 SGP 0.6 b64_e150_img0_SGP_6
# python main_Tommy.py None True 0.0 0 SGP 0.55 b64_e150_img0_SGP_55
# python main_Tommy.py None True 0.0 0 SGP 0.5 b64_e150_img0_SGP_5
# python main_Tommy.py None True 0.0 0 SGP 0.45 b64_e150_img0_SGP_45
# python main_Tommy.py None True 0.0 0 SGP 0.4 b64_e150_img0_SGP_4
# python main_Tommy.py None True 0.0 0 SGP 0.35 b64_e150_img0_SGP_35
# python main_Tommy.py None True 0.0 0 SGP 0.3 b64_e150_img0_SGP_3
# python main_Tommy.py None True 0.0 0 SGP 0.25 b64_e150_img0_SGP_25


# python main_Tommy.py None True 0.0 0 N 0.95 c6_b64_e10_img0_SGP
# python main_Tommy.py None True 0.0 0 N 0.9 c6_b64_e10_img0_SGP
# python main_Tommy.py None True 0.0 0 N 0.85 c6_b64_e10_img0_SGP
# python main_Tommy.py None True 0.0 0 N 0.8 c6_b64_e10_img0_SGP
# python main_Tommy.py None True 0.0 0 N 0.75 c6_b64_e10_img0_SGP
# python main_Tommy.py None True 0.0 0 N 0.7 c6_b64_e10_img0_SGP
# python main_Tommy.py None True 0.0 0 N 0.65 c6_b64_e10_img0_SGP
# python main_Tommy.py None True 0.0 0 N 0.6 c6_b64_e10_img0_SGP
# python main_Tommy.py None True 0.0 0 N 0.55 c6_b64_e10_img0_SGP
# python main_Tommy.py None True 0.0 0 N 0.5 c6_b64_e10_img0_SGP

(... more ...)
------------------------------------------------------------

Successfully completed.

Resource usage summary:

    CPU time :                                   531.48 sec.
    Max Memory :                                 689 MB
    Average Memory :                             557.86 MB
    Total Requested Memory :                     10240.00 MB
    Delta Memory :                               9551.00 MB
    Max Swap :                                   -
    Max Processes :                              4
    Max Threads :                                6
    Run time :                                   628 sec.
    Turnaround time :                            579 sec.

The output (if any) is above this job summary.



PS:

Read file <iDLG_def_27463665.err> for stderr output of this job.

