Predicted label: tensor([6])
Final loss: 0.000011
Random dummy: True, dummy variance: 0.0, grads_mode: none
SSIM: 0.6870837
PSNR: 18.88543907404919
Predicted label: tensor([9])
Final loss: 0.000058
Random dummy: True, dummy variance: 0.0, grads_mode: none
SSIM: 0.82478386
PSNR: 19.156023109857344
Predicted label: tensor([9])
Final loss: 0.000032
Random dummy: True, dummy variance: 0.0, grads_mode: none
SSIM: 0.71944666
PSNR: 20.78690413245809
Predicted label: tensor([4])
Final loss: 0.000016
Random dummy: True, dummy variance: 0.0, grads_mode: none
SSIM: 0.50689745
PSNR: 18.23629135747796
Predicted label: tensor([1])
Final loss: 0.000020
Random dummy: True, dummy variance: 0.0, grads_mode: none
SSIM: 0.8151315
PSNR: 20.514386646710907

------------------------------------------------------------
Sender: LSF System <lsfadmin@hpc.dtu.dk>
Subject: Job 27459003: <iDLG_FL> in cluster <dcc> Done

Job <iDLG_FL> was submitted from host <n-62-27-23> by user <s224227> in cluster <dcc> at Fri Dec 19 18:51:47 2025
Job was executed on host(s) <n-62-31-9>, in queue <hpc>, as user <s224227> in cluster <dcc> at Fri Dec 19 18:51:48 2025
</zhome/d1/b/187261> was used as the home directory.
</zhome/d1/b/187261/Desktop/Bachelor/Bachelor> was used as the working directory.
Started at Fri Dec 19 18:51:48 2025
Terminated at Fri Dec 19 18:57:01 2025
Results reported at Fri Dec 19 18:57:01 2025

Your job looked like:

------------------------------------------------------------
# LSBATCH: User input
#!/bin/bash

#BSUB -J iDLG_FL
#BSUB -q hpc
#BSUB -W 120
#BSUB -R "rusage[mem=10G]"
#BSUB -R "select[model == XeonGold6126]"
#BSUB -R "span[hosts=1]"
#BSUB -n 1
#BSUB -o iDLG_FL_%J.out
#BSUB -e iDLG_FL_%J.err

# # Load Python if needed 
module load python/3.12.11  

# Activate your virtual environment
source ~/bachelor-env/bin/activate

python main_Tommy.py None True 0.0 0 N c6_b64_e10_img0_FL_seedNone_ex4
python main_Tommy.py None True 0.0 1 N c6_b64_e10_img1_FL_seedNone_ex4
python main_Tommy.py None True 0.0 2 N c6_b64_e10_img2_FL_seedNone_ex4
python main_Tommy.py None True 0.0 3 N c6_b64_e10_img3_FL_seedNone_ex4
python main_Tommy.py None True 0.0 4 N c6_b64_e10_img4_FL_seedNone_ex4
------------------------------------------------------------

Successfully completed.

Resource usage summary:

    CPU time :                                   280.34 sec.
    Max Memory :                                 481 MB
    Average Memory :                             286.20 MB
    Total Requested Memory :                     10240.00 MB
    Delta Memory :                               9759.00 MB
    Max Swap :                                   -
    Max Processes :                              4
    Max Threads :                                5
    Run time :                                   417 sec.
    Turnaround time :                            314 sec.

The output (if any) is above this job summary.



PS:

Read file <iDLG_FL_27459003.err> for stderr output of this job.

