grad min = 9.619e-08, grad max = 9.158e-01
0.00000005:  0 0.0000005:  3 0.000005:  5 0.000005:  92
Predicted label: tensor([8])
Final loss: nan
Random dummy: True, dummy variance: 0.0, grads_mode: none
SSIM: nan
PSNR: nan
grad min = 9.736e-07, grad max = 9.222e-01
0.00000005:  0 0.0000005:  0 0.000005:  6 0.000005:  146
Predicted label: tensor([3])
Final loss: 7.112587
Random dummy: True, dummy variance: 0.0, grads_mode: none
SSIM: 0.01796846
PSNR: 5.49922673530749
grad min = 9.736e-07, grad max = 9.222e-01
0.00000005:  0 0.0000005:  0 0.000005:  6 0.000005:  146
Predicted label: tensor([3])
Final loss: 195.220459
Random dummy: True, dummy variance: 0.0, grads_mode: none
SSIM: 0.0056622797
PSNR: 5.3857470553412945
grad min = 9.619e-08, grad max = 9.158e-01
0.00000005:  0 0.0000005:  3 0.000005:  5 0.000005:  92
Predicted label: tensor([8])
Final loss: nan
Random dummy: True, dummy variance: 0.0, grads_mode: none
SSIM: nan
PSNR: nan

------------------------------------------------------------
Sender: LSF System <lsfadmin@hpc.dtu.dk>
Subject: Job 27442178: <iDLGdefense> in cluster <dcc> Done

Job <iDLGdefense> was submitted from host <n-62-30-7> by user <s224227> in cluster <dcc> at Wed Dec 17 12:41:35 2025
Job was executed on host(s) <n-62-31-23>, in queue <hpc>, as user <s224227> in cluster <dcc> at Wed Dec 17 12:41:36 2025
</zhome/d1/b/187261> was used as the home directory.
</zhome/d1/b/187261/Desktop/Bachelor/Bachelor> was used as the working directory.
Started at Wed Dec 17 12:41:36 2025
Terminated at Wed Dec 17 12:44:18 2025
Results reported at Wed Dec 17 12:44:18 2025

Your job looked like:

------------------------------------------------------------
# LSBATCH: User input
#!/bin/bash

#BSUB -J iDLGdefense
#BSUB -q hpc
#BSUB -W 120
#BSUB -R "rusage[mem=10G]"
#BSUB -R "select[model == XeonGold6126]"
#BSUB -R "span[hosts=1]"
#BSUB -n 1
#BSUB -o iDLGdefense_%J.out
#BSUB -e iDLGdefense_%J.err

# # Load Python if needed 
module load python/3.12.11  

# Activate your virtual environment
source ~/bachelor-env/bin/activate

# python main_Tommy.py None True 0.0 0 SGP e150_img0_SGP_0.0002
# python main_Tommy.py None True 0.0 1 SGP e150_img1_SGP_0.0002
python main_Tommy.py None True 0.0 1 PLGP e150_img1_PLGP_0.1_a0.8
python main_Tommy.py None True 0.0 0 PLGP e150_img0_PLGP_0.1_a0.8
python main_Tommy.py None True 0.0 0 Clipping e150_img0_Clipping_0.00005
python main_Tommy.py None True 0.0 1 Clipping e150_img1_Clipping_0.00005
------------------------------------------------------------

Successfully completed.

Resource usage summary:

    CPU time :                                   147.63 sec.
    Max Memory :                                 689 MB
    Average Memory :                             637.00 MB
    Total Requested Memory :                     10240.00 MB
    Delta Memory :                               9551.00 MB
    Max Swap :                                   -
    Max Processes :                              4
    Max Threads :                                6
    Run time :                                   190 sec.
    Turnaround time :                            163 sec.

The output (if any) is above this job summary.



PS:

Read file <iDLGdefense_27442178.err> for stderr output of this job.

