Predicted label: tensor([3])
Final loss: 0.000004
Random dummy: True, dummy variance: 0.0, grads_mode: none
SSIM: 0.6096623
PSNR: 17.18699252959094
Predicted label: tensor([8])
Final loss: 0.000028
Random dummy: True, dummy variance: 0.0, grads_mode: none
SSIM: 0.8425152
PSNR: 23.934823242485393
Predicted label: tensor([8])
Final loss: 0.000025
Random dummy: True, dummy variance: 0.0, grads_mode: none
SSIM: 0.66878176
PSNR: 19.746082921393285
Predicted label: tensor([0])
Final loss: 0.000001
Random dummy: True, dummy variance: 0.0, grads_mode: none
SSIM: 0.7933988
PSNR: 22.713571584306912
Predicted label: tensor([6])
Final loss: 0.000002
Random dummy: True, dummy variance: 0.0, grads_mode: none
SSIM: 0.8274789
PSNR: 23.663418073034972

------------------------------------------------------------
Sender: LSF System <lsfadmin@hpc.dtu.dk>
Subject: Job 27458995: <iDLG_FL> in cluster <dcc> Done

Job <iDLG_FL> was submitted from host <n-62-27-23> by user <s224227> in cluster <dcc> at Fri Dec 19 18:23:51 2025
Job was executed on host(s) <n-62-31-9>, in queue <hpc>, as user <s224227> in cluster <dcc> at Fri Dec 19 18:23:51 2025
</zhome/d1/b/187261> was used as the home directory.
</zhome/d1/b/187261/Desktop/Bachelor/Bachelor> was used as the working directory.
Started at Fri Dec 19 18:23:51 2025
Terminated at Fri Dec 19 18:28:54 2025
Results reported at Fri Dec 19 18:28:54 2025

Your job looked like:

------------------------------------------------------------
# LSBATCH: User input
#!/bin/bash

#BSUB -J iDLG_FL
#BSUB -q hpc
#BSUB -W 120
#BSUB -R "rusage[mem=10G]"
#BSUB -R "select[model == XeonGold6126]"
#BSUB -R "span[hosts=1]"
#BSUB -n 1
#BSUB -o iDLG_FL_%J.out
#BSUB -e iDLG_FL_%J.err

# # Load Python if needed 
module load python/3.12.11  

# Activate your virtual environment
source ~/bachelor-env/bin/activate

python main_Tommy.py None True 0.0 0 N c6_b64_e10_img0_FL_seedNone
python main_Tommy.py None True 0.0 1 N c6_b64_e10_img1_FL_seedNone
python main_Tommy.py None True 0.0 2 N c6_b64_e10_img2_FL_seedNone
python main_Tommy.py None True 0.0 3 N c6_b64_e10_img3_FL_seedNone
python main_Tommy.py None True 0.0 4 N c6_b64_e10_img4_FL_seedNone
------------------------------------------------------------

Successfully completed.

Resource usage summary:

    CPU time :                                   269.38 sec.
    Max Memory :                                 627 MB
    Average Memory :                             578.80 MB
    Total Requested Memory :                     10240.00 MB
    Delta Memory :                               9613.00 MB
    Max Swap :                                   -
    Max Processes :                              4
    Max Threads :                                5
    Run time :                                   376 sec.
    Turnaround time :                            303 sec.

The output (if any) is above this job summary.



PS:

Read file <iDLG_FL_27458995.err> for stderr output of this job.

