Predicted label: tensor([6])
Final loss: 0.000008
Random dummy: True, dummy variance: 0.0, grads_mode: none
SSIM: 0.69160825
PSNR: 19.3901545654269
Predicted label: tensor([9])
Final loss: 0.000006
Random dummy: True, dummy variance: 0.0, grads_mode: none
SSIM: 0.8826931
PSNR: 21.56951033623425
Predicted label: tensor([9])
Final loss: 0.005179
Random dummy: True, dummy variance: 0.0, grads_mode: none
SSIM: 0.6715439
PSNR: 20.31314018188462
Predicted label: tensor([4])
Final loss: 0.000012
Random dummy: True, dummy variance: 0.0, grads_mode: none
SSIM: 0.49262628
PSNR: 18.101587665281084
Predicted label: tensor([1])
Final loss: 0.000011
Random dummy: True, dummy variance: 0.0, grads_mode: none
SSIM: 0.78921264
PSNR: 19.79616378873999

------------------------------------------------------------
Sender: LSF System <lsfadmin@hpc.dtu.dk>
Subject: Job 27458999: <iDLG_FL> in cluster <dcc> Done

Job <iDLG_FL> was submitted from host <n-62-27-23> by user <s224227> in cluster <dcc> at Fri Dec 19 18:36:03 2025
Job was executed on host(s) <n-62-31-24>, in queue <hpc>, as user <s224227> in cluster <dcc> at Fri Dec 19 18:36:05 2025
</zhome/d1/b/187261> was used as the home directory.
</zhome/d1/b/187261/Desktop/Bachelor/Bachelor> was used as the working directory.
Started at Fri Dec 19 18:36:05 2025
Terminated at Fri Dec 19 18:41:28 2025
Results reported at Fri Dec 19 18:41:28 2025

Your job looked like:

------------------------------------------------------------
# LSBATCH: User input
#!/bin/bash

#BSUB -J iDLG_FL
#BSUB -q hpc
#BSUB -W 120
#BSUB -R "rusage[mem=10G]"
#BSUB -R "select[model == XeonGold6126]"
#BSUB -R "span[hosts=1]"
#BSUB -n 1
#BSUB -o iDLG_FL_%J.out
#BSUB -e iDLG_FL_%J.err

# # Load Python if needed 
module load python/3.12.11  

# Activate your virtual environment
source ~/bachelor-env/bin/activate

python main_Tommy.py None True 0.0 0 N c6_b64_e10_img0_FL_seedNone_ex3
python main_Tommy.py None True 0.0 1 N c6_b64_e10_img1_FL_seedNone_ex3
python main_Tommy.py None True 0.0 2 N c6_b64_e10_img2_FL_seedNone_ex3
python main_Tommy.py None True 0.0 3 N c6_b64_e10_img3_FL_seedNone_ex3
python main_Tommy.py None True 0.0 4 N c6_b64_e10_img4_FL_seedNone_ex3
------------------------------------------------------------

Successfully completed.

Resource usage summary:

    CPU time :                                   305.15 sec.
    Max Memory :                                 689 MB
    Average Memory :                             636.50 MB
    Total Requested Memory :                     10240.00 MB
    Delta Memory :                               9551.00 MB
    Max Swap :                                   -
    Max Processes :                              4
    Max Threads :                                6
    Run time :                                   368 sec.
    Turnaround time :                            325 sec.

The output (if any) is above this job summary.



PS:

Read file <iDLG_FL_27458999.err> for stderr output of this job.

