Predicted label: tensor([6])
Final loss: 0.000017
Random dummy: True, dummy variance: 0.0, grads_mode: none
SSIM: 0.38521573
PSNR: 13.192845094360079
Predicted label: tensor([6])
Final loss: 0.000232
Random dummy: True, dummy variance: 0.0, grads_mode: none
SSIM: 0.13979651
PSNR: 8.527284875381984
Predicted label: tensor([6])
Final loss: 0.000880
Random dummy: True, dummy variance: 0.0, grads_mode: none
SSIM: 0.032722726
PSNR: 6.411371797019534
Predicted label: tensor([6])
Final loss: 0.002247
Random dummy: True, dummy variance: 0.0, grads_mode: none
SSIM: 0.0036536076
PSNR: 5.476155924500292
Predicted label: tensor([6])
Final loss: 0.004274
Random dummy: True, dummy variance: 0.0, grads_mode: none
SSIM: 0.008612733
PSNR: 5.409821453560291
Predicted label: tensor([6])
Final loss: 0.009076
Random dummy: True, dummy variance: 0.0, grads_mode: none
SSIM: 0.0031612695
PSNR: 5.2612939141179655
Predicted label: tensor([6])
Final loss: 0.025975
Random dummy: True, dummy variance: 0.0, grads_mode: none
SSIM: 0.0076173358
PSNR: 5.374414041052267
Predicted label: tensor([6])
Final loss: 0.080167
Random dummy: True, dummy variance: 0.0, grads_mode: none
SSIM: 0.011749785
PSNR: 5.50814959985258
Predicted label: tensor([6])
Final loss: 0.239642
Random dummy: True, dummy variance: 0.0, grads_mode: none
SSIM: 2.5236048e-05
PSNR: 5.371529635952853
Predicted label: tensor([6])
Final loss: nan
Random dummy: True, dummy variance: 0.0, grads_mode: none
SSIM: nan
PSNR: nan
Predicted label: tensor([6])
Final loss: 1.153929
Random dummy: True, dummy variance: 0.0, grads_mode: none
SSIM: 0.003420054
PSNR: 5.265930343356098

------------------------------------------------------------
Sender: LSF System <lsfadmin@hpc.dtu.dk>
Subject: Job 27460577: <iDLG_def> in cluster <dcc> Exited

Job <iDLG_def> was submitted from host <n-62-30-6> by user <s224227> in cluster <dcc> at Sat Dec 20 11:45:49 2025
Job was executed on host(s) <n-62-31-23>, in queue <hpc>, as user <s224227> in cluster <dcc> at Sat Dec 20 11:45:49 2025
</zhome/d1/b/187261> was used as the home directory.
</zhome/d1/b/187261/Desktop/Bachelor/Bachelor> was used as the working directory.
Started at Sat Dec 20 11:45:49 2025
Terminated at Sat Dec 20 12:01:13 2025
Results reported at Sat Dec 20 12:01:13 2025

Your job looked like:

------------------------------------------------------------
# LSBATCH: User input
#!/bin/bash

#BSUB -J iDLG_def
#BSUB -q hpc
#BSUB -W 120
#BSUB -R "rusage[mem=10G]"
#BSUB -R "select[model == XeonGold6126]"
#BSUB -R "span[hosts=1]"
#BSUB -n 1
#BSUB -o iDLG_def_%J.out
#BSUB -e iDLG_def_%J.err

# # Load Python if needed 
module load python/3.12.11  

# Activate your virtual environment
source ~/bachelor-env/bin/activate

python main_Tommy.py None True 0.0 0 SGP 0.95 b64_e150_img0_SGP_0.95
python main_Tommy.py None True 0.0 0 SGP 0.9 b64_e150_img0_SGP_9
python main_Tommy.py None True 0.0 0 SGP 0.85 b64_e150_img0_SGP_85
python main_Tommy.py None True 0.0 0 SGP 0.8 b64_e150_img0_SGP_8
python main_Tommy.py None True 0.0 0 SGP 0.75 b64_e150_img0_SGP_75
python main_Tommy.py None True 0.0 0 SGP 0.7 b64_e150_img0_SGP_7
python main_Tommy.py None True 0.0 0 SGP 0.65 b64_e150_img0_SGP_65
python main_Tommy.py None True 0.0 0 SGP 0.6 b64_e150_img0_SGP_6
python main_Tommy.py None True 0.0 0 SGP 0.55 b64_e150_img0_SGP_55
python main_Tommy.py None True 0.0 0 SGP 0.5 b64_e150_img0_SGP_5
python main_Tommy.py None True 0.0 0 SGP 0.45 b64_e150_img0_SGP_45
python main_Tommy.py None True 0.0 0 SGP 0.4 b64_e150_img0_SGP_4
python main_Tommy.py None True 0.0 0 SGP 0.35 b64_e150_img0_SGP_35
python main_Tommy.py None True 0.0 0 SGP 0.3 b64_e150_img0_SGP_3
python main_Tommy.py None True 0.0 0 SGP 0.25 b64_e150_img0_SGP_25


# python main_Tommy.py None True 0.0 0 N 0.95 c6_b64_e10_img0_SGP
# python main_Tommy.py None True 0.0 0 N 0.9 c6_b64_e10_img0_SGP
# python main_Tommy.py None True 0.0 0 N 0.85 c6_b64_e10_img0_SGP
# python main_Tommy.py None True 0.0 0 N 0.8 c6_b64_e10_img0_SGP
# python main_Tommy.py None True 0.0 0 N 0.75 c6_b64_e10_img0_SGP
# python main_Tommy.py None True 0.0 0 N 0.7 c6_b64_e10_img0_SGP
# python main_Tommy.py None True 0.0 0 N 0.65 c6_b64_e10_img0_SGP
# python main_Tommy.py None True 0.0 0 N 0.6 c6_b64_e10_img0_SGP
# python main_Tommy.py None True 0.0 0 N 0.55 c6_b64_e10_img0_SGP
# python main_Tommy.py None True 0.0 0 N 0.5 c6_b64_e10_img0_SGP
# python main_Tommy.py None True 0.0 0 N 0.45 c6_b64_e10_img0_SGP
# python main_Tommy.py None True 0.0 0 N 0.4 c6_b64_e10_img0_SGP
# python main_Tommy.py None True 0.0 0 N 0.35 c6_b64_e10_img0_SGP
# python main_Tommy.py None True 0.0 0 N 0.3 c6_b64_e10_img0_SGP
# python main_Tommy.py None True 0.0 0 N 0.25 c6_b64_e10_img0_SGP

(... more ...)
------------------------------------------------------------

Exited with exit code 1.

Resource usage summary:

    CPU time :                                   860.53 sec.
    Max Memory :                                 687 MB
    Average Memory :                             638.89 MB
    Total Requested Memory :                     10240.00 MB
    Delta Memory :                               9553.00 MB
    Max Swap :                                   -
    Max Processes :                              4
    Max Threads :                                6
    Run time :                                   924 sec.
    Turnaround time :                            924 sec.

The output (if any) is above this job summary.



PS:

Read file <iDLG_def_27460577.err> for stderr output of this job.

