Predicted label: tensor([6])
Final loss: 0.000000
Random dummy: True, dummy variance: 0.0, grads_mode: none
SSIM: 0.9692964
PSNR: 30.97631958888437
Predicted label: tensor([6])
Final loss: 0.000000
Random dummy: True, dummy variance: 0.0, grads_mode: none
SSIM: 0.82424635
PSNR: 22.51254723978893
Predicted label: tensor([6])
Final loss: 0.000003
Random dummy: True, dummy variance: 0.0, grads_mode: none
SSIM: 0.6352792
PSNR: 17.780720587033013
Predicted label: tensor([6])
Final loss: 0.000015
Random dummy: True, dummy variance: 0.0, grads_mode: none
SSIM: 0.46070138
PSNR: 14.076928814838974
Predicted label: tensor([6])
Final loss: 0.000032
Random dummy: True, dummy variance: 0.0, grads_mode: none
SSIM: 0.334463
PSNR: 12.192710560993817

------------------------------------------------------------
Sender: LSF System <lsfadmin@hpc.dtu.dk>
Subject: Job 27463595: <iDLG_def> in cluster <dcc> Done

Job <iDLG_def> was submitted from host <n-62-30-5> by user <s224227> in cluster <dcc> at Sun Dec 21 12:04:52 2025
Job was executed on host(s) <n-62-31-5>, in queue <hpc>, as user <s224227> in cluster <dcc> at Sun Dec 21 12:04:53 2025
</zhome/d1/b/187261> was used as the home directory.
</zhome/d1/b/187261/Desktop/Bachelor/Bachelor> was used as the working directory.
Started at Sun Dec 21 12:04:53 2025
Terminated at Sun Dec 21 12:08:26 2025
Results reported at Sun Dec 21 12:08:26 2025

Your job looked like:

------------------------------------------------------------
# LSBATCH: User input
#!/bin/bash

#BSUB -J iDLG_def
#BSUB -q hpc
#BSUB -W 120
#BSUB -R "rusage[mem=10G]"
#BSUB -R "select[model == XeonGold6126]"
#BSUB -R "span[hosts=1]"
#BSUB -n 1
#BSUB -o iDLG_def_%J.out
#BSUB -e iDLG_def_%J.err

# # Load Python if needed 
module load python/3.12.11  

# Activate your virtual environment
source ~/bachelor-env/bin/activate

python main_Tommy.py None True 0.0 0 SGP 0.99 b64_e150_img0_SGP_0.99_2
python main_Tommy.py None True 0.0 0 SGP 0.98 b64_e150_img0_SGP_98_2
python main_Tommy.py None True 0.0 0 SGP 0.97 b64_e150_img0_SGP_97_2
python main_Tommy.py None True 0.0 0 SGP 0.96 b64_e150_img0_SGP_96_2
python main_Tommy.py None True 0.0 0 SGP 0.95 b64_e150_img0_SGP_95_2
# python main_Tommy.py None True 0.0 0 SGP 0.7 b64_e150_img0_SGP_7
# python main_Tommy.py None True 0.0 0 SGP 0.65 b64_e150_img0_SGP_65
# python main_Tommy.py None True 0.0 0 SGP 0.6 b64_e150_img0_SGP_6
# python main_Tommy.py None True 0.0 0 SGP 0.55 b64_e150_img0_SGP_55
# python main_Tommy.py None True 0.0 0 SGP 0.5 b64_e150_img0_SGP_5
# python main_Tommy.py None True 0.0 0 SGP 0.45 b64_e150_img0_SGP_45
# python main_Tommy.py None True 0.0 0 SGP 0.4 b64_e150_img0_SGP_4
# python main_Tommy.py None True 0.0 0 SGP 0.35 b64_e150_img0_SGP_35
# python main_Tommy.py None True 0.0 0 SGP 0.3 b64_e150_img0_SGP_3
# python main_Tommy.py None True 0.0 0 SGP 0.25 b64_e150_img0_SGP_25


# python main_Tommy.py None True 0.0 0 N 0.95 c6_b64_e10_img0_SGP
# python main_Tommy.py None True 0.0 0 N 0.9 c6_b64_e10_img0_SGP
# python main_Tommy.py None True 0.0 0 N 0.85 c6_b64_e10_img0_SGP
# python main_Tommy.py None True 0.0 0 N 0.8 c6_b64_e10_img0_SGP
# python main_Tommy.py None True 0.0 0 N 0.75 c6_b64_e10_img0_SGP
# python main_Tommy.py None True 0.0 0 N 0.7 c6_b64_e10_img0_SGP
# python main_Tommy.py None True 0.0 0 N 0.65 c6_b64_e10_img0_SGP
# python main_Tommy.py None True 0.0 0 N 0.6 c6_b64_e10_img0_SGP
# python main_Tommy.py None True 0.0 0 N 0.55 c6_b64_e10_img0_SGP
# python main_Tommy.py None True 0.0 0 N 0.5 c6_b64_e10_img0_SGP
# python main_Tommy.py None True 0.0 0 N 0.45 c6_b64_e10_img0_SGP
# python main_Tommy.py None True 0.0 0 N 0.4 c6_b64_e10_img0_SGP
# python main_Tommy.py None True 0.0 0 N 0.35 c6_b64_e10_img0_SGP
# python main_Tommy.py None True 0.0 0 N 0.3 c6_b64_e10_img0_SGP
# python main_Tommy.py None True 0.0 0 N 0.25 c6_b64_e10_img0_SGP

(... more ...)
------------------------------------------------------------

Successfully completed.

Resource usage summary:

    CPU time :                                   194.02 sec.
    Max Memory :                                 689 MB
    Average Memory :                             637.00 MB
    Total Requested Memory :                     10240.00 MB
    Delta Memory :                               9551.00 MB
    Max Swap :                                   -
    Max Processes :                              4
    Max Threads :                                6
    Run time :                                   227 sec.
    Turnaround time :                            214 sec.

The output (if any) is above this job summary.



PS:

Read file <iDLG_def_27463595.err> for stderr output of this job.

