Predicted label: tensor([3])
Final loss: 0.000014
Random dummy: True, dummy variance: 0.0, grads_mode: none
SSIM: 0.5912319
PSNR: 16.84727065178109
Predicted label: tensor([8])
Final loss: 0.001161
Random dummy: True, dummy variance: 0.0, grads_mode: none
SSIM: 0.682398
PSNR: 18.78820200547149
Predicted label: tensor([8])
Final loss: 0.000030
Random dummy: True, dummy variance: 0.0, grads_mode: none
SSIM: 0.6383619
PSNR: 19.171852948370322
Predicted label: tensor([0])
Final loss: 0.000001
Random dummy: True, dummy variance: 0.0, grads_mode: none
SSIM: 0.7838304
PSNR: 22.61967937129461
Predicted label: tensor([6])
Final loss: 0.000011
Random dummy: True, dummy variance: 0.0, grads_mode: none
SSIM: 0.66982627
PSNR: 19.480953138727454

------------------------------------------------------------
Sender: LSF System <lsfadmin@hpc.dtu.dk>
Subject: Job 27458986: <iDLG_FL> in cluster <dcc> Done

Job <iDLG_FL> was submitted from host <n-62-27-23> by user <s224227> in cluster <dcc> at Fri Dec 19 18:12:05 2025
Job was executed on host(s) <n-62-31-22>, in queue <hpc>, as user <s224227> in cluster <dcc> at Fri Dec 19 18:12:06 2025
</zhome/d1/b/187261> was used as the home directory.
</zhome/d1/b/187261/Desktop/Bachelor/Bachelor> was used as the working directory.
Started at Fri Dec 19 18:12:06 2025
Terminated at Fri Dec 19 18:17:48 2025
Results reported at Fri Dec 19 18:17:48 2025

Your job looked like:

------------------------------------------------------------
# LSBATCH: User input
#!/bin/bash

#BSUB -J iDLG_FL
#BSUB -q hpc
#BSUB -W 120
#BSUB -R "rusage[mem=10G]"
#BSUB -R "select[model == XeonGold6126]"
#BSUB -R "span[hosts=1]"
#BSUB -n 1
#BSUB -o iDLG_FL_%J.out
#BSUB -e iDLG_FL_%J.err

# # Load Python if needed 
module load python/3.12.11  

# Activate your virtual environment
source ~/bachelor-env/bin/activate

python main_Tommy.py None True 0.0 0 N c6_b64_e10_img0_FL_seed0
python main_Tommy.py None True 0.0 1 N c6_b64_e10_img1_FL_seed0
python main_Tommy.py None True 0.0 2 N c6_b64_e10_img2_FL_seed0
python main_Tommy.py None True 0.0 3 N c6_b64_e10_img3_FL_seed0
python main_Tommy.py None True 0.0 4 N c6_b64_e10_img4_FL_seed0
------------------------------------------------------------

Successfully completed.

Resource usage summary:

    CPU time :                                   235.85 sec.
    Max Memory :                                 711 MB
    Average Memory :                             570.00 MB
    Total Requested Memory :                     10240.00 MB
    Delta Memory :                               9529.00 MB
    Max Swap :                                   -
    Max Processes :                              4
    Max Threads :                                6
    Run time :                                   360 sec.
    Turnaround time :                            343 sec.

The output (if any) is above this job summary.



PS:

Read file <iDLG_FL_27458986.err> for stderr output of this job.

