Predicted label: tensor([6])
Final loss: 186.491257
Random dummy: True, dummy variance: 0.0, grads_mode: none
SSIM: -0.010518253
PSNR: 5.50677997389897
Predicted label: tensor([6])
Final loss: 0.000000
Random dummy: True, dummy variance: 0.0, grads_mode: none
SSIM: 0.96055055
PSNR: 29.8988837900113
Predicted label: tensor([6])
Final loss: nan
Random dummy: True, dummy variance: 0.0, grads_mode: none
SSIM: nan
PSNR: nan
Predicted label: tensor([6])
Final loss: 185.498764
Random dummy: True, dummy variance: 0.0, grads_mode: none
SSIM: -0.008600854
PSNR: 5.324394898724421
Predicted label: tensor([6])
Final loss: nan
Random dummy: True, dummy variance: 0.0, grads_mode: none
SSIM: nan
PSNR: nan
Predicted label: tensor([6])
Final loss: nan
Random dummy: True, dummy variance: 0.0, grads_mode: none
SSIM: nan
PSNR: nan
Predicted label: tensor([6])
Final loss: nan
Random dummy: True, dummy variance: 0.0, grads_mode: none
SSIM: nan
PSNR: nan
Predicted label: tensor([6])
Final loss: nan
Random dummy: True, dummy variance: 0.0, grads_mode: none
SSIM: nan
PSNR: nan
Predicted label: tensor([6])
Final loss: 185.189850
Random dummy: True, dummy variance: 0.0, grads_mode: none
SSIM: -0.0020167879
PSNR: 5.39173286880894
Predicted label: tensor([6])
Final loss: nan
Random dummy: True, dummy variance: 0.0, grads_mode: none
SSIM: nan
PSNR: nan

------------------------------------------------------------
Sender: LSF System <lsfadmin@hpc.dtu.dk>
Subject: Job 27463644: <iDLG_def> in cluster <dcc> Done

Job <iDLG_def> was submitted from host <n-62-30-5> by user <s224227> in cluster <dcc> at Sun Dec 21 12:37:54 2025
Job was executed on host(s) <n-62-31-5>, in queue <hpc>, as user <s224227> in cluster <dcc> at Sun Dec 21 12:37:54 2025
</zhome/d1/b/187261> was used as the home directory.
</zhome/d1/b/187261/Desktop/Bachelor/Bachelor> was used as the working directory.
Started at Sun Dec 21 12:37:54 2025
Terminated at Sun Dec 21 12:45:51 2025
Results reported at Sun Dec 21 12:45:51 2025

Your job looked like:

------------------------------------------------------------
# LSBATCH: User input
#!/bin/bash

#BSUB -J iDLG_def
#BSUB -q hpc
#BSUB -W 120
#BSUB -R "rusage[mem=10G]"
#BSUB -R "select[model == XeonGold6126]"
#BSUB -R "span[hosts=1]"
#BSUB -n 1
#BSUB -o iDLG_def_%J.out
#BSUB -e iDLG_def_%J.err

# # Load Python if needed 
module load python/3.12.11  

# Activate your virtual environment
source ~/bachelor-env/bin/activate

python main_Tommy.py None True 0.0 0 Clipping 0.01 b64_e150_img0_Clip_01
python main_Tommy.py None True 0.0 0 Cliiping 0.02 b64_e150_img0_Clip_02
python main_Tommy.py None True 0.0 0 Clipping 0.03 b64_e150_img0_Clip_03
python main_Tommy.py None True 0.0 0 Clipping 0.04 b64_e150_img0_Clip_04
python main_Tommy.py None True 0.0 0 Clipping 0.05 b64_e150_img0_Clip_05
python main_Tommy.py None True 0.0 0 Clipping 0.06 b64_e150_img0_Clip_06
python main_Tommy.py None True 0.0 0 Clipping 0.07 b64_e150_img0_Clip_07
python main_Tommy.py None True 0.0 0 Clipping 0.08 b64_e150_img0_Clip_08
python main_Tommy.py None True 0.0 0 Clipping 0.09 b64_e150_img0_Clip_09
python main_Tommy.py None True 0.0 0 Clipping 0.9 b64_e150_img0_Clip_9
# python main_Tommy.py None True 0.0 0 SGP 0.7 b64_e150_img0_SGP_7
# python main_Tommy.py None True 0.0 0 SGP 0.65 b64_e150_img0_SGP_65
# python main_Tommy.py None True 0.0 0 SGP 0.6 b64_e150_img0_SGP_6
# python main_Tommy.py None True 0.0 0 SGP 0.55 b64_e150_img0_SGP_55
# python main_Tommy.py None True 0.0 0 SGP 0.5 b64_e150_img0_SGP_5
# python main_Tommy.py None True 0.0 0 SGP 0.45 b64_e150_img0_SGP_45
# python main_Tommy.py None True 0.0 0 SGP 0.4 b64_e150_img0_SGP_4
# python main_Tommy.py None True 0.0 0 SGP 0.35 b64_e150_img0_SGP_35
# python main_Tommy.py None True 0.0 0 SGP 0.3 b64_e150_img0_SGP_3
# python main_Tommy.py None True 0.0 0 SGP 0.25 b64_e150_img0_SGP_25


# python main_Tommy.py None True 0.0 0 N 0.95 c6_b64_e10_img0_SGP
# python main_Tommy.py None True 0.0 0 N 0.9 c6_b64_e10_img0_SGP
# python main_Tommy.py None True 0.0 0 N 0.85 c6_b64_e10_img0_SGP
# python main_Tommy.py None True 0.0 0 N 0.8 c6_b64_e10_img0_SGP
# python main_Tommy.py None True 0.0 0 N 0.75 c6_b64_e10_img0_SGP
# python main_Tommy.py None True 0.0 0 N 0.7 c6_b64_e10_img0_SGP
# python main_Tommy.py None True 0.0 0 N 0.65 c6_b64_e10_img0_SGP
# python main_Tommy.py None True 0.0 0 N 0.6 c6_b64_e10_img0_SGP
# python main_Tommy.py None True 0.0 0 N 0.55 c6_b64_e10_img0_SGP
# python main_Tommy.py None True 0.0 0 N 0.5 c6_b64_e10_img0_SGP

(... more ...)
------------------------------------------------------------

Successfully completed.

Resource usage summary:

    CPU time :                                   438.39 sec.
    Max Memory :                                 689 MB
    Average Memory :                             509.20 MB
    Total Requested Memory :                     10240.00 MB
    Delta Memory :                               9551.00 MB
    Max Swap :                                   -
    Max Processes :                              4
    Max Threads :                                6
    Run time :                                   591 sec.
    Turnaround time :                            477 sec.

The output (if any) is above this job summary.



PS:

Read file <iDLG_def_27463644.err> for stderr output of this job.

