Train: (50000, 32, 32, 3) (50000, 1)
Test: (10000, 32, 32, 3) (10000, 1)

------------------------------------------------------------
Sender: LSF System <lsfadmin@hpc.dtu.dk>
Subject: Job 26789477: <iDLG> in cluster <dcc> Exited

Job <iDLG> was submitted from host <n-62-30-6> by user <s224227> in cluster <dcc> at Wed Nov  5 17:18:17 2025
Job was executed on host(s) <n-62-31-5>, in queue <hpc>, as user <s224227> in cluster <dcc> at Wed Nov  5 17:18:17 2025
</zhome/d1/b/187261> was used as the home directory.
</zhome/d1/b/187261/Desktop/Bachelor/Bachelor> was used as the working directory.
Started at Wed Nov  5 17:18:17 2025
Terminated at Wed Nov  5 17:19:10 2025
Results reported at Wed Nov  5 17:19:10 2025

Your job looked like:

------------------------------------------------------------
# LSBATCH: User input
#!/bin/bash

#BSUB -J iDLG
#BSUB -q hpc
#BSUB -W 60
#BSUB -R "rusage[mem=10G]"
#BSUB -R "select[model == XeonGold6126]"
#BSUB -R "span[hosts=1]"
#BSUB -n 1
#BSUB -o iDLG_%J.out
#BSUB -e iDLG_%J.err

# # Load Python if needed 
module load python/3.12.11  

# Activate your virtual environment
source ~/bachelor-env/bin/activate

python main_iDLG.py
------------------------------------------------------------

Exited with exit code 1.

Resource usage summary:

    CPU time :                                   17.56 sec.
    Max Memory :                                 197 MB
    Average Memory :                             131.33 MB
    Total Requested Memory :                     10240.00 MB
    Delta Memory :                               10043.00 MB
    Max Swap :                                   -
    Max Processes :                              4
    Max Threads :                                5
    Run time :                                   88 sec.
    Turnaround time :                            53 sec.

The output (if any) is above this job summary.



PS:

Read file <iDLG_26789477.err> for stderr output of this job.

