Predicted label: tensor([6])
Final loss: 0.005217
Random dummy: True, dummy variance: 0.0, grads_mode: none
SSIM: 0.91943973
PSNR: 26.451808612920882
Predicted label: tensor([9])
Final loss: 0.005302
Random dummy: True, dummy variance: 0.0, grads_mode: none
SSIM: 0.98573446
PSNR: 31.172822676853333
Predicted label: tensor([9])
Final loss: 0.002747
Random dummy: True, dummy variance: 0.0, grads_mode: none
SSIM: 0.9867754
PSNR: 34.95177547459917
Predicted label: tensor([4])
Final loss: 0.002484
Random dummy: True, dummy variance: 0.0, grads_mode: none
SSIM: 0.97511905
PSNR: 36.45758645171474
Predicted label: tensor([1])
Final loss: 0.006095
Random dummy: True, dummy variance: 0.0, grads_mode: none
SSIM: 0.94483185
PSNR: 26.991118186664576
Predicted label: tensor([4])
Final loss: 0.001180
Random dummy: True, dummy variance: 0.0, grads_mode: none
SSIM: 0.9122028
PSNR: 34.654713205275634
Predicted label: tensor([7])
Final loss: 0.002915
Random dummy: True, dummy variance: 0.0, grads_mode: none
SSIM: 0.8140714
PSNR: 20.02381328762679
Predicted label: tensor([3])
Final loss: 0.003353
Random dummy: True, dummy variance: 0.0, grads_mode: none
SSIM: 0.9730908
PSNR: 31.49226694846156
Predicted label: tensor([1])
Final loss: 0.002895
Random dummy: True, dummy variance: 0.0, grads_mode: none
SSIM: 0.8904786
PSNR: 23.71880992685729
Predicted label: tensor([7])
Final loss: 0.002992
Random dummy: True, dummy variance: 0.0, grads_mode: none
SSIM: 0.98065877
PSNR: 33.40827482625684
Predicted label: tensor([7])
Final loss: 0.004319
Random dummy: True, dummy variance: 0.0, grads_mode: none
SSIM: 0.9894716
PSNR: 32.91191397811571
Predicted label: tensor([7])
Final loss: 0.004162
Random dummy: True, dummy variance: 0.0, grads_mode: none
SSIM: 0.98840445
PSNR: 33.45703963279272

------------------------------------------------------------
Sender: LSF System <lsfadmin@hpc.dtu.dk>
Subject: Job 27314213: <tommy0> in cluster <dcc> Done

Job <tommy0> was submitted from host <n-62-30-1> by user <s224227> in cluster <dcc> at Sun Dec  7 02:56:48 2025
Job was executed on host(s) <n-62-31-5>, in queue <hpc>, as user <s224227> in cluster <dcc> at Sun Dec  7 02:56:48 2025
</zhome/d1/b/187261> was used as the home directory.
</zhome/d1/b/187261/Desktop/Bachelor/Bachelor> was used as the working directory.
Started at Sun Dec  7 02:56:48 2025
Terminated at Sun Dec  7 03:11:17 2025
Results reported at Sun Dec  7 03:11:17 2025

Your job looked like:

------------------------------------------------------------
# LSBATCH: User input
#!/bin/bash

#BSUB -J tommy0
#BSUB -q hpc
#BSUB -W 120
#BSUB -R "rusage[mem=10G]"
#BSUB -R "select[model == XeonGold6126]"
#BSUB -R "span[hosts=1]"
#BSUB -n 1
#BSUB -o tommy0_%J.out
#BSUB -e tommy0_%J.err

# # Load Python if needed 
module load python/3.12.11  

# Activate your virtual environment
source ~/bachelor-env/bin/activate

python main_Tommy.py None True 0.0 0 normal_img0_lr15_TV5_fixed
python main_Tommy.py None True 0.0 1 normal_img1_lr15_TV5_fixed
python main_Tommy.py None True 0.0 2 normal_img2_lr15_TV5_fixed
python main_Tommy.py None True 0.0 3 normal_img3_lr15_TV5_fixed
python main_Tommy.py None True 0.0 4 normal_img4_lr15_TV5_fixed
python main_Tommy.py None True 0.0 10 normal_img10_lr15_TV5_fixed
python main_Tommy.py None True 0.0 7 normal_img_7_lr15_TV5_fixed
python main_Tommy.py None True 0.0 33 normal_img_33_lr15_TV5_fixed
python main_Tommy.py None True 0.0 45 normal_img_45_lr15_TV5_fixed
python main_Tommy.py None True 0.0 12 normal_img_12_lr15_TV5_fixed
python main_Tommy.py None True 0.0 11 normal_img_11_lr15_TV5_fixed
python main_Tommy.py None True 0.0 68 normal_img_68_lr15_TV5_fixed


------------------------------------------------------------

Successfully completed.

Resource usage summary:

    CPU time :                                   816.82 sec.
    Max Memory :                                 689 MB
    Average Memory :                             610.00 MB
    Total Requested Memory :                     10240.00 MB
    Delta Memory :                               9551.00 MB
    Max Swap :                                   -
    Max Processes :                              4
    Max Threads :                                6
    Run time :                                   903 sec.
    Turnaround time :                            869 sec.

The output (if any) is above this job summary.



PS:

Read file <tommy0_27314213.err> for stderr output of this job.

