Predicted label: tensor([6])
Final loss: 0.000000
Random dummy: True, dummy variance: 0.0, grads_mode: none
SSIM: 0.97520286
PSNR: 30.347851108078654
Predicted label: tensor([9])
Final loss: 0.000000
Random dummy: True, dummy variance: 0.0, grads_mode: none
SSIM: 0.98750716
PSNR: 30.14103542919085
Predicted label: tensor([9])
Final loss: 0.000000
Random dummy: True, dummy variance: 0.0, grads_mode: none
SSIM: 0.9806668
PSNR: 34.88586419734899
Predicted label: tensor([4])
Final loss: 0.000000
Random dummy: True, dummy variance: 0.0, grads_mode: none
SSIM: 0.9016517
PSNR: 27.885006341098688
Predicted label: tensor([1])
Final loss: 0.000000
Random dummy: True, dummy variance: 0.0, grads_mode: none
SSIM: 0.9923773
PSNR: 34.62553686445259
Predicted label: tensor([4])
Final loss: 0.000000
Random dummy: True, dummy variance: 0.0, grads_mode: none
SSIM: 0.84100395
PSNR: 28.042921000163684
Predicted label: tensor([7])
Final loss: 0.000000
Random dummy: True, dummy variance: 0.0, grads_mode: none
SSIM: 0.9714146
PSNR: 29.008978892400506
Predicted label: tensor([3])
Final loss: 0.000000
Random dummy: True, dummy variance: 0.0, grads_mode: none
SSIM: 0.95272774
PSNR: 27.372488241020974
Predicted label: tensor([1])
Final loss: 0.000000
Random dummy: True, dummy variance: 0.0, grads_mode: none
SSIM: 0.9863654
PSNR: 32.81821309676669
Predicted label: tensor([7])
Final loss: 0.000000
Random dummy: True, dummy variance: 0.0, grads_mode: none
SSIM: 0.9553363
PSNR: 30.509387222085927
Predicted label: tensor([7])
Final loss: 0.000000
Random dummy: True, dummy variance: 0.0, grads_mode: none
SSIM: 0.98089117
PSNR: 28.833820043068783
Predicted label: tensor([7])
Final loss: 0.000000
Random dummy: True, dummy variance: 0.0, grads_mode: none
SSIM: 0.979012
PSNR: 32.543563750723486

------------------------------------------------------------
Sender: LSF System <lsfadmin@hpc.dtu.dk>
Subject: Job 27416449: <tommy0> in cluster <dcc> Done

Job <tommy0> was submitted from host <n-62-27-19> by user <s224227> in cluster <dcc> at Mon Dec 15 13:47:22 2025
Job was executed on host(s) <n-62-31-18>, in queue <hpc>, as user <s224227> in cluster <dcc> at Mon Dec 15 13:47:49 2025
</zhome/d1/b/187261> was used as the home directory.
</zhome/d1/b/187261/Desktop/Bachelor/Bachelor> was used as the working directory.
Started at Mon Dec 15 13:47:49 2025
Terminated at Mon Dec 15 13:52:08 2025
Results reported at Mon Dec 15 13:52:08 2025

Your job looked like:

------------------------------------------------------------
# LSBATCH: User input
#!/bin/bash

#BSUB -J tommy0
#BSUB -q hpc
#BSUB -W 120
#BSUB -R "rusage[mem=10G]"
#BSUB -R "select[model == XeonGold6126]"
#BSUB -R "span[hosts=1]"
#BSUB -n 1
#BSUB -o tommy0_%J.out
#BSUB -e tommy0_%J.err

# # Load Python if needed 
module load python/3.12.11  

# Activate your virtual environment
source ~/bachelor-env/bin/activate

python main_Tommy.py None True 0.0 0 b128_e150_img0_lr11
python main_Tommy.py None True 0.0 1 b128_e150_img1_lr11
python main_Tommy.py None True 0.0 2 b128_e150_img2_lr11
python main_Tommy.py None True 0.0 3 b128_e150_img3_lr11
python main_Tommy.py None True 0.0 4 b128_e150_img4_lr11
python main_Tommy.py None True 0.0 10 b128_e150_img10_lr11
python main_Tommy.py None True 0.0 7 b128_e150_img_7_lr11
python main_Tommy.py None True 0.0 33 b128_e150_img_33_lr11
python main_Tommy.py None True 0.0 45 b128_e150_img_45_lr11
python main_Tommy.py None True 0.0 12 b128_e150_img_12_lr11
python main_Tommy.py None True 0.0 11 b128_e150_img_11_lr11
python main_Tommy.py None True 0.0 68 b128_e150_img_68_lr11
------------------------------------------------------------

Successfully completed.

Resource usage summary:

    CPU time :                                   214.26 sec.
    Max Memory :                                 531 MB
    Average Memory :                             242.50 MB
    Total Requested Memory :                     10240.00 MB
    Delta Memory :                               9709.00 MB
    Max Swap :                                   -
    Max Processes :                              4
    Max Threads :                                5
    Run time :                                   277 sec.
    Turnaround time :                            286 sec.

The output (if any) is above this job summary.



PS:

Read file <tommy0_27416449.err> for stderr output of this job.

