Predicted label: tensor([6])
Final loss: 0.000441
Random dummy: True, dummy variance: 0.0, grads_mode: none
SSIM: 0.799517
PSNR: 22.31076764158984
Predicted label: tensor([9])
Final loss: 0.000100
Random dummy: True, dummy variance: 0.0, grads_mode: none
SSIM: 0.87986964
PSNR: 20.999103018578538
Predicted label: tensor([1])
Final loss: 0.005172
Random dummy: True, dummy variance: 0.0, grads_mode: none
SSIM: 0.7989796
PSNR: 20.596670374909266

------------------------------------------------------------
Sender: LSF System <lsfadmin@hpc.dtu.dk>
Subject: Job 27313498: <tommy0> in cluster <dcc> Done

Job <tommy0> was submitted from host <n-62-30-1> by user <s224227> in cluster <dcc> at Sat Dec  6 22:20:07 2025
Job was executed on host(s) <n-62-31-24>, in queue <hpc>, as user <s224227> in cluster <dcc> at Sat Dec  6 22:20:09 2025
</zhome/d1/b/187261> was used as the home directory.
</zhome/d1/b/187261/Desktop/Bachelor/Bachelor> was used as the working directory.
Started at Sat Dec  6 22:20:09 2025
Terminated at Sat Dec  6 22:23:16 2025
Results reported at Sat Dec  6 22:23:16 2025

Your job looked like:

------------------------------------------------------------
# LSBATCH: User input
#!/bin/bash

#BSUB -J tommy0
#BSUB -q hpc
#BSUB -W 120
#BSUB -R "rusage[mem=10G]"
#BSUB -R "select[model == XeonGold6126]"
#BSUB -R "span[hosts=1]"
#BSUB -n 1
#BSUB -o tommy0_%J.out
#BSUB -e tommy0_%J.err

# # Load Python if needed 
module load python/3.12.11  

# Activate your virtual environment
source ~/bachelor-env/bin/activate

python main_Tommy.py None True 0.0 0 normal_img0_lr25
python main_Tommy.py None True 0.0 1 normal_img_1_lr25
python main_Tommy.py None True 0.0 4 normal_img_4_lr25

------------------------------------------------------------

Successfully completed.

Resource usage summary:

    CPU time :                                   166.54 sec.
    Max Memory :                                 689 MB
    Average Memory :                             587.75 MB
    Total Requested Memory :                     10240.00 MB
    Delta Memory :                               9551.00 MB
    Max Swap :                                   -
    Max Processes :                              4
    Max Threads :                                6
    Run time :                                   252 sec.
    Turnaround time :                            189 sec.

The output (if any) is above this job summary.



PS:

Read file <tommy0_27313498.err> for stderr output of this job.

