Predicted label: tensor([6])
Final loss: 0.017179
Random dummy: True, dummy variance: 0.0, grads_mode: none
SSIM: 0.7210273
PSNR: 19.80077920808547
Predicted label: tensor([9])
Final loss: 0.124708
Random dummy: True, dummy variance: 0.0, grads_mode: none
SSIM: 0.79488164
PSNR: 18.09621137027724
Predicted label: tensor([9])
Final loss: 0.006746
Random dummy: True, dummy variance: 0.0, grads_mode: none
SSIM: 0.7663421
PSNR: 21.866385886229317
Predicted label: tensor([4])
Final loss: 0.019068
Random dummy: True, dummy variance: 0.0, grads_mode: none
SSIM: 0.49222255
PSNR: 18.196349835720092
Predicted label: tensor([1])
Final loss: 0.010032
Random dummy: True, dummy variance: 0.0, grads_mode: none
SSIM: 0.821444
PSNR: 21.254742931517043
Predicted label: tensor([4])
Final loss: 0.001195
Random dummy: True, dummy variance: 0.0, grads_mode: none
SSIM: 0.91480565
PSNR: 34.59114918596868
Predicted label: tensor([7])
Final loss: 0.002877
Random dummy: True, dummy variance: 0.0, grads_mode: none
SSIM: 0.8433206
PSNR: 20.559173998185756
Predicted label: tensor([3])
Final loss: 0.003377
Random dummy: True, dummy variance: 0.0, grads_mode: none
SSIM: 0.97381467
PSNR: 31.517791065457928
Predicted label: tensor([1])
Final loss: 0.002906
Random dummy: True, dummy variance: 0.0, grads_mode: none
SSIM: 0.89645725
PSNR: 23.668438741804604
Predicted label: tensor([7])
Final loss: 0.004131
Random dummy: True, dummy variance: 0.0, grads_mode: none
SSIM: 0.91662437
PSNR: 27.52215163963875
Predicted label: tensor([7])
Final loss: 0.007863
Random dummy: True, dummy variance: 0.0, grads_mode: none
SSIM: 0.89781123
PSNR: 21.997180474335533
Predicted label: tensor([7])
Final loss: 0.017394
Random dummy: True, dummy variance: 0.0, grads_mode: none
SSIM: 0.7798318
PSNR: 18.26189483530569

------------------------------------------------------------
Sender: LSF System <lsfadmin@hpc.dtu.dk>
Subject: Job 27315615: <tommy0> in cluster <dcc> Done

Job <tommy0> was submitted from host <n-62-27-17> by user <s224227> in cluster <dcc> at Sun Dec  7 15:18:16 2025
Job was executed on host(s) <n-62-31-5>, in queue <hpc>, as user <s224227> in cluster <dcc> at Sun Dec  7 15:18:16 2025
</zhome/d1/b/187261> was used as the home directory.
</zhome/d1/b/187261/Desktop/Bachelor/Bachelor> was used as the working directory.
Started at Sun Dec  7 15:18:16 2025
Terminated at Sun Dec  7 15:33:07 2025
Results reported at Sun Dec  7 15:33:07 2025

Your job looked like:

------------------------------------------------------------
# LSBATCH: User input
#!/bin/bash

#BSUB -J tommy0
#BSUB -q hpc
#BSUB -W 120
#BSUB -R "rusage[mem=10G]"
#BSUB -R "select[model == XeonGold6126]"
#BSUB -R "span[hosts=1]"
#BSUB -n 1
#BSUB -o tommy0_%J.out
#BSUB -e tommy0_%J.err

# # Load Python if needed 
module load python/3.12.11  

# Activate your virtual environment
source ~/bachelor-env/bin/activate

python main_Tommy.py None True 0.0 0 normal_img0_lr01_TV5
python main_Tommy.py None True 0.0 1 normal_img1_lr01_TV5
python main_Tommy.py None True 0.0 2 normal_img2_lr01_TV5
python main_Tommy.py None True 0.0 3 normal_img3_lr01_TV5
python main_Tommy.py None True 0.0 4 normal_img4_lr01_TV5
python main_Tommy.py None True 0.0 10 normal_img10_lr01_TV5
python main_Tommy.py None True 0.0 7 normal_img_7_lr01_TV5
python main_Tommy.py None True 0.0 33 normal_img_33_lr01_TV5
python main_Tommy.py None True 0.0 45 normal_img_45_lr01_TV5
python main_Tommy.py None True 0.0 12 normal_img_12_lr01_TV5
python main_Tommy.py None True 0.0 11 normal_img_11_lr01_TV5
python main_Tommy.py None True 0.0 68 normal_img_68_lr01_TV5
------------------------------------------------------------

Successfully completed.

Resource usage summary:

    CPU time :                                   838.73 sec.
    Max Memory :                                 689 MB
    Average Memory :                             653.00 MB
    Total Requested Memory :                     10240.00 MB
    Delta Memory :                               9551.00 MB
    Max Swap :                                   -
    Max Processes :                              4
    Max Threads :                                6
    Run time :                                   961 sec.
    Turnaround time :                            891 sec.

The output (if any) is above this job summary.



PS:

Read file <tommy0_27315615.err> for stderr output of this job.

