Predicted label: tensor([6])
Final loss: 0.001372
Random dummy: True, dummy variance: 0.0, grads_mode: none
SSIM: 0.75416654
PSNR: 20.88506328454988
Predicted label: tensor([9])
Final loss: 0.002046
Random dummy: True, dummy variance: 0.0, grads_mode: none
SSIM: 0.7938018
PSNR: 17.99468323828555
Predicted label: tensor([1])
Final loss: 0.004671
Random dummy: True, dummy variance: 0.0, grads_mode: none
SSIM: 0.8010991
PSNR: 20.610027579360764

------------------------------------------------------------
Sender: LSF System <lsfadmin@hpc.dtu.dk>
Subject: Job 27313523: <tommy0> in cluster <dcc> Done

Job <tommy0> was submitted from host <n-62-30-1> by user <s224227> in cluster <dcc> at Sat Dec  6 22:26:09 2025
Job was executed on host(s) <n-62-31-22>, in queue <hpc>, as user <s224227> in cluster <dcc> at Sat Dec  6 22:26:10 2025
</zhome/d1/b/187261> was used as the home directory.
</zhome/d1/b/187261/Desktop/Bachelor/Bachelor> was used as the working directory.
Started at Sat Dec  6 22:26:10 2025
Terminated at Sat Dec  6 22:28:50 2025
Results reported at Sat Dec  6 22:28:50 2025

Your job looked like:

------------------------------------------------------------
# LSBATCH: User input
#!/bin/bash

#BSUB -J tommy0
#BSUB -q hpc
#BSUB -W 120
#BSUB -R "rusage[mem=10G]"
#BSUB -R "select[model == XeonGold6126]"
#BSUB -R "span[hosts=1]"
#BSUB -n 1
#BSUB -o tommy0_%J.out
#BSUB -e tommy0_%J.err

# # Load Python if needed 
module load python/3.12.11  

# Activate your virtual environment
source ~/bachelor-env/bin/activate

python main_Tommy.py None True 0.0 0 normal_img0_lr4
python main_Tommy.py None True 0.0 1 normal_img_1_lr4
python main_Tommy.py None True 0.0 4 normal_img_4_lr4

------------------------------------------------------------

Successfully completed.

Resource usage summary:

    CPU time :                                   145.50 sec.
    Max Memory :                                 688 MB
    Average Memory :                             636.25 MB
    Total Requested Memory :                     10240.00 MB
    Delta Memory :                               9552.00 MB
    Max Swap :                                   -
    Max Processes :                              4
    Max Threads :                                6
    Run time :                                   160 sec.
    Turnaround time :                            161 sec.

The output (if any) is above this job summary.



PS:

Read file <tommy0_27313523.err> for stderr output of this job.

