Predicted label: tensor([6])
Final loss: 0.000159
Random dummy: True, dummy variance: 0.0, grads_mode: none
SSIM: 0.0948306
PSNR: 15.344726278057774
Predicted label: tensor([9])
Final loss: 0.000323
Random dummy: True, dummy variance: 0.0, grads_mode: none
SSIM: 0.03878915
PSNR: 12.424029615865589
Predicted label: tensor([9])
Final loss: 0.000442
Random dummy: True, dummy variance: 0.0, grads_mode: none
SSIM: 0.19829988
PSNR: 10.727754152955365
Predicted label: tensor([4])
Final loss: 0.000123
Random dummy: True, dummy variance: 0.0, grads_mode: none
SSIM: 0.1638738
PSNR: 17.45799158868759
Predicted label: tensor([1])
Final loss: 0.000215
Random dummy: True, dummy variance: 0.0, grads_mode: none
SSIM: 0.069756955
PSNR: 12.529909494240659
Predicted label: tensor([4])
Final loss: 0.000039
Random dummy: True, dummy variance: 0.0, grads_mode: none
SSIM: 0.31472227
PSNR: 21.402307432360942

------------------------------------------------------------
Sender: LSF System <lsfadmin@hpc.dtu.dk>
Subject: Job 27416256: <tommy0> in cluster <dcc> Exited

Job <tommy0> was submitted from host <n-62-27-19> by user <s224227> in cluster <dcc> at Mon Dec 15 13:26:37 2025
Job was executed on host(s) <n-62-31-9>, in queue <hpc>, as user <s224227> in cluster <dcc> at Mon Dec 15 13:26:39 2025
</zhome/d1/b/187261> was used as the home directory.
</zhome/d1/b/187261/Desktop/Bachelor/Bachelor> was used as the working directory.
Started at Mon Dec 15 13:26:39 2025
Terminated at Mon Dec 15 13:33:11 2025
Results reported at Mon Dec 15 13:33:11 2025

Your job looked like:

------------------------------------------------------------
# LSBATCH: User input
#!/bin/bash

#BSUB -J tommy0
#BSUB -q hpc
#BSUB -W 120
#BSUB -R "rusage[mem=10G]"
#BSUB -R "select[model == XeonGold6126]"
#BSUB -R "span[hosts=1]"
#BSUB -n 1
#BSUB -o tommy0_%J.out
#BSUB -e tommy0_%J.err

# # Load Python if needed 
module load python/3.12.11  

# Activate your virtual environment
source ~/bachelor-env/bin/activate

python main_Tommy.py None True 0.0 0 e150_img0_lr11_TV5
python main_Tommy.py None True 0.0 1 e150_img1_lr11_TV5
python main_Tommy.py None True 0.0 2 e150_img2_lr11_TV5
python main_Tommy.py None True 0.0 3 e150_img3_lr11_TV5
python main_Tommy.py None True 0.0 4 e150_img4_lr11_TV5
python main_Tommy.py None True 0.0 10 e150_img10_lr11_TV5
python main_Tommy.py None True 0.0 7 e150_img_7_lr11_TV5
python main_Tommy.py None True 0.0 33 e150_img_33_lr11_TV5
python main_Tommy.py None True 0.0 45 e150_img_45_lr11_TV5
python main_Tommy.py None True 0.0 12 e150_img_12_lr11_TV5
python main_Tommy.py None True 0.0 11 e150_img_11_lr11_TV5
python main_Tommy.py None True 0.0 68 e150_img_68_lr11_TV5
------------------------------------------------------------

TERM_OWNER: job killed by owner.
Exited with exit code 130.

Resource usage summary:

    CPU time :                                   345.78 sec.
    Max Memory :                                 689 MB
    Average Memory :                             567.20 MB
    Total Requested Memory :                     10240.00 MB
    Delta Memory :                               9551.00 MB
    Max Swap :                                   -
    Max Processes :                              4
    Max Threads :                                6
    Run time :                                   408 sec.
    Turnaround time :                            394 sec.

The output (if any) is above this job summary.



PS:

Read file <tommy0_27416256.err> for stderr output of this job.

