Predicted label: tensor([6])
Final loss: 0.000024
Random dummy: False, dummy variance: 0.01, grads_mode: none
SSIM: 0.9975502
PSNR: 43.814687691758564
Predicted label: tensor([6])
Final loss: 0.000024
Random dummy: False, dummy variance: 0.01, grads_mode: grads_list
SSIM: 0.9975502
PSNR: 43.814687691758564

------------------------------------------------------------
Sender: LSF System <lsfadmin@hpc.dtu.dk>
Subject: Job 27308176: <tommy0> in cluster <dcc> Done

Job <tommy0> was submitted from host <n-62-30-1> by user <s224227> in cluster <dcc> at Sat Dec  6 14:00:39 2025
Job was executed on host(s) <n-62-31-5>, in queue <hpc>, as user <s224227> in cluster <dcc> at Sat Dec  6 14:00:39 2025
</zhome/d1/b/187261> was used as the home directory.
</zhome/d1/b/187261/Desktop/Bachelor/Bachelor> was used as the working directory.
Started at Sat Dec  6 14:00:39 2025
Terminated at Sat Dec  6 14:01:48 2025
Results reported at Sat Dec  6 14:01:48 2025

Your job looked like:

------------------------------------------------------------
# LSBATCH: User input
#!/bin/bash

#BSUB -J tommy0
#BSUB -q hpc
#BSUB -W 120
#BSUB -R "rusage[mem=10G]"
#BSUB -R "select[model == XeonGold6126]"
#BSUB -R "span[hosts=1]"
#BSUB -n 1
#BSUB -o tommy0_%J.out
#BSUB -e tommy0_%J.err

# # Load Python if needed 
module load python/3.12.11  

# Activate your virtual environment
source ~/bachelor-env/bin/activate

python main_Tommy.py None False 0.01 0 iqa_noise01_orig
python main_Tommy.py grads_list False 0.01 0 iqa_noise01_leaked
------------------------------------------------------------

Successfully completed.

Resource usage summary:

    CPU time :                                   55.70 sec.
    Max Memory :                                 417 MB
    Average Memory :                             278.33 MB
    Total Requested Memory :                     10240.00 MB
    Delta Memory :                               9823.00 MB
    Max Swap :                                   -
    Max Processes :                              4
    Max Threads :                                5
    Run time :                                   166 sec.
    Turnaround time :                            69 sec.

The output (if any) is above this job summary.



PS:

Read file <tommy0_27308176.err> for stderr output of this job.

