Predicted label: tensor([6])
Final loss: 0.003534
Random dummy: True, dummy variance: 0.0, grads_mode: none
SSIM: 0.98981446
PSNR: 35.90384664019979
Predicted label: tensor([9])
Final loss: 0.005296
Random dummy: True, dummy variance: 0.0, grads_mode: none
SSIM: 0.98492783
PSNR: 30.978422714868145
Predicted label: tensor([9])
Final loss: 0.002728
Random dummy: True, dummy variance: 0.0, grads_mode: none
SSIM: 0.98625517
PSNR: 34.69507536501385
Predicted label: tensor([4])
Final loss: 0.002461
Random dummy: True, dummy variance: 0.0, grads_mode: none
SSIM: 0.97345394
PSNR: 36.11582285130822
Predicted label: tensor([1])
Final loss: 0.003897
Random dummy: True, dummy variance: 0.0, grads_mode: none
SSIM: 0.99620074
PSNR: 40.32749453923237
Predicted label: tensor([4])
Final loss: 0.001178
Random dummy: True, dummy variance: 0.0, grads_mode: none
SSIM: 0.91249037
PSNR: 34.65759395742162
Predicted label: tensor([7])
Final loss: 0.002831
Random dummy: True, dummy variance: 0.0, grads_mode: none
SSIM: 0.8326025
PSNR: 20.196673346775565
Predicted label: tensor([3])
Final loss: 0.003349
Random dummy: True, dummy variance: 0.0, grads_mode: none
SSIM: 0.97175974
PSNR: 31.305524797906095
Predicted label: tensor([1])
Final loss: 0.002889
Random dummy: True, dummy variance: 0.0, grads_mode: none
SSIM: 0.8899283
PSNR: 23.620419965059106
Predicted label: tensor([7])
Final loss: 0.002987
Random dummy: True, dummy variance: 0.0, grads_mode: none
SSIM: 0.9800016
PSNR: 33.18356887448408
Predicted label: tensor([7])
Final loss: 0.004311
Random dummy: True, dummy variance: 0.0, grads_mode: none
SSIM: 0.9888076
PSNR: 32.569625206343524
Predicted label: tensor([7])
Final loss: 0.004149
Random dummy: True, dummy variance: 0.0, grads_mode: none
SSIM: 0.98744994
PSNR: 33.07217293699428

------------------------------------------------------------
Sender: LSF System <lsfadmin@hpc.dtu.dk>
Subject: Job 27415859: <tommy0> in cluster <dcc> Done

Job <tommy0> was submitted from host <n-62-27-19> by user <s224227> in cluster <dcc> at Mon Dec 15 11:32:44 2025
Job was executed on host(s) <n-62-31-9>, in queue <hpc>, as user <s224227> in cluster <dcc> at Mon Dec 15 11:32:44 2025
</zhome/d1/b/187261> was used as the home directory.
</zhome/d1/b/187261/Desktop/Bachelor/Bachelor> was used as the working directory.
Started at Mon Dec 15 11:32:44 2025
Terminated at Mon Dec 15 11:46:29 2025
Results reported at Mon Dec 15 11:46:29 2025

Your job looked like:

------------------------------------------------------------
# LSBATCH: User input
#!/bin/bash

#BSUB -J tommy0
#BSUB -q hpc
#BSUB -W 120
#BSUB -R "rusage[mem=10G]"
#BSUB -R "select[model == XeonGold6126]"
#BSUB -R "span[hosts=1]"
#BSUB -n 1
#BSUB -o tommy0_%J.out
#BSUB -e tommy0_%J.err

# # Load Python if needed 
module load python/3.12.11  

# Activate your virtual environment
source ~/bachelor-env/bin/activate

python main_Tommy.py None True 0.0 0 normal_img0_lr11_TV5
python main_Tommy.py None True 0.0 1 normal_img1_lr11_TV5
python main_Tommy.py None True 0.0 2 normal_img2_lr11_TV5
python main_Tommy.py None True 0.0 3 normal_img3_lr11_TV5
python main_Tommy.py None True 0.0 4 normal_img4_lr11_TV5
python main_Tommy.py None True 0.0 10 normal_img10_lr11_TV5
python main_Tommy.py None True 0.0 7 normal_img_7_lr11_TV5
python main_Tommy.py None True 0.0 33 normal_img_33_lr11_TV5
python main_Tommy.py None True 0.0 45 normal_img_45_lr11_TV5
python main_Tommy.py None True 0.0 12 normal_img_12_lr11_TV5
python main_Tommy.py None True 0.0 11 normal_img_11_lr11_TV5
python main_Tommy.py None True 0.0 68 normal_img_68_lr11_TV5
------------------------------------------------------------

Successfully completed.

Resource usage summary:

    CPU time :                                   641.42 sec.
    Max Memory :                                 712 MB
    Average Memory :                             613.86 MB
    Total Requested Memory :                     10240.00 MB
    Delta Memory :                               9528.00 MB
    Max Swap :                                   -
    Max Processes :                              4
    Max Threads :                                6
    Run time :                                   897 sec.
    Turnaround time :                            825 sec.

The output (if any) is above this job summary.



PS:

Read file <tommy0_27415859.err> for stderr output of this job.

