Predicted label: tensor([6])
Final loss: 0.003699
Random dummy: True, dummy variance: 0.0, grads_mode: none
SSIM: 0.9869847
PSNR: 33.89319509458626
Predicted label: tensor([9])
Final loss: 0.005299
Random dummy: True, dummy variance: 0.0, grads_mode: none
SSIM: 0.9850702
PSNR: 31.033203101012834
Predicted label: tensor([9])
Final loss: 0.002732
Random dummy: True, dummy variance: 0.0, grads_mode: none
SSIM: 0.98685724
PSNR: 35.22010186476006
Predicted label: tensor([4])
Final loss: 0.002473
Random dummy: True, dummy variance: 0.0, grads_mode: none
SSIM: 0.97489613
PSNR: 36.42930616659497
Predicted label: tensor([1])
Final loss: 0.004445
Random dummy: True, dummy variance: 0.0, grads_mode: none
SSIM: 0.99270076
PSNR: 35.932778949498484
Predicted label: tensor([4])
Final loss: 0.001179
Random dummy: True, dummy variance: 0.0, grads_mode: none
SSIM: 0.91350603
PSNR: 34.72297563163567
Predicted label: tensor([7])
Final loss: 0.002848
Random dummy: True, dummy variance: 0.0, grads_mode: none
SSIM: 0.83585435
PSNR: 20.449961445823455
Predicted label: tensor([3])
Final loss: 0.003351
Random dummy: True, dummy variance: 0.0, grads_mode: none
SSIM: 0.97238564
PSNR: 31.40380246869233
Predicted label: tensor([1])
Final loss: 0.002891
Random dummy: True, dummy variance: 0.0, grads_mode: none
SSIM: 0.8907179
PSNR: 23.50411666514603
Predicted label: tensor([7])
Final loss: 0.002990
Random dummy: True, dummy variance: 0.0, grads_mode: none
SSIM: 0.9803515
PSNR: 33.27321235595717
Predicted label: tensor([7])
Final loss: 0.004315
Random dummy: True, dummy variance: 0.0, grads_mode: none
SSIM: 0.98930997
PSNR: 32.74926201196807
Predicted label: tensor([7])
Final loss: 0.004167
Random dummy: True, dummy variance: 0.0, grads_mode: none
SSIM: 0.9883278
PSNR: 33.384220998080465

------------------------------------------------------------
Sender: LSF System <lsfadmin@hpc.dtu.dk>
Subject: Job 27315283: <tommy0> in cluster <dcc> Done

Job <tommy0> was submitted from host <n-62-27-17> by user <s224227> in cluster <dcc> at Sun Dec  7 11:51:50 2025
Job was executed on host(s) <n-62-31-5>, in queue <hpc>, as user <s224227> in cluster <dcc> at Sun Dec  7 11:51:50 2025
</zhome/d1/b/187261> was used as the home directory.
</zhome/d1/b/187261/Desktop/Bachelor/Bachelor> was used as the working directory.
Started at Sun Dec  7 11:51:50 2025
Terminated at Sun Dec  7 12:06:43 2025
Results reported at Sun Dec  7 12:06:43 2025

Your job looked like:

------------------------------------------------------------
# LSBATCH: User input
#!/bin/bash

#BSUB -J tommy0
#BSUB -q hpc
#BSUB -W 120
#BSUB -R "rusage[mem=10G]"
#BSUB -R "select[model == XeonGold6126]"
#BSUB -R "span[hosts=1]"
#BSUB -n 1
#BSUB -o tommy0_%J.out
#BSUB -e tommy0_%J.err

# # Load Python if needed 
module load python/3.12.11  

# Activate your virtual environment
source ~/bachelor-env/bin/activate

python main_Tommy.py None True 0.0 0 normal_img0_lr25_TV5_fixed
python main_Tommy.py None True 0.0 1 normal_img1_lr25_TV5_fixed
python main_Tommy.py None True 0.0 2 normal_img2_lr25_TV5_fixed
python main_Tommy.py None True 0.0 3 normal_img3_lr25_TV5_fixed
python main_Tommy.py None True 0.0 4 normal_img4_lr25_TV5_fixed
python main_Tommy.py None True 0.0 10 normal_img10_lr25_TV5_fixed
python main_Tommy.py None True 0.0 7 normal_img_7_lr25_TV5_fixed
python main_Tommy.py None True 0.0 33 normal_img_33_lr25_TV5_fixed
python main_Tommy.py None True 0.0 45 normal_img_45_lr25_TV5_fixed
python main_Tommy.py None True 0.0 12 normal_img_12_lr25_TV5_fixed
python main_Tommy.py None True 0.0 11 normal_img_11_lr25_TV5_fixed
python main_Tommy.py None True 0.0 68 normal_img_68_lr25_TV5_fixed


------------------------------------------------------------

Successfully completed.

Resource usage summary:

    CPU time :                                   843.49 sec.
    Max Memory :                                 689 MB
    Average Memory :                             661.38 MB
    Total Requested Memory :                     10240.00 MB
    Delta Memory :                               9551.00 MB
    Max Swap :                                   -
    Max Processes :                              4
    Max Threads :                                6
    Run time :                                   963 sec.
    Turnaround time :                            893 sec.

The output (if any) is above this job summary.



PS:

Read file <tommy0_27315283.err> for stderr output of this job.

