Predicted label: tensor([6])
Final loss: 0.000917
Random dummy: True, dummy variance: 0.0, grads_mode: none
SSIM: 0.84465057
PSNR: 23.637306086165644
Predicted label: tensor([9])
Final loss: 0.000684
Random dummy: True, dummy variance: 0.0, grads_mode: none
SSIM: 0.9667004
PSNR: 26.689705765202397
Predicted label: tensor([9])
Final loss: 0.985557
Random dummy: True, dummy variance: 0.0, grads_mode: none
SSIM: 0.40730533
PSNR: 13.56051756676607
Predicted label: tensor([4])
Final loss: 0.001116
Random dummy: True, dummy variance: 0.0, grads_mode: none
SSIM: 0.64214855
PSNR: 21.283328222908104
Predicted label: tensor([1])
Final loss: 0.002204
Random dummy: True, dummy variance: 0.0, grads_mode: none
SSIM: 0.846905
PSNR: 22.077939784087114
Predicted label: tensor([4])
Final loss: 0.000145
Random dummy: True, dummy variance: 0.0, grads_mode: none
SSIM: 0.96836597
PSNR: 38.81465667356108
Predicted label: tensor([7])
Final loss: 0.000365
Random dummy: True, dummy variance: 0.0, grads_mode: none
SSIM: 0.9431464
PSNR: 26.417891099377286
Predicted label: tensor([3])
Final loss: 0.000378
Random dummy: True, dummy variance: 0.0, grads_mode: none
SSIM: 0.9888695
PSNR: 35.062945729191455
Predicted label: tensor([1])
Final loss: 0.000347
Random dummy: True, dummy variance: 0.0, grads_mode: none
SSIM: 0.9581478
PSNR: 28.87563362060871
Predicted label: tensor([7])
Final loss: 0.000335
Random dummy: True, dummy variance: 0.0, grads_mode: none
SSIM: 0.98945504
PSNR: 36.55413742249438
Predicted label: tensor([7])
Final loss: 0.000541
Random dummy: True, dummy variance: 0.0, grads_mode: none
SSIM: 0.98067665
PSNR: 29.28023912005949
Predicted label: tensor([7])
Final loss: 0.000682
Random dummy: True, dummy variance: 0.0, grads_mode: none
SSIM: 0.9270392
PSNR: 25.61670228786354

------------------------------------------------------------
Sender: LSF System <lsfadmin@hpc.dtu.dk>
Subject: Job 27315265: <tommy0> in cluster <dcc> Done

Job <tommy0> was submitted from host <n-62-27-17> by user <s224227> in cluster <dcc> at Sun Dec  7 11:36:00 2025
Job was executed on host(s) <n-62-31-5>, in queue <hpc>, as user <s224227> in cluster <dcc> at Sun Dec  7 11:36:02 2025
</zhome/d1/b/187261> was used as the home directory.
</zhome/d1/b/187261/Desktop/Bachelor/Bachelor> was used as the working directory.
Started at Sun Dec  7 11:36:02 2025
Terminated at Sun Dec  7 11:50:27 2025
Results reported at Sun Dec  7 11:50:27 2025

Your job looked like:

------------------------------------------------------------
# LSBATCH: User input
#!/bin/bash

#BSUB -J tommy0
#BSUB -q hpc
#BSUB -W 120
#BSUB -R "rusage[mem=10G]"
#BSUB -R "select[model == XeonGold6126]"
#BSUB -R "span[hosts=1]"
#BSUB -n 1
#BSUB -o tommy0_%J.out
#BSUB -e tommy0_%J.err

# # Load Python if needed 
module load python/3.12.11  

# Activate your virtual environment
source ~/bachelor-env/bin/activate

python main_Tommy.py None True 0.0 0 normal_img0_lr25_TV6_fixed
python main_Tommy.py None True 0.0 1 normal_img1_lr25_TV6_fixed
python main_Tommy.py None True 0.0 2 normal_img2_lr25_TV6_fixed
python main_Tommy.py None True 0.0 3 normal_img3_lr25_TV6_fixed
python main_Tommy.py None True 0.0 4 normal_img4_lr25_TV6_fixed
python main_Tommy.py None True 0.0 10 normal_img10_lr25_TV6_fixed
python main_Tommy.py None True 0.0 7 normal_img_7_lr25_TV6_fixed
python main_Tommy.py None True 0.0 33 normal_img_33_lr25_TV6_fixed
python main_Tommy.py None True 0.0 45 normal_img_45_lr25_TV6_fixed
python main_Tommy.py None True 0.0 12 normal_img_12_lr25_TV6_fixed
python main_Tommy.py None True 0.0 11 normal_img_11_lr25_TV6_fixed
python main_Tommy.py None True 0.0 68 normal_img_68_lr25_TV56_fixed


------------------------------------------------------------

Successfully completed.

Resource usage summary:

    CPU time :                                   816.83 sec.
    Max Memory :                                 689 MB
    Average Memory :                             641.67 MB
    Total Requested Memory :                     10240.00 MB
    Delta Memory :                               9551.00 MB
    Max Swap :                                   -
    Max Processes :                              4
    Max Threads :                                6
    Run time :                                   885 sec.
    Turnaround time :                            867 sec.

The output (if any) is above this job summary.



PS:

Read file <tommy0_27315265.err> for stderr output of this job.

