Predicted label: tensor([6])
Final loss: 0.001565
Random dummy: True, dummy variance: 0.0, grads_mode: none
SSIM: 0.7685435
PSNR: 21.313436398632923
Predicted label: tensor([9])
Final loss: 0.000803
Random dummy: True, dummy variance: 0.0, grads_mode: none
SSIM: 0.9438391
PSNR: 24.478301036858547
Predicted label: tensor([9])
Final loss: 0.000454
Random dummy: True, dummy variance: 0.0, grads_mode: none
SSIM: 0.9121899
PSNR: 28.30787882595917
Predicted label: tensor([4])
Final loss: 0.000822
Random dummy: True, dummy variance: 0.0, grads_mode: none
SSIM: 0.7315251
PSNR: 23.51696986285082
Predicted label: tensor([1])
Final loss: 0.003343
Random dummy: True, dummy variance: 0.0, grads_mode: none
SSIM: 0.83556753
PSNR: 21.967179418413203
Predicted label: tensor([4])
Final loss: 0.000145
Random dummy: True, dummy variance: 0.0, grads_mode: none
SSIM: 0.9686931
PSNR: 38.852478215108036
Predicted label: tensor([7])
Final loss: 0.000365
Random dummy: True, dummy variance: 0.0, grads_mode: none
SSIM: 0.94394845
PSNR: 26.321036029256547
Predicted label: tensor([3])
Final loss: 0.000392
Random dummy: True, dummy variance: 0.0, grads_mode: none
SSIM: 0.98506814
PSNR: 33.575416459796074
Predicted label: tensor([1])
Final loss: 0.000347
Random dummy: True, dummy variance: 0.0, grads_mode: none
SSIM: 0.9579082
PSNR: 28.844081729802
Predicted label: tensor([7])
Final loss: 0.000360
Random dummy: True, dummy variance: 0.0, grads_mode: none
SSIM: 0.97683686
PSNR: 33.96330918756411
Predicted label: tensor([7])
Final loss: 0.000736
Random dummy: True, dummy variance: 0.0, grads_mode: none
SSIM: 0.93472594
PSNR: 24.56563904864806
Predicted label: tensor([7])
Final loss: 0.000592
Random dummy: True, dummy variance: 0.0, grads_mode: none
SSIM: 0.94932103
PSNR: 27.336457415971402

------------------------------------------------------------
Sender: LSF System <lsfadmin@hpc.dtu.dk>
Subject: Job 27315255: <tommy0> in cluster <dcc> Done

Job <tommy0> was submitted from host <n-62-27-17> by user <s224227> in cluster <dcc> at Sun Dec  7 11:19:56 2025
Job was executed on host(s) <n-62-31-5>, in queue <hpc>, as user <s224227> in cluster <dcc> at Sun Dec  7 11:19:57 2025
</zhome/d1/b/187261> was used as the home directory.
</zhome/d1/b/187261/Desktop/Bachelor/Bachelor> was used as the working directory.
Started at Sun Dec  7 11:19:57 2025
Terminated at Sun Dec  7 11:35:00 2025
Results reported at Sun Dec  7 11:35:00 2025

Your job looked like:

------------------------------------------------------------
# LSBATCH: User input
#!/bin/bash

#BSUB -J tommy0
#BSUB -q hpc
#BSUB -W 120
#BSUB -R "rusage[mem=10G]"
#BSUB -R "select[model == XeonGold6126]"
#BSUB -R "span[hosts=1]"
#BSUB -n 1
#BSUB -o tommy0_%J.out
#BSUB -e tommy0_%J.err

# # Load Python if needed 
module load python/3.12.11  

# Activate your virtual environment
source ~/bachelor-env/bin/activate

python main_Tommy.py None True 0.0 0 normal_img0_lr2_TV6_fixed
python main_Tommy.py None True 0.0 1 normal_img1_lr2_TV6_fixed
python main_Tommy.py None True 0.0 2 normal_img2_lr2_TV6_fixed
python main_Tommy.py None True 0.0 3 normal_img3_lr2_TV6_fixed
python main_Tommy.py None True 0.0 4 normal_img4_lr2_TV6_fixed
python main_Tommy.py None True 0.0 10 normal_img10_lr2_TV6_fixed
python main_Tommy.py None True 0.0 7 normal_img_7_lr2_TV6_fixed
python main_Tommy.py None True 0.0 33 normal_img_33_lr2_TV6_fixed
python main_Tommy.py None True 0.0 45 normal_img_45_lr2_TV6_fixed
python main_Tommy.py None True 0.0 12 normal_img_12_lr2_TV6_fixed
python main_Tommy.py None True 0.0 11 normal_img_11_lr2_TV6_fixed
python main_Tommy.py None True 0.0 68 normal_img_68_lr2_TV56_fixed


------------------------------------------------------------

Successfully completed.

Resource usage summary:

    CPU time :                                   848.45 sec.
    Max Memory :                                 688 MB
    Average Memory :                             661.75 MB
    Total Requested Memory :                     10240.00 MB
    Delta Memory :                               9552.00 MB
    Max Swap :                                   -
    Max Processes :                              4
    Max Threads :                                6
    Run time :                                   994 sec.
    Turnaround time :                            904 sec.

The output (if any) is above this job summary.



PS:

Read file <tommy0_27315255.err> for stderr output of this job.

