Predicted label: tensor([6])
Final loss: 0.002693
Random dummy: True, dummy variance: 0.0, grads_mode: none
imTrue shape: (32, 32, 3)
imRecon shape: (32, 32, 3)
SSIM: 0.6502088
PSNR: 18.288658268895702
Predicted label: tensor([6])
Final loss: 0.002693
Random dummy: True, dummy variance: 0.0, grads_mode: grads_list
imTrue shape: (32, 32, 3)
imRecon shape: (32, 32, 3)
SSIM: 0.6502088
PSNR: 18.288658268895702

------------------------------------------------------------
Sender: LSF System <lsfadmin@hpc.dtu.dk>
Subject: Job 27308129: <tommy0> in cluster <dcc> Done

Job <tommy0> was submitted from host <n-62-30-1> by user <s224227> in cluster <dcc> at Sat Dec  6 13:43:26 2025
Job was executed on host(s) <n-62-31-5>, in queue <hpc>, as user <s224227> in cluster <dcc> at Sat Dec  6 13:43:26 2025
</zhome/d1/b/187261> was used as the home directory.
</zhome/d1/b/187261/Desktop/Bachelor/Bachelor> was used as the working directory.
Started at Sat Dec  6 13:43:26 2025
Terminated at Sat Dec  6 13:45:45 2025
Results reported at Sat Dec  6 13:45:45 2025

Your job looked like:

------------------------------------------------------------
# LSBATCH: User input
#!/bin/bash

#BSUB -J tommy0
#BSUB -q hpc
#BSUB -W 120
#BSUB -R "rusage[mem=10G]"
#BSUB -R "select[model == XeonGold6126]"
#BSUB -R "span[hosts=1]"
#BSUB -n 1
#BSUB -o tommy0_%J.out
#BSUB -e tommy0_%J.err

# # Load Python if needed 
module load python/3.12.11  

# Activate your virtual environment
source ~/bachelor-env/bin/activate

python main_Tommy.py None True 0.0 0 iqa_test_orig
python main_Tommy.py grads_list True 0.0 0 iqa_test_leaked
------------------------------------------------------------

Successfully completed.

Resource usage summary:

    CPU time :                                   131.04 sec.
    Max Memory :                                 689 MB
    Average Memory :                             637.00 MB
    Total Requested Memory :                     10240.00 MB
    Delta Memory :                               9551.00 MB
    Max Swap :                                   -
    Max Processes :                              4
    Max Threads :                                6
    Run time :                                   169 sec.
    Turnaround time :                            139 sec.

The output (if any) is above this job summary.



PS:

Read file <tommy0_27308129.err> for stderr output of this job.

