Predicted label: tensor([9])
Final loss: 0.302637
Random dummy: True, dummy variance: 0.0, grads_mode: none
SSIM: 0.7434643
PSNR: 19.572274740154466
Predicted label: tensor([4])
Final loss: 0.002053
Random dummy: True, dummy variance: 0.0, grads_mode: none
SSIM: 0.57657266
PSNR: 19.96432789328574
Predicted label: tensor([4])
Final loss: 0.000142
Random dummy: True, dummy variance: 0.0, grads_mode: none
SSIM: 0.914723
PSNR: 34.53181136569954
Predicted label: tensor([7])
Final loss: 0.000428
Random dummy: True, dummy variance: 0.0, grads_mode: none
SSIM: 0.8355782
PSNR: 20.355894727767534
Predicted label: tensor([3])
Final loss: 0.001082
Random dummy: True, dummy variance: 0.0, grads_mode: none
SSIM: 0.836626
PSNR: 22.781319381107377
Predicted label: tensor([1])
Final loss: 0.010200
Random dummy: True, dummy variance: 0.0, grads_mode: none
SSIM: 0.77596205
PSNR: 20.40432316792662
Predicted label: tensor([7])
Final loss: 0.001458
Random dummy: True, dummy variance: 0.0, grads_mode: none
SSIM: 0.7949686
PSNR: 21.366395590377657
Predicted label: tensor([7])
Final loss: 0.000136
Random dummy: True, dummy variance: 0.0, grads_mode: none
SSIM: 0.9896322
PSNR: 32.74477925839793
Predicted label: tensor([7])
Final loss: 0.000966
Random dummy: True, dummy variance: 0.0, grads_mode: none
SSIM: 0.90961367
PSNR: 23.910312066481293

------------------------------------------------------------
Sender: LSF System <lsfadmin@hpc.dtu.dk>
Subject: Job 27313602: <tommy0> in cluster <dcc> Done

Job <tommy0> was submitted from host <n-62-30-1> by user <s224227> in cluster <dcc> at Sat Dec  6 22:47:29 2025
Job was executed on host(s) <n-62-31-22>, in queue <hpc>, as user <s224227> in cluster <dcc> at Sat Dec  6 22:47:30 2025
</zhome/d1/b/187261> was used as the home directory.
</zhome/d1/b/187261/Desktop/Bachelor/Bachelor> was used as the working directory.
Started at Sat Dec  6 22:47:30 2025
Terminated at Sat Dec  6 22:54:26 2025
Results reported at Sat Dec  6 22:54:26 2025

Your job looked like:

------------------------------------------------------------
# LSBATCH: User input
#!/bin/bash

#BSUB -J tommy0
#BSUB -q hpc
#BSUB -W 120
#BSUB -R "rusage[mem=10G]"
#BSUB -R "select[model == XeonGold6126]"
#BSUB -R "span[hosts=1]"
#BSUB -n 1
#BSUB -o tommy0_%J.out
#BSUB -e tommy0_%J.err

# # Load Python if needed 
module load python/3.12.11  

# Activate your virtual environment
source ~/bachelor-env/bin/activate

python main_Tommy.py None True 0.0 2 normal_img2_lr25_TV
python main_Tommy.py None True 0.0 3 normal_img3_lr25_TV
python main_Tommy.py None True 0.0 10 normal_img10_lr25_TV
python main_Tommy.py None True 0.0 7 normal_img_7_lr25_TV
python main_Tommy.py None True 0.0 33 normal_img_33_lr25_TV
python main_Tommy.py None True 0.0 45 normal_img_45_lr25_TV
python main_Tommy.py None True 0.0 12 normal_img_12_lr25_TV
python main_Tommy.py None True 0.0 11 normal_img_11_lr25_TV
python main_Tommy.py None True 0.0 68 normal_img_68_lr25_TV


------------------------------------------------------------

Successfully completed.

Resource usage summary:

    CPU time :                                   375.80 sec.
    Max Memory :                                 687 MB
    Average Memory :                             543.40 MB
    Total Requested Memory :                     10240.00 MB
    Delta Memory :                               9553.00 MB
    Max Swap :                                   -
    Max Processes :                              4
    Max Threads :                                6
    Run time :                                   490 sec.
    Turnaround time :                            417 sec.

The output (if any) is above this job summary.



PS:

Read file <tommy0_27313602.err> for stderr output of this job.

