Predicted label: tensor([9])
Final loss: 0.000480
Random dummy: True, dummy variance: 0.0, grads_mode: none
SSIM: 0.89962083
PSNR: 26.18196351989107
Predicted label: tensor([4])
Final loss: 0.001288
Random dummy: True, dummy variance: 0.0, grads_mode: none
SSIM: 0.7233877
PSNR: 23.374829453199375
Predicted label: tensor([4])
Final loss: 0.000140
Random dummy: True, dummy variance: 0.0, grads_mode: none
SSIM: 0.9168918
PSNR: 34.514684224310784
Predicted label: tensor([7])
Final loss: 0.000420
Random dummy: True, dummy variance: 0.0, grads_mode: none
SSIM: 0.83618706
PSNR: 20.330595045170917
Predicted label: tensor([3])
Final loss: 0.001097
Random dummy: True, dummy variance: 0.0, grads_mode: none
SSIM: 0.80482775
PSNR: 21.554776395629315
Predicted label: tensor([1])
Final loss: 0.005294
Random dummy: True, dummy variance: 0.0, grads_mode: none
SSIM: 0.81415325
PSNR: 20.694101410266317
Predicted label: tensor([7])
Final loss: 0.000679
Random dummy: True, dummy variance: 0.0, grads_mode: none
SSIM: 0.844805
PSNR: 23.569838868455104
Predicted label: tensor([7])
Final loss: 0.000590
Random dummy: True, dummy variance: 0.0, grads_mode: none
SSIM: 0.9471944
PSNR: 24.78570966386874
Predicted label: tensor([7])
Final loss: 0.000146
Random dummy: True, dummy variance: 0.0, grads_mode: none
SSIM: 0.98788524
PSNR: 32.68510082908668

------------------------------------------------------------
Sender: LSF System <lsfadmin@hpc.dtu.dk>
Subject: Job 27313853: <tommy0> in cluster <dcc> Done

Job <tommy0> was submitted from host <n-62-30-1> by user <s224227> in cluster <dcc> at Sun Dec  7 00:46:43 2025
Job was executed on host(s) <n-62-31-23>, in queue <hpc>, as user <s224227> in cluster <dcc> at Sun Dec  7 00:46:44 2025
</zhome/d1/b/187261> was used as the home directory.
</zhome/d1/b/187261/Desktop/Bachelor/Bachelor> was used as the working directory.
Started at Sun Dec  7 00:46:44 2025
Terminated at Sun Dec  7 00:54:03 2025
Results reported at Sun Dec  7 00:54:03 2025

Your job looked like:

------------------------------------------------------------
# LSBATCH: User input
#!/bin/bash

#BSUB -J tommy0
#BSUB -q hpc
#BSUB -W 120
#BSUB -R "rusage[mem=10G]"
#BSUB -R "select[model == XeonGold6126]"
#BSUB -R "span[hosts=1]"
#BSUB -n 1
#BSUB -o tommy0_%J.out
#BSUB -e tommy0_%J.err

# # Load Python if needed 
module load python/3.12.11  

# Activate your virtual environment
source ~/bachelor-env/bin/activate

python main_Tommy.py None True 0.0 2 normal_img2_lr1_TV
python main_Tommy.py None True 0.0 3 normal_img3_lr1_TV
python main_Tommy.py None True 0.0 10 normal_img10_lr1_TV
python main_Tommy.py None True 0.0 7 normal_img_7_lr1_TV
python main_Tommy.py None True 0.0 33 normal_img_33_lr1_TV
python main_Tommy.py None True 0.0 45 normal_img_45_lr1_TV
python main_Tommy.py None True 0.0 12 normal_img_12_lr1_TV
python main_Tommy.py None True 0.0 11 normal_img_11_lr1_TV
python main_Tommy.py None True 0.0 68 normal_img_68_lr1_TV


------------------------------------------------------------

Successfully completed.

Resource usage summary:

    CPU time :                                   404.10 sec.
    Max Memory :                                 689 MB
    Average Memory :                             647.00 MB
    Total Requested Memory :                     10240.00 MB
    Delta Memory :                               9551.00 MB
    Max Swap :                                   -
    Max Processes :                              4
    Max Threads :                                6
    Run time :                                   494 sec.
    Turnaround time :                            440 sec.

The output (if any) is above this job summary.



PS:

Read file <tommy0_27313853.err> for stderr output of this job.

