Predicted label: tensor([6])
Final loss: 0.000000
Random dummy: True, dummy variance: 0.0, grads_mode: none
SSIM: 0.97158176
PSNR: 30.043118641654928
Predicted label: tensor([9])
Final loss: 0.000000
Random dummy: True, dummy variance: 0.0, grads_mode: none
SSIM: 0.9920249
PSNR: 33.93749500510473
Predicted label: tensor([9])
Final loss: 0.000000
Random dummy: True, dummy variance: 0.0, grads_mode: none
SSIM: 0.997268
PSNR: 44.62789172224742
Predicted label: tensor([4])
Final loss: 0.000000
Random dummy: True, dummy variance: 0.0, grads_mode: none
SSIM: 0.9414892
PSNR: 30.489567729643397
Predicted label: tensor([1])
Final loss: 0.000000
Random dummy: True, dummy variance: 0.0, grads_mode: none
SSIM: 0.9944556
PSNR: 35.79406085730384
Predicted label: tensor([4])
Final loss: 0.000000
Random dummy: True, dummy variance: 0.0, grads_mode: none
SSIM: 0.8652052
PSNR: 29.291632223798004
Predicted label: tensor([7])
Final loss: 0.000000
Random dummy: True, dummy variance: 0.0, grads_mode: none
SSIM: 0.9738393
PSNR: 28.92319117169102
Predicted label: tensor([3])
Final loss: 0.000000
Random dummy: True, dummy variance: 0.0, grads_mode: none
SSIM: 0.9691561
PSNR: 29.455888274993313
Predicted label: tensor([1])
Final loss: 0.000000
Random dummy: True, dummy variance: 0.0, grads_mode: none
SSIM: 0.99233836
PSNR: 34.90163022114918
Predicted label: tensor([7])
Final loss: 0.000000
Random dummy: True, dummy variance: 0.0, grads_mode: none
SSIM: 0.96628475
PSNR: 31.182233278800023
Predicted label: tensor([7])
Final loss: 0.000000
Random dummy: True, dummy variance: 0.0, grads_mode: none
SSIM: 0.98874354
PSNR: 31.1113392472459
Predicted label: tensor([7])
Final loss: 0.000000
Random dummy: True, dummy variance: 0.0, grads_mode: none
SSIM: 0.9827201
PSNR: 33.063161432193894

------------------------------------------------------------
Sender: LSF System <lsfadmin@hpc.dtu.dk>
Subject: Job 27416412: <tommy0> in cluster <dcc> Done

Job <tommy0> was submitted from host <n-62-27-19> by user <s224227> in cluster <dcc> at Mon Dec 15 13:33:50 2025
Job was executed on host(s) <n-62-31-9>, in queue <hpc>, as user <s224227> in cluster <dcc> at Mon Dec 15 13:33:51 2025
</zhome/d1/b/187261> was used as the home directory.
</zhome/d1/b/187261/Desktop/Bachelor/Bachelor> was used as the working directory.
Started at Mon Dec 15 13:33:51 2025
Terminated at Mon Dec 15 13:38:32 2025
Results reported at Mon Dec 15 13:38:32 2025

Your job looked like:

------------------------------------------------------------
# LSBATCH: User input
#!/bin/bash

#BSUB -J tommy0
#BSUB -q hpc
#BSUB -W 120
#BSUB -R "rusage[mem=10G]"
#BSUB -R "select[model == XeonGold6126]"
#BSUB -R "span[hosts=1]"
#BSUB -n 1
#BSUB -o tommy0_%J.out
#BSUB -e tommy0_%J.err

# # Load Python if needed 
module load python/3.12.11  

# Activate your virtual environment
source ~/bachelor-env/bin/activate

python main_Tommy.py None True 0.0 0 e150_img0_lr11
python main_Tommy.py None True 0.0 1 e150_img1_lr11
python main_Tommy.py None True 0.0 2 e150_img2_lr11
python main_Tommy.py None True 0.0 3 e150_img3_lr11
python main_Tommy.py None True 0.0 4 e150_img4_lr11
python main_Tommy.py None True 0.0 10 e150_img10_lr11
python main_Tommy.py None True 0.0 7 e150_img_7_lr11
python main_Tommy.py None True 0.0 33 e150_img_33_lr11
python main_Tommy.py None True 0.0 45 e150_img_45_lr11
python main_Tommy.py None True 0.0 12 e150_img_12_lr11
python main_Tommy.py None True 0.0 11 e150_img_11_lr11
python main_Tommy.py None True 0.0 68 e150_img_68_lr11
------------------------------------------------------------

Successfully completed.

Resource usage summary:

    CPU time :                                   201.32 sec.
    Max Memory :                                 693 MB
    Average Memory :                             639.75 MB
    Total Requested Memory :                     10240.00 MB
    Delta Memory :                               9547.00 MB
    Max Swap :                                   -
    Max Processes :                              4
    Max Threads :                                6
    Run time :                                   313 sec.
    Turnaround time :                            282 sec.

The output (if any) is above this job summary.



PS:

Read file <tommy0_27416412.err> for stderr output of this job.

