Predicted label: tensor([9])
Final loss: 1.612509
Random dummy: True, dummy variance: 0.0, grads_mode: none
SSIM: 0.33473155
PSNR: 12.07940837846002
Predicted label: tensor([4])
Final loss: 0.000542
Random dummy: True, dummy variance: 0.0, grads_mode: none
SSIM: 0.56373376
PSNR: 19.630024722881345
Predicted label: tensor([4])
Final loss: 0.000332
Random dummy: True, dummy variance: 0.0, grads_mode: none
SSIM: 0.30170378
PSNR: 18.729883706405822
Predicted label: tensor([7])
Final loss: 0.000003
Random dummy: True, dummy variance: 0.0, grads_mode: none
SSIM: 0.8056543
PSNR: 20.198166368107813
Predicted label: tensor([3])
Final loss: 0.000126
Random dummy: True, dummy variance: 0.0, grads_mode: none
SSIM: 0.76937646
PSNR: 21.051530695649326
Predicted label: tensor([1])
Final loss: 0.000005
Random dummy: True, dummy variance: 0.0, grads_mode: none
SSIM: 0.8221746
PSNR: 21.568364192519432
Predicted label: tensor([7])
Final loss: 0.000159
Random dummy: True, dummy variance: 0.0, grads_mode: none
SSIM: 0.7919193
PSNR: 21.757565691193562
Predicted label: tensor([7])
Final loss: 0.000511
Random dummy: True, dummy variance: 0.0, grads_mode: none
SSIM: 0.87451524
PSNR: 21.291898599085506
Predicted label: tensor([7])
Final loss: 0.000229
Random dummy: True, dummy variance: 0.0, grads_mode: none
SSIM: 0.8716977
PSNR: 22.5440489247457

------------------------------------------------------------
Sender: LSF System <lsfadmin@hpc.dtu.dk>
Subject: Job 27313841: <tommy0> in cluster <dcc> Done

Job <tommy0> was submitted from host <n-62-30-1> by user <s224227> in cluster <dcc> at Sun Dec  7 00:27:50 2025
Job was executed on host(s) <n-62-31-21>, in queue <hpc>, as user <s224227> in cluster <dcc> at Sun Dec  7 00:27:50 2025
</zhome/d1/b/187261> was used as the home directory.
</zhome/d1/b/187261/Desktop/Bachelor/Bachelor> was used as the working directory.
Started at Sun Dec  7 00:27:50 2025
Terminated at Sun Dec  7 00:36:12 2025
Results reported at Sun Dec  7 00:36:12 2025

Your job looked like:

------------------------------------------------------------
# LSBATCH: User input
#!/bin/bash

#BSUB -J tommy0
#BSUB -q hpc
#BSUB -W 120
#BSUB -R "rusage[mem=10G]"
#BSUB -R "select[model == XeonGold6126]"
#BSUB -R "span[hosts=1]"
#BSUB -n 1
#BSUB -o tommy0_%J.out
#BSUB -e tommy0_%J.err

# # Load Python if needed 
module load python/3.12.11  

# Activate your virtual environment
source ~/bachelor-env/bin/activate

python main_Tommy.py None True 0.0 2 normal_img2_lr25
python main_Tommy.py None True 0.0 3 normal_img3_lr25
python main_Tommy.py None True 0.0 10 normal_img10_lr25
python main_Tommy.py None True 0.0 7 normal_img_7_lr25
python main_Tommy.py None True 0.0 33 normal_img_33_lr25
python main_Tommy.py None True 0.0 45 normal_img_45_lr25
python main_Tommy.py None True 0.0 12 normal_img_12_lr25
python main_Tommy.py None True 0.0 11 normal_img_11_lr25
python main_Tommy.py None True 0.0 68 normal_img_68_lr25


------------------------------------------------------------

Successfully completed.

Resource usage summary:

    CPU time :                                   457.26 sec.
    Max Memory :                                 689 MB
    Average Memory :                             601.67 MB
    Total Requested Memory :                     10240.00 MB
    Delta Memory :                               9551.00 MB
    Max Swap :                                   -
    Max Processes :                              4
    Max Threads :                                6
    Run time :                                   609 sec.
    Turnaround time :                            502 sec.

The output (if any) is above this job summary.



PS:

Read file <tommy0_27313841.err> for stderr output of this job.

