Predicted label: tensor([6])
Final loss: 0.002016
Random dummy: True, dummy variance: 0.0, grads_mode: none
SSIM: 0.67009276
PSNR: 18.761803970983326
Predicted label: tensor([9])
Final loss: 0.000135
Random dummy: True, dummy variance: 0.0, grads_mode: none
SSIM: 0.84939843
PSNR: 19.837323751561637
Predicted label: tensor([9])
Final loss: 0.000293
Random dummy: True, dummy variance: 0.0, grads_mode: none
SSIM: 0.7132637
PSNR: 20.944387044501973
Predicted label: tensor([4])
Final loss: 0.000419
Random dummy: True, dummy variance: 0.0, grads_mode: none
SSIM: 0.6083626
PSNR: 20.739469065800165
Predicted label: tensor([1])
Final loss: 0.002598
Random dummy: True, dummy variance: 0.0, grads_mode: none
SSIM: 0.77453643
PSNR: 19.791434329976795
Predicted label: tensor([4])
Final loss: 0.000036
Random dummy: True, dummy variance: 0.0, grads_mode: none
SSIM: 0.40233633
PSNR: 20.559813177858853
Predicted label: tensor([7])
Final loss: 0.000001
Random dummy: True, dummy variance: 0.0, grads_mode: none
SSIM: 0.8191996
PSNR: 20.75343793139696
Predicted label: tensor([3])
Final loss: 0.000090
Random dummy: True, dummy variance: 0.0, grads_mode: none
SSIM: 0.7162345
PSNR: 19.445067762875006
Predicted label: tensor([1])
Final loss: 0.000007
Random dummy: True, dummy variance: 0.0, grads_mode: none
SSIM: 0.84043
PSNR: 22.50171739957458
Predicted label: tensor([7])
Final loss: 0.000280
Random dummy: True, dummy variance: 0.0, grads_mode: none
SSIM: 0.7636884
PSNR: 20.424163696568684
Predicted label: tensor([7])
Final loss: 0.001562
Random dummy: True, dummy variance: 0.0, grads_mode: none
SSIM: 0.8742694
PSNR: 21.62908937831823
Predicted label: tensor([7])
Final loss: 0.003648
Random dummy: True, dummy variance: 0.0, grads_mode: none
SSIM: 0.86223555
PSNR: 21.601352102173053

------------------------------------------------------------
Sender: LSF System <lsfadmin@hpc.dtu.dk>
Subject: Job 27314140: <tommy0> in cluster <dcc> Done

Job <tommy0> was submitted from host <n-62-30-1> by user <s224227> in cluster <dcc> at Sun Dec  7 02:30:05 2025
Job was executed on host(s) <n-62-31-5>, in queue <hpc>, as user <s224227> in cluster <dcc> at Sun Dec  7 02:30:07 2025
</zhome/d1/b/187261> was used as the home directory.
</zhome/d1/b/187261/Desktop/Bachelor/Bachelor> was used as the working directory.
Started at Sun Dec  7 02:30:07 2025
Terminated at Sun Dec  7 02:43:48 2025
Results reported at Sun Dec  7 02:43:48 2025

Your job looked like:

------------------------------------------------------------
# LSBATCH: User input
#!/bin/bash

#BSUB -J tommy0
#BSUB -q hpc
#BSUB -W 120
#BSUB -R "rusage[mem=10G]"
#BSUB -R "select[model == XeonGold6126]"
#BSUB -R "span[hosts=1]"
#BSUB -n 1
#BSUB -o tommy0_%J.out
#BSUB -e tommy0_%J.err

# # Load Python if needed 
module load python/3.12.11  

# Activate your virtual environment
source ~/bachelor-env/bin/activate

python main_Tommy.py None True 0.0 0 normal_img0_lr15
python main_Tommy.py None True 0.0 1 normal_img1_lr15
python main_Tommy.py None True 0.0 2 normal_img2_lr15
python main_Tommy.py None True 0.0 3 normal_img3_lr15
python main_Tommy.py None True 0.0 4 normal_img4_lr15
python main_Tommy.py None True 0.0 10 normal_img10_lr15
python main_Tommy.py None True 0.0 7 normal_img_7_lr15
python main_Tommy.py None True 0.0 33 normal_img_33_lr15
python main_Tommy.py None True 0.0 45 normal_img_45_lr15
python main_Tommy.py None True 0.0 12 normal_img_12_lr15
python main_Tommy.py None True 0.0 11 normal_img_11_lr15
python main_Tommy.py None True 0.0 68 normal_img_68_lr15


------------------------------------------------------------

Successfully completed.

Resource usage summary:

    CPU time :                                   768.20 sec.
    Max Memory :                                 689 MB
    Average Memory :                             647.12 MB
    Total Requested Memory :                     10240.00 MB
    Delta Memory :                               9551.00 MB
    Max Swap :                                   -
    Max Processes :                              4
    Max Threads :                                6
    Run time :                                   884 sec.
    Turnaround time :                            823 sec.

The output (if any) is above this job summary.



PS:

Read file <tommy0_27314140.err> for stderr output of this job.

