Predicted label: tensor([6])
Final loss: 0.022337
Random dummy: True, dummy variance: 0.0, grads_mode: none
SSIM: 0.570097
PSNR: 16.56408585264503
Predicted label: tensor([9])
Final loss: 0.118487
Random dummy: True, dummy variance: 0.0, grads_mode: none
SSIM: 0.67605835
PSNR: 15.381804494824344
Predicted label: tensor([9])
Final loss: 0.002686
Random dummy: True, dummy variance: 0.0, grads_mode: none
SSIM: 0.56913584
PSNR: 16.812206560268823
Predicted label: tensor([4])
Final loss: 0.005151
Random dummy: True, dummy variance: 0.0, grads_mode: none
SSIM: 0.50524133
PSNR: 18.5619387058222
Predicted label: tensor([1])
Final loss: 0.006969
Random dummy: True, dummy variance: 0.0, grads_mode: none
SSIM: 0.74825144
PSNR: 18.912168273255915
Predicted label: tensor([4])
Final loss: 0.000309
Random dummy: True, dummy variance: 0.0, grads_mode: none
SSIM: 0.30086255
PSNR: 18.945793701837438
Predicted label: tensor([7])
Final loss: 0.000021
Random dummy: True, dummy variance: 0.0, grads_mode: none
SSIM: 0.7274278
PSNR: 18.173870635439098
Predicted label: tensor([3])
Final loss: 0.000555
Random dummy: True, dummy variance: 0.0, grads_mode: none
SSIM: 0.68411213
PSNR: 18.79718340275597
Predicted label: tensor([1])
Final loss: 0.000056
Random dummy: True, dummy variance: 0.0, grads_mode: none
SSIM: 0.6518106
PSNR: 16.64762482052521
Predicted label: tensor([7])
Final loss: 0.001135
Random dummy: True, dummy variance: 0.0, grads_mode: none
SSIM: 0.6929445
PSNR: 18.19286299610044
Predicted label: tensor([7])
Final loss: 0.004126
Random dummy: True, dummy variance: 0.0, grads_mode: none
SSIM: 0.8055008
PSNR: 18.88679081147448
Predicted label: tensor([7])
Final loss: 0.005709
Random dummy: True, dummy variance: 0.0, grads_mode: none
SSIM: 0.7566354
PSNR: 17.922046484036702

------------------------------------------------------------
Sender: LSF System <lsfadmin@hpc.dtu.dk>
Subject: Job 27315573: <tommy0> in cluster <dcc> Done

Job <tommy0> was submitted from host <n-62-27-17> by user <s224227> in cluster <dcc> at Sun Dec  7 14:44:24 2025
Job was executed on host(s) <n-62-31-5>, in queue <hpc>, as user <s224227> in cluster <dcc> at Sun Dec  7 14:44:24 2025
</zhome/d1/b/187261> was used as the home directory.
</zhome/d1/b/187261/Desktop/Bachelor/Bachelor> was used as the working directory.
Started at Sun Dec  7 14:44:24 2025
Terminated at Sun Dec  7 14:58:24 2025
Results reported at Sun Dec  7 14:58:24 2025

Your job looked like:

------------------------------------------------------------
# LSBATCH: User input
#!/bin/bash

#BSUB -J tommy0
#BSUB -q hpc
#BSUB -W 120
#BSUB -R "rusage[mem=10G]"
#BSUB -R "select[model == XeonGold6126]"
#BSUB -R "span[hosts=1]"
#BSUB -n 1
#BSUB -o tommy0_%J.out
#BSUB -e tommy0_%J.err

# # Load Python if needed 
module load python/3.12.11  

# Activate your virtual environment
source ~/bachelor-env/bin/activate

python main_Tommy.py None True 0.0 0 normal_img0_lr01
python main_Tommy.py None True 0.0 1 normal_img1_lr01
python main_Tommy.py None True 0.0 2 normal_img2_lr01
python main_Tommy.py None True 0.0 3 normal_img3_lr01
python main_Tommy.py None True 0.0 4 normal_img4_lr01
python main_Tommy.py None True 0.0 10 normal_img10_lr01
python main_Tommy.py None True 0.0 7 normal_img_7_lr01
python main_Tommy.py None True 0.0 33 normal_img_33_lr01
python main_Tommy.py None True 0.0 45 normal_img_45_lr01
python main_Tommy.py None True 0.0 12 normal_img_12_lr01
python main_Tommy.py None True 0.0 11 normal_img_11_lr01
python main_Tommy.py None True 0.0 68 normal_img_68_lr01
------------------------------------------------------------

Successfully completed.

Resource usage summary:

    CPU time :                                   787.44 sec.
    Max Memory :                                 691 MB
    Average Memory :                             654.75 MB
    Total Requested Memory :                     10240.00 MB
    Delta Memory :                               9549.00 MB
    Max Swap :                                   -
    Max Processes :                              4
    Max Threads :                                6
    Run time :                                   905 sec.
    Turnaround time :                            840 sec.

The output (if any) is above this job summary.



PS:

Read file <tommy0_27315573.err> for stderr output of this job.

