[tensor([[[[-2.0691e-04, -2.9393e-04, -1.9728e-04, -1.8377e-04, -4.9131e-05],
          [-2.0504e-04, -2.0929e-04, -1.0864e-04, -1.8031e-04, -4.0819e-05],
          [-1.7835e-04, -1.4905e-04, -5.3377e-05, -1.2235e-04,  1.7689e-05],
          [-1.8753e-04, -1.2900e-04, -4.0307e-05, -6.2990e-05,  5.3405e-05],
          [-2.2849e-04, -1.5894e-04, -1.5340e-05,  4.2760e-06,  7.7121e-06]],

         [[-1.5520e-04, -2.2135e-04, -1.4990e-04, -1.4867e-04, -2.9491e-05],
          [-1.2568e-04, -1.1806e-04, -4.0898e-05, -1.3129e-04, -2.6986e-05],
          [-1.1408e-04, -7.1964e-05, -1.8603e-06, -1.0793e-04, -2.3237e-06],
          [-1.4082e-04, -7.5452e-05, -3.1233e-05, -7.4361e-05,  4.2808e-05],
          [-1.6541e-04, -8.7446e-05, -1.8540e-06, -8.0352e-06,  1.7071e-05]],

         [[-1.6366e-04, -2.2441e-04, -1.2965e-04, -9.5037e-05,  2.2863e-05],
          [-7.4882e-05, -8.2286e-05, -1.0835e-05, -6.6228e-05,  4.1426e-05],
          [-4.1896e-05, -1.8525e-05,  2.7925e-05, -5.0636e-05,  4.7504e-05],
          [-7.0868e-05, -3.3247e-05, -2.0638e-05, -5.5220e-05,  6.4656e-05],
          [-1.0140e-04, -4.2995e-05, -1.6377e-06, -1.7350e-06,  6.1435e-05]]],


        [[[ 2.0793e-04,  1.8183e-04,  1.5336e-04,  2.0702e-04,  2.6102e-04],
          [ 2.2768e-04,  2.3066e-04,  2.5502e-04,  3.2206e-04,  3.5640e-04],
          [ 2.0770e-04,  3.0982e-04,  3.7932e-04,  4.4568e-04,  4.7294e-04],
          [ 2.3718e-04,  3.2240e-04,  4.0900e-04,  4.3726e-04,  4.3417e-04],
          [ 2.4159e-04,  3.3720e-04,  4.2561e-04,  4.6119e-04,  4.1655e-04]],

         [[ 1.6699e-04,  1.3686e-04,  7.4891e-05,  1.0759e-04,  1.5955e-04],
          [ 1.8696e-04,  1.7877e-04,  1.6750e-04,  2.2560e-04,  2.6538e-04],
          [ 1.2591e-04,  2.2105e-04,  2.9487e-04,  3.6651e-04,  3.9364e-04],
          [ 1.3158e-04,  2.1073e-04,  3.1828e-04,  3.5772e-04,  3.5571e-04],
          [ 1.4655e-04,  2.2868e-04,  3.3178e-04,  3.7712e-04,  3.3815e-04]],

         [[ 1.0388e-04,  9.3787e-05,  4.9167e-05,  8.4813e-05,  1.2566e-04],
          [ 1.4193e-04,  1.4313e-04,  1.1846e-04,  1.5069e-04,  1.8269e-04],
          [ 8.1576e-05,  1.7475e-04,  2.1567e-04,  2.6490e-04,  2.7726e-04],
          [ 7.6370e-05,  1.3351e-04,  2.2163e-04,  2.5873e-04,  2.4074e-04],
          [ 7.6626e-05,  1.3193e-04,  2.4217e-04,  3.1042e-04,  2.8250e-04]]],


        [[[-2.6539e-04, -3.1668e-04, -4.1552e-04, -3.4506e-04, -2.8620e-04],
          [-3.3122e-04, -3.8323e-04, -4.7384e-04, -3.4026e-04, -2.5549e-04],
          [-4.3221e-04, -4.9637e-04, -5.6818e-04, -4.9681e-04, -4.8965e-04],
          [-3.8692e-04, -4.3603e-04, -4.8009e-04, -4.7752e-04, -5.3304e-04],
          [-4.2201e-04, -5.3070e-04, -5.1426e-04, -4.3703e-04, -4.6366e-04]],

         [[-2.3040e-04, -2.9766e-04, -3.5742e-04, -2.5632e-04, -1.8908e-04],
          [-3.1363e-04, -3.7491e-04, -4.1497e-04, -2.4860e-04, -1.5332e-04],
          [-3.8319e-04, -4.5795e-04, -4.8708e-04, -3.8423e-04, -3.7394e-04],
          [-2.9265e-04, -3.6212e-04, -3.8635e-04, -3.5823e-04, -4.0985e-04],
          [-3.1098e-04, -4.3929e-04, -4.1614e-04, -3.3022e-04, -3.6962e-04]],

         [[-1.5426e-04, -2.4497e-04, -2.8054e-04, -1.6476e-04, -1.1618e-04],
          [-2.2229e-04, -3.0050e-04, -3.1980e-04, -1.4872e-04, -6.0867e-05],
          [-2.6566e-04, -3.6541e-04, -3.8228e-04, -2.5914e-04, -2.2917e-04],
          [-1.5570e-04, -2.4384e-04, -2.7605e-04, -2.3797e-04, -2.5133e-04],
          [-1.9821e-04, -3.2261e-04, -3.0549e-04, -2.2646e-04, -2.4619e-04]]],


        [[[-6.3984e-04, -6.1688e-04, -7.4069e-04, -7.2280e-04, -7.0874e-04],
          [-5.3510e-04, -6.0568e-04, -7.3221e-04, -6.9610e-04, -8.0448e-04],
          [-4.1172e-04, -4.9398e-04, -6.1975e-04, -6.5706e-04, -7.3170e-04],
          [-4.7209e-04, -5.1975e-04, -6.6097e-04, -7.4316e-04, -7.6115e-04],
          [-6.2402e-04, -7.0037e-04, -7.9413e-04, -8.4227e-04, -8.3154e-04]],

         [[-4.7163e-04, -4.2916e-04, -5.3897e-04, -5.2198e-04, -5.1955e-04],
          [-3.3029e-04, -4.0095e-04, -5.3053e-04, -4.9601e-04, -5.9722e-04],
          [-2.2905e-04, -3.2760e-04, -4.7140e-04, -5.0021e-04, -5.5397e-04],
          [-2.9950e-04, -3.7200e-04, -5.1693e-04, -5.9139e-04, -6.0386e-04],
          [-4.6901e-04, -5.6033e-04, -6.3804e-04, -6.8615e-04, -6.9597e-04]],

         [[-2.9907e-04, -2.4287e-04, -3.2890e-04, -3.0927e-04, -3.0612e-04],
          [-1.4449e-04, -1.7897e-04, -2.7740e-04, -2.5325e-04, -3.5201e-04],
          [-4.9443e-05, -1.1575e-04, -2.3853e-04, -2.7283e-04, -3.0037e-04],
          [-1.0139e-04, -1.3506e-04, -2.6393e-04, -3.4700e-04, -3.6086e-04],
          [-2.5902e-04, -3.1434e-04, -3.6521e-04, -4.3342e-04, -4.9431e-04]]],


        [[[-4.5732e-04, -4.8175e-04, -4.7468e-04, -5.6998e-04, -5.9065e-04],
          [-5.0733e-04, -4.5242e-04, -5.0764e-04, -5.5796e-04, -5.0582e-04],
          [-6.3361e-04, -5.8812e-04, -6.4988e-04, -6.7108e-04, -6.1691e-04],
          [-6.7380e-04, -6.6912e-04, -7.5183e-04, -7.6070e-04, -7.3651e-04],
          [-6.6135e-04, -7.3869e-04, -8.1360e-04, -7.7235e-04, -7.2076e-04]],

         [[-3.2392e-04, -3.3123e-04, -3.2022e-04, -4.5663e-04, -4.8137e-04],
          [-3.8648e-04, -3.2454e-04, -3.7522e-04, -4.5004e-04, -3.8406e-04],
          [-4.7444e-04, -4.2542e-04, -4.7909e-04, -5.2598e-04, -4.5666e-04],
          [-5.2495e-04, -4.9274e-04, -5.5057e-04, -5.6851e-04, -5.4156e-04],
          [-5.5916e-04, -6.0108e-04, -6.3330e-04, -5.8543e-04, -5.3251e-04]],

         [[-1.7609e-04, -1.7147e-04, -1.3656e-04, -2.8219e-04, -3.3584e-04],
          [-2.5625e-04, -1.8214e-04, -2.0095e-04, -2.8556e-04, -2.6029e-04],
          [-3.2503e-04, -2.7100e-04, -3.0842e-04, -3.4067e-04, -3.0962e-04],
          [-3.4213e-04, -2.9432e-04, -3.5146e-04, -3.5896e-04, -3.5640e-04],
          [-3.9804e-04, -3.8718e-04, -3.9815e-04, -3.7723e-04, -3.5912e-04]]],


        [[[-5.6187e-04, -5.8109e-04, -5.3799e-04, -6.0953e-04, -6.0452e-04],
          [-4.9359e-04, -4.8141e-04, -5.7445e-04, -6.5018e-04, -6.9736e-04],
          [-5.8941e-04, -6.0503e-04, -7.0117e-04, -7.4589e-04, -8.3822e-04],
          [-6.5759e-04, -6.7369e-04, -7.2588e-04, -8.0741e-04, -9.0884e-04],
          [-7.7966e-04, -8.7363e-04, -8.8650e-04, -9.2727e-04, -9.6232e-04]],

         [[-3.3805e-04, -3.5134e-04, -3.4230e-04, -4.3018e-04, -4.1711e-04],
          [-2.6058e-04, -2.4984e-04, -3.6820e-04, -4.6524e-04, -5.0959e-04],
          [-3.3974e-04, -3.5654e-04, -4.6660e-04, -5.3109e-04, -6.1537e-04],
          [-4.1482e-04, -4.3945e-04, -4.9240e-04, -5.8064e-04, -6.4964e-04],
          [-5.4486e-04, -6.5401e-04, -6.6150e-04, -6.9023e-04, -6.9512e-04]],

         [[-1.8276e-04, -1.8836e-04, -1.8928e-04, -2.7776e-04, -2.4588e-04],
          [-1.0286e-04, -8.6108e-05, -2.0590e-04, -3.0247e-04, -3.4905e-04],
          [-1.2953e-04, -1.4432e-04, -2.6811e-04, -3.4749e-04, -4.3176e-04],
          [-1.4665e-04, -1.9646e-04, -2.9029e-04, -3.9025e-04, -4.4380e-04],
          [-2.9222e-04, -4.1349e-04, -4.5771e-04, -5.0499e-04, -4.9516e-04]]],


        [[[-3.0771e-04, -2.7146e-04, -1.8022e-04, -2.3103e-04, -3.2892e-04],
          [-1.8033e-04, -1.9398e-04, -1.2463e-04, -2.9718e-04, -3.9615e-04],
          [-1.6478e-04, -2.7483e-04, -2.8084e-04, -4.0050e-04, -4.2704e-04],
          [-1.5259e-04, -2.7546e-04, -2.8727e-04, -3.3188e-04, -4.0471e-04],
          [-1.9919e-04, -2.8111e-04, -2.8363e-04, -3.2204e-04, -4.2824e-04]],

         [[-2.0832e-04, -1.5848e-04, -1.0636e-04, -1.6728e-04, -2.2774e-04],
          [-6.3023e-05, -6.7073e-05, -2.1327e-05, -2.0119e-04, -2.7122e-04],
          [-4.2240e-05, -1.5362e-04, -1.8420e-04, -3.0674e-04, -2.9167e-04],
          [-1.5423e-05, -1.4898e-04, -1.7769e-04, -2.3016e-04, -2.6076e-04],
          [-5.7772e-05, -1.6897e-04, -1.9092e-04, -2.2587e-04, -3.0151e-04]],

         [[-1.4973e-04, -1.0111e-04, -8.5767e-05, -1.4959e-04, -1.6923e-04],
          [-7.3840e-06,  1.1108e-05,  5.6655e-05, -1.2223e-04, -1.6034e-04],
          [ 5.7647e-07, -6.1497e-05, -7.8904e-05, -2.3096e-04, -1.8473e-04],
          [ 3.9387e-05, -6.9948e-05, -8.8202e-05, -1.5612e-04, -1.5374e-04],
          [-2.5866e-06, -1.3492e-04, -1.5012e-04, -1.6224e-04, -1.8109e-04]]],


        [[[ 4.1642e-04,  2.9828e-04,  1.9831e-04,  2.4619e-04,  2.2049e-04],
          [ 4.0156e-04,  3.1389e-04,  1.8672e-04,  1.2952e-04,  1.2544e-04],
          [ 4.0377e-04,  3.5992e-04,  3.0370e-04,  2.6042e-04,  2.3318e-04],
          [ 3.5169e-04,  3.7638e-04,  3.8391e-04,  2.7139e-04,  2.2179e-04],
          [ 3.7994e-04,  4.6409e-04,  4.1446e-04,  3.2453e-04,  2.7283e-04]],

         [[ 3.1046e-04,  1.8608e-04,  9.3968e-05,  1.6928e-04,  1.7131e-04],
          [ 2.9771e-04,  1.9577e-04,  1.0053e-04,  6.9941e-05,  7.2311e-05],
          [ 2.7149e-04,  2.1570e-04,  2.1299e-04,  2.0045e-04,  1.5622e-04],
          [ 1.9794e-04,  2.1716e-04,  2.7338e-04,  1.8789e-04,  1.2508e-04],
          [ 2.4346e-04,  3.1138e-04,  2.9721e-04,  2.2758e-04,  1.8313e-04]],

         [[ 2.1568e-04,  9.7611e-05,  2.9695e-05,  1.3544e-04,  1.4746e-04],
          [ 2.0306e-04,  1.1494e-04,  4.4823e-05,  3.9487e-05,  3.1695e-05],
          [ 1.2352e-04,  9.6348e-05,  1.2945e-04,  1.2954e-04,  5.9879e-05],
          [ 1.1170e-05,  2.9884e-05,  1.1346e-04,  5.9815e-05, -4.8384e-06],
          [ 6.5947e-05,  1.0086e-04,  9.9495e-05,  6.8606e-05,  4.8964e-05]]],


        [[[ 7.0342e-05,  1.8345e-05,  9.9043e-05, -6.5281e-05,  5.1811e-06],
          [ 8.2042e-05,  1.0261e-04,  1.7739e-05, -1.1840e-04, -3.0061e-05],
          [ 1.4911e-04,  1.9242e-04,  8.3263e-05, -4.2229e-05, -2.4568e-05],
          [ 1.7005e-04,  1.5422e-04,  9.4686e-05,  1.2599e-06,  1.0894e-04],
          [ 1.0500e-04,  4.0400e-05,  1.8030e-05,  2.7940e-05,  1.9665e-04]],

         [[ 6.8004e-05, -6.3808e-06,  7.4977e-05, -9.9742e-05, -6.8492e-05],
          [ 6.4379e-05,  8.4595e-05,  7.0233e-06, -1.5917e-04, -1.2644e-04],
          [ 1.2183e-04,  1.8044e-04,  7.3544e-05, -8.2695e-05, -9.2373e-05],
          [ 1.6226e-04,  1.4009e-04,  4.4053e-05, -6.2344e-05,  5.5251e-05],
          [ 1.2838e-04,  5.3501e-05, -2.0128e-05, -2.6503e-05,  1.6292e-04]],

         [[ 2.6634e-05, -5.0222e-05,  5.3157e-05, -1.0656e-04, -7.3476e-05],
          [ 2.6273e-06,  2.5037e-06, -4.3023e-05, -1.5933e-04, -1.2959e-04],
          [ 7.4388e-05,  1.0462e-04,  6.9853e-06, -1.1139e-04, -1.1892e-04],
          [ 1.4702e-04,  1.1675e-04, -1.7532e-06, -1.3969e-04, -1.3886e-05],
          [ 1.2786e-04,  6.8134e-05, -6.9915e-05, -1.2349e-04,  6.8870e-05]]],


        [[[-4.8217e-04, -5.4401e-04, -5.7938e-04, -4.5105e-04, -3.8898e-04],
          [-5.7436e-04, -5.7715e-04, -5.6793e-04, -4.3290e-04, -3.5292e-04],
          [-6.8927e-04, -6.1962e-04, -6.2903e-04, -5.3888e-04, -4.8054e-04],
          [-6.9031e-04, -5.9500e-04, -6.8671e-04, -5.9631e-04, -5.1846e-04],
          [-6.5112e-04, -6.4387e-04, -7.5621e-04, -6.3747e-04, -5.2872e-04]],

         [[-3.2174e-04, -3.7627e-04, -4.2079e-04, -3.1050e-04, -2.5915e-04],
          [-4.1995e-04, -4.2047e-04, -4.2041e-04, -2.8455e-04, -2.1044e-04],
          [-5.2684e-04, -4.5444e-04, -4.7548e-04, -3.7635e-04, -3.2995e-04],
          [-5.3798e-04, -4.2729e-04, -5.2115e-04, -4.2225e-04, -3.7519e-04],
          [-5.0440e-04, -4.7833e-04, -5.9129e-04, -4.7667e-04, -4.1600e-04]],

         [[-1.5335e-04, -1.9304e-04, -2.4960e-04, -1.7163e-04, -1.4710e-04],
          [-2.5554e-04, -2.5517e-04, -2.5620e-04, -1.3090e-04, -8.4502e-05],
          [-3.3485e-04, -2.9292e-04, -3.1086e-04, -1.8064e-04, -1.4036e-04],
          [-3.2461e-04, -2.3664e-04, -3.0800e-04, -1.7668e-04, -1.3918e-04],
          [-2.7945e-04, -2.2638e-04, -3.0225e-04, -2.0573e-04, -1.7723e-04]]],


        [[[-3.4359e-04, -3.8740e-04, -3.4077e-04, -2.8875e-04, -2.1488e-04],
          [-4.1037e-04, -4.1226e-04, -3.5512e-04, -2.8951e-04, -2.2603e-04],
          [-4.0706e-04, -3.8991e-04, -3.5487e-04, -2.7005e-04, -2.2612e-04],
          [-4.1750e-04, -4.0592e-04, -2.2513e-04, -2.0246e-04, -2.2078e-04],
          [-6.1072e-04, -5.4213e-04, -3.2382e-04, -3.7081e-04, -3.4687e-04]],

         [[-2.9773e-04, -3.1155e-04, -2.6569e-04, -2.1933e-04, -1.5643e-04],
          [-3.1990e-04, -3.1602e-04, -2.8314e-04, -2.2282e-04, -1.5139e-04],
          [-2.9127e-04, -2.8782e-04, -2.9495e-04, -2.2612e-04, -1.8583e-04],
          [-3.1323e-04, -3.1109e-04, -1.5594e-04, -1.5117e-04, -1.8721e-04],
          [-5.0500e-04, -4.3882e-04, -2.2592e-04, -3.0110e-04, -3.0611e-04]],

         [[-2.5052e-04, -2.8528e-04, -2.5433e-04, -2.0330e-04, -1.3600e-04],
          [-2.6528e-04, -2.8436e-04, -2.9228e-04, -2.2455e-04, -1.2583e-04],
          [-2.5307e-04, -2.6143e-04, -3.1736e-04, -2.4055e-04, -1.7646e-04],
          [-2.8670e-04, -2.9185e-04, -1.6606e-04, -1.4717e-04, -1.6657e-04],
          [-4.5640e-04, -3.9258e-04, -1.7874e-04, -2.5085e-04, -2.6257e-04]]],


        [[[ 4.5109e-04,  5.4363e-04,  4.7602e-04,  4.0674e-04,  4.3135e-04],
          [ 4.4314e-04,  4.8508e-04,  4.0558e-04,  4.2383e-04,  4.9268e-04],
          [ 5.2606e-04,  5.2638e-04,  4.9627e-04,  5.4060e-04,  5.9972e-04],
          [ 5.6534e-04,  5.4244e-04,  4.8753e-04,  4.8624e-04,  5.6445e-04],
          [ 5.2908e-04,  5.3884e-04,  4.6391e-04,  4.3952e-04,  5.1570e-04]],

         [[ 3.5311e-04,  4.5426e-04,  4.1316e-04,  3.4330e-04,  3.7595e-04],
          [ 3.5134e-04,  3.9535e-04,  3.2623e-04,  3.5807e-04,  4.4813e-04],
          [ 4.2684e-04,  4.2852e-04,  3.9859e-04,  4.6489e-04,  5.5528e-04],
          [ 4.7559e-04,  4.5255e-04,  3.9365e-04,  4.0859e-04,  5.2193e-04],
          [ 4.5011e-04,  4.5820e-04,  3.8131e-04,  3.7037e-04,  4.7907e-04]],

         [[ 2.9971e-04,  3.6045e-04,  3.2307e-04,  2.6980e-04,  2.7276e-04],
          [ 2.8020e-04,  2.8533e-04,  2.2993e-04,  2.9215e-04,  3.6464e-04],
          [ 3.3180e-04,  2.9843e-04,  2.9423e-04,  4.0484e-04,  4.6768e-04],
          [ 3.7768e-04,  3.3692e-04,  3.0798e-04,  3.6167e-04,  4.4807e-04],
          [ 3.4228e-04,  3.4388e-04,  2.9768e-04,  3.1992e-04,  4.0474e-04]]]]), tensor([-0.0001,  0.0005, -0.0008, -0.0013, -0.0012, -0.0015, -0.0005,  0.0006,
         0.0002, -0.0011, -0.0005,  0.0007]), tensor([[[[ 8.4859e-04,  7.6067e-04,  7.9433e-04,  8.8636e-04,  1.2305e-03],
          [ 6.9328e-04,  7.3797e-04,  7.1462e-04,  7.5956e-04,  1.0475e-03],
          [ 1.1293e-03,  1.0740e-03,  1.2315e-03,  1.2153e-03,  1.3138e-03],
          [ 1.1467e-03,  1.2173e-03,  1.2999e-03,  1.1631e-03,  1.3398e-03],
          [ 1.4379e-03,  1.2962e-03,  1.3514e-03,  1.1799e-03,  1.0440e-03]],

         [[ 7.5058e-04,  8.0586e-04,  7.8668e-04,  6.8159e-04,  1.3463e-03],
          [ 7.9649e-04,  8.9975e-04,  8.4690e-04,  8.8995e-04,  1.3346e-03],
          [ 1.1340e-03,  1.1116e-03,  1.2195e-03,  1.3299e-03,  1.5223e-03],
          [ 1.1055e-03,  1.2553e-03,  1.3387e-03,  1.3119e-03,  1.5086e-03],
          [ 1.3187e-03,  1.5308e-03,  1.3377e-03,  1.3164e-03,  1.1399e-03]],

         [[ 1.1065e-03,  9.1836e-04,  8.8099e-04,  1.0563e-03,  1.3781e-03],
          [ 6.0525e-04,  5.1495e-04,  6.4964e-04,  7.1837e-04,  9.7492e-04],
          [ 1.0377e-03,  1.0054e-03,  1.1980e-03,  1.2542e-03,  1.2956e-03],
          [ 1.1945e-03,  1.0393e-03,  1.2768e-03,  1.0165e-03,  1.3047e-03],
          [ 1.5155e-03,  1.3220e-03,  1.3165e-03,  1.2601e-03,  1.1225e-03]],

         ...,

         [[ 8.8824e-04,  8.7330e-04,  9.4428e-04,  8.9448e-04,  1.2880e-03],
          [ 8.0477e-04,  7.8901e-04,  6.9945e-04,  7.8058e-04,  1.1950e-03],
          [ 1.1940e-03,  1.1905e-03,  1.2209e-03,  1.1918e-03,  1.3624e-03],
          [ 1.2281e-03,  1.3381e-03,  1.2237e-03,  1.2677e-03,  1.3902e-03],
          [ 1.4118e-03,  1.4046e-03,  1.3261e-03,  1.3077e-03,  1.0581e-03]],

         [[ 9.1704e-04,  6.6509e-04,  6.1525e-04,  8.5246e-04,  1.2424e-03],
          [ 8.8630e-04,  6.7790e-04,  8.3898e-04,  8.6403e-04,  1.1072e-03],
          [ 1.3190e-03,  1.0857e-03,  1.3594e-03,  1.3326e-03,  1.4240e-03],
          [ 1.3384e-03,  1.1426e-03,  1.4207e-03,  1.2709e-03,  1.5504e-03],
          [ 1.6441e-03,  1.3646e-03,  1.3653e-03,  1.4409e-03,  1.1079e-03]],

         [[ 1.0710e-03,  1.1777e-03,  1.0669e-03,  1.0361e-03,  1.5962e-03],
          [ 1.0510e-03,  1.1646e-03,  1.1077e-03,  1.0192e-03,  1.6633e-03],
          [ 1.2240e-03,  1.3698e-03,  1.4123e-03,  1.4261e-03,  1.8084e-03],
          [ 1.2330e-03,  1.2502e-03,  1.4100e-03,  1.4200e-03,  1.7334e-03],
          [ 1.4594e-03,  1.5856e-03,  1.5040e-03,  1.4694e-03,  1.3477e-03]]],


        [[[ 1.4195e-06, -2.7099e-04, -7.0266e-04, -6.6911e-04, -2.1126e-04],
          [-1.2306e-04, -2.1088e-04, -7.6130e-04, -7.0154e-04, -2.2864e-04],
          [-8.1839e-04, -9.2064e-04, -1.6109e-03, -1.7027e-03, -1.2088e-03],
          [-8.2038e-04, -9.3748e-04, -1.5740e-03, -1.6629e-03, -1.0890e-03],
          [-4.2072e-04, -4.1569e-04, -1.3238e-03, -1.2639e-03, -1.0168e-03]],

         [[-5.0920e-04, -5.3121e-04, -9.7670e-04, -1.0532e-03, -2.4161e-04],
          [-3.8933e-04, -3.8479e-04, -9.0563e-04, -8.1906e-04, -3.3688e-04],
          [-1.0072e-03, -9.4972e-04, -1.8873e-03, -1.6636e-03, -1.2226e-03],
          [-9.9502e-04, -9.8695e-04, -1.7003e-03, -1.7799e-03, -1.1997e-03],
          [-5.6448e-04, -5.0895e-04, -1.3137e-03, -1.4487e-03, -1.1222e-03]],

         [[-1.3941e-05, -1.1393e-04, -6.4552e-04, -5.2145e-04, -8.3264e-05],
          [-1.6597e-04, -3.5192e-04, -7.7274e-04, -8.5115e-04, -1.6703e-04],
          [-6.4798e-04, -8.7369e-04, -1.6087e-03, -1.6780e-03, -1.3100e-03],
          [-6.8678e-04, -7.3452e-04, -1.5568e-03, -1.5622e-03, -1.1425e-03],
          [-3.3610e-04, -4.2644e-04, -1.4191e-03, -1.3568e-03, -1.0838e-03]],

         ...,

         [[-9.6076e-05, -1.3983e-04, -5.8827e-04, -6.4874e-04, -3.2756e-04],
          [-1.1339e-04, -1.5129e-04, -7.9806e-04, -6.6009e-04, -3.0986e-04],
          [-7.7868e-04, -7.9072e-04, -1.6740e-03, -1.6251e-03, -1.3153e-03],
          [-8.8142e-04, -1.0704e-03, -1.6428e-03, -1.6765e-03, -1.1298e-03],
          [-5.1230e-04, -5.3746e-04, -1.3405e-03, -1.3619e-03, -9.6861e-04]],

         [[ 6.9503e-05, -2.0842e-04, -8.3144e-04, -6.8931e-04, -1.7811e-04],
          [-1.8764e-04, -2.8274e-04, -7.5392e-04, -7.7677e-04, -8.1095e-05],
          [-6.6707e-04, -1.0182e-03, -1.6574e-03, -1.7568e-03, -1.2971e-03],
          [-7.1972e-04, -8.6891e-04, -1.7675e-03, -1.7146e-03, -1.2494e-03],
          [-2.9813e-04, -4.1190e-04, -1.4610e-03, -1.2273e-03, -1.0512e-03]],

         [[-7.2539e-04, -5.5434e-04, -1.1341e-03, -1.1371e-03, -2.0036e-04],
          [-6.7568e-04, -5.9226e-04, -1.0579e-03, -1.1173e-03, -2.3300e-04],
          [-1.2351e-03, -1.1804e-03, -1.9900e-03, -2.0281e-03, -1.3599e-03],
          [-1.1109e-03, -1.0047e-03, -1.9344e-03, -1.9722e-03, -1.4601e-03],
          [-5.3310e-04, -4.7898e-04, -1.4836e-03, -1.6120e-03, -1.2410e-03]]],


        [[[-1.6838e-03, -1.6499e-03, -1.6419e-03, -1.6954e-03, -1.0716e-03],
          [-1.6091e-03, -1.5479e-03, -1.5952e-03, -1.6855e-03, -1.0855e-03],
          [-2.0373e-03, -2.0942e-03, -2.2300e-03, -2.2742e-03, -1.5522e-03],
          [-1.9890e-03, -2.0328e-03, -2.2088e-03, -2.3040e-03, -1.5233e-03],
          [-1.9737e-03, -2.0951e-03, -2.4404e-03, -2.4852e-03, -1.9870e-03]],

         [[-1.9905e-03, -2.0286e-03, -1.9811e-03, -2.0211e-03, -1.2897e-03],
          [-2.0636e-03, -2.1020e-03, -2.1280e-03, -1.9952e-03, -1.2684e-03],
          [-2.6085e-03, -2.5913e-03, -2.6280e-03, -2.5982e-03, -1.6694e-03],
          [-2.5641e-03, -2.4163e-03, -2.5611e-03, -2.7142e-03, -1.8107e-03],
          [-2.4392e-03, -2.4261e-03, -2.8496e-03, -2.9092e-03, -2.2871e-03]],

         [[-1.7521e-03, -1.7088e-03, -1.7144e-03, -1.7655e-03, -1.1070e-03],
          [-1.7724e-03, -1.5891e-03, -1.4621e-03, -1.4786e-03, -9.7400e-04],
          [-2.0366e-03, -1.9921e-03, -2.2285e-03, -2.2197e-03, -1.5136e-03],
          [-1.8155e-03, -2.0347e-03, -2.3504e-03, -2.3841e-03, -1.4590e-03],
          [-1.8857e-03, -1.9671e-03, -2.3720e-03, -2.3774e-03, -2.0322e-03]],

         ...,

         [[-1.6225e-03, -1.6412e-03, -1.6456e-03, -1.6930e-03, -1.0557e-03],
          [-1.5934e-03, -1.5274e-03, -1.6066e-03, -1.6947e-03, -1.0757e-03],
          [-2.0402e-03, -2.0193e-03, -2.3021e-03, -2.4014e-03, -1.6515e-03],
          [-2.0398e-03, -2.0509e-03, -2.2987e-03, -2.3641e-03, -1.5852e-03],
          [-2.0297e-03, -2.0214e-03, -2.4520e-03, -2.4632e-03, -2.0423e-03]],

         [[-1.8208e-03, -1.6515e-03, -1.6962e-03, -1.7417e-03, -1.0781e-03],
          [-1.7100e-03, -1.5716e-03, -1.6459e-03, -1.7436e-03, -1.2102e-03],
          [-2.1185e-03, -2.1182e-03, -2.4033e-03, -2.2564e-03, -1.5528e-03],
          [-2.1325e-03, -2.2406e-03, -2.3396e-03, -2.2786e-03, -1.4301e-03],
          [-2.1086e-03, -2.1669e-03, -2.6391e-03, -2.5802e-03, -2.1605e-03]],

         [[-2.5447e-03, -2.5750e-03, -2.5350e-03, -2.4907e-03, -1.6299e-03],
          [-2.5816e-03, -2.6669e-03, -2.5491e-03, -2.4477e-03, -1.5182e-03],
          [-3.2452e-03, -3.2230e-03, -3.2207e-03, -3.1590e-03, -1.9223e-03],
          [-3.1801e-03, -3.1467e-03, -3.2180e-03, -3.1770e-03, -2.0461e-03],
          [-2.9571e-03, -2.9218e-03, -3.3416e-03, -3.3825e-03, -2.7182e-03]]],


        ...,


        [[[ 8.8297e-04,  9.5490e-04,  1.0568e-03,  1.1705e-03,  1.0635e-03],
          [ 8.9540e-04,  9.0214e-04,  9.9294e-04,  1.0231e-03,  1.0147e-03],
          [ 8.0592e-04,  7.9338e-04,  9.7247e-04,  9.5223e-04,  1.1169e-03],
          [ 7.8507e-04,  6.6428e-04,  8.7931e-04,  9.2242e-04,  1.1240e-03],
          [ 4.8307e-04,  4.8919e-04,  4.6541e-04,  5.5018e-04,  1.0131e-03]],

         [[ 1.0560e-03,  1.0535e-03,  1.2165e-03,  1.2447e-03,  1.1243e-03],
          [ 9.2379e-04,  8.5075e-04,  1.1197e-03,  1.2712e-03,  1.1766e-03],
          [ 9.1559e-04,  9.2960e-04,  1.1383e-03,  1.2020e-03,  1.4162e-03],
          [ 8.7054e-04,  9.3532e-04,  1.1290e-03,  1.1372e-03,  1.3806e-03],
          [ 8.5052e-04,  8.0711e-04,  7.2795e-04,  6.7842e-04,  1.1794e-03]],

         [[ 7.1356e-04,  8.6717e-04,  1.0702e-03,  1.0725e-03,  1.1232e-03],
          [ 7.8239e-04,  9.4457e-04,  1.2051e-03,  1.0998e-03,  9.8660e-04],
          [ 8.3043e-04,  8.2509e-04,  1.0407e-03,  9.9289e-04,  1.2457e-03],
          [ 9.6636e-04,  8.3126e-04,  8.7603e-04,  9.4250e-04,  1.1889e-03],
          [ 5.6666e-04,  4.3651e-04,  3.8417e-04,  4.2029e-04,  9.7097e-04]],

         ...,

         [[ 8.2342e-04,  7.9114e-04,  1.1223e-03,  1.1537e-03,  1.1533e-03],
          [ 9.2443e-04,  1.0064e-03,  1.0101e-03,  1.0705e-03,  1.0976e-03],
          [ 7.5925e-04,  7.3088e-04,  8.8850e-04,  9.3044e-04,  1.2173e-03],
          [ 7.0158e-04,  7.2519e-04,  8.7937e-04,  9.0718e-04,  1.0907e-03],
          [ 4.3571e-04,  4.2326e-04,  4.8269e-04,  5.4848e-04,  9.8337e-04]],

         [[ 9.1903e-04,  1.0878e-03,  1.1959e-03,  1.1217e-03,  1.1395e-03],
          [ 9.2521e-04,  1.0732e-03,  1.1615e-03,  9.7762e-04,  8.9039e-04],
          [ 7.4826e-04,  1.0172e-03,  1.0944e-03,  9.8845e-04,  1.0742e-03],
          [ 8.5461e-04,  8.3084e-04,  8.5872e-04,  1.0226e-03,  1.2022e-03],
          [ 3.9634e-04,  5.4591e-04,  4.7204e-04,  4.8317e-04,  1.1245e-03]],

         [[ 1.1596e-03,  1.1817e-03,  1.3888e-03,  1.3818e-03,  1.1891e-03],
          [ 1.0834e-03,  1.0808e-03,  1.4254e-03,  1.4715e-03,  1.3451e-03],
          [ 1.1131e-03,  1.0103e-03,  1.4175e-03,  1.5087e-03,  1.6336e-03],
          [ 1.1266e-03,  1.0479e-03,  1.4284e-03,  1.4779e-03,  1.6460e-03],
          [ 1.0849e-03,  9.7421e-04,  9.0864e-04,  8.6117e-04,  1.3898e-03]]],


        [[[-1.4112e-03, -1.3593e-03, -1.3638e-03, -1.3106e-03, -1.0142e-03],
          [-1.5897e-03, -1.3842e-03, -1.4005e-03, -1.4153e-03, -1.0515e-03],
          [-2.1727e-03, -2.0539e-03, -1.8102e-03, -1.7328e-03, -1.2479e-03],
          [-2.0932e-03, -2.0190e-03, -1.7553e-03, -1.7371e-03, -1.2307e-03],
          [-2.2694e-03, -2.2122e-03, -2.0084e-03, -1.9690e-03, -1.6965e-03]],

         [[-1.5613e-03, -1.7562e-03, -1.6693e-03, -1.7069e-03, -1.3220e-03],
          [-1.7010e-03, -1.6580e-03, -1.7093e-03, -1.6357e-03, -1.2241e-03],
          [-2.2184e-03, -2.1886e-03, -2.0021e-03, -1.9551e-03, -1.4077e-03],
          [-2.2043e-03, -2.2765e-03, -2.0252e-03, -2.1628e-03, -1.4524e-03],
          [-2.5912e-03, -2.6888e-03, -2.4472e-03, -2.4490e-03, -2.1327e-03]],

         [[-1.4370e-03, -1.2919e-03, -1.2317e-03, -1.1348e-03, -8.8917e-04],
          [-1.5955e-03, -1.2657e-03, -1.3030e-03, -1.2043e-03, -1.0820e-03],
          [-2.1137e-03, -2.0502e-03, -1.8907e-03, -1.7996e-03, -1.3172e-03],
          [-2.1355e-03, -1.9873e-03, -1.7518e-03, -1.7837e-03, -1.2430e-03],
          [-2.5120e-03, -2.3640e-03, -2.0839e-03, -1.9818e-03, -1.6800e-03]],

         ...,

         [[-1.3284e-03, -1.2744e-03, -1.2950e-03, -1.2144e-03, -9.7604e-04],
          [-1.4975e-03, -1.3475e-03, -1.3877e-03, -1.3912e-03, -1.0345e-03],
          [-2.1790e-03, -2.0730e-03, -1.8579e-03, -1.8343e-03, -1.1925e-03],
          [-2.1053e-03, -2.0637e-03, -1.7541e-03, -1.7532e-03, -1.1615e-03],
          [-2.2750e-03, -2.2644e-03, -1.9794e-03, -1.9404e-03, -1.6513e-03]],

         [[-1.6922e-03, -1.4094e-03, -1.5243e-03, -1.4632e-03, -1.1855e-03],
          [-1.7441e-03, -1.4629e-03, -1.6106e-03, -1.4338e-03, -1.2279e-03],
          [-2.3483e-03, -2.2803e-03, -2.0194e-03, -1.8551e-03, -1.2804e-03],
          [-2.2373e-03, -2.1538e-03, -1.8424e-03, -1.9050e-03, -1.3300e-03],
          [-2.5322e-03, -2.2422e-03, -2.1497e-03, -2.1447e-03, -1.8454e-03]],

         [[-1.9369e-03, -2.0285e-03, -2.0975e-03, -2.1362e-03, -1.7251e-03],
          [-1.8879e-03, -2.0348e-03, -2.0044e-03, -2.0136e-03, -1.7175e-03],
          [-2.5159e-03, -2.6254e-03, -2.4282e-03, -2.4588e-03, -1.8513e-03],
          [-2.5919e-03, -2.6679e-03, -2.5641e-03, -2.5271e-03, -1.9128e-03],
          [-3.1073e-03, -3.1925e-03, -3.0403e-03, -2.9956e-03, -2.6652e-03]]],


        [[[ 2.9860e-03,  2.9871e-03,  2.8955e-03,  2.7450e-03,  2.4591e-03],
          [ 2.9245e-03,  2.8784e-03,  2.7704e-03,  2.6210e-03,  2.2754e-03],
          [ 2.9258e-03,  2.8901e-03,  2.8208e-03,  2.9151e-03,  2.7808e-03],
          [ 2.8609e-03,  2.8097e-03,  2.7951e-03,  2.7931e-03,  2.6361e-03],
          [ 2.5015e-03,  2.3091e-03,  2.5442e-03,  2.3919e-03,  2.3653e-03]],

         [[ 3.2525e-03,  3.2306e-03,  3.1261e-03,  3.1629e-03,  2.5932e-03],
          [ 3.2231e-03,  3.3902e-03,  3.3264e-03,  3.1032e-03,  2.7405e-03],
          [ 3.3311e-03,  3.4728e-03,  3.4827e-03,  3.3329e-03,  3.2489e-03],
          [ 3.2713e-03,  3.3419e-03,  3.3001e-03,  3.5215e-03,  3.2947e-03],
          [ 2.7780e-03,  2.8380e-03,  2.9181e-03,  2.9637e-03,  3.0099e-03]],

         [[ 3.0544e-03,  3.1061e-03,  3.0413e-03,  2.9281e-03,  2.4790e-03],
          [ 3.1148e-03,  3.0567e-03,  2.7237e-03,  2.7753e-03,  2.3310e-03],
          [ 2.9883e-03,  2.9125e-03,  2.9076e-03,  2.9266e-03,  2.8632e-03],
          [ 2.9628e-03,  2.7129e-03,  3.0256e-03,  2.8603e-03,  2.5797e-03],
          [ 2.4883e-03,  2.3289e-03,  2.5390e-03,  2.3837e-03,  2.4266e-03]],

         ...,

         [[ 3.0785e-03,  3.1209e-03,  2.8999e-03,  2.9206e-03,  2.4889e-03],
          [ 2.9549e-03,  2.9352e-03,  2.8047e-03,  2.6836e-03,  2.3692e-03],
          [ 2.8401e-03,  2.7855e-03,  2.8835e-03,  2.9105e-03,  2.7840e-03],
          [ 2.8562e-03,  2.9477e-03,  2.7373e-03,  2.7875e-03,  2.7086e-03],
          [ 2.3973e-03,  2.3157e-03,  2.4029e-03,  2.3987e-03,  2.4683e-03]],

         [[ 3.1284e-03,  3.0894e-03,  3.0064e-03,  2.9567e-03,  2.5482e-03],
          [ 3.1344e-03,  3.0302e-03,  2.7402e-03,  2.9670e-03,  2.5103e-03],
          [ 3.1131e-03,  3.0269e-03,  2.9842e-03,  3.1524e-03,  2.9223e-03],
          [ 3.2246e-03,  2.8898e-03,  3.2035e-03,  2.9463e-03,  2.7661e-03],
          [ 2.8217e-03,  2.5710e-03,  2.8325e-03,  2.6056e-03,  2.5216e-03]],

         [[ 3.8067e-03,  3.8702e-03,  3.6525e-03,  3.6142e-03,  3.2306e-03],
          [ 3.9480e-03,  3.9840e-03,  3.7840e-03,  3.7703e-03,  3.2627e-03],
          [ 3.9496e-03,  4.0597e-03,  4.1293e-03,  4.0318e-03,  3.8790e-03],
          [ 3.8551e-03,  4.0488e-03,  4.1658e-03,  4.1281e-03,  4.0009e-03],
          [ 3.2921e-03,  3.4935e-03,  3.6506e-03,  3.7251e-03,  3.6252e-03]]]]), tensor([ 0.0027, -0.0037, -0.0055, -0.0050,  0.0026, -0.0075,  0.0136,  0.0050,
        -0.0013,  0.0024, -0.0043,  0.0069]), tensor([[[[-5.2950e-04,  1.4088e-03,  7.1054e-03,  6.5988e-03,  2.4319e-03],
          [-7.6584e-04,  3.4710e-03,  1.0779e-02,  8.7324e-03,  1.3779e-03],
          [-5.3627e-03, -4.5492e-04,  7.9447e-03,  7.6538e-03,  1.4907e-03],
          [-3.6920e-03, -1.5763e-03,  8.2329e-03,  7.9411e-03, -5.6028e-04],
          [-3.9627e-03, -2.9074e-03,  3.6505e-03,  2.1482e-03, -5.7636e-03]],

         [[-6.5666e-04,  1.3189e-03,  7.4766e-03,  5.8881e-03,  2.1179e-03],
          [-4.9318e-04,  4.0043e-03,  1.2171e-02,  9.3346e-03,  1.4677e-03],
          [-7.1788e-03, -1.6079e-03,  7.8614e-03,  7.5334e-03,  1.9934e-03],
          [-4.0786e-03, -1.8197e-03,  8.9552e-03,  7.3575e-03, -1.0265e-04],
          [-4.8034e-03, -3.3735e-03,  3.6943e-03,  8.8304e-04, -5.7514e-03]],

         [[-6.9098e-04,  1.3584e-03,  8.3037e-03,  8.6643e-03,  3.1557e-03],
          [-6.1054e-04,  3.9527e-03,  1.3090e-02,  1.1446e-02,  1.8682e-03],
          [-7.3996e-03, -1.6197e-03,  8.9548e-03,  1.0074e-02,  2.2509e-03],
          [-5.4103e-03, -2.4479e-03,  9.3209e-03,  1.0002e-02, -3.2185e-04],
          [-5.8774e-03, -4.2946e-03,  3.5277e-03,  2.1166e-03, -7.1300e-03]],

         ...,

         [[-7.5845e-04,  1.6111e-03,  9.1195e-03,  1.0182e-02,  4.0469e-03],
          [-6.6140e-04,  4.0161e-03,  1.3624e-02,  1.2674e-02,  2.2814e-03],
          [-7.1808e-03, -1.7085e-03,  9.4320e-03,  1.1277e-02,  2.6760e-03],
          [-6.1597e-03, -2.9745e-03,  9.1582e-03,  1.0914e-02, -4.3007e-04],
          [-6.7738e-03, -4.9255e-03,  3.2101e-03,  2.3036e-03, -8.2871e-03]],

         [[-7.2384e-04,  1.5370e-03,  9.1909e-03,  8.4006e-03,  3.3199e-03],
          [-7.6003e-04,  4.4707e-03,  1.3941e-02,  1.1541e-02,  1.7939e-03],
          [-7.5907e-03, -1.2529e-03,  9.6957e-03,  9.8284e-03,  2.1715e-03],
          [-5.1751e-03, -2.1202e-03,  1.0451e-02,  9.5496e-03, -3.9763e-04],
          [-5.8705e-03, -4.4190e-03,  4.1179e-03,  1.7904e-03, -7.1402e-03]],

         [[-5.6978e-04,  1.2544e-03,  7.7695e-03,  6.7100e-03,  2.5294e-03],
          [-5.3779e-04,  4.0322e-03,  1.2307e-02,  9.8829e-03,  1.7777e-03],
          [-7.0976e-03, -1.3920e-03,  8.0737e-03,  7.9276e-03,  2.3045e-03],
          [-4.3086e-03, -1.6880e-03,  9.3934e-03,  8.2908e-03,  1.2927e-04],
          [-4.6477e-03, -3.4082e-03,  3.8555e-03,  1.5069e-03, -5.8927e-03]]],


        [[[-2.9715e-03, -7.6250e-03, -3.4337e-03, -8.5048e-03, -1.0353e-02],
          [-1.0973e-02, -1.9403e-02, -1.6450e-02, -2.0593e-02, -1.9296e-02],
          [-1.9437e-02, -2.5157e-02, -2.1208e-02, -2.4133e-02, -1.9952e-02],
          [-1.6577e-02, -1.9968e-02, -1.9589e-02, -1.7591e-02, -1.3917e-02],
          [-2.3330e-02, -2.4940e-02, -2.5667e-02, -2.4177e-02, -1.8288e-02]],

         [[-1.7184e-03, -6.8647e-03, -3.8296e-03, -9.0699e-03, -1.1212e-02],
          [-1.4530e-02, -2.3507e-02, -2.1753e-02, -2.5910e-02, -2.4060e-02],
          [-2.3104e-02, -2.9374e-02, -2.5421e-02, -2.6919e-02, -2.1972e-02],
          [-1.8874e-02, -2.2603e-02, -2.1906e-02, -1.9595e-02, -1.5410e-02],
          [-2.6186e-02, -2.8168e-02, -2.8678e-02, -2.6354e-02, -1.9983e-02]],

         [[-3.2164e-03, -9.0937e-03, -5.8507e-03, -1.1538e-02, -1.4209e-02],
          [-1.5172e-02, -2.4768e-02, -2.3453e-02, -2.8371e-02, -2.6703e-02],
          [-2.6393e-02, -3.3210e-02, -2.9878e-02, -3.2578e-02, -2.6868e-02],
          [-2.2170e-02, -2.6401e-02, -2.6289e-02, -2.3399e-02, -1.8361e-02],
          [-3.1101e-02, -3.3664e-02, -3.4952e-02, -3.2521e-02, -2.4701e-02]],

         ...,

         [[-3.9374e-03, -1.0650e-02, -7.3831e-03, -1.3314e-02, -1.6137e-02],
          [-1.5535e-02, -2.5593e-02, -2.4674e-02, -2.9869e-02, -2.8392e-02],
          [-2.8191e-02, -3.5289e-02, -3.2689e-02, -3.5946e-02, -2.9726e-02],
          [-2.4754e-02, -2.9045e-02, -2.9412e-02, -2.6135e-02, -2.0651e-02],
          [-3.4219e-02, -3.7140e-02, -3.8143e-02, -3.5925e-02, -2.7375e-02]],

         [[-3.5139e-03, -9.5089e-03, -5.5978e-03, -1.1811e-02, -1.4250e-02],
          [-1.5546e-02, -2.6015e-02, -2.4042e-02, -2.9166e-02, -2.7543e-02],
          [-2.6898e-02, -3.4309e-02, -3.0061e-02, -3.2708e-02, -2.6992e-02],
          [-2.2719e-02, -2.7267e-02, -2.6759e-02, -2.3848e-02, -1.8761e-02],
          [-3.1938e-02, -3.4389e-02, -3.5318e-02, -3.2521e-02, -2.4692e-02]],

         [[-2.2878e-03, -7.4603e-03, -4.1603e-03, -9.5933e-03, -1.1591e-02],
          [-1.4483e-02, -2.3377e-02, -2.1873e-02, -2.6115e-02, -2.4372e-02],
          [-2.3542e-02, -3.0263e-02, -2.6038e-02, -2.8349e-02, -2.3402e-02],
          [-1.8871e-02, -2.2756e-02, -2.2334e-02, -1.9639e-02, -1.5615e-02],
          [-2.7208e-02, -2.9407e-02, -3.0230e-02, -2.8033e-02, -2.1244e-02]]],


        [[[-7.7994e-03, -6.4848e-03, -3.7420e-03,  5.0529e-03,  5.6481e-03],
          [-1.0324e-02, -7.6299e-03, -6.8348e-03,  4.8376e-03,  7.4722e-03],
          [-1.5529e-02, -1.0841e-02, -7.3379e-03,  5.3830e-03,  6.7057e-03],
          [-1.6893e-02, -9.3313e-03, -7.2438e-03,  4.2958e-03,  5.6869e-03],
          [-1.5576e-02, -1.1107e-02, -1.2285e-02,  3.5118e-04,  4.8626e-03]],

         [[-9.8712e-03, -8.5584e-03, -4.3056e-03,  4.8060e-03,  6.2673e-03],
          [-1.2327e-02, -9.1003e-03, -6.3296e-03,  5.8574e-03,  9.7110e-03],
          [-1.8090e-02, -1.3395e-02, -7.0470e-03,  6.2879e-03,  7.9541e-03],
          [-1.8991e-02, -1.0697e-02, -6.8158e-03,  4.7600e-03,  7.1411e-03],
          [-1.7616e-02, -1.3122e-02, -1.2088e-02,  1.0724e-03,  5.5777e-03]],

         [[-1.0938e-02, -9.3793e-03, -5.2607e-03,  6.9164e-03,  8.2454e-03],
          [-1.4432e-02, -1.1042e-02, -8.6016e-03,  6.8437e-03,  1.0689e-02],
          [-2.0904e-02, -1.6039e-02, -9.6780e-03,  7.3202e-03,  9.2129e-03],
          [-2.2336e-02, -1.3803e-02, -9.1957e-03,  5.8017e-03,  8.0776e-03],
          [-2.0677e-02, -1.5802e-02, -1.5391e-02,  9.4677e-04,  6.7526e-03]],

         ...,

         [[-1.1516e-02, -9.8747e-03, -5.5883e-03,  8.3554e-03,  9.4833e-03],
          [-1.5832e-02, -1.2094e-02, -9.7172e-03,  7.5677e-03,  1.1595e-02],
          [-2.2930e-02, -1.7276e-02, -1.0812e-02,  8.2277e-03,  1.0576e-02],
          [-2.4617e-02, -1.6013e-02, -1.0609e-02,  6.5761e-03,  8.8371e-03],
          [-2.2933e-02, -1.8015e-02, -1.7359e-02,  1.0202e-03,  7.4132e-03]],

         [[-1.1061e-02, -9.4635e-03, -4.8164e-03,  7.0714e-03,  8.3323e-03],
          [-1.4541e-02, -1.0976e-02, -8.2809e-03,  6.8428e-03,  1.1077e-02],
          [-2.1326e-02, -1.5927e-02, -9.2263e-03,  7.4957e-03,  9.6132e-03],
          [-2.3014e-02, -1.3285e-02, -8.6440e-03,  5.8456e-03,  8.3058e-03],
          [-2.0953e-02, -1.5643e-02, -1.5303e-02,  1.0090e-03,  6.7660e-03]],

         [[-9.7987e-03, -8.4121e-03, -4.2687e-03,  5.4010e-03,  6.8536e-03],
          [-1.2493e-02, -9.3113e-03, -6.4079e-03,  6.1749e-03,  9.8714e-03],
          [-1.8346e-02, -1.3934e-02, -7.4275e-03,  6.7556e-03,  8.4979e-03],
          [-1.9653e-02, -1.1080e-02, -6.6303e-03,  5.4511e-03,  7.4954e-03],
          [-1.8311e-02, -1.3325e-02, -1.2476e-02,  1.2173e-03,  5.8872e-03]]],


        ...,


        [[[ 3.7456e-03,  7.4257e-03,  2.0235e-02,  1.8192e-02,  1.7560e-02],
          [ 4.8409e-04,  6.6665e-03,  2.0414e-02,  1.7991e-02,  1.7369e-02],
          [-2.1333e-03,  6.2988e-03,  2.3486e-02,  1.8502e-02,  1.8028e-02],
          [-8.9480e-03, -2.5834e-03,  1.4295e-02,  1.0774e-02,  1.0835e-02],
          [-9.4622e-03,  6.8048e-04,  1.2731e-02,  7.2052e-03,  9.8900e-03]],

         [[ 4.5681e-03,  8.2571e-03,  2.2533e-02,  2.0131e-02,  2.1359e-02],
          [ 3.6747e-04,  6.8598e-03,  2.2230e-02,  2.0212e-02,  2.1210e-02],
          [-2.8652e-03,  6.1072e-03,  2.5314e-02,  2.0591e-02,  2.2416e-02],
          [-1.0022e-02, -3.1970e-03,  1.5213e-02,  1.2016e-02,  1.4351e-02],
          [-1.0395e-02,  5.1240e-04,  1.3142e-02,  8.2816e-03,  1.2936e-02]],

         [[ 4.8378e-03,  9.2559e-03,  2.4563e-02,  2.4748e-02,  2.4638e-02],
          [ 1.0549e-03,  7.8230e-03,  2.4739e-02,  2.4443e-02,  2.4628e-02],
          [-2.0179e-03,  7.1443e-03,  2.8294e-02,  2.5286e-02,  2.5848e-02],
          [-1.1153e-02, -5.0920e-03,  1.5907e-02,  1.4709e-02,  1.5829e-02],
          [-1.1823e-02, -1.1207e-03,  1.4438e-02,  9.9565e-03,  1.4487e-02]],

         ...,

         [[ 5.0289e-03,  1.0006e-02,  2.6115e-02,  2.7612e-02,  2.7175e-02],
          [ 1.4091e-03,  8.5512e-03,  2.6303e-02,  2.7327e-02,  2.7161e-02],
          [-2.1882e-03,  7.1655e-03,  2.9726e-02,  2.7900e-02,  2.8204e-02],
          [-1.1988e-02, -5.9564e-03,  1.6169e-02,  1.6361e-02,  1.7371e-02],
          [-1.2679e-02, -2.0085e-03,  1.4906e-02,  1.1050e-02,  1.5726e-02]],

         [[ 5.0361e-03,  9.7009e-03,  2.6351e-02,  2.4758e-02,  2.5283e-02],
          [ 1.0930e-03,  8.4133e-03,  2.6421e-02,  2.4911e-02,  2.4991e-02],
          [-2.5670e-03,  7.7028e-03,  3.0040e-02,  2.5260e-02,  2.6208e-02],
          [-1.1763e-02, -4.6377e-03,  1.7880e-02,  1.4772e-02,  1.6529e-02],
          [-1.2332e-02, -4.2246e-05,  1.5748e-02,  1.0225e-02,  1.4953e-02]],

         [[ 4.6157e-03,  8.6080e-03,  2.3108e-02,  2.1148e-02,  2.2050e-02],
          [ 6.9996e-04,  7.0791e-03,  2.2739e-02,  2.1215e-02,  2.1917e-02],
          [-2.1157e-03,  7.1502e-03,  2.6678e-02,  2.2193e-02,  2.3532e-02],
          [-1.0131e-02, -3.8476e-03,  1.5531e-02,  1.3057e-02,  1.4683e-02],
          [-1.0864e-02,  7.4402e-05,  1.3552e-02,  8.9391e-03,  1.3408e-02]]],


        [[[-1.0171e-02, -3.0056e-03, -1.4099e-03, -5.7839e-03, -8.0614e-03],
          [-1.2860e-02, -3.8199e-03,  1.3728e-03, -3.1793e-03, -8.8154e-03],
          [-1.5860e-02, -8.2699e-03, -5.7332e-03, -6.0645e-03, -9.1880e-03],
          [-2.2558e-02, -1.2984e-02, -1.1942e-02, -8.9559e-03, -1.2260e-02],
          [-1.9837e-02, -1.3018e-02, -1.4157e-02, -1.1950e-02, -1.4563e-02]],

         [[-1.1752e-02, -4.2191e-03, -2.5143e-03, -6.1186e-03, -8.4928e-03],
          [-1.4590e-02, -5.0614e-03,  7.4324e-04, -3.8681e-03, -9.1764e-03],
          [-1.8190e-02, -1.0610e-02, -8.3630e-03, -8.2927e-03, -1.0100e-02],
          [-2.5171e-02, -1.4649e-02, -1.2994e-02, -1.0833e-02, -1.3414e-02],
          [-2.1971e-02, -1.5116e-02, -1.6073e-02, -1.3855e-02, -1.6606e-02]],

         [[-1.4004e-02, -5.5557e-03, -2.4310e-03, -7.8584e-03, -1.0308e-02],
          [-1.7256e-02, -7.1730e-03,  4.1759e-04, -4.7146e-03, -1.1544e-02],
          [-2.0795e-02, -1.3119e-02, -8.9613e-03, -8.6184e-03, -1.2269e-02],
          [-2.9326e-02, -1.9184e-02, -1.5777e-02, -1.2168e-02, -1.6058e-02],
          [-2.5283e-02, -1.8655e-02, -1.8933e-02, -1.6325e-02, -1.9772e-02]],

         ...,

         [[-1.5421e-02, -6.3708e-03, -2.8411e-03, -8.6668e-03, -1.1166e-02],
          [-1.8747e-02, -8.3469e-03, -5.4914e-05, -5.2614e-03, -1.2551e-02],
          [-2.2690e-02, -1.4795e-02, -9.4565e-03, -9.4342e-03, -1.3488e-02],
          [-3.2141e-02, -2.2280e-02, -1.8087e-02, -1.3582e-02, -1.8068e-02],
          [-2.7584e-02, -2.1467e-02, -2.1273e-02, -1.8088e-02, -2.1632e-02]],

         [[-1.3955e-02, -4.9418e-03, -2.6730e-03, -7.6089e-03, -1.0377e-02],
          [-1.7628e-02, -6.5384e-03,  6.0287e-04, -4.8080e-03, -1.1437e-02],
          [-2.1593e-02, -1.2744e-02, -9.1647e-03, -9.3174e-03, -1.2271e-02],
          [-3.0217e-02, -1.8414e-02, -1.5622e-02, -1.2439e-02, -1.6328e-02],
          [-2.6250e-02, -1.8317e-02, -1.9479e-02, -1.6689e-02, -1.9830e-02]],

         [[-1.1686e-02, -4.0482e-03, -2.3906e-03, -6.3680e-03, -8.5547e-03],
          [-1.5082e-02, -5.3028e-03,  7.6016e-04, -3.9389e-03, -9.5102e-03],
          [-1.8156e-02, -1.0692e-02, -7.8217e-03, -8.1449e-03, -1.0043e-02],
          [-2.6098e-02, -1.5653e-02, -1.3260e-02, -1.0811e-02, -1.3700e-02],
          [-2.2788e-02, -1.5552e-02, -1.6451e-02, -1.4509e-02, -1.7234e-02]]],


        [[[ 1.3598e-02,  1.6443e-02,  1.0645e-02,  6.7453e-03,  4.6399e-03],
          [ 1.3613e-02,  1.3987e-02,  9.0859e-03,  5.4398e-03,  3.4943e-03],
          [ 1.8996e-02,  1.9957e-02,  1.6029e-02,  1.1276e-02,  1.0317e-02],
          [ 1.5308e-02,  1.7177e-02,  1.4744e-02,  1.0584e-02,  1.2369e-02],
          [ 1.4501e-02,  1.8373e-02,  1.8068e-02,  1.2142e-02,  1.3032e-02]],

         [[ 1.6155e-02,  1.9321e-02,  1.2695e-02,  8.0059e-03,  4.6732e-03],
          [ 1.4871e-02,  1.5499e-02,  9.4674e-03,  5.5965e-03,  2.4584e-03],
          [ 2.1441e-02,  2.3583e-02,  1.8677e-02,  1.3775e-02,  1.1912e-02],
          [ 1.7115e-02,  1.9341e-02,  1.6150e-02,  1.2266e-02,  1.3126e-02],
          [ 1.6035e-02,  2.0715e-02,  1.9513e-02,  1.3911e-02,  1.3836e-02]],

         [[ 1.8962e-02,  2.2038e-02,  1.5439e-02,  8.8665e-03,  5.5921e-03],
          [ 1.8363e-02,  1.8908e-02,  1.3235e-02,  7.2503e-03,  4.1015e-03],
          [ 2.4907e-02,  2.7106e-02,  2.2364e-02,  1.5445e-02,  1.3371e-02],
          [ 1.9779e-02,  2.2785e-02,  1.9840e-02,  1.4194e-02,  1.6066e-02],
          [ 1.8452e-02,  2.4054e-02,  2.3925e-02,  1.6605e-02,  1.7223e-02]],

         ...,

         [[ 2.0720e-02,  2.3942e-02,  1.6964e-02,  9.4254e-03,  5.9624e-03],
          [ 2.0449e-02,  2.0906e-02,  1.5275e-02,  8.0810e-03,  4.7961e-03],
          [ 2.6898e-02,  2.9052e-02,  2.4427e-02,  1.6308e-02,  1.4319e-02],
          [ 2.1476e-02,  2.5240e-02,  2.2446e-02,  1.5850e-02,  1.7850e-02],
          [ 2.0398e-02,  2.6224e-02,  2.6578e-02,  1.8340e-02,  1.9117e-02]],

         [[ 1.9334e-02,  2.2506e-02,  1.5072e-02,  8.9364e-03,  5.6187e-03],
          [ 1.8427e-02,  1.9288e-02,  1.2677e-02,  7.3966e-03,  3.7403e-03],
          [ 2.5716e-02,  2.7509e-02,  2.2196e-02,  1.5448e-02,  1.3591e-02],
          [ 2.0527e-02,  2.3353e-02,  1.9793e-02,  1.4487e-02,  1.6095e-02],
          [ 1.9108e-02,  2.4700e-02,  2.3918e-02,  1.6950e-02,  1.7330e-02]],

         [[ 1.6578e-02,  1.9422e-02,  1.2949e-02,  7.9296e-03,  4.7770e-03],
          [ 1.5453e-02,  1.6196e-02,  1.0082e-02,  5.7808e-03,  2.7590e-03],
          [ 2.2469e-02,  2.4168e-02,  1.9428e-02,  1.3922e-02,  1.1966e-02],
          [ 1.7675e-02,  2.0012e-02,  1.6457e-02,  1.2226e-02,  1.3284e-02],
          [ 1.6558e-02,  2.1359e-02,  2.0426e-02,  1.4623e-02,  1.4633e-02]]]]), tensor([ 0.0164, -0.0531, -0.0173, -0.0529,  0.0478,  0.0254, -0.0446, -0.0389,
         0.0080,  0.0529, -0.0159,  0.0400]), tensor([[0.0304, 0.0283, 0.0292,  ..., 0.0284, 0.0275, 0.0254],
        [0.0455, 0.0423, 0.0437,  ..., 0.0425, 0.0412, 0.0379],
        [0.0259, 0.0241, 0.0248,  ..., 0.0242, 0.0234, 0.0216],
        ...,
        [0.0378, 0.0351, 0.0363,  ..., 0.0353, 0.0342, 0.0315],
        [0.0682, 0.0635, 0.0655,  ..., 0.0637, 0.0617, 0.0569],
        [0.0702, 0.0653, 0.0673,  ..., 0.0656, 0.0635, 0.0585]]), tensor([ 0.0545,  0.0814,  0.0463,  0.1125,  0.1642,  0.1111, -0.8851,  0.0676,
         0.1221,  0.1255])]
Reconstructed image shape: torch.Size([3, 32, 32])
Predicted label: tensor([6])
Final loss: 0.000010

------------------------------------------------------------
Sender: LSF System <lsfadmin@hpc.dtu.dk>
Subject: Job 27162277: <tommy0> in cluster <dcc> Done

Job <tommy0> was submitted from host <n-62-30-1> by user <s224227> in cluster <dcc> at Mon Nov 24 19:18:17 2025
Job was executed on host(s) <n-62-31-24>, in queue <hpc>, as user <s224227> in cluster <dcc> at Mon Nov 24 19:18:19 2025
</zhome/d1/b/187261> was used as the home directory.
</zhome/d1/b/187261/Desktop/Bachelor/Bachelor> was used as the working directory.
Started at Mon Nov 24 19:18:19 2025
Terminated at Mon Nov 24 19:18:32 2025
Results reported at Mon Nov 24 19:18:32 2025

Your job looked like:

------------------------------------------------------------
# LSBATCH: User input
#!/bin/bash

#BSUB -J tommy0
#BSUB -q hpc
#BSUB -W 120
#BSUB -R "rusage[mem=10G]"
#BSUB -R "select[model == XeonGold6126]"
#BSUB -R "span[hosts=1]"
#BSUB -n 1
#BSUB -o tommy0_%J.out
#BSUB -e tommy0_%J.err

# # Load Python if needed 
module load python/3.12.11  

# Activate your virtual environment
source ~/bachelor-env/bin/activate

python main_Tommy.py data/noise/noisy0_0.jpg noise_0_LeNet
# python main_Tommy.py data/noise/noisy0_0.01.jpg noise_01_LeNet
# python main_Tommy.py data/noise/noisy0_0.1.jpg noise_1_LeNet
# python main_Tommy.py data/noise/noisy0_0.2.jpg noise_2_LeNet
# python main_Tommy.py data/noise/noisy0_0.3.jpg noise_3_LeNet
# python main_Tommy.py data/noise/noisy0_0.4.jpg noise_4_LeNet
# python main_Tommy.py data/noise/noisy0_0.5.jpg noise_5_LeNet
------------------------------------------------------------

Successfully completed.

Resource usage summary:

    CPU time :                                   10.92 sec.
    Max Memory :                                 303 MB
    Average Memory :                             303.00 MB
    Total Requested Memory :                     10240.00 MB
    Delta Memory :                               9937.00 MB
    Max Swap :                                   -
    Max Processes :                              4
    Max Threads :                                5
    Run time :                                   23 sec.
    Turnaround time :                            15 sec.

The output (if any) is above this job summary.



PS:

Read file <tommy0_27162277.err> for stderr output of this job.

