Predicted label: tensor([6])
Final loss: 0.000179
Random dummy: True, dummy variance: 0.0, grads_mode: none
SSIM: 0.84924716
PSNR: 23.794163844613134
Predicted label: tensor([9])
Final loss: 0.000090
Random dummy: True, dummy variance: 0.0, grads_mode: none
SSIM: 0.9234531
PSNR: 23.123893599632105
Predicted label: tensor([9])
Final loss: 0.452461
Random dummy: True, dummy variance: 0.0, grads_mode: none
SSIM: 0.3927733
PSNR: 13.155007867371214
Predicted label: tensor([4])
Final loss: 0.000741
Random dummy: True, dummy variance: 0.0, grads_mode: none
SSIM: 0.5693026
PSNR: 19.712280115909483
Predicted label: tensor([1])
Final loss: 0.003120
Random dummy: True, dummy variance: 0.0, grads_mode: none
SSIM: 0.83000374
PSNR: 21.564354922116536
Predicted label: tensor([4])
Final loss: 0.000111
Random dummy: True, dummy variance: 0.0, grads_mode: none
SSIM: 0.57844704
PSNR: 23.730930950086947
Predicted label: tensor([7])
Final loss: 0.000028
Random dummy: True, dummy variance: 0.0, grads_mode: none
SSIM: 0.9477598
PSNR: 26.66744735907155
Predicted label: tensor([3])
Final loss: 0.000148
Random dummy: True, dummy variance: 0.0, grads_mode: none
SSIM: 0.8334865
PSNR: 22.7061183798074
Predicted label: tensor([1])
Final loss: 0.000109
Random dummy: True, dummy variance: 0.0, grads_mode: none
SSIM: 0.80877906
PSNR: 20.46166339024987
Predicted label: tensor([7])
Final loss: 0.000095
Random dummy: True, dummy variance: 0.0, grads_mode: none
SSIM: 0.8372908
PSNR: 23.92383576380538
Predicted label: tensor([7])
Final loss: 0.000134
Random dummy: True, dummy variance: 0.0, grads_mode: none
SSIM: 0.9173999
PSNR: 23.521492057189942
Predicted label: tensor([7])
Final loss: 0.000071
Random dummy: True, dummy variance: 0.0, grads_mode: none
SSIM: 0.941304
PSNR: 26.672669913186994

------------------------------------------------------------
Sender: LSF System <lsfadmin@hpc.dtu.dk>
Subject: Job 27313959: <tommy0> in cluster <dcc> Done

Job <tommy0> was submitted from host <n-62-30-1> by user <s224227> in cluster <dcc> at Sun Dec  7 01:09:41 2025
Job was executed on host(s) <n-62-31-5>, in queue <hpc>, as user <s224227> in cluster <dcc> at Sun Dec  7 01:09:41 2025
</zhome/d1/b/187261> was used as the home directory.
</zhome/d1/b/187261/Desktop/Bachelor/Bachelor> was used as the working directory.
Started at Sun Dec  7 01:09:41 2025
Terminated at Sun Dec  7 01:21:09 2025
Results reported at Sun Dec  7 01:21:09 2025

Your job looked like:

------------------------------------------------------------
# LSBATCH: User input
#!/bin/bash

#BSUB -J tommy0
#BSUB -q hpc
#BSUB -W 120
#BSUB -R "rusage[mem=10G]"
#BSUB -R "select[model == XeonGold6126]"
#BSUB -R "span[hosts=1]"
#BSUB -n 1
#BSUB -o tommy0_%J.out
#BSUB -e tommy0_%J.err

# # Load Python if needed 
module load python/3.12.11  

# Activate your virtual environment
source ~/bachelor-env/bin/activate

python main_Tommy.py None True 0.0 0 normal_img0_lr25_TV6
python main_Tommy.py None True 0.0 1 normal_img1_lr25_TV6
python main_Tommy.py None True 0.0 2 normal_img2_lr25_TV6
python main_Tommy.py None True 0.0 3 normal_img3_lr25_TV6
python main_Tommy.py None True 0.0 4 normal_img4_lr25_TV6
python main_Tommy.py None True 0.0 10 normal_img10_lr25_TV6
python main_Tommy.py None True 0.0 7 normal_img_7_lr25_TV6
python main_Tommy.py None True 0.0 33 normal_img_33_lr25_TV6
python main_Tommy.py None True 0.0 45 normal_img_45_lr25_TV6
python main_Tommy.py None True 0.0 12 normal_img_12_lr25_TV6
python main_Tommy.py None True 0.0 11 normal_img_11_lr25_TV6
python main_Tommy.py None True 0.0 68 normal_img_68_lr25_TV6


------------------------------------------------------------

Successfully completed.

Resource usage summary:

    CPU time :                                   636.34 sec.
    Max Memory :                                 689 MB
    Average Memory :                             553.00 MB
    Total Requested Memory :                     10240.00 MB
    Delta Memory :                               9551.00 MB
    Max Swap :                                   -
    Max Processes :                              4
    Max Threads :                                6
    Run time :                                   794 sec.
    Turnaround time :                            688 sec.

The output (if any) is above this job summary.



PS:

Read file <tommy0_27313959.err> for stderr output of this job.

