Predicted label: tensor([9])
Final loss: 0.173797
Random dummy: True, dummy variance: 0.0, grads_mode: none
SSIM: 0.53226656
PSNR: 16.08001190184603
Predicted label: tensor([4])
Final loss: 0.000394
Random dummy: True, dummy variance: 0.0, grads_mode: none
SSIM: 0.6245958
PSNR: 21.08573260291315
Predicted label: tensor([4])
Final loss: 0.000043
Random dummy: True, dummy variance: 0.0, grads_mode: none
SSIM: 0.40403032
PSNR: 20.809937914889414
Predicted label: tensor([7])
Final loss: 0.000002
Random dummy: True, dummy variance: 0.0, grads_mode: none
SSIM: 0.78843945
PSNR: 19.66824500451667
Predicted label: tensor([3])
Final loss: 0.000086
Random dummy: True, dummy variance: 0.0, grads_mode: none
SSIM: 0.7927585
PSNR: 21.527652511163776
Predicted label: tensor([1])
Final loss: 0.000015
Random dummy: True, dummy variance: 0.0, grads_mode: none
SSIM: 0.7587449
PSNR: 19.52585477640486
Predicted label: tensor([7])
Final loss: 0.000186
Random dummy: True, dummy variance: 0.0, grads_mode: none
SSIM: 0.7368322
PSNR: 19.27366282659433
Predicted label: tensor([7])
Final loss: 0.000394
Random dummy: True, dummy variance: 0.0, grads_mode: none
SSIM: 0.8604955
PSNR: 20.924921454809443
Predicted label: tensor([7])
Final loss: 0.000179
Random dummy: True, dummy variance: 0.0, grads_mode: none
SSIM: 0.8802852
PSNR: 22.74985985960653

------------------------------------------------------------
Sender: LSF System <lsfadmin@hpc.dtu.dk>
Subject: Job 27313844: <tommy0> in cluster <dcc> Done

Job <tommy0> was submitted from host <n-62-30-1> by user <s224227> in cluster <dcc> at Sun Dec  7 00:35:58 2025
Job was executed on host(s) <n-62-31-22>, in queue <hpc>, as user <s224227> in cluster <dcc> at Sun Dec  7 00:35:59 2025
</zhome/d1/b/187261> was used as the home directory.
</zhome/d1/b/187261/Desktop/Bachelor/Bachelor> was used as the working directory.
Started at Sun Dec  7 00:35:59 2025
Terminated at Sun Dec  7 00:45:45 2025
Results reported at Sun Dec  7 00:45:45 2025

Your job looked like:

------------------------------------------------------------
# LSBATCH: User input
#!/bin/bash

#BSUB -J tommy0
#BSUB -q hpc
#BSUB -W 120
#BSUB -R "rusage[mem=10G]"
#BSUB -R "select[model == XeonGold6126]"
#BSUB -R "span[hosts=1]"
#BSUB -n 1
#BSUB -o tommy0_%J.out
#BSUB -e tommy0_%J.err

# # Load Python if needed 
module load python/3.12.11  

# Activate your virtual environment
source ~/bachelor-env/bin/activate

python main_Tommy.py None True 0.0 2 normal_img2_lr1
python main_Tommy.py None True 0.0 3 normal_img3_lr1
python main_Tommy.py None True 0.0 10 normal_img10_lr1
python main_Tommy.py None True 0.0 7 normal_img_7_lr1
python main_Tommy.py None True 0.0 33 normal_img_33_lr1
python main_Tommy.py None True 0.0 45 normal_img_45_lr1
python main_Tommy.py None True 0.0 12 normal_img_12_lr1
python main_Tommy.py None True 0.0 11 normal_img_11_lr1
python main_Tommy.py None True 0.0 68 normal_img_68_lr1


------------------------------------------------------------

Successfully completed.

Resource usage summary:

    CPU time :                                   542.75 sec.
    Max Memory :                                 686 MB
    Average Memory :                             515.17 MB
    Total Requested Memory :                     10240.00 MB
    Delta Memory :                               9554.00 MB
    Max Swap :                                   -
    Max Processes :                              4
    Max Threads :                                6
    Run time :                                   616 sec.
    Turnaround time :                            587 sec.

The output (if any) is above this job summary.



PS:

Read file <tommy0_27313844.err> for stderr output of this job.

