Predicted label: tensor([6])
Final loss: 0.003761
Random dummy: True, dummy variance: 0.0, grads_mode: none
SSIM: 0.9856429
PSNR: 33.535939187426905
Predicted label: tensor([9])
Final loss: 0.005300
Random dummy: True, dummy variance: 0.0, grads_mode: none
SSIM: 0.9852734
PSNR: 31.062054521219913
Predicted label: tensor([9])
Final loss: 0.002743
Random dummy: True, dummy variance: 0.0, grads_mode: none
SSIM: 0.9867514
PSNR: 34.8129123419963
Predicted label: tensor([4])
Final loss: 0.002475
Random dummy: True, dummy variance: 0.0, grads_mode: none
SSIM: 0.9746106
PSNR: 36.42290307267965
Predicted label: tensor([1]) 
Final loss: 0.004174
Random dummy: True, dummy variance: 0.0, grads_mode: none
SSIM: 0.991715
PSNR: 35.44376206856289
Predicted label: tensor([4])
Final loss: 0.001180
Random dummy: True, dummy variance: 0.0, grads_mode: none
SSIM: 0.9140263
PSNR: 34.75971595489667
Predicted label: tensor([7])
Final loss: 0.002841
Random dummy: True, dummy variance: 0.0, grads_mode: none
SSIM: 0.8346866
PSNR: 20.361535135419704
Predicted label: tensor([3])
Final loss: 0.003351
Random dummy: True, dummy variance: 0.0, grads_mode: none
SSIM: 0.9724302
PSNR: 31.400925542460865
Predicted label: tensor([1])
Final loss: 0.002893
Random dummy: True, dummy variance: 0.0, grads_mode: none
SSIM: 0.8916089
PSNR: 23.894959197276187
Predicted label: tensor([7])
Final loss: 0.002990
Random dummy: True, dummy variance: 0.0, grads_mode: none
SSIM: 0.9801484
PSNR: 33.2562810504694
Predicted label: tensor([7])
Final loss: 0.004315
Random dummy: True, dummy variance: 0.0, grads_mode: none
SSIM: 0.98924047
PSNR: 32.819100118998044
Predicted label: tensor([7])
Final loss: 0.004156
Random dummy: True, dummy variance: 0.0, grads_mode: none
SSIM: 0.9880437
PSNR: 33.3098591274034

------------------------------------------------------------
Sender: LSF System <lsfadmin@hpc.dtu.dk>
Subject: Job 27314237: <tommy0> in cluster <dcc> Done

Job <tommy0> was submitted from host <n-62-30-1> by user <s224227> in cluster <dcc> at Sun Dec  7 03:14:23 2025
Job was executed on host(s) <n-62-31-5>, in queue <hpc>, as user <s224227> in cluster <dcc> at Sun Dec  7 03:14:24 2025
</zhome/d1/b/187261> was used as the home directory.
</zhome/d1/b/187261/Desktop/Bachelor/Bachelor> was used as the working directory.
Started at Sun Dec  7 03:14:24 2025
Terminated at Sun Dec  7 03:28:37 2025
Results reported at Sun Dec  7 03:28:37 2025

Your job looked like:

------------------------------------------------------------
# LSBATCH: User input
#!/bin/bash

#BSUB -J tommy0
#BSUB -q hpc
#BSUB -W 120
#BSUB -R "rusage[mem=10G]"
#BSUB -R "select[model == XeonGold6126]"
#BSUB -R "span[hosts=1]"
#BSUB -n 1
#BSUB -o tommy0_%J.out
#BSUB -e tommy0_%J.err

# # Load Python if needed 
module load python/3.12.11  

# Activate your virtual environment
source ~/bachelor-env/bin/activate

python main_Tommy.py None True 0.0 0 normal_img0_lr2_TV5_fixed
python main_Tommy.py None True 0.0 1 normal_img1_lr2_TV5_fixed
python main_Tommy.py None True 0.0 2 normal_img2_lr2_TV5_fixed
python main_Tommy.py None True 0.0 3 normal_img3_lr2_TV5_fixed
python main_Tommy.py None True 0.0 4 normal_img4_lr2_TV5_fixed
python main_Tommy.py None True 0.0 10 normal_img10_lr2_TV5_fixed
python main_Tommy.py None True 0.0 7 normal_img_7_lr2_TV5_fixed
python main_Tommy.py None True 0.0 33 normal_img_33_lr2_TV5_fixed
python main_Tommy.py None True 0.0 45 normal_img_45_lr2_TV5_fixed
python main_Tommy.py None True 0.0 12 normal_img_12_lr2_TV5_fixed
python main_Tommy.py None True 0.0 11 normal_img_11_lr2_TV5_fixed
python main_Tommy.py None True 0.0 68 normal_img_68_lr2_TV5_fixed


------------------------------------------------------------

Successfully completed.

Resource usage summary:

    CPU time :                                   807.47 sec.
    Max Memory :                                 688 MB
    Average Memory :                             605.88 MB
    Total Requested Memory :                     10240.00 MB
    Delta Memory :                               9552.00 MB
    Max Swap :                                   -
    Max Processes :                              4
    Max Threads :                                6
    Run time :                                   908 sec.
    Turnaround time :                            854 sec.

The output (if any) is above this job summary.



PS:

Read file <tommy0_27314237.err> for stderr output of this job.

