Predicted label: tensor([3])
Final loss: 0.000000
Random dummy: True, dummy variance: 0.0, grads_mode: none
SSIM: 0.9847169
PSNR: 34.288262567044306
Predicted label: tensor([8])
Final loss: 0.000000
Random dummy: True, dummy variance: 0.0, grads_mode: none
SSIM: 0.9955847
PSNR: 40.24676036634852
Predicted label: tensor([8])
Final loss: 0.000000
Random dummy: True, dummy variance: 0.0, grads_mode: none
SSIM: 0.9748642
PSNR: 31.724948032872206
Predicted label: tensor([0])
Final loss: 0.000000
Random dummy: True, dummy variance: 0.0, grads_mode: none
SSIM: 0.96335214
PSNR: 30.39917560180438
Predicted label: tensor([6])
Final loss: 0.000000
Random dummy: True, dummy variance: 0.0, grads_mode: none
SSIM: 0.96431226
PSNR: 28.05852063972203
Predicted label: tensor([0])
Final loss: 0.000000
Random dummy: True, dummy variance: 0.0, grads_mode: none
SSIM: 0.9099408
PSNR: 29.69010642951102
Predicted label: tensor([6])
Final loss: 0.000000
Random dummy: True, dummy variance: 0.0, grads_mode: none
SSIM: 0.9389758
PSNR: 29.525008894995306
Predicted label: tensor([5])
Final loss: 0.000000
Random dummy: True, dummy variance: 0.0, grads_mode: none
SSIM: 0.9869301
PSNR: 32.87592422718682
Predicted label: tensor([9])
Final loss: 0.000000
Random dummy: True, dummy variance: 0.0, grads_mode: none
SSIM: 0.9959123
PSNR: 38.735694910682
Predicted label: tensor([5])
Final loss: 0.000000
Random dummy: True, dummy variance: 0.0, grads_mode: none
SSIM: 0.93899685
PSNR: 27.270181422979206
Predicted label: tensor([9])
Final loss: 0.000000
Random dummy: True, dummy variance: 0.0, grads_mode: none
SSIM: 0.99156433
PSNR: 32.42983943409651
Predicted label: tensor([3])
Final loss: 0.000000
Random dummy: True, dummy variance: 0.0, grads_mode: none
SSIM: 0.9944179
PSNR: 36.17699768579358

------------------------------------------------------------
Sender: LSF System <lsfadmin@hpc.dtu.dk>
Subject: Job 27416560: <tommy0> in cluster <dcc> Done

Job <tommy0> was submitted from host <n-62-27-19> by user <s224227> in cluster <dcc> at Mon Dec 15 14:10:39 2025
Job was executed on host(s) <n-62-31-18>, in queue <hpc>, as user <s224227> in cluster <dcc> at Mon Dec 15 14:10:39 2025
</zhome/d1/b/187261> was used as the home directory.
</zhome/d1/b/187261/Desktop/Bachelor/Bachelor> was used as the working directory.
Started at Mon Dec 15 14:10:39 2025
Terminated at Mon Dec 15 14:15:12 2025
Results reported at Mon Dec 15 14:15:12 2025

Your job looked like:

------------------------------------------------------------
# LSBATCH: User input
#!/bin/bash

#BSUB -J tommy0
#BSUB -q hpc
#BSUB -W 120
#BSUB -R "rusage[mem=10G]"
#BSUB -R "select[model == XeonGold6126]"
#BSUB -R "span[hosts=1]"
#BSUB -n 1
#BSUB -o tommy0_%J.out
#BSUB -e tommy0_%J.err

# # Load Python if needed 
module load python/3.12.11  

# Activate your virtual environment
source ~/bachelor-env/bin/activate

python main_Tommy.py None True 0.0 0 e150_test_img0_lr11
python main_Tommy.py None True 0.0 1 e150_test_img1_lr11
python main_Tommy.py None True 0.0 2 e150_test_img2_lr11
python main_Tommy.py None True 0.0 3 e150_test_img3_lr11
python main_Tommy.py None True 0.0 4 e150__img4_lr11
python main_Tommy.py None True 0.0 10 e150__img10_lr11
python main_Tommy.py None True 0.0 7 e150__img_7_lr11
python main_Tommy.py None True 0.0 33 e150__img_33_lr11
python main_Tommy.py None True 0.0 45 e150__img_45_lr11
python main_Tommy.py None True 0.0 12 e150__img_12_lr11
python main_Tommy.py None True 0.0 11 e150__img_11_lr11
python main_Tommy.py None True 0.0 68 e150__img_68_lr11
------------------------------------------------------------

Successfully completed.

Resource usage summary:

    CPU time :                                   227.63 sec.
    Max Memory :                                 481 MB
    Average Memory :                             220.50 MB
    Total Requested Memory :                     10240.00 MB
    Delta Memory :                               9759.00 MB
    Max Swap :                                   -
    Max Processes :                              4
    Max Threads :                                5
    Run time :                                   290 sec.
    Turnaround time :                            273 sec.

The output (if any) is above this job summary.



PS:

Read file <tommy0_27416560.err> for stderr output of this job.

