Predicted label: tensor([6])
Final loss: 0.001265
Random dummy: True, dummy variance: 0.0, grads_mode: none
SSIM: 0.7060124
PSNR: 19.512189398755098
Predicted label: tensor([9])
Final loss: 0.000113
Random dummy: True, dummy variance: 0.0, grads_mode: none
SSIM: 0.92712593
PSNR: 23.332450637335445
Predicted label: tensor([9])
Final loss: 0.000155
Random dummy: True, dummy variance: 0.0, grads_mode: none
SSIM: 0.8414827
PSNR: 24.912257215872128
Predicted label: tensor([4])
Final loss: 0.000375
Random dummy: True, dummy variance: 0.0, grads_mode: none
SSIM: 0.6604999
PSNR: 21.833017846039976
Predicted label: tensor([1])
Final loss: 0.006856
Random dummy: True, dummy variance: 0.0, grads_mode: none
SSIM: 0.78356177
PSNR: 20.034558796789344
Predicted label: tensor([4])
Final loss: 0.000127
Random dummy: True, dummy variance: 0.0, grads_mode: none
SSIM: 0.5258482
PSNR: 22.93679345311179
Predicted label: tensor([7])
Final loss: 0.000175
Random dummy: True, dummy variance: 0.0, grads_mode: none
SSIM: 0.7902816
PSNR: 19.92591093379333
Predicted label: tensor([3])
Final loss: 0.000343
Random dummy: True, dummy variance: 0.0, grads_mode: none
SSIM: 0.70654863
PSNR: 19.141859277650642
Predicted label: tensor([1])
Final loss: 0.000164
Random dummy: True, dummy variance: 0.0, grads_mode: none
SSIM: 0.7466027
PSNR: 18.756096674665052
Predicted label: tensor([7])
Final loss: 0.000134
Random dummy: True, dummy variance: 0.0, grads_mode: none
SSIM: 0.8211398
PSNR: 23.01956570198407
Predicted label: tensor([7])
Final loss: 0.000134
Random dummy: True, dummy variance: 0.0, grads_mode: none
SSIM: 0.9249328
PSNR: 23.914571053556276
Predicted label: tensor([7])
Final loss: 0.003648
Random dummy: True, dummy variance: 0.0, grads_mode: none
SSIM: 0.86223555
PSNR: 21.601352102173053

------------------------------------------------------------
Sender: LSF System <lsfadmin@hpc.dtu.dk>
Subject: Job 27313973: <tommy0> in cluster <dcc> Done

Job <tommy0> was submitted from host <n-62-30-1> by user <s224227> in cluster <dcc> at Sun Dec  7 01:22:01 2025
Job was executed on host(s) <n-62-31-5>, in queue <hpc>, as user <s224227> in cluster <dcc> at Sun Dec  7 01:22:02 2025
</zhome/d1/b/187261> was used as the home directory.
</zhome/d1/b/187261/Desktop/Bachelor/Bachelor> was used as the working directory.
Started at Sun Dec  7 01:22:02 2025
Terminated at Sun Dec  7 01:34:13 2025
Results reported at Sun Dec  7 01:34:13 2025

Your job looked like:

------------------------------------------------------------
# LSBATCH: User input
#!/bin/bash

#BSUB -J tommy0
#BSUB -q hpc
#BSUB -W 120
#BSUB -R "rusage[mem=10G]"
#BSUB -R "select[model == XeonGold6126]"
#BSUB -R "span[hosts=1]"
#BSUB -n 1
#BSUB -o tommy0_%J.out
#BSUB -e tommy0_%J.err

# # Load Python if needed 
module load python/3.12.11  

# Activate your virtual environment
source ~/bachelor-env/bin/activate

python main_Tommy.py None True 0.0 0 normal_img0_lr15_TV6
python main_Tommy.py None True 0.0 1 normal_img1_lr15_TV6
python main_Tommy.py None True 0.0 2 normal_img2_lr15_TV6
python main_Tommy.py None True 0.0 3 normal_img3_lr15_TV6
python main_Tommy.py None True 0.0 4 normal_img4_lr15_TV6
python main_Tommy.py None True 0.0 10 normal_img10_lr15_TV6
python main_Tommy.py None True 0.0 7 normal_img_7_lr15_TV6
python main_Tommy.py None True 0.0 33 normal_img_33_lr15_TV6
python main_Tommy.py None True 0.0 45 normal_img_45_lr15_TV6
python main_Tommy.py None True 0.0 12 normal_img_12_lr15_TV6
python main_Tommy.py None True 0.0 11 normal_img_11_lr15_TV6
python main_Tommy.py None True 0.0 68 normal_img_68_lr15_TV6


------------------------------------------------------------

Successfully completed.

Resource usage summary:

    CPU time :                                   676.68 sec.
    Max Memory :                                 689 MB
    Average Memory :                             510.62 MB
    Total Requested Memory :                     10240.00 MB
    Delta Memory :                               9551.00 MB
    Max Swap :                                   -
    Max Processes :                              4
    Max Threads :                                6
    Run time :                                   772 sec.
    Turnaround time :                            732 sec.

The output (if any) is above this job summary.



PS:

Read file <tommy0_27313973.err> for stderr output of this job.

