Predicted label: tensor([6])
Final loss: 0.008157
Random dummy: True, dummy variance: 0.0, grads_mode: none
SSIM: 0.65680414
PSNR: 18.518481079866127
Predicted label: tensor([9])
Final loss: 1.068185
Random dummy: True, dummy variance: 0.0, grads_mode: none
SSIM: 0.41101956
PSNR: 10.379884742997616
Predicted label: tensor([9])
Final loss: 0.351284
Random dummy: True, dummy variance: 0.0, grads_mode: none
SSIM: 0.5255911
PSNR: 16.175821984107355
Predicted label: tensor([4])
Final loss: 0.000994
Random dummy: True, dummy variance: 0.0, grads_mode: none
SSIM: 0.67348856
PSNR: 22.226183552326674
Predicted label: tensor([1])
Final loss: 0.002553
Random dummy: True, dummy variance: 0.0, grads_mode: none
SSIM: 0.8009265
PSNR: 20.508351169014215
Predicted label: tensor([4])
Final loss: 0.000145
Random dummy: True, dummy variance: 0.0, grads_mode: none
SSIM: 0.96838325
PSNR: 38.79152845247362
Predicted label: tensor([7])
Final loss: 0.000366
Random dummy: True, dummy variance: 0.0, grads_mode: none
SSIM: 0.9432392
PSNR: 26.26972535340021
Predicted label: tensor([3])
Final loss: 0.000502
Random dummy: True, dummy variance: 0.0, grads_mode: none
SSIM: 0.9439375
PSNR: 27.485442845858564
Predicted label: tensor([1])
Final loss: 0.000347
Random dummy: True, dummy variance: 0.0, grads_mode: none
SSIM: 0.9583096
PSNR: 28.880104218644995
Predicted label: tensor([7])
Final loss: 0.001353
Random dummy: True, dummy variance: 0.0, grads_mode: none
SSIM: 0.764997
PSNR: 20.476769066005254
Predicted label: tensor([7])
Final loss: 0.000619
Random dummy: True, dummy variance: 0.0, grads_mode: none
SSIM: 0.9624414
PSNR: 26.41494732932579
Predicted label: tensor([7])
Final loss: 0.002270
Random dummy: True, dummy variance: 0.0, grads_mode: none
SSIM: 0.85320836
PSNR: 21.476126446340274

------------------------------------------------------------
Sender: LSF System <lsfadmin@hpc.dtu.dk>
Subject: Job 27315325: <tommy0> in cluster <dcc> Done

Job <tommy0> was submitted from host <n-62-27-17> by user <s224227> in cluster <dcc> at Sun Dec  7 12:27:37 2025
Job was executed on host(s) <n-62-31-5>, in queue <hpc>, as user <s224227> in cluster <dcc> at Sun Dec  7 12:27:37 2025
</zhome/d1/b/187261> was used as the home directory.
</zhome/d1/b/187261/Desktop/Bachelor/Bachelor> was used as the working directory.
Started at Sun Dec  7 12:27:37 2025
Terminated at Sun Dec  7 12:42:14 2025
Results reported at Sun Dec  7 12:42:14 2025

Your job looked like:

------------------------------------------------------------
# LSBATCH: User input
#!/bin/bash

#BSUB -J tommy0
#BSUB -q hpc
#BSUB -W 120
#BSUB -R "rusage[mem=10G]"
#BSUB -R "select[model == XeonGold6126]"
#BSUB -R "span[hosts=1]"
#BSUB -n 1
#BSUB -o tommy0_%J.out
#BSUB -e tommy0_%J.err

# # Load Python if needed 
module load python/3.12.11  

# Activate your virtual environment
source ~/bachelor-env/bin/activate

python main_Tommy.py None True 0.0 0 normal_img0_lr1_TV6_fixed
python main_Tommy.py None True 0.0 1 normal_img1_lr1_TV6_fixed
python main_Tommy.py None True 0.0 2 normal_img2_lr1_TV6_fixed
python main_Tommy.py None True 0.0 3 normal_img3_lr1_TV6_fixed
python main_Tommy.py None True 0.0 4 normal_img4_lr1_TV6_fixed
python main_Tommy.py None True 0.0 10 normal_img10_lr1_TV6_fixed
python main_Tommy.py None True 0.0 7 normal_img_7_lr1_TV6_fixed
python main_Tommy.py None True 0.0 33 normal_img_33_lr1_TV6_fixed
python main_Tommy.py None True 0.0 45 normal_img_45_lr1_TV6_fixed
python main_Tommy.py None True 0.0 12 normal_img_12_lr1_TV6_fixed
python main_Tommy.py None True 0.0 11 normal_img_11_lr1_TV6_fixed
python main_Tommy.py None True 0.0 68 normal_img_68_lr1_TV6_fixed


------------------------------------------------------------

Successfully completed.

Resource usage summary:

    CPU time :                                   829.04 sec.
    Max Memory :                                 689 MB
    Average Memory :                             594.56 MB
    Total Requested Memory :                     10240.00 MB
    Delta Memory :                               9551.00 MB
    Max Swap :                                   -
    Max Processes :                              4
    Max Threads :                                6
    Run time :                                   892 sec.
    Turnaround time :                            877 sec.

The output (if any) is above this job summary.



PS:

Read file <tommy0_27315325.err> for stderr output of this job.

