Predicted label: tensor([6])
Final loss: 0.000163
Random dummy: False, dummy variance: 0.1, grads_mode: none
SSIM: 0.89567333
PSNR: 26.299515508333606
Predicted label: tensor([6])
Final loss: 0.000163
Random dummy: False, dummy variance: 0.1, grads_mode: grads_list
SSIM: 0.89567333
PSNR: 26.299515508333606

------------------------------------------------------------
Sender: LSF System <lsfadmin@hpc.dtu.dk>
Subject: Job 27308658: <tommy0> in cluster <dcc> Done

Job <tommy0> was submitted from host <n-62-30-1> by user <s224227> in cluster <dcc> at Sat Dec  6 14:24:26 2025
Job was executed on host(s) <n-62-31-5>, in queue <hpc>, as user <s224227> in cluster <dcc> at Sat Dec  6 14:24:28 2025
</zhome/d1/b/187261> was used as the home directory.
</zhome/d1/b/187261/Desktop/Bachelor/Bachelor> was used as the working directory.
Started at Sat Dec  6 14:24:28 2025
Terminated at Sat Dec  6 14:26:38 2025
Results reported at Sat Dec  6 14:26:38 2025

Your job looked like:

------------------------------------------------------------
# LSBATCH: User input
#!/bin/bash

#BSUB -J tommy0
#BSUB -q hpc
#BSUB -W 120
#BSUB -R "rusage[mem=10G]"
#BSUB -R "select[model == XeonGold6126]"
#BSUB -R "span[hosts=1]"
#BSUB -n 1
#BSUB -o tommy0_%J.out
#BSUB -e tommy0_%J.err

# # Load Python if needed 
module load python/3.12.11  

# Activate your virtual environment
source ~/bachelor-env/bin/activate

python main_Tommy.py None False 0.1 0 iqa_noise11_orig
python main_Tommy.py grads_list False 0.1 0 iqa_noise1_leaked
------------------------------------------------------------

Successfully completed.

Resource usage summary:

    CPU time :                                   122.08 sec.
    Max Memory :                                 687 MB
    Average Memory :                             617.67 MB
    Total Requested Memory :                     10240.00 MB
    Delta Memory :                               9553.00 MB
    Max Swap :                                   -
    Max Processes :                              4
    Max Threads :                                6
    Run time :                                   134 sec.
    Turnaround time :                            132 sec.

The output (if any) is above this job summary.



PS:

Read file <tommy0_27308658.err> for stderr output of this job.

