Predicted label: tensor([6])
Final loss: 0.000703
Random dummy: True, dummy variance: 0.0, grads_mode: none
SSIM: 0.87671584
PSNR: 24.38849903016863
Predicted label: tensor([9])
Final loss: 0.003057
Random dummy: True, dummy variance: 0.0, grads_mode: none
SSIM: 0.8431251
PSNR: 19.66487372168033
Predicted label: tensor([9])
Final loss: 0.000834
Random dummy: True, dummy variance: 0.0, grads_mode: none
SSIM: 0.8546651
PSNR: 24.239146290451117
Predicted label: tensor([4])
Final loss: 0.001585
Random dummy: True, dummy variance: 0.0, grads_mode: none
SSIM: 0.65917486
PSNR: 21.760398511880197
Predicted label: tensor([1])
Final loss: 0.000757
Random dummy: True, dummy variance: 0.0, grads_mode: none
SSIM: 0.91023
PSNR: 24.960116939004656
Predicted label: tensor([4])
Final loss: 0.000161
Random dummy: True, dummy variance: 0.0, grads_mode: none
SSIM: 0.9167482
PSNR: 32.929746266310616
Predicted label: tensor([7])
Final loss: 0.000530
Random dummy: True, dummy variance: 0.0, grads_mode: none
SSIM: 0.8173987
PSNR: 20.076068285139428
Predicted label: tensor([3])
Final loss: 0.000791
Random dummy: True, dummy variance: 0.0, grads_mode: none
SSIM: 0.8608032
PSNR: 23.309911717379677
Predicted label: tensor([1])
Final loss: 0.000317
Random dummy: True, dummy variance: 0.0, grads_mode: none
SSIM: 0.9018111
PSNR: 23.28300245531207
Predicted label: tensor([7])
Final loss: 0.001750
Random dummy: True, dummy variance: 0.0, grads_mode: none
SSIM: 0.7963595
PSNR: 21.12125982608049
Predicted label: tensor([7])
Final loss: 0.000139
Random dummy: True, dummy variance: 0.0, grads_mode: none
SSIM: 0.98896915
PSNR: 32.43805730650424
Predicted label: tensor([7])
Final loss: 0.001148
Random dummy: True, dummy variance: 0.0, grads_mode: none
SSIM: 0.90774846
PSNR: 23.30443343332083

------------------------------------------------------------
Sender: LSF System <lsfadmin@hpc.dtu.dk>
Subject: Job 27314016: <tommy0> in cluster <dcc> Done

Job <tommy0> was submitted from host <n-62-30-1> by user <s224227> in cluster <dcc> at Sun Dec  7 01:35:28 2025
Job was executed on host(s) <n-62-31-5>, in queue <hpc>, as user <s224227> in cluster <dcc> at Sun Dec  7 01:35:30 2025
</zhome/d1/b/187261> was used as the home directory.
</zhome/d1/b/187261/Desktop/Bachelor/Bachelor> was used as the working directory.
Started at Sun Dec  7 01:35:30 2025
Terminated at Sun Dec  7 01:45:30 2025
Results reported at Sun Dec  7 01:45:30 2025

Your job looked like:

------------------------------------------------------------
# LSBATCH: User input
#!/bin/bash

#BSUB -J tommy0
#BSUB -q hpc
#BSUB -W 120
#BSUB -R "rusage[mem=10G]"
#BSUB -R "select[model == XeonGold6126]"
#BSUB -R "span[hosts=1]"
#BSUB -n 1
#BSUB -o tommy0_%J.out
#BSUB -e tommy0_%J.err

# # Load Python if needed 
module load python/3.12.11  

# Activate your virtual environment
source ~/bachelor-env/bin/activate

python main_Tommy.py None True 0.0 0 normal_img0_lr15_TV5
python main_Tommy.py None True 0.0 1 normal_img1_lr15_TV5
python main_Tommy.py None True 0.0 2 normal_img2_lr15_TV5
python main_Tommy.py None True 0.0 3 normal_img3_lr15_TV5
python main_Tommy.py None True 0.0 4 normal_img4_lr15_TV5
python main_Tommy.py None True 0.0 10 normal_img10_lr15_TV5
python main_Tommy.py None True 0.0 7 normal_img_7_lr15_TV5
python main_Tommy.py None True 0.0 33 normal_img_33_lr15_TV5
python main_Tommy.py None True 0.0 45 normal_img_45_lr15_TV5
python main_Tommy.py None True 0.0 12 normal_img_12_lr15_TV5
python main_Tommy.py None True 0.0 11 normal_img_11_lr15_TV5
python main_Tommy.py None True 0.0 68 normal_img_68_lr15_TV5


------------------------------------------------------------

Successfully completed.

Resource usage summary:

    CPU time :                                   549.92 sec.
    Max Memory :                                 688 MB
    Average Memory :                             572.83 MB
    Total Requested Memory :                     10240.00 MB
    Delta Memory :                               9552.00 MB
    Max Swap :                                   -
    Max Processes :                              4
    Max Threads :                                6
    Run time :                                   655 sec.
    Turnaround time :                            602 sec.

The output (if any) is above this job summary.



PS:

Read file <tommy0_27314016.err> for stderr output of this job.

