Predicted label: tensor([6])
Final loss: 0.005434
Random dummy: True, dummy variance: 0.0, grads_mode: none
SSIM: 0.6937721
PSNR: 19.26870048611023
Predicted label: tensor([9])
Final loss: 0.000957
Random dummy: True, dummy variance: 0.0, grads_mode: none
SSIM: 0.91613895
PSNR: 22.71183474041642
Predicted label: tensor([9])
Final loss: 0.000656
Random dummy: True, dummy variance: 0.0, grads_mode: none
SSIM: 0.8458817
PSNR: 25.300882574484437
Predicted label: tensor([4])
Final loss: 0.001189
Random dummy: True, dummy variance: 0.0, grads_mode: none
SSIM: 0.6445711
PSNR: 21.427365918243577
Predicted label: tensor([1])
Final loss: 0.005901
Random dummy: True, dummy variance: 0.0, grads_mode: none
SSIM: 0.78772897
PSNR: 20.2099968614122
Predicted label: tensor([4])
Final loss: 0.000148
Random dummy: True, dummy variance: 0.0, grads_mode: none
SSIM: 0.9692278
PSNR: 38.39562165203012
Predicted label: tensor([7])
Final loss: 0.000365
Random dummy: True, dummy variance: 0.0, grads_mode: none
SSIM: 0.9437497
PSNR: 26.26433724729673
Predicted label: tensor([3])
Final loss: 0.000695
Random dummy: True, dummy variance: 0.0, grads_mode: none
SSIM: 0.8524386
PSNR: 23.06203955079633
Predicted label: tensor([1])
Final loss: 0.000347
Random dummy: True, dummy variance: 0.0, grads_mode: none
SSIM: 0.958234
PSNR: 28.856682883352068
Predicted label: tensor([7])
Final loss: 0.000505
Random dummy: True, dummy variance: 0.0, grads_mode: none
SSIM: 0.895509
PSNR: 26.906660276519236
Predicted label: tensor([7])
Final loss: 0.000925
Random dummy: True, dummy variance: 0.0, grads_mode: none
SSIM: 0.9033799
PSNR: 22.6177275106644
Predicted label: tensor([7])
Final loss: 0.000642
Random dummy: True, dummy variance: 0.0, grads_mode: none
SSIM: 0.93956786
PSNR: 25.73433296595004

------------------------------------------------------------
Sender: LSF System <lsfadmin@hpc.dtu.dk>
Subject: Job 27314188: <tommy0> in cluster <dcc> Done

Job <tommy0> was submitted from host <n-62-30-1> by user <s224227> in cluster <dcc> at Sun Dec  7 02:43:18 2025
Job was executed on host(s) <n-62-31-23>, in queue <hpc>, as user <s224227> in cluster <dcc> at Sun Dec  7 02:43:20 2025
</zhome/d1/b/187261> was used as the home directory.
</zhome/d1/b/187261/Desktop/Bachelor/Bachelor> was used as the working directory.
Started at Sun Dec  7 02:43:20 2025
Terminated at Sun Dec  7 02:56:04 2025
Results reported at Sun Dec  7 02:56:04 2025

Your job looked like:

------------------------------------------------------------
# LSBATCH: User input
#!/bin/bash

#BSUB -J tommy0
#BSUB -q hpc
#BSUB -W 120
#BSUB -R "rusage[mem=10G]"
#BSUB -R "select[model == XeonGold6126]"
#BSUB -R "span[hosts=1]"
#BSUB -n 1
#BSUB -o tommy0_%J.out
#BSUB -e tommy0_%J.err

# # Load Python if needed 
module load python/3.12.11  

# Activate your virtual environment
source ~/bachelor-env/bin/activate

python main_Tommy.py None True 0.0 0 normal_img0_lr15_TV5_fixed
python main_Tommy.py None True 0.0 1 normal_img1_lr15_TV5_fixed
python main_Tommy.py None True 0.0 2 normal_img2_lr15_TV5_fixed
python main_Tommy.py None True 0.0 3 normal_img3_lr15_TV5_fixed
python main_Tommy.py None True 0.0 4 normal_img4_lr15_TV5_fixed
python main_Tommy.py None True 0.0 10 normal_img10_lr15_TV5_fixed
python main_Tommy.py None True 0.0 7 normal_img_7_lr15_TV5_fixed
python main_Tommy.py None True 0.0 33 normal_img_33_lr15_TV5_fixed
python main_Tommy.py None True 0.0 45 normal_img_45_lr15_TV5_fixed
python main_Tommy.py None True 0.0 12 normal_img_12_lr15_TV5_fixed
python main_Tommy.py None True 0.0 11 normal_img_11_lr15_TV5_fixed
python main_Tommy.py None True 0.0 68 normal_img_68_lr15_TV5_fixed


------------------------------------------------------------

Successfully completed.

Resource usage summary:

    CPU time :                                   712.21 sec.
    Max Memory :                                 689 MB
    Average Memory :                             605.29 MB
    Total Requested Memory :                     10240.00 MB
    Delta Memory :                               9551.00 MB
    Max Swap :                                   -
    Max Processes :                              4
    Max Threads :                                6
    Run time :                                   774 sec.
    Turnaround time :                            766 sec.

The output (if any) is above this job summary.



PS:

Read file <tommy0_27314188.err> for stderr output of this job.

