Predicted label: tensor([6])
Final loss: 0.000550
Random dummy: True, dummy variance: 0.0, grads_mode: none
SSIM: 0.9295907
PSNR: 27.047247532679478
Predicted label: tensor([9])
Final loss: 0.002521
Random dummy: True, dummy variance: 0.0, grads_mode: none
SSIM: 0.8468306
PSNR: 19.715009452391744
Predicted label: tensor([1])
Final loss: 0.000575
Random dummy: True, dummy variance: 0.0, grads_mode: none
SSIM: 0.98951787
PSNR: 34.09071970152561

------------------------------------------------------------
Sender: LSF System <lsfadmin@hpc.dtu.dk>
Subject: Job 27313599: <tommy0> in cluster <dcc> Done

Job <tommy0> was submitted from host <n-62-30-1> by user <s224227> in cluster <dcc> at Sat Dec  6 22:43:15 2025
Job was executed on host(s) <n-62-31-23>, in queue <hpc>, as user <s224227> in cluster <dcc> at Sat Dec  6 22:43:15 2025
</zhome/d1/b/187261> was used as the home directory.
</zhome/d1/b/187261/Desktop/Bachelor/Bachelor> was used as the working directory.
Started at Sat Dec  6 22:43:15 2025
Terminated at Sat Dec  6 22:45:49 2025
Results reported at Sat Dec  6 22:45:49 2025

Your job looked like:

------------------------------------------------------------
# LSBATCH: User input
#!/bin/bash

#BSUB -J tommy0
#BSUB -q hpc
#BSUB -W 120
#BSUB -R "rusage[mem=10G]"
#BSUB -R "select[model == XeonGold6126]"
#BSUB -R "span[hosts=1]"
#BSUB -n 1
#BSUB -o tommy0_%J.out
#BSUB -e tommy0_%J.err

# # Load Python if needed 
module load python/3.12.11  

# Activate your virtual environment
source ~/bachelor-env/bin/activate

python main_Tommy.py None True 0.0 0 normal_img0_lr25_TV
python main_Tommy.py None True 0.0 1 normal_img_1_lr25_TV
python main_Tommy.py None True 0.0 4 normal_img_4_lr25_TV

------------------------------------------------------------

Successfully completed.

Resource usage summary:

    CPU time :                                   142.09 sec.
    Max Memory :                                 688 MB
    Average Memory :                             635.75 MB
    Total Requested Memory :                     10240.00 MB
    Delta Memory :                               9552.00 MB
    Max Swap :                                   -
    Max Processes :                              4
    Max Threads :                                6
    Run time :                                   155 sec.
    Turnaround time :                            154 sec.

The output (if any) is above this job summary.



PS:

Read file <tommy0_27313599.err> for stderr output of this job.

