[Epoch 1/150 - Loss: 2.3078 - Acc: 0.1000
[Epoch 2/150 - Loss: 2.3047 - Acc: 0.1000
[Epoch 3/150 - Loss: 2.3047 - Acc: 0.1000
[Epoch 4/150 - Loss: 2.3047 - Acc: 0.1000
[Epoch 5/150 - Loss: 2.3047 - Acc: 0.1000
[Epoch 6/150 - Loss: 2.3047 - Acc: 0.1000
[Epoch 7/150 - Loss: 2.3047 - Acc: 0.1000
[Epoch 8/150 - Loss: 2.3046 - Acc: 0.1000
[Epoch 9/150 - Loss: 2.3044 - Acc: 0.1000
[Epoch 10/150 - Loss: 2.2994 - Acc: 0.1884
[Epoch 11/150 - Loss: 2.0237 - Acc: 0.3094
[Epoch 12/150 - Loss: 1.8071 - Acc: 0.3839
[Epoch 13/150 - Loss: 1.6698 - Acc: 0.4217
[Epoch 14/150 - Loss: 1.5769 - Acc: 0.4459
[Epoch 15/150 - Loss: 1.5128 - Acc: 0.4627
[Epoch 16/150 - Loss: 1.4604 - Acc: 0.4672
[Epoch 17/150 - Loss: 1.4147 - Acc: 0.4799
[Epoch 18/150 - Loss: 1.3746 - Acc: 0.4877
[Epoch 19/150 - Loss: 1.3372 - Acc: 0.5060
[Epoch 20/150 - Loss: 1.3041 - Acc: 0.5224
[Epoch 21/150 - Loss: 1.2751 - Acc: 0.5346
[Epoch 22/150 - Loss: 1.2488 - Acc: 0.5437
[Epoch 23/150 - Loss: 1.2245 - Acc: 0.5486
[Epoch 24/150 - Loss: 1.2018 - Acc: 0.5530
[Epoch 25/150 - Loss: 1.1802 - Acc: 0.5574
[Epoch 26/150 - Loss: 1.1595 - Acc: 0.5609
[Epoch 27/150 - Loss: 1.1395 - Acc: 0.5629
[Epoch 28/150 - Loss: 1.1206 - Acc: 0.5633
[Epoch 29/150 - Loss: 1.1032 - Acc: 0.5674
[Epoch 30/150 - Loss: 1.0875 - Acc: 0.5681
[Epoch 31/150 - Loss: 1.0732 - Acc: 0.5670
[Epoch 32/150 - Loss: 1.0600 - Acc: 0.5676
[Epoch 33/150 - Loss: 1.0478 - Acc: 0.5695
[Epoch 34/150 - Loss: 1.0363 - Acc: 0.5694
[Epoch 35/150 - Loss: 1.0253 - Acc: 0.5695
[Epoch 36/150 - Loss: 1.0151 - Acc: 0.5713
[Epoch 37/150 - Loss: 1.0055 - Acc: 0.5733
[Epoch 38/150 - Loss: 0.9966 - Acc: 0.5723
[Epoch 39/150 - Loss: 0.9883 - Acc: 0.5724
[Epoch 40/150 - Loss: 0.9805 - Acc: 0.5739
[Epoch 41/150 - Loss: 0.9730 - Acc: 0.5757
[Epoch 42/150 - Loss: 0.9660 - Acc: 0.5767
[Epoch 43/150 - Loss: 0.9593 - Acc: 0.5779
[Epoch 44/150 - Loss: 0.9531 - Acc: 0.5807
[Epoch 45/150 - Loss: 0.9476 - Acc: 0.5821
[Epoch 46/150 - Loss: 0.9428 - Acc: 0.5808
[Epoch 47/150 - Loss: 0.9386 - Acc: 0.5822
[Epoch 48/150 - Loss: 0.9347 - Acc: 0.5869
[Epoch 49/150 - Loss: 0.9306 - Acc: 0.5885
[Epoch 50/150 - Loss: 0.9260 - Acc: 0.5865
[Epoch 51/150 - Loss: 0.9213 - Acc: 0.5847
[Epoch 52/150 - Loss: 0.9166 - Acc: 0.5839
[Epoch 53/150 - Loss: 0.9122 - Acc: 0.5831
[Epoch 54/150 - Loss: 0.9079 - Acc: 0.5838
[Epoch 55/150 - Loss: 0.9038 - Acc: 0.5819
[Epoch 56/150 - Loss: 0.8999 - Acc: 0.5774
[Epoch 57/150 - Loss: 0.8963 - Acc: 0.5758
[Epoch 58/150 - Loss: 0.8930 - Acc: 0.5730
[Epoch 59/150 - Loss: 0.8899 - Acc: 0.5720
[Epoch 60/150 - Loss: 0.8873 - Acc: 0.5713
[Epoch 61/150 - Loss: 0.8851 - Acc: 0.5730
[Epoch 62/150 - Loss: 0.8834 - Acc: 0.5727
[Epoch 63/150 - Loss: 0.8823 - Acc: 0.5749
[Epoch 64/150 - Loss: 0.8814 - Acc: 0.5768
[Epoch 65/150 - Loss: 0.8800 - Acc: 0.5760
[Epoch 66/150 - Loss: 0.8779 - Acc: 0.5772
[Epoch 67/150 - Loss: 0.8753 - Acc: 0.5771
[Epoch 68/150 - Loss: 0.8724 - Acc: 0.5752
[Epoch 69/150 - Loss: 0.8697 - Acc: 0.5765
[Epoch 70/150 - Loss: 0.8671 - Acc: 0.5773
[Epoch 71/150 - Loss: 0.8647 - Acc: 0.5802
[Epoch 72/150 - Loss: 0.8625 - Acc: 0.5808
[Epoch 73/150 - Loss: 0.8605 - Acc: 0.5822
[Epoch 74/150 - Loss: 0.8586 - Acc: 0.5831
[Epoch 75/150 - Loss: 0.8568 - Acc: 0.5811
[Epoch 76/150 - Loss: 0.8554 - Acc: 0.5832
[Epoch 77/150 - Loss: 0.8543 - Acc: 0.5841
[Epoch 78/150 - Loss: 0.8538 - Acc: 0.5831
[Epoch 79/150 - Loss: 0.8539 - Acc: 0.5802
[Epoch 80/150 - Loss: 0.8545 - Acc: 0.5769
[Epoch 81/150 - Loss: 0.8554 - Acc: 0.5749
[Epoch 82/150 - Loss: 0.8560 - Acc: 0.5752
[Epoch 83/150 - Loss: 0.8562 - Acc: 0.5754
[Epoch 84/150 - Loss: 0.8556 - Acc: 0.5759
[Epoch 85/150 - Loss: 0.8543 - Acc: 0.5779
[Epoch 86/150 - Loss: 0.8524 - Acc: 0.5803
[Epoch 87/150 - Loss: 0.8500 - Acc: 0.5800
[Epoch 88/150 - Loss: 0.8474 - Acc: 0.5803
[Epoch 89/150 - Loss: 0.8448 - Acc: 0.5790
[Epoch 90/150 - Loss: 0.8424 - Acc: 0.5792
[Epoch 91/150 - Loss: 0.8402 - Acc: 0.5798
[Epoch 92/150 - Loss: 0.8384 - Acc: 0.5797
[Epoch 93/150 - Loss: 0.8369 - Acc: 0.5788
[Epoch 94/150 - Loss: 0.8357 - Acc: 0.5781
[Epoch 95/150 - Loss: 0.8347 - Acc: 0.5782
[Epoch 96/150 - Loss: 0.8339 - Acc: 0.5784
[Epoch 97/150 - Loss: 0.8331 - Acc: 0.5788
[Epoch 98/150 - Loss: 0.8324 - Acc: 0.5776
[Epoch 99/150 - Loss: 0.8318 - Acc: 0.5761
[Epoch 100/150 - Loss: 0.8311 - Acc: 0.5738
[Epoch 101/150 - Loss: 0.8306 - Acc: 0.5727
[Epoch 102/150 - Loss: 0.8302 - Acc: 0.5712
[Epoch 103/150 - Loss: 0.8300 - Acc: 0.5709
[Epoch 104/150 - Loss: 0.8301 - Acc: 0.5712
[Epoch 105/150 - Loss: 0.8306 - Acc: 0.5699
[Epoch 106/150 - Loss: 0.8317 - Acc: 0.5690
[Epoch 107/150 - Loss: 0.8336 - Acc: 0.5665
[Epoch 108/150 - Loss: 0.8359 - Acc: 0.5661
[Epoch 109/150 - Loss: 0.8383 - Acc: 0.5623
[Epoch 110/150 - Loss: 0.8397 - Acc: 0.5636
[Epoch 111/150 - Loss: 0.8399 - Acc: 0.5645
[Epoch 112/150 - Loss: 0.8398 - Acc: 0.5628
[Epoch 113/150 - Loss: 0.8398 - Acc: 0.5628
[Epoch 114/150 - Loss: 0.8396 - Acc: 0.5625
[Epoch 115/150 - Loss: 0.8387 - Acc: 0.5639
[Epoch 116/150 - Loss: 0.8376 - Acc: 0.5633
[Epoch 117/150 - Loss: 0.8364 - Acc: 0.5628
[Epoch 118/150 - Loss: 0.8349 - Acc: 0.5654
[Epoch 119/150 - Loss: 0.8327 - Acc: 0.5649
[Epoch 120/150 - Loss: 0.8296 - Acc: 0.5656
[Epoch 121/150 - Loss: 0.8258 - Acc: 0.5647
[Epoch 122/150 - Loss: 0.8217 - Acc: 0.5652
[Epoch 123/150 - Loss: 0.8178 - Acc: 0.5644
[Epoch 124/150 - Loss: 0.8142 - Acc: 0.5650
[Epoch 125/150 - Loss: 0.8109 - Acc: 0.5651
[Epoch 126/150 - Loss: 0.8079 - Acc: 0.5637
[Epoch 127/150 - Loss: 0.8054 - Acc: 0.5639
[Epoch 128/150 - Loss: 0.8032 - Acc: 0.5635
[Epoch 129/150 - Loss: 0.8013 - Acc: 0.5623
[Epoch 130/150 - Loss: 0.7998 - Acc: 0.5624
[Epoch 131/150 - Loss: 0.7986 - Acc: 0.5620
[Epoch 132/150 - Loss: 0.7976 - Acc: 0.5611
[Epoch 133/150 - Loss: 0.7968 - Acc: 0.5597
[Epoch 134/150 - Loss: 0.7962 - Acc: 0.5585
[Epoch 135/150 - Loss: 0.7958 - Acc: 0.5573
[Epoch 136/150 - Loss: 0.7956 - Acc: 0.5560
[Epoch 137/150 - Loss: 0.7958 - Acc: 0.5556
[Epoch 138/150 - Loss: 0.7961 - Acc: 0.5542
[Epoch 139/150 - Loss: 0.7966 - Acc: 0.5551
[Epoch 140/150 - Loss: 0.7974 - Acc: 0.5540
[Epoch 141/150 - Loss: 0.7983 - Acc: 0.5553
[Epoch 142/150 - Loss: 0.7992 - Acc: 0.5568
[Epoch 143/150 - Loss: 0.8001 - Acc: 0.5569
[Epoch 144/150 - Loss: 0.8010 - Acc: 0.5560
[Epoch 145/150 - Loss: 0.8018 - Acc: 0.5546
[Epoch 146/150 - Loss: 0.8028 - Acc: 0.5548
[Epoch 147/150 - Loss: 0.8038 - Acc: 0.5541
[Epoch 148/150 - Loss: 0.8052 - Acc: 0.5544
[Epoch 149/150 - Loss: 0.8070 - Acc: 0.5521
[Epoch 150/150 - Loss: 0.8088 - Acc: 0.5529

=== Round 1/8 ===
Client 0 training...
[Client 0] Epoch 1/25 - Loss: 2.3380 - Acc: 0.1000
[Client 0] Epoch 2/25 - Loss: 2.3084 - Acc: 0.1000
[Client 0] Epoch 3/25 - Loss: 2.3066 - Acc: 0.1000
[Client 0] Epoch 4/25 - Loss: 2.3053 - Acc: 0.1000
[Client 0] Epoch 5/25 - Loss: 2.3047 - Acc: 0.1000
[Client 0] Epoch 6/25 - Loss: 2.3046 - Acc: 0.1000
[Client 0] Epoch 7/25 - Loss: 2.3037 - Acc: 0.1000
[Client 0] Epoch 8/25 - Loss: 2.3031 - Acc: 0.1000
[Client 0] Epoch 9/25 - Loss: 2.3036 - Acc: 0.1000
[Client 0] Epoch 10/25 - Loss: 2.3031 - Acc: 0.1000
[Client 0] Epoch 11/25 - Loss: 2.3033 - Acc: 0.1000
[Client 0] Epoch 12/25 - Loss: 2.3030 - Acc: 0.1000
[Client 0] Epoch 13/25 - Loss: 2.3030 - Acc: 0.1000
[Client 0] Epoch 14/25 - Loss: 2.3029 - Acc: 0.1000
[Client 0] Epoch 15/25 - Loss: 2.3028 - Acc: 0.1000
[Client 0] Epoch 16/25 - Loss: 2.3027 - Acc: 0.1000
[Client 0] Epoch 17/25 - Loss: 2.3025 - Acc: 0.1000
[Client 0] Epoch 18/25 - Loss: 2.3022 - Acc: 0.1000
[Client 0] Epoch 19/25 - Loss: 2.3019 - Acc: 0.1000
[Client 0] Epoch 20/25 - Loss: 2.3023 - Acc: 0.1000
[Client 0] Epoch 21/25 - Loss: 2.3018 - Acc: 0.1000
[Client 0] Epoch 22/25 - Loss: 2.3019 - Acc: 0.1126
[Client 0] Epoch 23/25 - Loss: 2.3020 - Acc: 0.1000
[Client 0] Epoch 24/25 - Loss: 2.3015 - Acc: 0.1103
[Client 0] Epoch 25/25 - Loss: 2.3009 - Acc: 0.1004
Client 1 training...
[Client 1] Epoch 1/25 - Loss: 2.3390 - Acc: 0.1000
[Client 1] Epoch 2/25 - Loss: 2.3075 - Acc: 0.1000
[Client 1] Epoch 3/25 - Loss: 2.3056 - Acc: 0.1000
[Client 1] Epoch 4/25 - Loss: 2.3040 - Acc: 0.1000
[Client 1] Epoch 5/25 - Loss: 2.3042 - Acc: 0.1000
[Client 1] Epoch 6/25 - Loss: 2.3037 - Acc: 0.1000
[Client 1] Epoch 7/25 - Loss: 2.3037 - Acc: 0.1000
[Client 1] Epoch 8/25 - Loss: 2.3034 - Acc: 0.1000
[Client 1] Epoch 9/25 - Loss: 2.3037 - Acc: 0.1000
[Client 1] Epoch 10/25 - Loss: 2.3030 - Acc: 0.1000
[Client 1] Epoch 11/25 - Loss: 2.3033 - Acc: 0.1000
[Client 1] Epoch 12/25 - Loss: 2.3034 - Acc: 0.1000
[Client 1] Epoch 13/25 - Loss: 2.3031 - Acc: 0.1000
[Client 1] Epoch 14/25 - Loss: 2.3033 - Acc: 0.1000
[Client 1] Epoch 15/25 - Loss: 2.3026 - Acc: 0.1000
[Client 1] Epoch 16/25 - Loss: 2.3027 - Acc: 0.1000
[Client 1] Epoch 17/25 - Loss: 2.3025 - Acc: 0.1000
[Client 1] Epoch 18/25 - Loss: 2.3025 - Acc: 0.1000
[Client 1] Epoch 19/25 - Loss: 2.3027 - Acc: 0.1000
[Client 1] Epoch 20/25 - Loss: 2.3024 - Acc: 0.1000
[Client 1] Epoch 21/25 - Loss: 2.3026 - Acc: 0.1000
[Client 1] Epoch 22/25 - Loss: 2.3026 - Acc: 0.1000
[Client 1] Epoch 23/25 - Loss: 2.3026 - Acc: 0.1000
[Client 1] Epoch 24/25 - Loss: 2.3027 - Acc: 0.1000
[Client 1] Epoch 25/25 - Loss: 2.3025 - Acc: 0.1000
Client 2 training...
[Client 2] Epoch 1/25 - Loss: 2.3405 - Acc: 0.1000
[Client 2] Epoch 2/25 - Loss: 2.3077 - Acc: 0.1000
[Client 2] Epoch 3/25 - Loss: 2.3059 - Acc: 0.1000
[Client 2] Epoch 4/25 - Loss: 2.3053 - Acc: 0.1000
[Client 2] Epoch 5/25 - Loss: 2.3048 - Acc: 0.1000
[Client 2] Epoch 6/25 - Loss: 2.3043 - Acc: 0.1000
[Client 2] Epoch 7/25 - Loss: 2.3040 - Acc: 0.1000
[Client 2] Epoch 8/25 - Loss: 2.3036 - Acc: 0.1000
[Client 2] Epoch 9/25 - Loss: 2.3036 - Acc: 0.1000
[Client 2] Epoch 10/25 - Loss: 2.3035 - Acc: 0.1000
[Client 2] Epoch 11/25 - Loss: 2.3035 - Acc: 0.1000
[Client 2] Epoch 12/25 - Loss: 2.3033 - Acc: 0.1000
[Client 2] Epoch 13/25 - Loss: 2.3033 - Acc: 0.1000
[Client 2] Epoch 14/25 - Loss: 2.3032 - Acc: 0.1000
[Client 2] Epoch 15/25 - Loss: 2.3033 - Acc: 0.1000
[Client 2] Epoch 16/25 - Loss: 2.3030 - Acc: 0.1000
[Client 2] Epoch 17/25 - Loss: 2.3030 - Acc: 0.1000
[Client 2] Epoch 18/25 - Loss: 2.3032 - Acc: 0.1000
[Client 2] Epoch 19/25 - Loss: 2.3030 - Acc: 0.1000
[Client 2] Epoch 20/25 - Loss: 2.3030 - Acc: 0.1000
[Client 2] Epoch 21/25 - Loss: 2.3029 - Acc: 0.1000
[Client 2] Epoch 22/25 - Loss: 2.3029 - Acc: 0.1000
[Client 2] Epoch 23/25 - Loss: 2.3029 - Acc: 0.1000
[Client 2] Epoch 24/25 - Loss: 2.3027 - Acc: 0.1000
[Client 2] Epoch 25/25 - Loss: 2.3027 - Acc: 0.1000
Client 3 training...
[Client 3] Epoch 1/25 - Loss: 2.3376 - Acc: 0.1000
[Client 3] Epoch 2/25 - Loss: 2.3078 - Acc: 0.1000
[Client 3] Epoch 3/25 - Loss: 2.3063 - Acc: 0.1000
[Client 3] Epoch 4/25 - Loss: 2.3049 - Acc: 0.1000
[Client 3] Epoch 5/25 - Loss: 2.3054 - Acc: 0.1000
[Client 3] Epoch 6/25 - Loss: 2.3038 - Acc: 0.1000
[Client 3] Epoch 7/25 - Loss: 2.3041 - Acc: 0.1000
[Client 3] Epoch 8/25 - Loss: 2.3036 - Acc: 0.1000
[Client 3] Epoch 9/25 - Loss: 2.3034 - Acc: 0.1000
[Client 3] Epoch 10/25 - Loss: 2.3033 - Acc: 0.1000
[Client 3] Epoch 11/25 - Loss: 2.3034 - Acc: 0.1000
[Client 3] Epoch 12/25 - Loss: 2.3030 - Acc: 0.1000
[Client 3] Epoch 13/25 - Loss: 2.3034 - Acc: 0.1000
[Client 3] Epoch 14/25 - Loss: 2.3035 - Acc: 0.1000
[Client 3] Epoch 15/25 - Loss: 2.3032 - Acc: 0.1000
[Client 3] Epoch 16/25 - Loss: 2.3029 - Acc: 0.1000
[Client 3] Epoch 17/25 - Loss: 2.3032 - Acc: 0.1000
[Client 3] Epoch 18/25 - Loss: 2.3031 - Acc: 0.1000
[Client 3] Epoch 19/25 - Loss: 2.3030 - Acc: 0.1000
[Client 3] Epoch 20/25 - Loss: 2.3031 - Acc: 0.1000
[Client 3] Epoch 21/25 - Loss: 2.3029 - Acc: 0.1000
[Client 3] Epoch 22/25 - Loss: 2.3029 - Acc: 0.1000
[Client 3] Epoch 23/25 - Loss: 2.3026 - Acc: 0.1000
[Client 3] Epoch 24/25 - Loss: 2.3027 - Acc: 0.1000
[Client 3] Epoch 25/25 - Loss: 2.3028 - Acc: 0.1000
Client 4 training...
[Client 4] Epoch 1/25 - Loss: 2.3349 - Acc: 0.1000
[Client 4] Epoch 2/25 - Loss: 2.3115 - Acc: 0.1000
[Client 4] Epoch 3/25 - Loss: 2.3067 - Acc: 0.1000
[Client 4] Epoch 4/25 - Loss: 2.3049 - Acc: 0.1000
[Client 4] Epoch 5/25 - Loss: 2.3054 - Acc: 0.1000
[Client 4] Epoch 6/25 - Loss: 2.3047 - Acc: 0.1000
[Client 4] Epoch 7/25 - Loss: 2.3046 - Acc: 0.1000
[Client 4] Epoch 8/25 - Loss: 2.3045 - Acc: 0.1000
[Client 4] Epoch 9/25 - Loss: 2.3040 - Acc: 0.1000
[Client 4] Epoch 10/25 - Loss: 2.3036 - Acc: 0.1000
[Client 4] Epoch 11/25 - Loss: 2.3037 - Acc: 0.1000
[Client 4] Epoch 12/25 - Loss: 2.3041 - Acc: 0.1000
[Client 4] Epoch 13/25 - Loss: 2.3033 - Acc: 0.1000
[Client 4] Epoch 14/25 - Loss: 2.3039 - Acc: 0.1000
[Client 4] Epoch 15/25 - Loss: 2.3038 - Acc: 0.1000
[Client 4] Epoch 16/25 - Loss: 2.3035 - Acc: 0.1000
[Client 4] Epoch 17/25 - Loss: 2.3032 - Acc: 0.1000
[Client 4] Epoch 18/25 - Loss: 2.3032 - Acc: 0.1000
[Client 4] Epoch 19/25 - Loss: 2.3030 - Acc: 0.1000
[Client 4] Epoch 20/25 - Loss: 2.3030 - Acc: 0.1000
[Client 4] Epoch 21/25 - Loss: 2.3028 - Acc: 0.1000
[Client 4] Epoch 22/25 - Loss: 2.3027 - Acc: 0.1000
[Client 4] Epoch 23/25 - Loss: 2.3024 - Acc: 0.1000
[Client 4] Epoch 24/25 - Loss: 2.3023 - Acc: 0.1000
[Client 4] Epoch 25/25 - Loss: 2.3024 - Acc: 0.1000
Client 5 training...
[Client 5] Epoch 1/25 - Loss: 2.3425 - Acc: 0.1000
[Client 5] Epoch 2/25 - Loss: 2.3086 - Acc: 0.1000
[Client 5] Epoch 3/25 - Loss: 2.3059 - Acc: 0.1000
[Client 5] Epoch 4/25 - Loss: 2.3060 - Acc: 0.1000
[Client 5] Epoch 5/25 - Loss: 2.3041 - Acc: 0.1000
[Client 5] Epoch 6/25 - Loss: 2.3039 - Acc: 0.1000
[Client 5] Epoch 7/25 - Loss: 2.3041 - Acc: 0.1000
[Client 5] Epoch 8/25 - Loss: 2.3037 - Acc: 0.1000
[Client 5] Epoch 9/25 - Loss: 2.3035 - Acc: 0.1000
[Client 5] Epoch 10/25 - Loss: 2.3038 - Acc: 0.1000
[Client 5] Epoch 11/25 - Loss: 2.3032 - Acc: 0.1000
[Client 5] Epoch 12/25 - Loss: 2.3034 - Acc: 0.1000
[Client 5] Epoch 13/25 - Loss: 2.3036 - Acc: 0.1000
[Client 5] Epoch 14/25 - Loss: 2.3034 - Acc: 0.1000
[Client 5] Epoch 15/25 - Loss: 2.3034 - Acc: 0.1000
[Client 5] Epoch 16/25 - Loss: 2.3032 - Acc: 0.1000
[Client 5] Epoch 17/25 - Loss: 2.3032 - Acc: 0.1000
[Client 5] Epoch 18/25 - Loss: 2.3030 - Acc: 0.1000
[Client 5] Epoch 19/25 - Loss: 2.3030 - Acc: 0.1000
[Client 5] Epoch 20/25 - Loss: 2.3028 - Acc: 0.1000
[Client 5] Epoch 21/25 - Loss: 2.3028 - Acc: 0.1000
[Client 5] Epoch 22/25 - Loss: 2.3026 - Acc: 0.1000
[Client 5] Epoch 23/25 - Loss: 2.3026 - Acc: 0.1000
[Client 5] Epoch 24/25 - Loss: 2.3025 - Acc: 0.1000
[Client 5] Epoch 25/25 - Loss: 2.3026 - Acc: 0.1000
Client 6 training...
[Client 6] Epoch 1/25 - Loss: 2.3307 - Acc: 0.1000
[Client 6] Epoch 2/25 - Loss: 2.3129 - Acc: 0.1000
[Client 6] Epoch 3/25 - Loss: 2.3058 - Acc: 0.1000
[Client 6] Epoch 4/25 - Loss: 2.3042 - Acc: 0.1000
[Client 6] Epoch 5/25 - Loss: 2.3048 - Acc: 0.1000
[Client 6] Epoch 6/25 - Loss: 2.3038 - Acc: 0.1000
[Client 6] Epoch 7/25 - Loss: 2.3045 - Acc: 0.1000
[Client 6] Epoch 8/25 - Loss: 2.3036 - Acc: 0.1000
[Client 6] Epoch 9/25 - Loss: 2.3033 - Acc: 0.1000
[Client 6] Epoch 10/25 - Loss: 2.3035 - Acc: 0.1000
[Client 6] Epoch 11/25 - Loss: 2.3031 - Acc: 0.1000
[Client 6] Epoch 12/25 - Loss: 2.3030 - Acc: 0.1000
[Client 6] Epoch 13/25 - Loss: 2.3030 - Acc: 0.1000
[Client 6] Epoch 14/25 - Loss: 2.3028 - Acc: 0.1000
[Client 6] Epoch 15/25 - Loss: 2.3030 - Acc: 0.1000
[Client 6] Epoch 16/25 - Loss: 2.3027 - Acc: 0.1000
[Client 6] Epoch 17/25 - Loss: 2.3026 - Acc: 0.1000
[Client 6] Epoch 18/25 - Loss: 2.3030 - Acc: 0.1000
[Client 6] Epoch 19/25 - Loss: 2.3025 - Acc: 0.1000
[Client 6] Epoch 20/25 - Loss: 2.3026 - Acc: 0.1000
[Client 6] Epoch 21/25 - Loss: 2.3026 - Acc: 0.1000
[Client 6] Epoch 22/25 - Loss: 2.3025 - Acc: 0.1000
[Client 6] Epoch 23/25 - Loss: 2.3025 - Acc: 0.1467
[Client 6] Epoch 24/25 - Loss: 2.3027 - Acc: 0.1269
[Client 6] Epoch 25/25 - Loss: 2.3022 - Acc: 0.1301
Client 7 training...
[Client 7] Epoch 1/25 - Loss: 2.3331 - Acc: 0.1000
[Client 7] Epoch 2/25 - Loss: 2.3072 - Acc: 0.1000
[Client 7] Epoch 3/25 - Loss: 2.3065 - Acc: 0.1000
[Client 7] Epoch 4/25 - Loss: 2.3040 - Acc: 0.1000
[Client 7] Epoch 5/25 - Loss: 2.3039 - Acc: 0.1000
[Client 7] Epoch 6/25 - Loss: 2.3034 - Acc: 0.1000
[Client 7] Epoch 7/25 - Loss: 2.3034 - Acc: 0.1000
[Client 7] Epoch 8/25 - Loss: 2.3030 - Acc: 0.1000
[Client 7] Epoch 9/25 - Loss: 2.3031 - Acc: 0.1000
[Client 7] Epoch 10/25 - Loss: 2.3030 - Acc: 0.1000
[Client 7] Epoch 11/25 - Loss: 2.3026 - Acc: 0.1000
[Client 7] Epoch 12/25 - Loss: 2.3025 - Acc: 0.1000
[Client 7] Epoch 13/25 - Loss: 2.3027 - Acc: 0.1000
[Client 7] Epoch 14/25 - Loss: 2.3023 - Acc: 0.1000
[Client 7] Epoch 15/25 - Loss: 2.3021 - Acc: 0.1000
[Client 7] Epoch 16/25 - Loss: 2.3020 - Acc: 0.1000
[Client 7] Epoch 17/25 - Loss: 2.3017 - Acc: 0.1000
[Client 7] Epoch 18/25 - Loss: 2.3018 - Acc: 0.1000
[Client 7] Epoch 19/25 - Loss: 2.3015 - Acc: 0.1000
[Client 7] Epoch 20/25 - Loss: 2.3011 - Acc: 0.1000
[Client 7] Epoch 21/25 - Loss: 2.3012 - Acc: 0.1000
[Client 7] Epoch 22/25 - Loss: 2.3006 - Acc: 0.1000
[Client 7] Epoch 23/25 - Loss: 2.2999 - Acc: 0.1000
[Client 7] Epoch 24/25 - Loss: 2.2996 - Acc: 0.1000
[Client 7] Epoch 25/25 - Loss: 2.2989 - Acc: 0.1000
Global eval after round 1: 0.1000

=== Round 2/8 ===
Client 0 training...
[Client 0] Epoch 1/25 - Loss: 2.3020 - Acc: 0.1000
[Client 0] Epoch 2/25 - Loss: 2.3019 - Acc: 0.1000
[Client 0] Epoch 3/25 - Loss: 2.3016 - Acc: 0.1000
[Client 0] Epoch 4/25 - Loss: 2.3013 - Acc: 0.1000
[Client 0] Epoch 5/25 - Loss: 2.3009 - Acc: 0.1000
[Client 0] Epoch 6/25 - Loss: 2.3003 - Acc: 0.1000
[Client 0] Epoch 7/25 - Loss: 2.3001 - Acc: 0.1000
[Client 0] Epoch 8/25 - Loss: 2.2997 - Acc: 0.1000
[Client 0] Epoch 9/25 - Loss: 2.2990 - Acc: 0.1020
[Client 0] Epoch 10/25 - Loss: 2.2980 - Acc: 0.1034
[Client 0] Epoch 11/25 - Loss: 2.2971 - Acc: 0.1000
[Client 0] Epoch 12/25 - Loss: 2.2946 - Acc: 0.1136
[Client 0] Epoch 13/25 - Loss: 2.2919 - Acc: 0.1014
[Client 0] Epoch 14/25 - Loss: 2.2852 - Acc: 0.1374
[Client 0] Epoch 15/25 - Loss: 2.2719 - Acc: 0.1470
[Client 0] Epoch 16/25 - Loss: 2.2351 - Acc: 0.2085
[Client 0] Epoch 17/25 - Loss: 2.1615 - Acc: 0.2352
[Client 0] Epoch 18/25 - Loss: 2.0914 - Acc: 0.2546
[Client 0] Epoch 19/25 - Loss: 2.0622 - Acc: 0.2583
[Client 0] Epoch 20/25 - Loss: 2.0430 - Acc: 0.2420
[Client 0] Epoch 21/25 - Loss: 2.0510 - Acc: 0.2399
[Client 0] Epoch 22/25 - Loss: 2.0267 - Acc: 0.2590
[Client 0] Epoch 23/25 - Loss: 2.0172 - Acc: 0.2770
[Client 0] Epoch 24/25 - Loss: 2.0105 - Acc: 0.2864
[Client 0] Epoch 25/25 - Loss: 2.0043 - Acc: 0.2811
Client 1 training...
[Client 1] Epoch 1/25 - Loss: 2.3018 - Acc: 0.1052
[Client 1] Epoch 2/25 - Loss: 2.3016 - Acc: 0.1255
[Client 1] Epoch 3/25 - Loss: 2.3015 - Acc: 0.1000
[Client 1] Epoch 4/25 - Loss: 2.3013 - Acc: 0.1000
[Client 1] Epoch 5/25 - Loss: 2.3011 - Acc: 0.1000
[Client 1] Epoch 6/25 - Loss: 2.3008 - Acc: 0.1000
[Client 1] Epoch 7/25 - Loss: 2.3006 - Acc: 0.1503
[Client 1] Epoch 8/25 - Loss: 2.2998 - Acc: 0.1001
[Client 1] Epoch 9/25 - Loss: 2.2993 - Acc: 0.1321
[Client 1] Epoch 10/25 - Loss: 2.2987 - Acc: 0.1055
[Client 1] Epoch 11/25 - Loss: 2.2977 - Acc: 0.1193
[Client 1] Epoch 12/25 - Loss: 2.2963 - Acc: 0.1148
[Client 1] Epoch 13/25 - Loss: 2.2951 - Acc: 0.1040
[Client 1] Epoch 14/25 - Loss: 2.2912 - Acc: 0.1092
[Client 1] Epoch 15/25 - Loss: 2.2858 - Acc: 0.1537
[Client 1] Epoch 16/25 - Loss: 2.2721 - Acc: 0.1598
[Client 1] Epoch 17/25 - Loss: 2.2394 - Acc: 0.2062
[Client 1] Epoch 18/25 - Loss: 2.1771 - Acc: 0.1771
[Client 1] Epoch 19/25 - Loss: 2.1186 - Acc: 0.2299
[Client 1] Epoch 20/25 - Loss: 2.0883 - Acc: 0.2233
[Client 1] Epoch 21/25 - Loss: 2.0785 - Acc: 0.2503
[Client 1] Epoch 22/25 - Loss: 2.0735 - Acc: 0.2385
[Client 1] Epoch 23/25 - Loss: 2.0567 - Acc: 0.2633
[Client 1] Epoch 24/25 - Loss: 2.0507 - Acc: 0.2682
[Client 1] Epoch 25/25 - Loss: 2.0463 - Acc: 0.2717
Client 2 training...
[Client 2] Epoch 1/25 - Loss: 2.3024 - Acc: 0.1048
[Client 2] Epoch 2/25 - Loss: 2.3020 - Acc: 0.1000
[Client 2] Epoch 3/25 - Loss: 2.3018 - Acc: 0.1328
[Client 2] Epoch 4/25 - Loss: 2.3014 - Acc: 0.1000
[Client 2] Epoch 5/25 - Loss: 2.3013 - Acc: 0.1289
[Client 2] Epoch 6/25 - Loss: 2.3010 - Acc: 0.1000
[Client 2] Epoch 7/25 - Loss: 2.3006 - Acc: 0.1000
[Client 2] Epoch 8/25 - Loss: 2.3004 - Acc: 0.1040
[Client 2] Epoch 9/25 - Loss: 2.2996 - Acc: 0.1347
[Client 2] Epoch 10/25 - Loss: 2.2991 - Acc: 0.1163
[Client 2] Epoch 11/25 - Loss: 2.2983 - Acc: 0.1005
[Client 2] Epoch 12/25 - Loss: 2.2965 - Acc: 0.1206
[Client 2] Epoch 13/25 - Loss: 2.2949 - Acc: 0.1185
[Client 2] Epoch 14/25 - Loss: 2.2913 - Acc: 0.1357
[Client 2] Epoch 15/25 - Loss: 2.2848 - Acc: 0.1648
[Client 2] Epoch 16/25 - Loss: 2.2715 - Acc: 0.1715
[Client 2] Epoch 17/25 - Loss: 2.2348 - Acc: 0.1956
[Client 2] Epoch 18/25 - Loss: 2.1603 - Acc: 0.1988
[Client 2] Epoch 19/25 - Loss: 2.0956 - Acc: 0.2551
[Client 2] Epoch 20/25 - Loss: 2.0614 - Acc: 0.2590
[Client 2] Epoch 21/25 - Loss: 2.0461 - Acc: 0.2274
[Client 2] Epoch 22/25 - Loss: 2.0372 - Acc: 0.2797
[Client 2] Epoch 23/25 - Loss: 2.0391 - Acc: 0.2625
[Client 2] Epoch 24/25 - Loss: 2.0236 - Acc: 0.2603
[Client 2] Epoch 25/25 - Loss: 2.0120 - Acc: 0.2592
Client 3 training...
[Client 3] Epoch 1/25 - Loss: 2.3023 - Acc: 0.1000
[Client 3] Epoch 2/25 - Loss: 2.3019 - Acc: 0.1000
[Client 3] Epoch 3/25 - Loss: 2.3020 - Acc: 0.1000
[Client 3] Epoch 4/25 - Loss: 2.3016 - Acc: 0.1000
[Client 3] Epoch 5/25 - Loss: 2.3015 - Acc: 0.1014
[Client 3] Epoch 6/25 - Loss: 2.3014 - Acc: 0.1023
[Client 3] Epoch 7/25 - Loss: 2.3009 - Acc: 0.1000
[Client 3] Epoch 8/25 - Loss: 2.3005 - Acc: 0.1167
[Client 3] Epoch 9/25 - Loss: 2.3000 - Acc: 0.1545
[Client 3] Epoch 10/25 - Loss: 2.2991 - Acc: 0.1015
[Client 3] Epoch 11/25 - Loss: 2.2987 - Acc: 0.1020
[Client 3] Epoch 12/25 - Loss: 2.2978 - Acc: 0.1045
[Client 3] Epoch 13/25 - Loss: 2.2963 - Acc: 0.1008
[Client 3] Epoch 14/25 - Loss: 2.2942 - Acc: 0.1279
[Client 3] Epoch 15/25 - Loss: 2.2894 - Acc: 0.1363
[Client 3] Epoch 16/25 - Loss: 2.2803 - Acc: 0.1542
[Client 3] Epoch 17/25 - Loss: 2.2591 - Acc: 0.1651
[Client 3] Epoch 18/25 - Loss: 2.2121 - Acc: 0.1822
[Client 3] Epoch 19/25 - Loss: 2.1367 - Acc: 0.2166
[Client 3] Epoch 20/25 - Loss: 2.0914 - Acc: 0.2435
[Client 3] Epoch 21/25 - Loss: 2.0766 - Acc: 0.2447
[Client 3] Epoch 22/25 - Loss: 2.0604 - Acc: 0.2433
[Client 3] Epoch 23/25 - Loss: 2.0569 - Acc: 0.2601
[Client 3] Epoch 24/25 - Loss: 2.0416 - Acc: 0.2580
[Client 3] Epoch 25/25 - Loss: 2.0436 - Acc: 0.2616
Client 4 training...
[Client 4] Epoch 1/25 - Loss: 2.3026 - Acc: 0.1000
[Client 4] Epoch 2/25 - Loss: 2.3022 - Acc: 0.1000
[Client 4] Epoch 3/25 - Loss: 2.3021 - Acc: 0.1000
[Client 4] Epoch 4/25 - Loss: 2.3021 - Acc: 0.1000
[Client 4] Epoch 5/25 - Loss: 2.3015 - Acc: 0.1000
[Client 4] Epoch 6/25 - Loss: 2.3015 - Acc: 0.1209
[Client 4] Epoch 7/25 - Loss: 2.3014 - Acc: 0.1069
[Client 4] Epoch 8/25 - Loss: 2.3004 - Acc: 0.1169
[Client 4] Epoch 9/25 - Loss: 2.3000 - Acc: 0.1000
[Client 4] Epoch 10/25 - Loss: 2.2993 - Acc: 0.1194
[Client 4] Epoch 11/25 - Loss: 2.2978 - Acc: 0.1500
[Client 4] Epoch 12/25 - Loss: 2.2961 - Acc: 0.1000
[Client 4] Epoch 13/25 - Loss: 2.2938 - Acc: 0.1285
[Client 4] Epoch 14/25 - Loss: 2.2894 - Acc: 0.1243
[Client 4] Epoch 15/25 - Loss: 2.2800 - Acc: 0.1449
[Client 4] Epoch 16/25 - Loss: 2.2599 - Acc: 0.1746
[Client 4] Epoch 17/25 - Loss: 2.2141 - Acc: 0.2090
[Client 4] Epoch 18/25 - Loss: 2.1422 - Acc: 0.2247
[Client 4] Epoch 19/25 - Loss: 2.0888 - Acc: 0.2466
[Client 4] Epoch 20/25 - Loss: 2.0653 - Acc: 0.2440
[Client 4] Epoch 21/25 - Loss: 2.0542 - Acc: 0.2548
[Client 4] Epoch 22/25 - Loss: 2.0432 - Acc: 0.2725
[Client 4] Epoch 23/25 - Loss: 2.0304 - Acc: 0.2702
[Client 4] Epoch 24/25 - Loss: 2.0251 - Acc: 0.2729
[Client 4] Epoch 25/25 - Loss: 2.0183 - Acc: 0.2781
Client 5 training...
[Client 5] Epoch 1/25 - Loss: 2.3024 - Acc: 0.1038
[Client 5] Epoch 2/25 - Loss: 2.3020 - Acc: 0.1000
[Client 5] Epoch 3/25 - Loss: 2.3019 - Acc: 0.1000
[Client 5] Epoch 4/25 - Loss: 2.3017 - Acc: 0.1053
[Client 5] Epoch 5/25 - Loss: 2.3014 - Acc: 0.1000
[Client 5] Epoch 6/25 - Loss: 2.3011 - Acc: 0.1192
[Client 5] Epoch 7/25 - Loss: 2.3008 - Acc: 0.1467
[Client 5] Epoch 8/25 - Loss: 2.3002 - Acc: 0.1000
[Client 5] Epoch 9/25 - Loss: 2.3000 - Acc: 0.1000
[Client 5] Epoch 10/25 - Loss: 2.2995 - Acc: 0.1000
[Client 5] Epoch 11/25 - Loss: 2.2982 - Acc: 0.1258
[Client 5] Epoch 12/25 - Loss: 2.2967 - Acc: 0.1000
[Client 5] Epoch 13/25 - Loss: 2.2947 - Acc: 0.1068
[Client 5] Epoch 14/25 - Loss: 2.2920 - Acc: 0.1529
[Client 5] Epoch 15/25 - Loss: 2.2846 - Acc: 0.1422
[Client 5] Epoch 16/25 - Loss: 2.2714 - Acc: 0.1497
[Client 5] Epoch 17/25 - Loss: 2.2382 - Acc: 0.1973
[Client 5] Epoch 18/25 - Loss: 2.1681 - Acc: 0.2178
[Client 5] Epoch 19/25 - Loss: 2.1079 - Acc: 0.2449
[Client 5] Epoch 20/25 - Loss: 2.0744 - Acc: 0.2064
[Client 5] Epoch 21/25 - Loss: 2.0626 - Acc: 0.2591
[Client 5] Epoch 22/25 - Loss: 2.0462 - Acc: 0.2543
[Client 5] Epoch 23/25 - Loss: 2.0352 - Acc: 0.2676
[Client 5] Epoch 24/25 - Loss: 2.0192 - Acc: 0.2474
[Client 5] Epoch 25/25 - Loss: 2.0225 - Acc: 0.2601
Client 6 training...
[Client 6] Epoch 1/25 - Loss: 2.3021 - Acc: 0.1000
[Client 6] Epoch 2/25 - Loss: 2.3017 - Acc: 0.1000
[Client 6] Epoch 3/25 - Loss: 2.3016 - Acc: 0.1504
[Client 6] Epoch 4/25 - Loss: 2.3014 - Acc: 0.1122
[Client 6] Epoch 5/25 - Loss: 2.3011 - Acc: 0.1233
[Client 6] Epoch 6/25 - Loss: 2.3009 - Acc: 0.1168
[Client 6] Epoch 7/25 - Loss: 2.3005 - Acc: 0.1249
[Client 6] Epoch 8/25 - Loss: 2.3000 - Acc: 0.1023
[Client 6] Epoch 9/25 - Loss: 2.2993 - Acc: 0.1160
[Client 6] Epoch 10/25 - Loss: 2.2987 - Acc: 0.1166
[Client 6] Epoch 11/25 - Loss: 2.2975 - Acc: 0.1146
[Client 6] Epoch 12/25 - Loss: 2.2961 - Acc: 0.1380
[Client 6] Epoch 13/25 - Loss: 2.2940 - Acc: 0.1225
[Client 6] Epoch 14/25 - Loss: 2.2896 - Acc: 0.1074
[Client 6] Epoch 15/25 - Loss: 2.2818 - Acc: 0.1508
[Client 6] Epoch 16/25 - Loss: 2.2632 - Acc: 0.1986
[Client 6] Epoch 17/25 - Loss: 2.2183 - Acc: 0.2398
[Client 6] Epoch 18/25 - Loss: 2.1407 - Acc: 0.2442
[Client 6] Epoch 19/25 - Loss: 2.0779 - Acc: 0.2423
[Client 6] Epoch 20/25 - Loss: 2.0553 - Acc: 0.2465
[Client 6] Epoch 21/25 - Loss: 2.0386 - Acc: 0.2431
[Client 6] Epoch 22/25 - Loss: 2.0303 - Acc: 0.2605
[Client 6] Epoch 23/25 - Loss: 2.0241 - Acc: 0.2660
[Client 6] Epoch 24/25 - Loss: 2.0083 - Acc: 0.2640
[Client 6] Epoch 25/25 - Loss: 2.0098 - Acc: 0.2497
Client 7 training...
[Client 7] Epoch 1/25 - Loss: 2.3017 - Acc: 0.1000
[Client 7] Epoch 2/25 - Loss: 2.3016 - Acc: 0.1000
[Client 7] Epoch 3/25 - Loss: 2.3011 - Acc: 0.1000
[Client 7] Epoch 4/25 - Loss: 2.3011 - Acc: 0.1000
[Client 7] Epoch 5/25 - Loss: 2.3006 - Acc: 0.1000
[Client 7] Epoch 6/25 - Loss: 2.3003 - Acc: 0.1000
[Client 7] Epoch 7/25 - Loss: 2.3002 - Acc: 0.1000
[Client 7] Epoch 8/25 - Loss: 2.2993 - Acc: 0.1000
[Client 7] Epoch 9/25 - Loss: 2.2987 - Acc: 0.1000
[Client 7] Epoch 10/25 - Loss: 2.2978 - Acc: 0.1049
[Client 7] Epoch 11/25 - Loss: 2.2962 - Acc: 0.1000
[Client 7] Epoch 12/25 - Loss: 2.2944 - Acc: 0.1187
[Client 7] Epoch 13/25 - Loss: 2.2915 - Acc: 0.1504
[Client 7] Epoch 14/25 - Loss: 2.2856 - Acc: 0.1439
[Client 7] Epoch 15/25 - Loss: 2.2728 - Acc: 0.1923
[Client 7] Epoch 16/25 - Loss: 2.2420 - Acc: 0.2004
[Client 7] Epoch 17/25 - Loss: 2.1721 - Acc: 0.2143
[Client 7] Epoch 18/25 - Loss: 2.0951 - Acc: 0.2511
[Client 7] Epoch 19/25 - Loss: 2.0580 - Acc: 0.2376
[Client 7] Epoch 20/25 - Loss: 2.0401 - Acc: 0.2693
[Client 7] Epoch 21/25 - Loss: 2.0281 - Acc: 0.2724
[Client 7] Epoch 22/25 - Loss: 2.0180 - Acc: 0.2730
[Client 7] Epoch 23/25 - Loss: 2.0135 - Acc: 0.2552
[Client 7] Epoch 24/25 - Loss: 2.0068 - Acc: 0.2660
[Client 7] Epoch 25/25 - Loss: 1.9994 - Acc: 0.2870
Global eval after round 2: 0.2857

=== Round 3/8 ===
Client 0 training...
[Client 0] Epoch 1/25 - Loss: 2.0016 - Acc: 0.2771
[Client 0] Epoch 2/25 - Loss: 1.9929 - Acc: 0.2594
[Client 0] Epoch 3/25 - Loss: 1.9801 - Acc: 0.2654
[Client 0] Epoch 4/25 - Loss: 1.9718 - Acc: 0.2865
[Client 0] Epoch 5/25 - Loss: 1.9580 - Acc: 0.2913
[Client 0] Epoch 6/25 - Loss: 1.9419 - Acc: 0.2934
[Client 0] Epoch 7/25 - Loss: 1.9347 - Acc: 0.2955
[Client 0] Epoch 8/25 - Loss: 1.9110 - Acc: 0.2851
[Client 0] Epoch 9/25 - Loss: 1.9078 - Acc: 0.2907
[Client 0] Epoch 10/25 - Loss: 1.8948 - Acc: 0.3072
[Client 0] Epoch 11/25 - Loss: 1.8845 - Acc: 0.3059
[Client 0] Epoch 12/25 - Loss: 1.8890 - Acc: 0.3158
[Client 0] Epoch 13/25 - Loss: 1.8627 - Acc: 0.3186
[Client 0] Epoch 14/25 - Loss: 1.8582 - Acc: 0.2859
[Client 0] Epoch 15/25 - Loss: 1.8536 - Acc: 0.3286
[Client 0] Epoch 16/25 - Loss: 1.8351 - Acc: 0.3322
[Client 0] Epoch 17/25 - Loss: 1.8247 - Acc: 0.3363
[Client 0] Epoch 18/25 - Loss: 1.8078 - Acc: 0.3397
[Client 0] Epoch 19/25 - Loss: 1.8092 - Acc: 0.3423
[Client 0] Epoch 20/25 - Loss: 1.7904 - Acc: 0.3435
[Client 0] Epoch 21/25 - Loss: 1.7772 - Acc: 0.3460
[Client 0] Epoch 22/25 - Loss: 1.7648 - Acc: 0.3444
[Client 0] Epoch 23/25 - Loss: 1.7536 - Acc: 0.3700
[Client 0] Epoch 24/25 - Loss: 1.7536 - Acc: 0.3618
[Client 0] Epoch 25/25 - Loss: 1.7378 - Acc: 0.3600
Client 1 training...
[Client 1] Epoch 1/25 - Loss: 2.0333 - Acc: 0.2676
[Client 1] Epoch 2/25 - Loss: 2.0382 - Acc: 0.2728
[Client 1] Epoch 3/25 - Loss: 2.0127 - Acc: 0.2888
[Client 1] Epoch 4/25 - Loss: 2.0069 - Acc: 0.2880
[Client 1] Epoch 5/25 - Loss: 1.9839 - Acc: 0.2879
[Client 1] Epoch 6/25 - Loss: 1.9807 - Acc: 0.2868
[Client 1] Epoch 7/25 - Loss: 1.9545 - Acc: 0.2737
[Client 1] Epoch 8/25 - Loss: 1.9453 - Acc: 0.2988
[Client 1] Epoch 9/25 - Loss: 1.9305 - Acc: 0.2886
[Client 1] Epoch 10/25 - Loss: 1.9220 - Acc: 0.3098
[Client 1] Epoch 11/25 - Loss: 1.9137 - Acc: 0.3013
[Client 1] Epoch 12/25 - Loss: 1.8952 - Acc: 0.3073
[Client 1] Epoch 13/25 - Loss: 1.8969 - Acc: 0.3099
[Client 1] Epoch 14/25 - Loss: 1.8770 - Acc: 0.3094
[Client 1] Epoch 15/25 - Loss: 1.8736 - Acc: 0.3148
[Client 1] Epoch 16/25 - Loss: 1.8594 - Acc: 0.3164
[Client 1] Epoch 17/25 - Loss: 1.8508 - Acc: 0.3302
[Client 1] Epoch 18/25 - Loss: 1.8425 - Acc: 0.3381
[Client 1] Epoch 19/25 - Loss: 1.8235 - Acc: 0.3346
[Client 1] Epoch 20/25 - Loss: 1.8134 - Acc: 0.3388
[Client 1] Epoch 21/25 - Loss: 1.8026 - Acc: 0.3357
[Client 1] Epoch 22/25 - Loss: 1.7933 - Acc: 0.3496
[Client 1] Epoch 23/25 - Loss: 1.7702 - Acc: 0.3622
[Client 1] Epoch 24/25 - Loss: 1.7714 - Acc: 0.3130
[Client 1] Epoch 25/25 - Loss: 1.7719 - Acc: 0.3713
Client 2 training...
[Client 2] Epoch 1/25 - Loss: 2.0073 - Acc: 0.2552
[Client 2] Epoch 2/25 - Loss: 2.0017 - Acc: 0.2867
[Client 2] Epoch 3/25 - Loss: 1.9949 - Acc: 0.2820
[Client 2] Epoch 4/25 - Loss: 1.9812 - Acc: 0.2736
[Client 2] Epoch 5/25 - Loss: 1.9698 - Acc: 0.2794
[Client 2] Epoch 6/25 - Loss: 1.9736 - Acc: 0.2680
[Client 2] Epoch 7/25 - Loss: 1.9515 - Acc: 0.3035
[Client 2] Epoch 8/25 - Loss: 1.9435 - Acc: 0.2584
[Client 2] Epoch 9/25 - Loss: 1.9351 - Acc: 0.3014
[Client 2] Epoch 10/25 - Loss: 1.9269 - Acc: 0.3162
[Client 2] Epoch 11/25 - Loss: 1.9043 - Acc: 0.3192
[Client 2] Epoch 12/25 - Loss: 1.8989 - Acc: 0.3089
[Client 2] Epoch 13/25 - Loss: 1.8815 - Acc: 0.3197
[Client 2] Epoch 14/25 - Loss: 1.8809 - Acc: 0.3264
[Client 2] Epoch 15/25 - Loss: 1.8647 - Acc: 0.3248
[Client 2] Epoch 16/25 - Loss: 1.8635 - Acc: 0.3246
[Client 2] Epoch 17/25 - Loss: 1.8497 - Acc: 0.3279
[Client 2] Epoch 18/25 - Loss: 1.8381 - Acc: 0.3494
[Client 2] Epoch 19/25 - Loss: 1.8311 - Acc: 0.3446
[Client 2] Epoch 20/25 - Loss: 1.8085 - Acc: 0.3306
[Client 2] Epoch 21/25 - Loss: 1.7989 - Acc: 0.3358
[Client 2] Epoch 22/25 - Loss: 1.7842 - Acc: 0.3535
[Client 2] Epoch 23/25 - Loss: 1.7723 - Acc: 0.3626
[Client 2] Epoch 24/25 - Loss: 1.7758 - Acc: 0.3581
[Client 2] Epoch 25/25 - Loss: 1.7537 - Acc: 0.3676
Client 3 training...
[Client 3] Epoch 1/25 - Loss: 2.0264 - Acc: 0.2810
[Client 3] Epoch 2/25 - Loss: 2.0239 - Acc: 0.2766
[Client 3] Epoch 3/25 - Loss: 2.0063 - Acc: 0.2896
[Client 3] Epoch 4/25 - Loss: 2.0029 - Acc: 0.2565
[Client 3] Epoch 5/25 - Loss: 1.9872 - Acc: 0.2713
[Client 3] Epoch 6/25 - Loss: 1.9811 - Acc: 0.2805
[Client 3] Epoch 7/25 - Loss: 1.9683 - Acc: 0.2826
[Client 3] Epoch 8/25 - Loss: 1.9616 - Acc: 0.2983
[Client 3] Epoch 9/25 - Loss: 1.9502 - Acc: 0.2840
[Client 3] Epoch 10/25 - Loss: 1.9362 - Acc: 0.2920
[Client 3] Epoch 11/25 - Loss: 1.9311 - Acc: 0.3033
[Client 3] Epoch 12/25 - Loss: 1.9206 - Acc: 0.3101
[Client 3] Epoch 13/25 - Loss: 1.9092 - Acc: 0.2983
[Client 3] Epoch 14/25 - Loss: 1.9022 - Acc: 0.3125
[Client 3] Epoch 15/25 - Loss: 1.8956 - Acc: 0.3149
[Client 3] Epoch 16/25 - Loss: 1.8828 - Acc: 0.3254
[Client 3] Epoch 17/25 - Loss: 1.8707 - Acc: 0.3217
[Client 3] Epoch 18/25 - Loss: 1.8551 - Acc: 0.3349
[Client 3] Epoch 19/25 - Loss: 1.8449 - Acc: 0.3407
[Client 3] Epoch 20/25 - Loss: 1.8361 - Acc: 0.3278
[Client 3] Epoch 21/25 - Loss: 1.8241 - Acc: 0.3290
[Client 3] Epoch 22/25 - Loss: 1.8121 - Acc: 0.3466
[Client 3] Epoch 23/25 - Loss: 1.8049 - Acc: 0.3572
[Client 3] Epoch 24/25 - Loss: 1.7897 - Acc: 0.3547
[Client 3] Epoch 25/25 - Loss: 1.7799 - Acc: 0.3656
Client 4 training...
[Client 4] Epoch 1/25 - Loss: 2.0195 - Acc: 0.2695
[Client 4] Epoch 2/25 - Loss: 2.0031 - Acc: 0.2823
[Client 4] Epoch 3/25 - Loss: 1.9896 - Acc: 0.2813
[Client 4] Epoch 4/25 - Loss: 1.9820 - Acc: 0.2816
[Client 4] Epoch 5/25 - Loss: 1.9645 - Acc: 0.2855
[Client 4] Epoch 6/25 - Loss: 1.9610 - Acc: 0.2748
[Client 4] Epoch 7/25 - Loss: 1.9443 - Acc: 0.2884
[Client 4] Epoch 8/25 - Loss: 1.9439 - Acc: 0.2992
[Client 4] Epoch 9/25 - Loss: 1.9190 - Acc: 0.3048
[Client 4] Epoch 10/25 - Loss: 1.9081 - Acc: 0.2896
[Client 4] Epoch 11/25 - Loss: 1.9055 - Acc: 0.2988
[Client 4] Epoch 12/25 - Loss: 1.8882 - Acc: 0.3140
[Client 4] Epoch 13/25 - Loss: 1.8753 - Acc: 0.3013
[Client 4] Epoch 14/25 - Loss: 1.8595 - Acc: 0.3011
[Client 4] Epoch 15/25 - Loss: 1.8556 - Acc: 0.3180
[Client 4] Epoch 16/25 - Loss: 1.8372 - Acc: 0.3244
[Client 4] Epoch 17/25 - Loss: 1.8367 - Acc: 0.3278
[Client 4] Epoch 18/25 - Loss: 1.8097 - Acc: 0.3350
[Client 4] Epoch 19/25 - Loss: 1.8014 - Acc: 0.3432
[Client 4] Epoch 20/25 - Loss: 1.7960 - Acc: 0.3496
[Client 4] Epoch 21/25 - Loss: 1.7746 - Acc: 0.3510
[Client 4] Epoch 22/25 - Loss: 1.7806 - Acc: 0.3435
[Client 4] Epoch 23/25 - Loss: 1.7720 - Acc: 0.3524
[Client 4] Epoch 24/25 - Loss: 1.7513 - Acc: 0.3576
[Client 4] Epoch 25/25 - Loss: 1.7405 - Acc: 0.3551
Client 5 training...
[Client 5] Epoch 1/25 - Loss: 2.0103 - Acc: 0.2672
[Client 5] Epoch 2/25 - Loss: 2.0039 - Acc: 0.2696
[Client 5] Epoch 3/25 - Loss: 1.9930 - Acc: 0.2849
[Client 5] Epoch 4/25 - Loss: 1.9790 - Acc: 0.2845
[Client 5] Epoch 5/25 - Loss: 1.9680 - Acc: 0.2938
[Client 5] Epoch 6/25 - Loss: 1.9796 - Acc: 0.2957
[Client 5] Epoch 7/25 - Loss: 1.9475 - Acc: 0.2970
[Client 5] Epoch 8/25 - Loss: 1.9334 - Acc: 0.2937
[Client 5] Epoch 9/25 - Loss: 1.9207 - Acc: 0.3035
[Client 5] Epoch 10/25 - Loss: 1.9091 - Acc: 0.3064
[Client 5] Epoch 11/25 - Loss: 1.9020 - Acc: 0.2931
[Client 5] Epoch 12/25 - Loss: 1.9080 - Acc: 0.3195
[Client 5] Epoch 13/25 - Loss: 1.8944 - Acc: 0.3197
[Client 5] Epoch 14/25 - Loss: 1.8740 - Acc: 0.3210
[Client 5] Epoch 15/25 - Loss: 1.8680 - Acc: 0.3208
[Client 5] Epoch 16/25 - Loss: 1.8621 - Acc: 0.3240
[Client 5] Epoch 17/25 - Loss: 1.8604 - Acc: 0.3263
[Client 5] Epoch 18/25 - Loss: 1.8371 - Acc: 0.3390
[Client 5] Epoch 19/25 - Loss: 1.8278 - Acc: 0.3415
[Client 5] Epoch 20/25 - Loss: 1.8139 - Acc: 0.3356
[Client 5] Epoch 21/25 - Loss: 1.8016 - Acc: 0.3473
[Client 5] Epoch 22/25 - Loss: 1.7875 - Acc: 0.3505
[Client 5] Epoch 23/25 - Loss: 1.7764 - Acc: 0.3561
[Client 5] Epoch 24/25 - Loss: 1.7737 - Acc: 0.3618
[Client 5] Epoch 25/25 - Loss: 1.7624 - Acc: 0.3621
Client 6 training...
[Client 6] Epoch 1/25 - Loss: 2.0028 - Acc: 0.2739
[Client 6] Epoch 2/25 - Loss: 1.9947 - Acc: 0.2919
[Client 6] Epoch 3/25 - Loss: 1.9810 - Acc: 0.2774
[Client 6] Epoch 4/25 - Loss: 1.9747 - Acc: 0.2735
[Client 6] Epoch 5/25 - Loss: 1.9556 - Acc: 0.2879
[Client 6] Epoch 6/25 - Loss: 1.9530 - Acc: 0.2923
[Client 6] Epoch 7/25 - Loss: 1.9355 - Acc: 0.2968
[Client 6] Epoch 8/25 - Loss: 1.9229 - Acc: 0.2880
[Client 6] Epoch 9/25 - Loss: 1.9116 - Acc: 0.2912
[Client 6] Epoch 10/25 - Loss: 1.9119 - Acc: 0.3073
[Client 6] Epoch 11/25 - Loss: 1.8949 - Acc: 0.3083
[Client 6] Epoch 12/25 - Loss: 1.8792 - Acc: 0.3055
[Client 6] Epoch 13/25 - Loss: 1.8712 - Acc: 0.3066
[Client 6] Epoch 14/25 - Loss: 1.8654 - Acc: 0.3215
[Client 6] Epoch 15/25 - Loss: 1.8497 - Acc: 0.3278
[Client 6] Epoch 16/25 - Loss: 1.8502 - Acc: 0.3323
[Client 6] Epoch 17/25 - Loss: 1.8338 - Acc: 0.3261
[Client 6] Epoch 18/25 - Loss: 1.8204 - Acc: 0.3320
[Client 6] Epoch 19/25 - Loss: 1.8135 - Acc: 0.3350
[Client 6] Epoch 20/25 - Loss: 1.8102 - Acc: 0.3446
[Client 6] Epoch 21/25 - Loss: 1.8002 - Acc: 0.3428
[Client 6] Epoch 22/25 - Loss: 1.7832 - Acc: 0.3579
[Client 6] Epoch 23/25 - Loss: 1.7690 - Acc: 0.3405
[Client 6] Epoch 24/25 - Loss: 1.7579 - Acc: 0.3610
[Client 6] Epoch 25/25 - Loss: 1.7423 - Acc: 0.3632
Client 7 training...
[Client 7] Epoch 1/25 - Loss: 2.0005 - Acc: 0.2566
[Client 7] Epoch 2/25 - Loss: 1.9935 - Acc: 0.2689
[Client 7] Epoch 3/25 - Loss: 1.9755 - Acc: 0.2820
[Client 7] Epoch 4/25 - Loss: 1.9771 - Acc: 0.2674
[Client 7] Epoch 5/25 - Loss: 1.9651 - Acc: 0.2786
[Client 7] Epoch 6/25 - Loss: 1.9523 - Acc: 0.2785
[Client 7] Epoch 7/25 - Loss: 1.9351 - Acc: 0.3015
[Client 7] Epoch 8/25 - Loss: 1.9247 - Acc: 0.3024
[Client 7] Epoch 9/25 - Loss: 1.9103 - Acc: 0.3035
[Client 7] Epoch 10/25 - Loss: 1.8995 - Acc: 0.3127
[Client 7] Epoch 11/25 - Loss: 1.8979 - Acc: 0.3170
[Client 7] Epoch 12/25 - Loss: 1.8893 - Acc: 0.3152
[Client 7] Epoch 13/25 - Loss: 1.8796 - Acc: 0.3156
[Client 7] Epoch 14/25 - Loss: 1.8636 - Acc: 0.2963
[Client 7] Epoch 15/25 - Loss: 1.8703 - Acc: 0.3236
[Client 7] Epoch 16/25 - Loss: 1.8457 - Acc: 0.3229
[Client 7] Epoch 17/25 - Loss: 1.8401 - Acc: 0.3213
[Client 7] Epoch 18/25 - Loss: 1.8241 - Acc: 0.3249
[Client 7] Epoch 19/25 - Loss: 1.8164 - Acc: 0.3333
[Client 7] Epoch 20/25 - Loss: 1.8025 - Acc: 0.3417
[Client 7] Epoch 21/25 - Loss: 1.7848 - Acc: 0.3492
[Client 7] Epoch 22/25 - Loss: 1.7740 - Acc: 0.3546
[Client 7] Epoch 23/25 - Loss: 1.7641 - Acc: 0.3430
[Client 7] Epoch 24/25 - Loss: 1.7514 - Acc: 0.3609
[Client 7] Epoch 25/25 - Loss: 1.7459 - Acc: 0.3664
Global eval after round 3: 0.3751

=== Round 4/8 ===
Client 0 training...
[Client 0] Epoch 1/25 - Loss: 1.7477 - Acc: 0.3605
[Client 0] Epoch 2/25 - Loss: 1.7408 - Acc: 0.3724
[Client 0] Epoch 3/25 - Loss: 1.7332 - Acc: 0.3538
[Client 0] Epoch 4/25 - Loss: 1.7194 - Acc: 0.3544
[Client 0] Epoch 5/25 - Loss: 1.7211 - Acc: 0.3788
[Client 0] Epoch 6/25 - Loss: 1.7000 - Acc: 0.3841
[Client 0] Epoch 7/25 - Loss: 1.6962 - Acc: 0.3720
[Client 0] Epoch 8/25 - Loss: 1.6981 - Acc: 0.3767
[Client 0] Epoch 9/25 - Loss: 1.6849 - Acc: 0.3855
[Client 0] Epoch 10/25 - Loss: 1.6688 - Acc: 0.3875
[Client 0] Epoch 11/25 - Loss: 1.6588 - Acc: 0.3849
[Client 0] Epoch 12/25 - Loss: 1.6576 - Acc: 0.3886
[Client 0] Epoch 13/25 - Loss: 1.6473 - Acc: 0.3902
[Client 0] Epoch 14/25 - Loss: 1.6432 - Acc: 0.3915
[Client 0] Epoch 15/25 - Loss: 1.6294 - Acc: 0.3837
[Client 0] Epoch 16/25 - Loss: 1.6265 - Acc: 0.4095
[Client 0] Epoch 17/25 - Loss: 1.6097 - Acc: 0.4092
[Client 0] Epoch 18/25 - Loss: 1.6044 - Acc: 0.4123
[Client 0] Epoch 19/25 - Loss: 1.5966 - Acc: 0.4033
[Client 0] Epoch 20/25 - Loss: 1.5847 - Acc: 0.4195
[Client 0] Epoch 21/25 - Loss: 1.5805 - Acc: 0.4066
[Client 0] Epoch 22/25 - Loss: 1.5738 - Acc: 0.4122
[Client 0] Epoch 23/25 - Loss: 1.5784 - Acc: 0.4144
[Client 0] Epoch 24/25 - Loss: 1.5549 - Acc: 0.4237
[Client 0] Epoch 25/25 - Loss: 1.5484 - Acc: 0.4011
Client 1 training...
[Client 1] Epoch 1/25 - Loss: 1.7787 - Acc: 0.3678
[Client 1] Epoch 2/25 - Loss: 1.7575 - Acc: 0.3717
[Client 1] Epoch 3/25 - Loss: 1.7491 - Acc: 0.3726
[Client 1] Epoch 4/25 - Loss: 1.7394 - Acc: 0.3596
[Client 1] Epoch 5/25 - Loss: 1.7330 - Acc: 0.3769
[Client 1] Epoch 6/25 - Loss: 1.7170 - Acc: 0.3810
[Client 1] Epoch 7/25 - Loss: 1.7083 - Acc: 0.3929
[Client 1] Epoch 8/25 - Loss: 1.7027 - Acc: 0.3809
[Client 1] Epoch 9/25 - Loss: 1.7044 - Acc: 0.3919
[Client 1] Epoch 10/25 - Loss: 1.6855 - Acc: 0.3602
[Client 1] Epoch 11/25 - Loss: 1.6828 - Acc: 0.4013
[Client 1] Epoch 12/25 - Loss: 1.6745 - Acc: 0.3744
[Client 1] Epoch 13/25 - Loss: 1.6651 - Acc: 0.3954
[Client 1] Epoch 14/25 - Loss: 1.6601 - Acc: 0.3850
[Client 1] Epoch 15/25 - Loss: 1.6458 - Acc: 0.3866
[Client 1] Epoch 16/25 - Loss: 1.6389 - Acc: 0.3833
[Client 1] Epoch 17/25 - Loss: 1.6375 - Acc: 0.4026
[Client 1] Epoch 18/25 - Loss: 1.6254 - Acc: 0.4011
[Client 1] Epoch 19/25 - Loss: 1.6116 - Acc: 0.3954
[Client 1] Epoch 20/25 - Loss: 1.6085 - Acc: 0.4095
[Client 1] Epoch 21/25 - Loss: 1.5983 - Acc: 0.4112
[Client 1] Epoch 22/25 - Loss: 1.5959 - Acc: 0.4114
[Client 1] Epoch 23/25 - Loss: 1.5876 - Acc: 0.4165
[Client 1] Epoch 24/25 - Loss: 1.5751 - Acc: 0.4219
[Client 1] Epoch 25/25 - Loss: 1.5643 - Acc: 0.4220
Client 2 training...
[Client 2] Epoch 1/25 - Loss: 1.7554 - Acc: 0.3520
[Client 2] Epoch 2/25 - Loss: 1.7604 - Acc: 0.3661
[Client 2] Epoch 3/25 - Loss: 1.7366 - Acc: 0.3720
[Client 2] Epoch 4/25 - Loss: 1.7297 - Acc: 0.3798
[Client 2] Epoch 5/25 - Loss: 1.7292 - Acc: 0.3675
[Client 2] Epoch 6/25 - Loss: 1.7152 - Acc: 0.3882
[Client 2] Epoch 7/25 - Loss: 1.7030 - Acc: 0.3756
[Client 2] Epoch 8/25 - Loss: 1.7023 - Acc: 0.3865
[Client 2] Epoch 9/25 - Loss: 1.6923 - Acc: 0.3851
[Client 2] Epoch 10/25 - Loss: 1.6784 - Acc: 0.3830
[Client 2] Epoch 11/25 - Loss: 1.6750 - Acc: 0.3766
[Client 2] Epoch 12/25 - Loss: 1.6663 - Acc: 0.3934
[Client 2] Epoch 13/25 - Loss: 1.6640 - Acc: 0.3833
[Client 2] Epoch 14/25 - Loss: 1.6611 - Acc: 0.3967
[Client 2] Epoch 15/25 - Loss: 1.6506 - Acc: 0.3852
[Client 2] Epoch 16/25 - Loss: 1.6354 - Acc: 0.3943
[Client 2] Epoch 17/25 - Loss: 1.6381 - Acc: 0.3985
[Client 2] Epoch 18/25 - Loss: 1.6246 - Acc: 0.4054
[Client 2] Epoch 19/25 - Loss: 1.6202 - Acc: 0.3893
[Client 2] Epoch 20/25 - Loss: 1.6170 - Acc: 0.3997
[Client 2] Epoch 21/25 - Loss: 1.6060 - Acc: 0.4045
[Client 2] Epoch 22/25 - Loss: 1.5988 - Acc: 0.4093
[Client 2] Epoch 23/25 - Loss: 1.5878 - Acc: 0.4073
[Client 2] Epoch 24/25 - Loss: 1.5807 - Acc: 0.4008
[Client 2] Epoch 25/25 - Loss: 1.5896 - Acc: 0.4107
Client 3 training...
[Client 3] Epoch 1/25 - Loss: 1.7840 - Acc: 0.3627
[Client 3] Epoch 2/25 - Loss: 1.7695 - Acc: 0.3694
[Client 3] Epoch 3/25 - Loss: 1.7560 - Acc: 0.3686
[Client 3] Epoch 4/25 - Loss: 1.7587 - Acc: 0.3798
[Client 3] Epoch 5/25 - Loss: 1.7404 - Acc: 0.3649
[Client 3] Epoch 6/25 - Loss: 1.7353 - Acc: 0.3685
[Client 3] Epoch 7/25 - Loss: 1.7306 - Acc: 0.3727
[Client 3] Epoch 8/25 - Loss: 1.7198 - Acc: 0.3694
[Client 3] Epoch 9/25 - Loss: 1.7118 - Acc: 0.3821
[Client 3] Epoch 10/25 - Loss: 1.7077 - Acc: 0.3877
[Client 3] Epoch 11/25 - Loss: 1.6926 - Acc: 0.3941
[Client 3] Epoch 12/25 - Loss: 1.6894 - Acc: 0.3842
[Client 3] Epoch 13/25 - Loss: 1.6845 - Acc: 0.3807
[Client 3] Epoch 14/25 - Loss: 1.6712 - Acc: 0.4004
[Client 3] Epoch 15/25 - Loss: 1.6554 - Acc: 0.3854
[Client 3] Epoch 16/25 - Loss: 1.6568 - Acc: 0.3925
[Client 3] Epoch 17/25 - Loss: 1.6413 - Acc: 0.4018
[Client 3] Epoch 18/25 - Loss: 1.6377 - Acc: 0.3871
[Client 3] Epoch 19/25 - Loss: 1.6399 - Acc: 0.4059
[Client 3] Epoch 20/25 - Loss: 1.6204 - Acc: 0.4049
[Client 3] Epoch 21/25 - Loss: 1.6094 - Acc: 0.4107
[Client 3] Epoch 22/25 - Loss: 1.6061 - Acc: 0.4107
[Client 3] Epoch 23/25 - Loss: 1.6006 - Acc: 0.4089
[Client 3] Epoch 24/25 - Loss: 1.5908 - Acc: 0.4104
[Client 3] Epoch 25/25 - Loss: 1.5807 - Acc: 0.4066
Client 4 training...
[Client 4] Epoch 1/25 - Loss: 1.7586 - Acc: 0.3475
[Client 4] Epoch 2/25 - Loss: 1.7439 - Acc: 0.3602
[Client 4] Epoch 3/25 - Loss: 1.7294 - Acc: 0.3595
[Client 4] Epoch 4/25 - Loss: 1.7281 - Acc: 0.3740
[Client 4] Epoch 5/25 - Loss: 1.7217 - Acc: 0.3705
[Client 4] Epoch 6/25 - Loss: 1.7129 - Acc: 0.3728
[Client 4] Epoch 7/25 - Loss: 1.7025 - Acc: 0.3715
[Client 4] Epoch 8/25 - Loss: 1.6972 - Acc: 0.3857
[Client 4] Epoch 9/25 - Loss: 1.6882 - Acc: 0.3724
[Client 4] Epoch 10/25 - Loss: 1.6925 - Acc: 0.3840
[Client 4] Epoch 11/25 - Loss: 1.6676 - Acc: 0.3808
[Client 4] Epoch 12/25 - Loss: 1.6679 - Acc: 0.3880
[Client 4] Epoch 13/25 - Loss: 1.6554 - Acc: 0.3829
[Client 4] Epoch 14/25 - Loss: 1.6613 - Acc: 0.3790
[Client 4] Epoch 15/25 - Loss: 1.6415 - Acc: 0.3890
[Client 4] Epoch 16/25 - Loss: 1.6376 - Acc: 0.3999
[Client 4] Epoch 17/25 - Loss: 1.6375 - Acc: 0.3929
[Client 4] Epoch 18/25 - Loss: 1.6259 - Acc: 0.3977
[Client 4] Epoch 19/25 - Loss: 1.6189 - Acc: 0.3918
[Client 4] Epoch 20/25 - Loss: 1.6222 - Acc: 0.3923
[Client 4] Epoch 21/25 - Loss: 1.6035 - Acc: 0.3960
[Client 4] Epoch 22/25 - Loss: 1.5937 - Acc: 0.4048
[Client 4] Epoch 23/25 - Loss: 1.5950 - Acc: 0.3943
[Client 4] Epoch 24/25 - Loss: 1.5775 - Acc: 0.4011
[Client 4] Epoch 25/25 - Loss: 1.5792 - Acc: 0.3979
Client 5 training...
[Client 5] Epoch 1/25 - Loss: 1.7669 - Acc: 0.3603
[Client 5] Epoch 2/25 - Loss: 1.7557 - Acc: 0.3505
[Client 5] Epoch 3/25 - Loss: 1.7495 - Acc: 0.3477
[Client 5] Epoch 4/25 - Loss: 1.7402 - Acc: 0.3593
[Client 5] Epoch 5/25 - Loss: 1.7316 - Acc: 0.3753
[Client 5] Epoch 6/25 - Loss: 1.7211 - Acc: 0.3729
[Client 5] Epoch 7/25 - Loss: 1.7250 - Acc: 0.3714
[Client 5] Epoch 8/25 - Loss: 1.7096 - Acc: 0.3817
[Client 5] Epoch 9/25 - Loss: 1.7115 - Acc: 0.3838
[Client 5] Epoch 10/25 - Loss: 1.6987 - Acc: 0.3784
[Client 5] Epoch 11/25 - Loss: 1.6970 - Acc: 0.3801
[Client 5] Epoch 12/25 - Loss: 1.6818 - Acc: 0.3874
[Client 5] Epoch 13/25 - Loss: 1.6673 - Acc: 0.3948
[Client 5] Epoch 14/25 - Loss: 1.6759 - Acc: 0.3883
[Client 5] Epoch 15/25 - Loss: 1.6548 - Acc: 0.3982
[Client 5] Epoch 16/25 - Loss: 1.6526 - Acc: 0.4030
[Client 5] Epoch 17/25 - Loss: 1.6447 - Acc: 0.4053
[Client 5] Epoch 18/25 - Loss: 1.6382 - Acc: 0.3985
[Client 5] Epoch 19/25 - Loss: 1.6332 - Acc: 0.3869
[Client 5] Epoch 20/25 - Loss: 1.6164 - Acc: 0.4071
[Client 5] Epoch 21/25 - Loss: 1.6122 - Acc: 0.4090
[Client 5] Epoch 22/25 - Loss: 1.6024 - Acc: 0.4028
[Client 5] Epoch 23/25 - Loss: 1.5985 - Acc: 0.4040
[Client 5] Epoch 24/25 - Loss: 1.5879 - Acc: 0.4064
[Client 5] Epoch 25/25 - Loss: 1.5842 - Acc: 0.4092
Client 6 training...
[Client 6] Epoch 1/25 - Loss: 1.7517 - Acc: 0.3615
[Client 6] Epoch 2/25 - Loss: 1.7426 - Acc: 0.3709
[Client 6] Epoch 3/25 - Loss: 1.7308 - Acc: 0.3627
[Client 6] Epoch 4/25 - Loss: 1.7219 - Acc: 0.3666
[Client 6] Epoch 5/25 - Loss: 1.7150 - Acc: 0.3748
[Client 6] Epoch 6/25 - Loss: 1.7242 - Acc: 0.3670
[Client 6] Epoch 7/25 - Loss: 1.7126 - Acc: 0.3750
[Client 6] Epoch 8/25 - Loss: 1.6905 - Acc: 0.3770
[Client 6] Epoch 9/25 - Loss: 1.6925 - Acc: 0.3777
[Client 6] Epoch 10/25 - Loss: 1.6798 - Acc: 0.3846
[Client 6] Epoch 11/25 - Loss: 1.6731 - Acc: 0.3877
[Client 6] Epoch 12/25 - Loss: 1.6604 - Acc: 0.3911
[Client 6] Epoch 13/25 - Loss: 1.6483 - Acc: 0.3887
[Client 6] Epoch 14/25 - Loss: 1.6546 - Acc: 0.3973
[Client 6] Epoch 15/25 - Loss: 1.6413 - Acc: 0.4001
[Client 6] Epoch 16/25 - Loss: 1.6308 - Acc: 0.3996
[Client 6] Epoch 17/25 - Loss: 1.6296 - Acc: 0.3912
[Client 6] Epoch 18/25 - Loss: 1.6288 - Acc: 0.3975
[Client 6] Epoch 19/25 - Loss: 1.6088 - Acc: 0.4093
[Client 6] Epoch 20/25 - Loss: 1.5955 - Acc: 0.4107
[Client 6] Epoch 21/25 - Loss: 1.5941 - Acc: 0.4036
[Client 6] Epoch 22/25 - Loss: 1.5892 - Acc: 0.4120
[Client 6] Epoch 23/25 - Loss: 1.5908 - Acc: 0.4050
[Client 6] Epoch 24/25 - Loss: 1.5692 - Acc: 0.4215
[Client 6] Epoch 25/25 - Loss: 1.5615 - Acc: 0.4109
Client 7 training...
[Client 7] Epoch 1/25 - Loss: 1.7465 - Acc: 0.3700
[Client 7] Epoch 2/25 - Loss: 1.7335 - Acc: 0.3673
[Client 7] Epoch 3/25 - Loss: 1.7308 - Acc: 0.3613
[Client 7] Epoch 4/25 - Loss: 1.7272 - Acc: 0.3679
[Client 7] Epoch 5/25 - Loss: 1.7267 - Acc: 0.3656
[Client 7] Epoch 6/25 - Loss: 1.7214 - Acc: 0.3784
[Client 7] Epoch 7/25 - Loss: 1.6963 - Acc: 0.3818
[Client 7] Epoch 8/25 - Loss: 1.6967 - Acc: 0.3755
[Client 7] Epoch 9/25 - Loss: 1.6828 - Acc: 0.3778
[Client 7] Epoch 10/25 - Loss: 1.6675 - Acc: 0.3894
[Client 7] Epoch 11/25 - Loss: 1.6685 - Acc: 0.3933
[Client 7] Epoch 12/25 - Loss: 1.6625 - Acc: 0.3848
[Client 7] Epoch 13/25 - Loss: 1.6507 - Acc: 0.3824
[Client 7] Epoch 14/25 - Loss: 1.6487 - Acc: 0.3884
[Client 7] Epoch 15/25 - Loss: 1.6359 - Acc: 0.3975
[Client 7] Epoch 16/25 - Loss: 1.6254 - Acc: 0.3967
[Client 7] Epoch 17/25 - Loss: 1.6199 - Acc: 0.3975
[Client 7] Epoch 18/25 - Loss: 1.6195 - Acc: 0.3922
[Client 7] Epoch 19/25 - Loss: 1.5995 - Acc: 0.4105
[Client 7] Epoch 20/25 - Loss: 1.5908 - Acc: 0.4108
[Client 7] Epoch 21/25 - Loss: 1.5905 - Acc: 0.4013
[Client 7] Epoch 22/25 - Loss: 1.5784 - Acc: 0.4122
[Client 7] Epoch 23/25 - Loss: 1.5804 - Acc: 0.4116
[Client 7] Epoch 24/25 - Loss: 1.5627 - Acc: 0.4080
[Client 7] Epoch 25/25 - Loss: 1.5549 - Acc: 0.4110
Global eval after round 4: 0.4292

=== Round 5/8 ===
Client 0 training...
[Client 0] Epoch 1/25 - Loss: 1.5839 - Acc: 0.4252
[Client 0] Epoch 2/25 - Loss: 1.5736 - Acc: 0.4258
[Client 0] Epoch 3/25 - Loss: 1.5800 - Acc: 0.4260
[Client 0] Epoch 4/25 - Loss: 1.5601 - Acc: 0.4349
[Client 0] Epoch 5/25 - Loss: 1.5423 - Acc: 0.4273
[Client 0] Epoch 6/25 - Loss: 1.5400 - Acc: 0.4284
[Client 0] Epoch 7/25 - Loss: 1.5470 - Acc: 0.4284
[Client 0] Epoch 8/25 - Loss: 1.5365 - Acc: 0.4330
[Client 0] Epoch 9/25 - Loss: 1.5172 - Acc: 0.4396
[Client 0] Epoch 10/25 - Loss: 1.5070 - Acc: 0.4298
[Client 0] Epoch 11/25 - Loss: 1.5045 - Acc: 0.4305
[Client 0] Epoch 12/25 - Loss: 1.4982 - Acc: 0.4446
[Client 0] Epoch 13/25 - Loss: 1.4849 - Acc: 0.4433
[Client 0] Epoch 14/25 - Loss: 1.4713 - Acc: 0.4262
[Client 0] Epoch 15/25 - Loss: 1.4824 - Acc: 0.4320
[Client 0] Epoch 16/25 - Loss: 1.4761 - Acc: 0.4421
[Client 0] Epoch 17/25 - Loss: 1.4582 - Acc: 0.4421
[Client 0] Epoch 18/25 - Loss: 1.4486 - Acc: 0.4506
[Client 0] Epoch 19/25 - Loss: 1.4534 - Acc: 0.4427
[Client 0] Epoch 20/25 - Loss: 1.4388 - Acc: 0.4496
[Client 0] Epoch 21/25 - Loss: 1.4317 - Acc: 0.4498
[Client 0] Epoch 22/25 - Loss: 1.4388 - Acc: 0.4254
[Client 0] Epoch 23/25 - Loss: 1.4252 - Acc: 0.4523
[Client 0] Epoch 24/25 - Loss: 1.4218 - Acc: 0.4477
[Client 0] Epoch 25/25 - Loss: 1.4015 - Acc: 0.4449
Client 1 training...
[Client 1] Epoch 1/25 - Loss: 1.6208 - Acc: 0.4176
[Client 1] Epoch 2/25 - Loss: 1.5998 - Acc: 0.4266
[Client 1] Epoch 3/25 - Loss: 1.5869 - Acc: 0.4296
[Client 1] Epoch 4/25 - Loss: 1.5797 - Acc: 0.4221
[Client 1] Epoch 5/25 - Loss: 1.5780 - Acc: 0.4357
[Client 1] Epoch 6/25 - Loss: 1.5636 - Acc: 0.4226
[Client 1] Epoch 7/25 - Loss: 1.5472 - Acc: 0.4375
[Client 1] Epoch 8/25 - Loss: 1.5485 - Acc: 0.4365
[Client 1] Epoch 9/25 - Loss: 1.5323 - Acc: 0.4291
[Client 1] Epoch 10/25 - Loss: 1.5199 - Acc: 0.4348
[Client 1] Epoch 11/25 - Loss: 1.5166 - Acc: 0.4394
[Client 1] Epoch 12/25 - Loss: 1.5130 - Acc: 0.4343
[Client 1] Epoch 13/25 - Loss: 1.4959 - Acc: 0.4447
[Client 1] Epoch 14/25 - Loss: 1.4916 - Acc: 0.4257
[Client 1] Epoch 15/25 - Loss: 1.4812 - Acc: 0.4343
[Client 1] Epoch 16/25 - Loss: 1.4770 - Acc: 0.4486
[Client 1] Epoch 17/25 - Loss: 1.4707 - Acc: 0.4489
[Client 1] Epoch 18/25 - Loss: 1.4655 - Acc: 0.4511
[Client 1] Epoch 19/25 - Loss: 1.4568 - Acc: 0.4471
[Client 1] Epoch 20/25 - Loss: 1.4490 - Acc: 0.4496
[Client 1] Epoch 21/25 - Loss: 1.4390 - Acc: 0.4513
[Client 1] Epoch 22/25 - Loss: 1.4360 - Acc: 0.4490
[Client 1] Epoch 23/25 - Loss: 1.4199 - Acc: 0.4485
[Client 1] Epoch 24/25 - Loss: 1.4139 - Acc: 0.4587
[Client 1] Epoch 25/25 - Loss: 1.4094 - Acc: 0.4461
Client 2 training...
[Client 2] Epoch 1/25 - Loss: 1.6098 - Acc: 0.4187
[Client 2] Epoch 2/25 - Loss: 1.6085 - Acc: 0.4210
[Client 2] Epoch 3/25 - Loss: 1.5874 - Acc: 0.4240
[Client 2] Epoch 4/25 - Loss: 1.5831 - Acc: 0.4134
[Client 2] Epoch 5/25 - Loss: 1.5925 - Acc: 0.4296
[Client 2] Epoch 6/25 - Loss: 1.5741 - Acc: 0.4315
[Client 2] Epoch 7/25 - Loss: 1.5560 - Acc: 0.4255
[Client 2] Epoch 8/25 - Loss: 1.5494 - Acc: 0.4302
[Client 2] Epoch 9/25 - Loss: 1.5438 - Acc: 0.4317
[Client 2] Epoch 10/25 - Loss: 1.5376 - Acc: 0.4339
[Client 2] Epoch 11/25 - Loss: 1.5348 - Acc: 0.4352
[Client 2] Epoch 12/25 - Loss: 1.5285 - Acc: 0.4206
[Client 2] Epoch 13/25 - Loss: 1.5201 - Acc: 0.4409
[Client 2] Epoch 14/25 - Loss: 1.5131 - Acc: 0.4423
[Client 2] Epoch 15/25 - Loss: 1.5077 - Acc: 0.4312
[Client 2] Epoch 16/25 - Loss: 1.5091 - Acc: 0.4316
[Client 2] Epoch 17/25 - Loss: 1.4956 - Acc: 0.4436
[Client 2] Epoch 18/25 - Loss: 1.4960 - Acc: 0.4308
[Client 2] Epoch 19/25 - Loss: 1.4895 - Acc: 0.4414
[Client 2] Epoch 20/25 - Loss: 1.4791 - Acc: 0.4459
[Client 2] Epoch 21/25 - Loss: 1.4712 - Acc: 0.4338
[Client 2] Epoch 22/25 - Loss: 1.4649 - Acc: 0.4288
[Client 2] Epoch 23/25 - Loss: 1.4600 - Acc: 0.4462
[Client 2] Epoch 24/25 - Loss: 1.4576 - Acc: 0.4447
[Client 2] Epoch 25/25 - Loss: 1.4502 - Acc: 0.4372
Client 3 training...
[Client 3] Epoch 1/25 - Loss: 1.6192 - Acc: 0.4270
[Client 3] Epoch 2/25 - Loss: 1.6091 - Acc: 0.4219
[Client 3] Epoch 3/25 - Loss: 1.6016 - Acc: 0.4229
[Client 3] Epoch 4/25 - Loss: 1.5874 - Acc: 0.4259
[Client 3] Epoch 5/25 - Loss: 1.5839 - Acc: 0.4280
[Client 3] Epoch 6/25 - Loss: 1.5640 - Acc: 0.4269
[Client 3] Epoch 7/25 - Loss: 1.5563 - Acc: 0.4144
[Client 3] Epoch 8/25 - Loss: 1.5552 - Acc: 0.4289
[Client 3] Epoch 9/25 - Loss: 1.5506 - Acc: 0.4217
[Client 3] Epoch 10/25 - Loss: 1.5471 - Acc: 0.4248
[Client 3] Epoch 11/25 - Loss: 1.5266 - Acc: 0.4379
[Client 3] Epoch 12/25 - Loss: 1.5202 - Acc: 0.4388
[Client 3] Epoch 13/25 - Loss: 1.5205 - Acc: 0.4321
[Client 3] Epoch 14/25 - Loss: 1.5214 - Acc: 0.4388
[Client 3] Epoch 15/25 - Loss: 1.5131 - Acc: 0.4414
[Client 3] Epoch 16/25 - Loss: 1.4977 - Acc: 0.4402
[Client 3] Epoch 17/25 - Loss: 1.4975 - Acc: 0.4341
[Client 3] Epoch 18/25 - Loss: 1.4945 - Acc: 0.4486
[Client 3] Epoch 19/25 - Loss: 1.4782 - Acc: 0.4422
[Client 3] Epoch 20/25 - Loss: 1.4717 - Acc: 0.4378
[Client 3] Epoch 21/25 - Loss: 1.4628 - Acc: 0.4490
[Client 3] Epoch 22/25 - Loss: 1.4692 - Acc: 0.4450
[Client 3] Epoch 23/25 - Loss: 1.4514 - Acc: 0.4501
[Client 3] Epoch 24/25 - Loss: 1.4473 - Acc: 0.4486
[Client 3] Epoch 25/25 - Loss: 1.4499 - Acc: 0.4350
Client 4 training...
[Client 4] Epoch 1/25 - Loss: 1.6072 - Acc: 0.4228
[Client 4] Epoch 2/25 - Loss: 1.5951 - Acc: 0.4143
[Client 4] Epoch 3/25 - Loss: 1.5845 - Acc: 0.4264
[Client 4] Epoch 4/25 - Loss: 1.5831 - Acc: 0.4204
[Client 4] Epoch 5/25 - Loss: 1.5631 - Acc: 0.4287
[Client 4] Epoch 6/25 - Loss: 1.5623 - Acc: 0.4345
[Client 4] Epoch 7/25 - Loss: 1.5572 - Acc: 0.4284
[Client 4] Epoch 8/25 - Loss: 1.5521 - Acc: 0.4210
[Client 4] Epoch 9/25 - Loss: 1.5418 - Acc: 0.4316
[Client 4] Epoch 10/25 - Loss: 1.5334 - Acc: 0.4362
[Client 4] Epoch 11/25 - Loss: 1.5311 - Acc: 0.4349
[Client 4] Epoch 12/25 - Loss: 1.5157 - Acc: 0.4276
[Client 4] Epoch 13/25 - Loss: 1.5171 - Acc: 0.4301
[Client 4] Epoch 14/25 - Loss: 1.5155 - Acc: 0.4407
[Client 4] Epoch 15/25 - Loss: 1.4974 - Acc: 0.4238
[Client 4] Epoch 16/25 - Loss: 1.5028 - Acc: 0.4288
[Client 4] Epoch 17/25 - Loss: 1.4995 - Acc: 0.4293
[Client 4] Epoch 18/25 - Loss: 1.4823 - Acc: 0.4292
[Client 4] Epoch 19/25 - Loss: 1.4856 - Acc: 0.4360
[Client 4] Epoch 20/25 - Loss: 1.4773 - Acc: 0.4417
[Client 4] Epoch 21/25 - Loss: 1.4770 - Acc: 0.4397
[Client 4] Epoch 22/25 - Loss: 1.4747 - Acc: 0.4290
[Client 4] Epoch 23/25 - Loss: 1.4576 - Acc: 0.4338
[Client 4] Epoch 24/25 - Loss: 1.4596 - Acc: 0.4401
[Client 4] Epoch 25/25 - Loss: 1.4421 - Acc: 0.4394
Client 5 training...
[Client 5] Epoch 1/25 - Loss: 1.6115 - Acc: 0.4180
[Client 5] Epoch 2/25 - Loss: 1.6144 - Acc: 0.4260
[Client 5] Epoch 3/25 - Loss: 1.6016 - Acc: 0.4275
[Client 5] Epoch 4/25 - Loss: 1.5882 - Acc: 0.4309
[Client 5] Epoch 5/25 - Loss: 1.5772 - Acc: 0.4091
[Client 5] Epoch 6/25 - Loss: 1.5764 - Acc: 0.4253
[Client 5] Epoch 7/25 - Loss: 1.5642 - Acc: 0.4310
[Client 5] Epoch 8/25 - Loss: 1.5620 - Acc: 0.4274
[Client 5] Epoch 9/25 - Loss: 1.5425 - Acc: 0.4324
[Client 5] Epoch 10/25 - Loss: 1.5371 - Acc: 0.4253
[Client 5] Epoch 11/25 - Loss: 1.5384 - Acc: 0.4273
[Client 5] Epoch 12/25 - Loss: 1.5264 - Acc: 0.4300
[Client 5] Epoch 13/25 - Loss: 1.5188 - Acc: 0.4347
[Client 5] Epoch 14/25 - Loss: 1.5160 - Acc: 0.4396
[Client 5] Epoch 15/25 - Loss: 1.4998 - Acc: 0.4444
[Client 5] Epoch 16/25 - Loss: 1.4958 - Acc: 0.4434
[Client 5] Epoch 17/25 - Loss: 1.4908 - Acc: 0.4298
[Client 5] Epoch 18/25 - Loss: 1.4873 - Acc: 0.4424
[Client 5] Epoch 19/25 - Loss: 1.4847 - Acc: 0.4300
[Client 5] Epoch 20/25 - Loss: 1.4792 - Acc: 0.4392
[Client 5] Epoch 21/25 - Loss: 1.4657 - Acc: 0.4424
[Client 5] Epoch 22/25 - Loss: 1.4696 - Acc: 0.4406
[Client 5] Epoch 23/25 - Loss: 1.4590 - Acc: 0.4346
[Client 5] Epoch 24/25 - Loss: 1.4516 - Acc: 0.4418
[Client 5] Epoch 25/25 - Loss: 1.4493 - Acc: 0.4513
Client 6 training...
[Client 6] Epoch 1/25 - Loss: 1.6057 - Acc: 0.4226
[Client 6] Epoch 2/25 - Loss: 1.5924 - Acc: 0.4137
[Client 6] Epoch 3/25 - Loss: 1.5822 - Acc: 0.4267
[Client 6] Epoch 4/25 - Loss: 1.5665 - Acc: 0.4159
[Client 6] Epoch 5/25 - Loss: 1.5605 - Acc: 0.4213
[Client 6] Epoch 6/25 - Loss: 1.5607 - Acc: 0.4176
[Client 6] Epoch 7/25 - Loss: 1.5484 - Acc: 0.4308
[Client 6] Epoch 8/25 - Loss: 1.5402 - Acc: 0.4263
[Client 6] Epoch 9/25 - Loss: 1.5321 - Acc: 0.4342
[Client 6] Epoch 10/25 - Loss: 1.5189 - Acc: 0.4212
[Client 6] Epoch 11/25 - Loss: 1.5105 - Acc: 0.4316
[Client 6] Epoch 12/25 - Loss: 1.5135 - Acc: 0.4380
[Client 6] Epoch 13/25 - Loss: 1.5103 - Acc: 0.4416
[Client 6] Epoch 14/25 - Loss: 1.5000 - Acc: 0.4338
[Client 6] Epoch 15/25 - Loss: 1.4885 - Acc: 0.4456
[Client 6] Epoch 16/25 - Loss: 1.4759 - Acc: 0.4267
[Client 6] Epoch 17/25 - Loss: 1.4762 - Acc: 0.4406
[Client 6] Epoch 18/25 - Loss: 1.4647 - Acc: 0.4266
[Client 6] Epoch 19/25 - Loss: 1.4533 - Acc: 0.4401
[Client 6] Epoch 20/25 - Loss: 1.4584 - Acc: 0.4341
[Client 6] Epoch 21/25 - Loss: 1.4452 - Acc: 0.4389
[Client 6] Epoch 22/25 - Loss: 1.4393 - Acc: 0.4475
[Client 6] Epoch 23/25 - Loss: 1.4480 - Acc: 0.4477
[Client 6] Epoch 24/25 - Loss: 1.4356 - Acc: 0.4429
[Client 6] Epoch 25/25 - Loss: 1.4194 - Acc: 0.4477
Client 7 training...
[Client 7] Epoch 1/25 - Loss: 1.5974 - Acc: 0.4214
[Client 7] Epoch 2/25 - Loss: 1.5814 - Acc: 0.4300
[Client 7] Epoch 3/25 - Loss: 1.5723 - Acc: 0.4190
[Client 7] Epoch 4/25 - Loss: 1.5635 - Acc: 0.4228
[Client 7] Epoch 5/25 - Loss: 1.5537 - Acc: 0.4368
[Client 7] Epoch 6/25 - Loss: 1.5477 - Acc: 0.4353
[Client 7] Epoch 7/25 - Loss: 1.5464 - Acc: 0.4344
[Client 7] Epoch 8/25 - Loss: 1.5470 - Acc: 0.4288
[Client 7] Epoch 9/25 - Loss: 1.5290 - Acc: 0.4302
[Client 7] Epoch 10/25 - Loss: 1.5207 - Acc: 0.4303
[Client 7] Epoch 11/25 - Loss: 1.5054 - Acc: 0.4419
[Client 7] Epoch 12/25 - Loss: 1.4991 - Acc: 0.4344
[Client 7] Epoch 13/25 - Loss: 1.4929 - Acc: 0.4434
[Client 7] Epoch 14/25 - Loss: 1.4857 - Acc: 0.4336
[Client 7] Epoch 15/25 - Loss: 1.4793 - Acc: 0.4437
[Client 7] Epoch 16/25 - Loss: 1.4664 - Acc: 0.4422
[Client 7] Epoch 17/25 - Loss: 1.4664 - Acc: 0.4430
[Client 7] Epoch 18/25 - Loss: 1.4608 - Acc: 0.4500
[Client 7] Epoch 19/25 - Loss: 1.4585 - Acc: 0.4336
[Client 7] Epoch 20/25 - Loss: 1.4486 - Acc: 0.4412
[Client 7] Epoch 21/25 - Loss: 1.4385 - Acc: 0.4496
[Client 7] Epoch 22/25 - Loss: 1.4259 - Acc: 0.4430
[Client 7] Epoch 23/25 - Loss: 1.4249 - Acc: 0.4486
[Client 7] Epoch 24/25 - Loss: 1.4173 - Acc: 0.4477
[Client 7] Epoch 25/25 - Loss: 1.4127 - Acc: 0.4524
Global eval after round 5: 0.4650

=== Round 6/8 ===
Client 0 training...
[Client 0] Epoch 1/25 - Loss: 1.4783 - Acc: 0.4565
[Client 0] Epoch 2/25 - Loss: 1.4658 - Acc: 0.4569
[Client 0] Epoch 3/25 - Loss: 1.4480 - Acc: 0.4569
[Client 0] Epoch 4/25 - Loss: 1.4482 - Acc: 0.4633
[Client 0] Epoch 5/25 - Loss: 1.4365 - Acc: 0.4698
[Client 0] Epoch 6/25 - Loss: 1.4222 - Acc: 0.4707
[Client 0] Epoch 7/25 - Loss: 1.4230 - Acc: 0.4649
[Client 0] Epoch 8/25 - Loss: 1.4152 - Acc: 0.4613
[Client 0] Epoch 9/25 - Loss: 1.4048 - Acc: 0.4601
[Client 0] Epoch 10/25 - Loss: 1.4027 - Acc: 0.4621
[Client 0] Epoch 11/25 - Loss: 1.3934 - Acc: 0.4648
[Client 0] Epoch 12/25 - Loss: 1.3930 - Acc: 0.4649
[Client 0] Epoch 13/25 - Loss: 1.3802 - Acc: 0.4690
[Client 0] Epoch 14/25 - Loss: 1.3697 - Acc: 0.4622
[Client 0] Epoch 15/25 - Loss: 1.3710 - Acc: 0.4639
[Client 0] Epoch 16/25 - Loss: 1.3522 - Acc: 0.4645
[Client 0] Epoch 17/25 - Loss: 1.3536 - Acc: 0.4696
[Client 0] Epoch 18/25 - Loss: 1.3546 - Acc: 0.4745
[Client 0] Epoch 19/25 - Loss: 1.3499 - Acc: 0.4698
[Client 0] Epoch 20/25 - Loss: 1.3449 - Acc: 0.4671
[Client 0] Epoch 21/25 - Loss: 1.3398 - Acc: 0.4639
[Client 0] Epoch 22/25 - Loss: 1.3282 - Acc: 0.4719
[Client 0] Epoch 23/25 - Loss: 1.3172 - Acc: 0.4635
[Client 0] Epoch 24/25 - Loss: 1.3119 - Acc: 0.4667
[Client 0] Epoch 25/25 - Loss: 1.3105 - Acc: 0.4672
Client 1 training...
[Client 1] Epoch 1/25 - Loss: 1.4889 - Acc: 0.4575
[Client 1] Epoch 2/25 - Loss: 1.4781 - Acc: 0.4513
[Client 1] Epoch 3/25 - Loss: 1.4719 - Acc: 0.4487
[Client 1] Epoch 4/25 - Loss: 1.4529 - Acc: 0.4559
[Client 1] Epoch 5/25 - Loss: 1.4489 - Acc: 0.4669
[Client 1] Epoch 6/25 - Loss: 1.4382 - Acc: 0.4609
[Client 1] Epoch 7/25 - Loss: 1.4215 - Acc: 0.4585
[Client 1] Epoch 8/25 - Loss: 1.4206 - Acc: 0.4605
[Client 1] Epoch 9/25 - Loss: 1.4119 - Acc: 0.4732
[Client 1] Epoch 10/25 - Loss: 1.4069 - Acc: 0.4762
[Client 1] Epoch 11/25 - Loss: 1.3972 - Acc: 0.4639
[Client 1] Epoch 12/25 - Loss: 1.3889 - Acc: 0.4758
[Client 1] Epoch 13/25 - Loss: 1.3783 - Acc: 0.4700
[Client 1] Epoch 14/25 - Loss: 1.3766 - Acc: 0.4669
[Client 1] Epoch 15/25 - Loss: 1.3623 - Acc: 0.4718
[Client 1] Epoch 16/25 - Loss: 1.3570 - Acc: 0.4747
[Client 1] Epoch 17/25 - Loss: 1.3504 - Acc: 0.4678
[Client 1] Epoch 18/25 - Loss: 1.3631 - Acc: 0.4716
[Client 1] Epoch 19/25 - Loss: 1.3456 - Acc: 0.4778
[Client 1] Epoch 20/25 - Loss: 1.3397 - Acc: 0.4757
[Client 1] Epoch 21/25 - Loss: 1.3271 - Acc: 0.4791
[Client 1] Epoch 22/25 - Loss: 1.3162 - Acc: 0.4723
[Client 1] Epoch 23/25 - Loss: 1.3158 - Acc: 0.4763
[Client 1] Epoch 24/25 - Loss: 1.3114 - Acc: 0.4747
[Client 1] Epoch 25/25 - Loss: 1.3049 - Acc: 0.4781
Client 2 training...
[Client 2] Epoch 1/25 - Loss: 1.5068 - Acc: 0.4567
[Client 2] Epoch 2/25 - Loss: 1.4999 - Acc: 0.4580
[Client 2] Epoch 3/25 - Loss: 1.4958 - Acc: 0.4587
[Client 2] Epoch 4/25 - Loss: 1.4826 - Acc: 0.4624
[Client 2] Epoch 5/25 - Loss: 1.4801 - Acc: 0.4596
[Client 2] Epoch 6/25 - Loss: 1.4683 - Acc: 0.4516
[Client 2] Epoch 7/25 - Loss: 1.4588 - Acc: 0.4632
[Client 2] Epoch 8/25 - Loss: 1.4572 - Acc: 0.4696
[Client 2] Epoch 9/25 - Loss: 1.4435 - Acc: 0.4594
[Client 2] Epoch 10/25 - Loss: 1.4448 - Acc: 0.4641
[Client 2] Epoch 11/25 - Loss: 1.4419 - Acc: 0.4576
[Client 2] Epoch 12/25 - Loss: 1.4252 - Acc: 0.4688
[Client 2] Epoch 13/25 - Loss: 1.4186 - Acc: 0.4687
[Client 2] Epoch 14/25 - Loss: 1.4163 - Acc: 0.4691
[Client 2] Epoch 15/25 - Loss: 1.4030 - Acc: 0.4638
[Client 2] Epoch 16/25 - Loss: 1.4011 - Acc: 0.4592
[Client 2] Epoch 17/25 - Loss: 1.4044 - Acc: 0.4578
[Client 2] Epoch 18/25 - Loss: 1.3876 - Acc: 0.4728
[Client 2] Epoch 19/25 - Loss: 1.3917 - Acc: 0.4684
[Client 2] Epoch 20/25 - Loss: 1.3753 - Acc: 0.4689
[Client 2] Epoch 21/25 - Loss: 1.3679 - Acc: 0.4636
[Client 2] Epoch 22/25 - Loss: 1.3647 - Acc: 0.4702
[Client 2] Epoch 23/25 - Loss: 1.3619 - Acc: 0.4608
[Client 2] Epoch 24/25 - Loss: 1.3597 - Acc: 0.4736
[Client 2] Epoch 25/25 - Loss: 1.3517 - Acc: 0.4750
Client 3 training...
[Client 3] Epoch 1/25 - Loss: 1.5133 - Acc: 0.4573
[Client 3] Epoch 2/25 - Loss: 1.4875 - Acc: 0.4628
[Client 3] Epoch 3/25 - Loss: 1.4946 - Acc: 0.4625
[Client 3] Epoch 4/25 - Loss: 1.4770 - Acc: 0.4593
[Client 3] Epoch 5/25 - Loss: 1.4705 - Acc: 0.4608
[Client 3] Epoch 6/25 - Loss: 1.4695 - Acc: 0.4580
[Client 3] Epoch 7/25 - Loss: 1.4519 - Acc: 0.4645
[Client 3] Epoch 8/25 - Loss: 1.4411 - Acc: 0.4567
[Client 3] Epoch 9/25 - Loss: 1.4456 - Acc: 0.4452
[Client 3] Epoch 10/25 - Loss: 1.4242 - Acc: 0.4629
[Client 3] Epoch 11/25 - Loss: 1.4256 - Acc: 0.4519
[Client 3] Epoch 12/25 - Loss: 1.4183 - Acc: 0.4691
[Client 3] Epoch 13/25 - Loss: 1.4069 - Acc: 0.4645
[Client 3] Epoch 14/25 - Loss: 1.4117 - Acc: 0.4640
[Client 3] Epoch 15/25 - Loss: 1.4028 - Acc: 0.4662
[Client 3] Epoch 16/25 - Loss: 1.3937 - Acc: 0.4670
[Client 3] Epoch 17/25 - Loss: 1.3885 - Acc: 0.4719
[Client 3] Epoch 18/25 - Loss: 1.3794 - Acc: 0.4663
[Client 3] Epoch 19/25 - Loss: 1.3785 - Acc: 0.4682
[Client 3] Epoch 20/25 - Loss: 1.3689 - Acc: 0.4654
[Client 3] Epoch 21/25 - Loss: 1.3726 - Acc: 0.4691
[Client 3] Epoch 22/25 - Loss: 1.3585 - Acc: 0.4666
[Client 3] Epoch 23/25 - Loss: 1.3605 - Acc: 0.4691
[Client 3] Epoch 24/25 - Loss: 1.3527 - Acc: 0.4660
[Client 3] Epoch 25/25 - Loss: 1.3354 - Acc: 0.4621
Client 4 training...
[Client 4] Epoch 1/25 - Loss: 1.5068 - Acc: 0.4579
[Client 4] Epoch 2/25 - Loss: 1.4959 - Acc: 0.4576
[Client 4] Epoch 3/25 - Loss: 1.4895 - Acc: 0.4613
[Client 4] Epoch 4/25 - Loss: 1.4764 - Acc: 0.4567
[Client 4] Epoch 5/25 - Loss: 1.4660 - Acc: 0.4583
[Client 4] Epoch 6/25 - Loss: 1.4554 - Acc: 0.4624
[Client 4] Epoch 7/25 - Loss: 1.4566 - Acc: 0.4492
[Client 4] Epoch 8/25 - Loss: 1.4437 - Acc: 0.4636
[Client 4] Epoch 9/25 - Loss: 1.4433 - Acc: 0.4540
[Client 4] Epoch 10/25 - Loss: 1.4362 - Acc: 0.4516
[Client 4] Epoch 11/25 - Loss: 1.4267 - Acc: 0.4630
[Client 4] Epoch 12/25 - Loss: 1.4157 - Acc: 0.4577
[Client 4] Epoch 13/25 - Loss: 1.4131 - Acc: 0.4483
[Client 4] Epoch 14/25 - Loss: 1.4072 - Acc: 0.4642
[Client 4] Epoch 15/25 - Loss: 1.4024 - Acc: 0.4636
[Client 4] Epoch 16/25 - Loss: 1.3973 - Acc: 0.4666
[Client 4] Epoch 17/25 - Loss: 1.3953 - Acc: 0.4537
[Client 4] Epoch 18/25 - Loss: 1.3794 - Acc: 0.4660
[Client 4] Epoch 19/25 - Loss: 1.3841 - Acc: 0.4630
[Client 4] Epoch 20/25 - Loss: 1.3774 - Acc: 0.4732
[Client 4] Epoch 21/25 - Loss: 1.3666 - Acc: 0.4653
[Client 4] Epoch 22/25 - Loss: 1.3693 - Acc: 0.4614
[Client 4] Epoch 23/25 - Loss: 1.3578 - Acc: 0.4592
[Client 4] Epoch 24/25 - Loss: 1.3580 - Acc: 0.4612
[Client 4] Epoch 25/25 - Loss: 1.3500 - Acc: 0.4616
Client 5 training...
[Client 5] Epoch 1/25 - Loss: 1.5065 - Acc: 0.4605
[Client 5] Epoch 2/25 - Loss: 1.4987 - Acc: 0.4579
[Client 5] Epoch 3/25 - Loss: 1.4869 - Acc: 0.4610
[Client 5] Epoch 4/25 - Loss: 1.4765 - Acc: 0.4451
[Client 5] Epoch 5/25 - Loss: 1.4728 - Acc: 0.4478
[Client 5] Epoch 6/25 - Loss: 1.4617 - Acc: 0.4575
[Client 5] Epoch 7/25 - Loss: 1.4598 - Acc: 0.4632
[Client 5] Epoch 8/25 - Loss: 1.4503 - Acc: 0.4593
[Client 5] Epoch 9/25 - Loss: 1.4398 - Acc: 0.4610
[Client 5] Epoch 10/25 - Loss: 1.4298 - Acc: 0.4631
[Client 5] Epoch 11/25 - Loss: 1.4342 - Acc: 0.4613
[Client 5] Epoch 12/25 - Loss: 1.4219 - Acc: 0.4673
[Client 5] Epoch 13/25 - Loss: 1.4217 - Acc: 0.4702
[Client 5] Epoch 14/25 - Loss: 1.4119 - Acc: 0.4482
[Client 5] Epoch 15/25 - Loss: 1.4053 - Acc: 0.4684
[Client 5] Epoch 16/25 - Loss: 1.4009 - Acc: 0.4689
[Client 5] Epoch 17/25 - Loss: 1.3899 - Acc: 0.4600
[Client 5] Epoch 18/25 - Loss: 1.3924 - Acc: 0.4699
[Client 5] Epoch 19/25 - Loss: 1.3752 - Acc: 0.4754
[Client 5] Epoch 20/25 - Loss: 1.3711 - Acc: 0.4602
[Client 5] Epoch 21/25 - Loss: 1.3769 - Acc: 0.4689
[Client 5] Epoch 22/25 - Loss: 1.3686 - Acc: 0.4681
[Client 5] Epoch 23/25 - Loss: 1.3666 - Acc: 0.4736
[Client 5] Epoch 24/25 - Loss: 1.3644 - Acc: 0.4693
[Client 5] Epoch 25/25 - Loss: 1.3428 - Acc: 0.4666
Client 6 training...
[Client 6] Epoch 1/25 - Loss: 1.4856 - Acc: 0.4641
[Client 6] Epoch 2/25 - Loss: 1.4735 - Acc: 0.4623
[Client 6] Epoch 3/25 - Loss: 1.4595 - Acc: 0.4622
[Client 6] Epoch 4/25 - Loss: 1.4559 - Acc: 0.4570
[Client 6] Epoch 5/25 - Loss: 1.4431 - Acc: 0.4535
[Client 6] Epoch 6/25 - Loss: 1.4355 - Acc: 0.4586
[Client 6] Epoch 7/25 - Loss: 1.4408 - Acc: 0.4661
[Client 6] Epoch 8/25 - Loss: 1.4175 - Acc: 0.4533
[Client 6] Epoch 9/25 - Loss: 1.4128 - Acc: 0.4637
[Client 6] Epoch 10/25 - Loss: 1.4094 - Acc: 0.4607
[Client 6] Epoch 11/25 - Loss: 1.4091 - Acc: 0.4490
[Client 6] Epoch 12/25 - Loss: 1.3951 - Acc: 0.4637
[Client 6] Epoch 13/25 - Loss: 1.3863 - Acc: 0.4613
[Client 6] Epoch 14/25 - Loss: 1.3808 - Acc: 0.4556
[Client 6] Epoch 15/25 - Loss: 1.3729 - Acc: 0.4668
[Client 6] Epoch 16/25 - Loss: 1.3640 - Acc: 0.4611
[Client 6] Epoch 17/25 - Loss: 1.3631 - Acc: 0.4637
[Client 6] Epoch 18/25 - Loss: 1.3623 - Acc: 0.4567
[Client 6] Epoch 19/25 - Loss: 1.3552 - Acc: 0.4625
[Client 6] Epoch 20/25 - Loss: 1.3401 - Acc: 0.4617
[Client 6] Epoch 21/25 - Loss: 1.3384 - Acc: 0.4594
[Client 6] Epoch 22/25 - Loss: 1.3356 - Acc: 0.4684
[Client 6] Epoch 23/25 - Loss: 1.3289 - Acc: 0.4545
[Client 6] Epoch 24/25 - Loss: 1.3214 - Acc: 0.4587
[Client 6] Epoch 25/25 - Loss: 1.3171 - Acc: 0.4659
Client 7 training...
[Client 7] Epoch 1/25 - Loss: 1.4847 - Acc: 0.4574
[Client 7] Epoch 2/25 - Loss: 1.4749 - Acc: 0.4555
[Client 7] Epoch 3/25 - Loss: 1.4582 - Acc: 0.4547
[Client 7] Epoch 4/25 - Loss: 1.4549 - Acc: 0.4576
[Client 7] Epoch 5/25 - Loss: 1.4370 - Acc: 0.4691
[Client 7] Epoch 6/25 - Loss: 1.4294 - Acc: 0.4584
[Client 7] Epoch 7/25 - Loss: 1.4183 - Acc: 0.4630
[Client 7] Epoch 8/25 - Loss: 1.4307 - Acc: 0.4517
[Client 7] Epoch 9/25 - Loss: 1.4072 - Acc: 0.4494
[Client 7] Epoch 10/25 - Loss: 1.4047 - Acc: 0.4662
[Client 7] Epoch 11/25 - Loss: 1.3929 - Acc: 0.4674
[Client 7] Epoch 12/25 - Loss: 1.3926 - Acc: 0.4685
[Client 7] Epoch 13/25 - Loss: 1.3857 - Acc: 0.4677
[Client 7] Epoch 14/25 - Loss: 1.3724 - Acc: 0.4656
[Client 7] Epoch 15/25 - Loss: 1.3684 - Acc: 0.4566
[Client 7] Epoch 16/25 - Loss: 1.3653 - Acc: 0.4599
[Client 7] Epoch 17/25 - Loss: 1.3602 - Acc: 0.4625
[Client 7] Epoch 18/25 - Loss: 1.3473 - Acc: 0.4738
[Client 7] Epoch 19/25 - Loss: 1.3387 - Acc: 0.4734
[Client 7] Epoch 20/25 - Loss: 1.3357 - Acc: 0.4743
[Client 7] Epoch 21/25 - Loss: 1.3265 - Acc: 0.4718
[Client 7] Epoch 22/25 - Loss: 1.3286 - Acc: 0.4703
[Client 7] Epoch 23/25 - Loss: 1.3220 - Acc: 0.4724
[Client 7] Epoch 24/25 - Loss: 1.3122 - Acc: 0.4717
[Client 7] Epoch 25/25 - Loss: 1.3107 - Acc: 0.4720
Global eval after round 6: 0.4870

=== Round 7/8 ===
Client 0 training...
[Client 0] Epoch 1/25 - Loss: 1.3902 - Acc: 0.4834
[Client 0] Epoch 2/25 - Loss: 1.3796 - Acc: 0.4801
[Client 0] Epoch 3/25 - Loss: 1.3760 - Acc: 0.4809
[Client 0] Epoch 4/25 - Loss: 1.3602 - Acc: 0.4802
[Client 0] Epoch 5/25 - Loss: 1.3531 - Acc: 0.4768
[Client 0] Epoch 6/25 - Loss: 1.3481 - Acc: 0.4850
[Client 0] Epoch 7/25 - Loss: 1.3391 - Acc: 0.4872
[Client 0] Epoch 8/25 - Loss: 1.3284 - Acc: 0.4864
[Client 0] Epoch 9/25 - Loss: 1.3327 - Acc: 0.4828
[Client 0] Epoch 10/25 - Loss: 1.3165 - Acc: 0.4879
[Client 0] Epoch 11/25 - Loss: 1.3031 - Acc: 0.4810
[Client 0] Epoch 12/25 - Loss: 1.2994 - Acc: 0.4868
[Client 0] Epoch 13/25 - Loss: 1.2942 - Acc: 0.4883
[Client 0] Epoch 14/25 - Loss: 1.2842 - Acc: 0.4838
[Client 0] Epoch 15/25 - Loss: 1.2782 - Acc: 0.4824
[Client 0] Epoch 16/25 - Loss: 1.2777 - Acc: 0.4877
[Client 0] Epoch 17/25 - Loss: 1.2682 - Acc: 0.4836
[Client 0] Epoch 18/25 - Loss: 1.2632 - Acc: 0.4780
[Client 0] Epoch 19/25 - Loss: 1.2568 - Acc: 0.4851
[Client 0] Epoch 20/25 - Loss: 1.2512 - Acc: 0.4849
[Client 0] Epoch 21/25 - Loss: 1.2496 - Acc: 0.4843
[Client 0] Epoch 22/25 - Loss: 1.2452 - Acc: 0.4843
[Client 0] Epoch 23/25 - Loss: 1.2329 - Acc: 0.4834
[Client 0] Epoch 24/25 - Loss: 1.2317 - Acc: 0.4855
[Client 0] Epoch 25/25 - Loss: 1.2188 - Acc: 0.4930
Client 1 training...
[Client 1] Epoch 1/25 - Loss: 1.4002 - Acc: 0.4855
[Client 1] Epoch 2/25 - Loss: 1.3837 - Acc: 0.4835
[Client 1] Epoch 3/25 - Loss: 1.3768 - Acc: 0.4844
[Client 1] Epoch 4/25 - Loss: 1.3667 - Acc: 0.4754
[Client 1] Epoch 5/25 - Loss: 1.3621 - Acc: 0.4830
[Client 1] Epoch 6/25 - Loss: 1.3444 - Acc: 0.4893
[Client 1] Epoch 7/25 - Loss: 1.3390 - Acc: 0.4878
[Client 1] Epoch 8/25 - Loss: 1.3313 - Acc: 0.4867
[Client 1] Epoch 9/25 - Loss: 1.3306 - Acc: 0.4805
[Client 1] Epoch 10/25 - Loss: 1.3158 - Acc: 0.4797
[Client 1] Epoch 11/25 - Loss: 1.3193 - Acc: 0.4766
[Client 1] Epoch 12/25 - Loss: 1.3023 - Acc: 0.4839
[Client 1] Epoch 13/25 - Loss: 1.3001 - Acc: 0.4856
[Client 1] Epoch 14/25 - Loss: 1.2948 - Acc: 0.4883
[Client 1] Epoch 15/25 - Loss: 1.2885 - Acc: 0.4878
[Client 1] Epoch 16/25 - Loss: 1.2832 - Acc: 0.4870
[Client 1] Epoch 17/25 - Loss: 1.2738 - Acc: 0.4792
[Client 1] Epoch 18/25 - Loss: 1.2657 - Acc: 0.4873
[Client 1] Epoch 19/25 - Loss: 1.2625 - Acc: 0.4855
[Client 1] Epoch 20/25 - Loss: 1.2640 - Acc: 0.4845
[Client 1] Epoch 21/25 - Loss: 1.2522 - Acc: 0.4854
[Client 1] Epoch 22/25 - Loss: 1.2459 - Acc: 0.4912
[Client 1] Epoch 23/25 - Loss: 1.2385 - Acc: 0.4854
[Client 1] Epoch 24/25 - Loss: 1.2376 - Acc: 0.4770
[Client 1] Epoch 25/25 - Loss: 1.2294 - Acc: 0.4894
Client 2 training...
[Client 2] Epoch 1/25 - Loss: 1.4368 - Acc: 0.4723
[Client 2] Epoch 2/25 - Loss: 1.4212 - Acc: 0.4797
[Client 2] Epoch 3/25 - Loss: 1.4187 - Acc: 0.4794
[Client 2] Epoch 4/25 - Loss: 1.4054 - Acc: 0.4842
[Client 2] Epoch 5/25 - Loss: 1.4006 - Acc: 0.4848
[Client 2] Epoch 6/25 - Loss: 1.3911 - Acc: 0.4796
[Client 2] Epoch 7/25 - Loss: 1.3781 - Acc: 0.4863
[Client 2] Epoch 8/25 - Loss: 1.3745 - Acc: 0.4858
[Client 2] Epoch 9/25 - Loss: 1.3668 - Acc: 0.4829
[Client 2] Epoch 10/25 - Loss: 1.3585 - Acc: 0.4902
[Client 2] Epoch 11/25 - Loss: 1.3504 - Acc: 0.4792
[Client 2] Epoch 12/25 - Loss: 1.3473 - Acc: 0.4831
[Client 2] Epoch 13/25 - Loss: 1.3455 - Acc: 0.4738
[Client 2] Epoch 14/25 - Loss: 1.3365 - Acc: 0.4810
[Client 2] Epoch 15/25 - Loss: 1.3246 - Acc: 0.4877
[Client 2] Epoch 16/25 - Loss: 1.3236 - Acc: 0.4775
[Client 2] Epoch 17/25 - Loss: 1.3194 - Acc: 0.4803
[Client 2] Epoch 18/25 - Loss: 1.3101 - Acc: 0.4795
[Client 2] Epoch 19/25 - Loss: 1.3058 - Acc: 0.4885
[Client 2] Epoch 20/25 - Loss: 1.2968 - Acc: 0.4787
[Client 2] Epoch 21/25 - Loss: 1.2937 - Acc: 0.4800
[Client 2] Epoch 22/25 - Loss: 1.2858 - Acc: 0.4846
[Client 2] Epoch 23/25 - Loss: 1.2788 - Acc: 0.4781
[Client 2] Epoch 24/25 - Loss: 1.2802 - Acc: 0.4754
[Client 2] Epoch 25/25 - Loss: 1.2772 - Acc: 0.4818
Client 3 training...
[Client 3] Epoch 1/25 - Loss: 1.4329 - Acc: 0.4837
[Client 3] Epoch 2/25 - Loss: 1.4202 - Acc: 0.4835
[Client 3] Epoch 3/25 - Loss: 1.4063 - Acc: 0.4717
[Client 3] Epoch 4/25 - Loss: 1.3997 - Acc: 0.4716
[Client 3] Epoch 5/25 - Loss: 1.3818 - Acc: 0.4815
[Client 3] Epoch 6/25 - Loss: 1.3930 - Acc: 0.4679
[Client 3] Epoch 7/25 - Loss: 1.3757 - Acc: 0.4792
[Client 3] Epoch 8/25 - Loss: 1.3597 - Acc: 0.4827
[Client 3] Epoch 9/25 - Loss: 1.3686 - Acc: 0.4710
[Client 3] Epoch 10/25 - Loss: 1.3579 - Acc: 0.4800
[Client 3] Epoch 11/25 - Loss: 1.3434 - Acc: 0.4847
[Client 3] Epoch 12/25 - Loss: 1.3376 - Acc: 0.4850
[Client 3] Epoch 13/25 - Loss: 1.3336 - Acc: 0.4745
[Client 3] Epoch 14/25 - Loss: 1.3330 - Acc: 0.4851
[Client 3] Epoch 15/25 - Loss: 1.3198 - Acc: 0.4780
[Client 3] Epoch 16/25 - Loss: 1.3197 - Acc: 0.4754
[Client 3] Epoch 17/25 - Loss: 1.3092 - Acc: 0.4772
[Client 3] Epoch 18/25 - Loss: 1.3093 - Acc: 0.4884
[Client 3] Epoch 19/25 - Loss: 1.2976 - Acc: 0.4790
[Client 3] Epoch 20/25 - Loss: 1.2898 - Acc: 0.4838
[Client 3] Epoch 21/25 - Loss: 1.2861 - Acc: 0.4881
[Client 3] Epoch 22/25 - Loss: 1.2819 - Acc: 0.4808
[Client 3] Epoch 23/25 - Loss: 1.2724 - Acc: 0.4827
[Client 3] Epoch 24/25 - Loss: 1.2671 - Acc: 0.4775
[Client 3] Epoch 25/25 - Loss: 1.2743 - Acc: 0.4816
Client 4 training...
[Client 4] Epoch 1/25 - Loss: 1.4309 - Acc: 0.4825
[Client 4] Epoch 2/25 - Loss: 1.4202 - Acc: 0.4749
[Client 4] Epoch 3/25 - Loss: 1.4071 - Acc: 0.4806
[Client 4] Epoch 4/25 - Loss: 1.3936 - Acc: 0.4812
[Client 4] Epoch 5/25 - Loss: 1.3872 - Acc: 0.4788
[Client 4] Epoch 6/25 - Loss: 1.3870 - Acc: 0.4776
[Client 4] Epoch 7/25 - Loss: 1.3748 - Acc: 0.4816
[Client 4] Epoch 8/25 - Loss: 1.3603 - Acc: 0.4848
[Client 4] Epoch 9/25 - Loss: 1.3586 - Acc: 0.4836
[Client 4] Epoch 10/25 - Loss: 1.3470 - Acc: 0.4760
[Client 4] Epoch 11/25 - Loss: 1.3407 - Acc: 0.4767
[Client 4] Epoch 12/25 - Loss: 1.3347 - Acc: 0.4863
[Client 4] Epoch 13/25 - Loss: 1.3366 - Acc: 0.4791
[Client 4] Epoch 14/25 - Loss: 1.3267 - Acc: 0.4852
[Client 4] Epoch 15/25 - Loss: 1.3256 - Acc: 0.4839
[Client 4] Epoch 16/25 - Loss: 1.3086 - Acc: 0.4770
[Client 4] Epoch 17/25 - Loss: 1.3084 - Acc: 0.4785
[Client 4] Epoch 18/25 - Loss: 1.3030 - Acc: 0.4738
[Client 4] Epoch 19/25 - Loss: 1.2976 - Acc: 0.4857
[Client 4] Epoch 20/25 - Loss: 1.2886 - Acc: 0.4816
[Client 4] Epoch 21/25 - Loss: 1.2929 - Acc: 0.4766
[Client 4] Epoch 22/25 - Loss: 1.2815 - Acc: 0.4887
[Client 4] Epoch 23/25 - Loss: 1.2707 - Acc: 0.4832
[Client 4] Epoch 24/25 - Loss: 1.2772 - Acc: 0.4817
[Client 4] Epoch 25/25 - Loss: 1.2578 - Acc: 0.4801
Client 5 training...
[Client 5] Epoch 1/25 - Loss: 1.4364 - Acc: 0.4749
[Client 5] Epoch 2/25 - Loss: 1.4219 - Acc: 0.4893
[Client 5] Epoch 3/25 - Loss: 1.4100 - Acc: 0.4891
[Client 5] Epoch 4/25 - Loss: 1.4012 - Acc: 0.4841
[Client 5] Epoch 5/25 - Loss: 1.3944 - Acc: 0.4737
[Client 5] Epoch 6/25 - Loss: 1.3863 - Acc: 0.4865
[Client 5] Epoch 7/25 - Loss: 1.3761 - Acc: 0.4881
[Client 5] Epoch 8/25 - Loss: 1.3692 - Acc: 0.4850
[Client 5] Epoch 9/25 - Loss: 1.3556 - Acc: 0.4861
[Client 5] Epoch 10/25 - Loss: 1.3604 - Acc: 0.4840
[Client 5] Epoch 11/25 - Loss: 1.3549 - Acc: 0.4862
[Client 5] Epoch 12/25 - Loss: 1.3405 - Acc: 0.4853
[Client 5] Epoch 13/25 - Loss: 1.3384 - Acc: 0.4774
[Client 5] Epoch 14/25 - Loss: 1.3437 - Acc: 0.4691
[Client 5] Epoch 15/25 - Loss: 1.3323 - Acc: 0.4878
[Client 5] Epoch 16/25 - Loss: 1.3305 - Acc: 0.4794
[Client 5] Epoch 17/25 - Loss: 1.3175 - Acc: 0.4789
[Client 5] Epoch 18/25 - Loss: 1.3118 - Acc: 0.4743
[Client 5] Epoch 19/25 - Loss: 1.3086 - Acc: 0.4842
[Client 5] Epoch 20/25 - Loss: 1.3046 - Acc: 0.4766
[Client 5] Epoch 21/25 - Loss: 1.2921 - Acc: 0.4860
[Client 5] Epoch 22/25 - Loss: 1.2943 - Acc: 0.4865
[Client 5] Epoch 23/25 - Loss: 1.2814 - Acc: 0.4767
[Client 5] Epoch 24/25 - Loss: 1.2784 - Acc: 0.4905
[Client 5] Epoch 25/25 - Loss: 1.2706 - Acc: 0.4895
Client 6 training...
[Client 6] Epoch 1/25 - Loss: 1.4049 - Acc: 0.4711
[Client 6] Epoch 2/25 - Loss: 1.3985 - Acc: 0.4769
[Client 6] Epoch 3/25 - Loss: 1.3793 - Acc: 0.4787
[Client 6] Epoch 4/25 - Loss: 1.3757 - Acc: 0.4830
[Client 6] Epoch 5/25 - Loss: 1.3608 - Acc: 0.4804
[Client 6] Epoch 6/25 - Loss: 1.3585 - Acc: 0.4842
[Client 6] Epoch 7/25 - Loss: 1.3475 - Acc: 0.4748
[Client 6] Epoch 8/25 - Loss: 1.3389 - Acc: 0.4767
[Client 6] Epoch 9/25 - Loss: 1.3320 - Acc: 0.4780
[Client 6] Epoch 10/25 - Loss: 1.3314 - Acc: 0.4754
[Client 6] Epoch 11/25 - Loss: 1.3219 - Acc: 0.4788
[Client 6] Epoch 12/25 - Loss: 1.3201 - Acc: 0.4801
[Client 6] Epoch 13/25 - Loss: 1.3150 - Acc: 0.4780
[Client 6] Epoch 14/25 - Loss: 1.3048 - Acc: 0.4729
[Client 6] Epoch 15/25 - Loss: 1.2904 - Acc: 0.4824
[Client 6] Epoch 16/25 - Loss: 1.2829 - Acc: 0.4831
[Client 6] Epoch 17/25 - Loss: 1.2796 - Acc: 0.4758
[Client 6] Epoch 18/25 - Loss: 1.2767 - Acc: 0.4792
[Client 6] Epoch 19/25 - Loss: 1.2669 - Acc: 0.4794
[Client 6] Epoch 20/25 - Loss: 1.2638 - Acc: 0.4824
[Client 6] Epoch 21/25 - Loss: 1.2557 - Acc: 0.4866
[Client 6] Epoch 22/25 - Loss: 1.2570 - Acc: 0.4781
[Client 6] Epoch 23/25 - Loss: 1.2420 - Acc: 0.4756
[Client 6] Epoch 24/25 - Loss: 1.2420 - Acc: 0.4844
[Client 6] Epoch 25/25 - Loss: 1.2389 - Acc: 0.4750
Client 7 training...
[Client 7] Epoch 1/25 - Loss: 1.4005 - Acc: 0.4900
[Client 7] Epoch 2/25 - Loss: 1.3835 - Acc: 0.4781
[Client 7] Epoch 3/25 - Loss: 1.3732 - Acc: 0.4855
[Client 7] Epoch 4/25 - Loss: 1.3683 - Acc: 0.4880
[Client 7] Epoch 5/25 - Loss: 1.3542 - Acc: 0.4834
[Client 7] Epoch 6/25 - Loss: 1.3412 - Acc: 0.4861
[Client 7] Epoch 7/25 - Loss: 1.3352 - Acc: 0.4781
[Client 7] Epoch 8/25 - Loss: 1.3324 - Acc: 0.4855
[Client 7] Epoch 9/25 - Loss: 1.3189 - Acc: 0.4823
[Client 7] Epoch 10/25 - Loss: 1.3187 - Acc: 0.4861
[Client 7] Epoch 11/25 - Loss: 1.3116 - Acc: 0.4726
[Client 7] Epoch 12/25 - Loss: 1.3084 - Acc: 0.4829
[Client 7] Epoch 13/25 - Loss: 1.2977 - Acc: 0.4869
[Client 7] Epoch 14/25 - Loss: 1.2875 - Acc: 0.4900
[Client 7] Epoch 15/25 - Loss: 1.2834 - Acc: 0.4899
[Client 7] Epoch 16/25 - Loss: 1.2775 - Acc: 0.4813
[Client 7] Epoch 17/25 - Loss: 1.2719 - Acc: 0.4849
[Client 7] Epoch 18/25 - Loss: 1.2672 - Acc: 0.4787
[Client 7] Epoch 19/25 - Loss: 1.2689 - Acc: 0.4766
[Client 7] Epoch 20/25 - Loss: 1.2712 - Acc: 0.4809
[Client 7] Epoch 21/25 - Loss: 1.2493 - Acc: 0.4806
[Client 7] Epoch 22/25 - Loss: 1.2438 - Acc: 0.4862
[Client 7] Epoch 23/25 - Loss: 1.2402 - Acc: 0.4868
[Client 7] Epoch 24/25 - Loss: 1.2440 - Acc: 0.4832
[Client 7] Epoch 25/25 - Loss: 1.2275 - Acc: 0.4865
Global eval after round 7: 0.5046

=== Round 8/8 ===
Client 0 training...
[Client 0] Epoch 1/25 - Loss: 1.3362 - Acc: 0.4948
[Client 0] Epoch 2/25 - Loss: 1.3268 - Acc: 0.4930
[Client 0] Epoch 3/25 - Loss: 1.3091 - Acc: 0.4917
[Client 0] Epoch 4/25 - Loss: 1.2982 - Acc: 0.4952
[Client 0] Epoch 5/25 - Loss: 1.2885 - Acc: 0.4904
[Client 0] Epoch 6/25 - Loss: 1.2757 - Acc: 0.4910
[Client 0] Epoch 7/25 - Loss: 1.2708 - Acc: 0.5017
[Client 0] Epoch 8/25 - Loss: 1.2653 - Acc: 0.4994
[Client 0] Epoch 9/25 - Loss: 1.2582 - Acc: 0.4959
[Client 0] Epoch 10/25 - Loss: 1.2503 - Acc: 0.5001
[Client 0] Epoch 11/25 - Loss: 1.2456 - Acc: 0.4956
[Client 0] Epoch 12/25 - Loss: 1.2341 - Acc: 0.4948
[Client 0] Epoch 13/25 - Loss: 1.2273 - Acc: 0.4965
[Client 0] Epoch 14/25 - Loss: 1.2312 - Acc: 0.4993
[Client 0] Epoch 15/25 - Loss: 1.2138 - Acc: 0.4998
[Client 0] Epoch 16/25 - Loss: 1.2081 - Acc: 0.4958
[Client 0] Epoch 17/25 - Loss: 1.2037 - Acc: 0.4960
[Client 0] Epoch 18/25 - Loss: 1.2004 - Acc: 0.4980
[Client 0] Epoch 19/25 - Loss: 1.1876 - Acc: 0.4889
[Client 0] Epoch 20/25 - Loss: 1.1945 - Acc: 0.4886
[Client 0] Epoch 21/25 - Loss: 1.1772 - Acc: 0.4922
[Client 0] Epoch 22/25 - Loss: 1.1758 - Acc: 0.4977
[Client 0] Epoch 23/25 - Loss: 1.1626 - Acc: 0.4994
[Client 0] Epoch 24/25 - Loss: 1.1671 - Acc: 0.5005
[Client 0] Epoch 25/25 - Loss: 1.1551 - Acc: 0.4900
Client 1 training...
[Client 1] Epoch 1/25 - Loss: 1.3446 - Acc: 0.4890
[Client 1] Epoch 2/25 - Loss: 1.3297 - Acc: 0.4926
[Client 1] Epoch 3/25 - Loss: 1.3148 - Acc: 0.4927
[Client 1] Epoch 4/25 - Loss: 1.3028 - Acc: 0.5003
[Client 1] Epoch 5/25 - Loss: 1.2954 - Acc: 0.4956
[Client 1] Epoch 6/25 - Loss: 1.2874 - Acc: 0.5017
[Client 1] Epoch 7/25 - Loss: 1.2807 - Acc: 0.4956
[Client 1] Epoch 8/25 - Loss: 1.2690 - Acc: 0.4978
[Client 1] Epoch 9/25 - Loss: 1.2719 - Acc: 0.5028
[Client 1] Epoch 10/25 - Loss: 1.2548 - Acc: 0.4998
[Client 1] Epoch 11/25 - Loss: 1.2470 - Acc: 0.5035
[Client 1] Epoch 12/25 - Loss: 1.2453 - Acc: 0.4926
[Client 1] Epoch 13/25 - Loss: 1.2326 - Acc: 0.4990
[Client 1] Epoch 14/25 - Loss: 1.2405 - Acc: 0.4882
[Client 1] Epoch 15/25 - Loss: 1.2249 - Acc: 0.4950
[Client 1] Epoch 16/25 - Loss: 1.2175 - Acc: 0.4902
[Client 1] Epoch 17/25 - Loss: 1.2140 - Acc: 0.5049
[Client 1] Epoch 18/25 - Loss: 1.2029 - Acc: 0.4940
[Client 1] Epoch 19/25 - Loss: 1.2032 - Acc: 0.4996
[Client 1] Epoch 20/25 - Loss: 1.2000 - Acc: 0.5066
[Client 1] Epoch 21/25 - Loss: 1.2004 - Acc: 0.4977
[Client 1] Epoch 22/25 - Loss: 1.1849 - Acc: 0.5039
[Client 1] Epoch 23/25 - Loss: 1.1770 - Acc: 0.4928
[Client 1] Epoch 24/25 - Loss: 1.1766 - Acc: 0.5015
[Client 1] Epoch 25/25 - Loss: 1.1684 - Acc: 0.5013
Client 2 training...
[Client 2] Epoch 1/25 - Loss: 1.3842 - Acc: 0.5038
[Client 2] Epoch 2/25 - Loss: 1.3673 - Acc: 0.5017
[Client 2] Epoch 3/25 - Loss: 1.3459 - Acc: 0.4994
[Client 2] Epoch 4/25 - Loss: 1.3442 - Acc: 0.4861
[Client 2] Epoch 5/25 - Loss: 1.3273 - Acc: 0.5003
[Client 2] Epoch 6/25 - Loss: 1.3321 - Acc: 0.4945
[Client 2] Epoch 7/25 - Loss: 1.3184 - Acc: 0.4917
[Client 2] Epoch 8/25 - Loss: 1.3203 - Acc: 0.4921
[Client 2] Epoch 9/25 - Loss: 1.2971 - Acc: 0.4971
[Client 2] Epoch 10/25 - Loss: 1.2995 - Acc: 0.4975
[Client 2] Epoch 11/25 - Loss: 1.2881 - Acc: 0.4995
[Client 2] Epoch 12/25 - Loss: 1.2804 - Acc: 0.4989
[Client 2] Epoch 13/25 - Loss: 1.2789 - Acc: 0.5012
[Client 2] Epoch 14/25 - Loss: 1.2690 - Acc: 0.4922
[Client 2] Epoch 15/25 - Loss: 1.2637 - Acc: 0.4964
[Client 2] Epoch 16/25 - Loss: 1.2503 - Acc: 0.4911
[Client 2] Epoch 17/25 - Loss: 1.2616 - Acc: 0.5026
[Client 2] Epoch 18/25 - Loss: 1.2460 - Acc: 0.5005
[Client 2] Epoch 19/25 - Loss: 1.2446 - Acc: 0.4994
[Client 2] Epoch 20/25 - Loss: 1.2321 - Acc: 0.4980
[Client 2] Epoch 21/25 - Loss: 1.2293 - Acc: 0.5003
[Client 2] Epoch 22/25 - Loss: 1.2256 - Acc: 0.4983
[Client 2] Epoch 23/25 - Loss: 1.2257 - Acc: 0.4974
[Client 2] Epoch 24/25 - Loss: 1.2086 - Acc: 0.5007
[Client 2] Epoch 25/25 - Loss: 1.2053 - Acc: 0.4916
Client 3 training...
[Client 3] Epoch 1/25 - Loss: 1.3781 - Acc: 0.4940
[Client 3] Epoch 2/25 - Loss: 1.3643 - Acc: 0.5000
[Client 3] Epoch 3/25 - Loss: 1.3529 - Acc: 0.4823
[Client 3] Epoch 4/25 - Loss: 1.3446 - Acc: 0.4930
[Client 3] Epoch 5/25 - Loss: 1.3352 - Acc: 0.4886
[Client 3] Epoch 6/25 - Loss: 1.3202 - Acc: 0.4889
[Client 3] Epoch 7/25 - Loss: 1.3115 - Acc: 0.4916
[Client 3] Epoch 8/25 - Loss: 1.3137 - Acc: 0.4894
[Client 3] Epoch 9/25 - Loss: 1.2999 - Acc: 0.4927
[Client 3] Epoch 10/25 - Loss: 1.2881 - Acc: 0.4873
[Client 3] Epoch 11/25 - Loss: 1.2943 - Acc: 0.4924
[Client 3] Epoch 12/25 - Loss: 1.2780 - Acc: 0.4902
[Client 3] Epoch 13/25 - Loss: 1.2747 - Acc: 0.4793
[Client 3] Epoch 14/25 - Loss: 1.2681 - Acc: 0.4890
[Client 3] Epoch 15/25 - Loss: 1.2561 - Acc: 0.4931
[Client 3] Epoch 16/25 - Loss: 1.2587 - Acc: 0.4888
[Client 3] Epoch 17/25 - Loss: 1.2461 - Acc: 0.4928
[Client 3] Epoch 18/25 - Loss: 1.2464 - Acc: 0.4959
[Client 3] Epoch 19/25 - Loss: 1.2315 - Acc: 0.4886
[Client 3] Epoch 20/25 - Loss: 1.2268 - Acc: 0.4946
[Client 3] Epoch 21/25 - Loss: 1.2278 - Acc: 0.4829
[Client 3] Epoch 22/25 - Loss: 1.2171 - Acc: 0.4770
[Client 3] Epoch 23/25 - Loss: 1.2169 - Acc: 0.4892
[Client 3] Epoch 24/25 - Loss: 1.2098 - Acc: 0.4827
[Client 3] Epoch 25/25 - Loss: 1.2093 - Acc: 0.4852
Client 4 training...
[Client 4] Epoch 1/25 - Loss: 1.3813 - Acc: 0.5020
[Client 4] Epoch 2/25 - Loss: 1.3649 - Acc: 0.4916
[Client 4] Epoch 3/25 - Loss: 1.3505 - Acc: 0.4881
[Client 4] Epoch 4/25 - Loss: 1.3407 - Acc: 0.4902
[Client 4] Epoch 5/25 - Loss: 1.3323 - Acc: 0.4995
[Client 4] Epoch 6/25 - Loss: 1.3163 - Acc: 0.4986
[Client 4] Epoch 7/25 - Loss: 1.3062 - Acc: 0.4907
[Client 4] Epoch 8/25 - Loss: 1.3051 - Acc: 0.4845
[Client 4] Epoch 9/25 - Loss: 1.3037 - Acc: 0.4944
[Client 4] Epoch 10/25 - Loss: 1.2976 - Acc: 0.4890
[Client 4] Epoch 11/25 - Loss: 1.2808 - Acc: 0.4897
[Client 4] Epoch 12/25 - Loss: 1.2734 - Acc: 0.4936
[Client 4] Epoch 13/25 - Loss: 1.2712 - Acc: 0.4945
[Client 4] Epoch 14/25 - Loss: 1.2629 - Acc: 0.4941
[Client 4] Epoch 15/25 - Loss: 1.2527 - Acc: 0.4954
[Client 4] Epoch 16/25 - Loss: 1.2452 - Acc: 0.4966
[Client 4] Epoch 17/25 - Loss: 1.2423 - Acc: 0.4883
[Client 4] Epoch 18/25 - Loss: 1.2372 - Acc: 0.4956
[Client 4] Epoch 19/25 - Loss: 1.2375 - Acc: 0.4963
[Client 4] Epoch 20/25 - Loss: 1.2242 - Acc: 0.4891
[Client 4] Epoch 21/25 - Loss: 1.2214 - Acc: 0.4947
[Client 4] Epoch 22/25 - Loss: 1.2118 - Acc: 0.4904
[Client 4] Epoch 23/25 - Loss: 1.2109 - Acc: 0.4933
[Client 4] Epoch 24/25 - Loss: 1.2008 - Acc: 0.4865
[Client 4] Epoch 25/25 - Loss: 1.2034 - Acc: 0.4802
Client 5 training...
[Client 5] Epoch 1/25 - Loss: 1.3787 - Acc: 0.4971
[Client 5] Epoch 2/25 - Loss: 1.3580 - Acc: 0.4920
[Client 5] Epoch 3/25 - Loss: 1.3541 - Acc: 0.4909
[Client 5] Epoch 4/25 - Loss: 1.3412 - Acc: 0.4995
[Client 5] Epoch 5/25 - Loss: 1.3423 - Acc: 0.4993
[Client 5] Epoch 6/25 - Loss: 1.3257 - Acc: 0.5019
[Client 5] Epoch 7/25 - Loss: 1.3181 - Acc: 0.5014
[Client 5] Epoch 8/25 - Loss: 1.3144 - Acc: 0.4907
[Client 5] Epoch 9/25 - Loss: 1.3003 - Acc: 0.4938
[Client 5] Epoch 10/25 - Loss: 1.2963 - Acc: 0.4969
[Client 5] Epoch 11/25 - Loss: 1.2924 - Acc: 0.4937
[Client 5] Epoch 12/25 - Loss: 1.2827 - Acc: 0.4979
[Client 5] Epoch 13/25 - Loss: 1.2810 - Acc: 0.4962
[Client 5] Epoch 14/25 - Loss: 1.2711 - Acc: 0.4977
[Client 5] Epoch 15/25 - Loss: 1.2671 - Acc: 0.5009
[Client 5] Epoch 16/25 - Loss: 1.2559 - Acc: 0.4914
[Client 5] Epoch 17/25 - Loss: 1.2575 - Acc: 0.4994
[Client 5] Epoch 18/25 - Loss: 1.2531 - Acc: 0.4959
[Client 5] Epoch 19/25 - Loss: 1.2407 - Acc: 0.4989
[Client 5] Epoch 20/25 - Loss: 1.2396 - Acc: 0.4944
[Client 5] Epoch 21/25 - Loss: 1.2337 - Acc: 0.4955
[Client 5] Epoch 22/25 - Loss: 1.2239 - Acc: 0.4914
[Client 5] Epoch 23/25 - Loss: 1.2218 - Acc: 0.4990
[Client 5] Epoch 24/25 - Loss: 1.2161 - Acc: 0.4996
[Client 5] Epoch 25/25 - Loss: 1.2034 - Acc: 0.4943
Client 6 training...
[Client 6] Epoch 1/25 - Loss: 1.3502 - Acc: 0.4949
[Client 6] Epoch 2/25 - Loss: 1.3323 - Acc: 0.4972
[Client 6] Epoch 3/25 - Loss: 1.3275 - Acc: 0.4925
[Client 6] Epoch 4/25 - Loss: 1.3180 - Acc: 0.4940
[Client 6] Epoch 5/25 - Loss: 1.2999 - Acc: 0.4900
[Client 6] Epoch 6/25 - Loss: 1.2933 - Acc: 0.4892
[Client 6] Epoch 7/25 - Loss: 1.2779 - Acc: 0.4952
[Client 6] Epoch 8/25 - Loss: 1.2757 - Acc: 0.4906
[Client 6] Epoch 9/25 - Loss: 1.2710 - Acc: 0.4990
[Client 6] Epoch 10/25 - Loss: 1.2593 - Acc: 0.4950
[Client 6] Epoch 11/25 - Loss: 1.2580 - Acc: 0.4893
[Client 6] Epoch 12/25 - Loss: 1.2499 - Acc: 0.4917
[Client 6] Epoch 13/25 - Loss: 1.2420 - Acc: 0.4857
[Client 6] Epoch 14/25 - Loss: 1.2380 - Acc: 0.4936
[Client 6] Epoch 15/25 - Loss: 1.2229 - Acc: 0.4901
[Client 6] Epoch 16/25 - Loss: 1.2378 - Acc: 0.4910
[Client 6] Epoch 17/25 - Loss: 1.2160 - Acc: 0.4906
[Client 6] Epoch 18/25 - Loss: 1.2142 - Acc: 0.4939
[Client 6] Epoch 19/25 - Loss: 1.2181 - Acc: 0.4902
[Client 6] Epoch 20/25 - Loss: 1.2092 - Acc: 0.4921
[Client 6] Epoch 21/25 - Loss: 1.2045 - Acc: 0.4931
[Client 6] Epoch 22/25 - Loss: 1.1908 - Acc: 0.4922
[Client 6] Epoch 23/25 - Loss: 1.1842 - Acc: 0.4922
[Client 6] Epoch 24/25 - Loss: 1.1772 - Acc: 0.4958
[Client 6] Epoch 25/25 - Loss: 1.1729 - Acc: 0.4872
Client 7 training...
[Client 7] Epoch 1/25 - Loss: 1.3397 - Acc: 0.4921
[Client 7] Epoch 2/25 - Loss: 1.3176 - Acc: 0.5023
[Client 7] Epoch 3/25 - Loss: 1.3081 - Acc: 0.4999
[Client 7] Epoch 4/25 - Loss: 1.3029 - Acc: 0.4999
[Client 7] Epoch 5/25 - Loss: 1.2958 - Acc: 0.4943
[Client 7] Epoch 6/25 - Loss: 1.2876 - Acc: 0.4999
[Client 7] Epoch 7/25 - Loss: 1.2745 - Acc: 0.4927
[Client 7] Epoch 8/25 - Loss: 1.2649 - Acc: 0.4937
[Client 7] Epoch 9/25 - Loss: 1.2690 - Acc: 0.4919
[Client 7] Epoch 10/25 - Loss: 1.2535 - Acc: 0.4942
[Client 7] Epoch 11/25 - Loss: 1.2485 - Acc: 0.5021
[Client 7] Epoch 12/25 - Loss: 1.2410 - Acc: 0.4969
[Client 7] Epoch 13/25 - Loss: 1.2406 - Acc: 0.5008
[Client 7] Epoch 14/25 - Loss: 1.2344 - Acc: 0.4932
[Client 7] Epoch 15/25 - Loss: 1.2233 - Acc: 0.4993
[Client 7] Epoch 16/25 - Loss: 1.2212 - Acc: 0.4929
[Client 7] Epoch 17/25 - Loss: 1.2083 - Acc: 0.5020
[Client 7] Epoch 18/25 - Loss: 1.2038 - Acc: 0.4989
[Client 7] Epoch 19/25 - Loss: 1.2024 - Acc: 0.4969
[Client 7] Epoch 20/25 - Loss: 1.1896 - Acc: 0.4952
[Client 7] Epoch 21/25 - Loss: 1.1885 - Acc: 0.4986
[Client 7] Epoch 22/25 - Loss: 1.1814 - Acc: 0.4947
[Client 7] Epoch 23/25 - Loss: 1.1748 - Acc: 0.4944
[Client 7] Epoch 24/25 - Loss: 1.1803 - Acc: 0.4868
[Client 7] Epoch 25/25 - Loss: 1.1738 - Acc: 0.4990
Global eval after round 8: 0.5164

------------------------------------------------------------
Sender: LSF System <lsfadmin@hpc.dtu.dk>
Subject: Job 27419356: <train> in cluster <dcc> Exited

Job <train> was submitted from host <n-62-27-19> by user <s224227> in cluster <dcc> at Mon Dec 15 16:14:11 2025
Job was executed on host(s) <n-62-31-9>, in queue <hpc>, as user <s224227> in cluster <dcc> at Mon Dec 15 16:14:11 2025
</zhome/d1/b/187261> was used as the home directory.
</zhome/d1/b/187261/Desktop/Bachelor/Bachelor> was used as the working directory.
Started at Mon Dec 15 16:14:11 2025
Terminated at Mon Dec 15 17:20:22 2025
Results reported at Mon Dec 15 17:20:22 2025

Your job looked like:

------------------------------------------------------------
# LSBATCH: User input
#!/bin/bash

#BSUB -J train
#BSUB -q hpc
#BSUB -W 120
#BSUB -R "rusage[mem=10G]"
#BSUB -R "select[model == XeonGold6126]"
#BSUB -R "span[hosts=1]"
#BSUB -n 1
#BSUB -o train_%J.out
#BSUB -e train_%J.err

# # Load Python if needed (depends on DTU module system)

module load python/3.10.21 

# Activate your virtual environment
source ~/bachelor-env/bin/activate

python train.py model_b128_e150
python train_FL.py
------------------------------------------------------------

Exited with exit code 1.

Resource usage summary:

    CPU time :                                   3952.68 sec.
    Max Memory :                                 1372 MB
    Average Memory :                             1335.86 MB
    Total Requested Memory :                     10240.00 MB
    Delta Memory :                               8868.00 MB
    Max Swap :                                   -
    Max Processes :                              4
    Max Threads :                                5
    Run time :                                   4004 sec.
    Turnaround time :                            3971 sec.

The output (if any) is above this job summary.



PS:

Read file <train_27419356.err> for stderr output of this job.

