val images: 50000
train images: 1281167

------------------------------------------------------------
Sender: LSF System <lsfadmin@hpc.dtu.dk>
Subject: Job 26771171: <train> in cluster <dcc> Done

Job <train> was submitted from host <n-62-9-41> by user <s224227> in cluster <dcc> at Mon Nov  3 10:52:43 2025
Job was executed on host(s) <n-62-31-5>, in queue <hpc>, as user <s224227> in cluster <dcc> at Mon Nov  3 10:52:43 2025
</zhome/d1/b/187261> was used as the home directory.
</zhome/d1/b/187261/Desktop/Bachelor/Bachelor> was used as the working directory.
Started at Mon Nov  3 10:52:43 2025
Terminated at Mon Nov  3 10:53:18 2025
Results reported at Mon Nov  3 10:53:18 2025

Your job looked like:

------------------------------------------------------------
# LSBATCH: User input
#!/bin/bash

#BSUB -J train
#BSUB -q hpc
#BSUB -W 120
#BSUB -R "rusage[mem=10G]"
#BSUB -R "select[model == XeonGold6126]"
#BSUB -R "span[hosts=1]"
#BSUB -n 1
#BSUB -o train_%J.out
#BSUB -e train_%J.err

# # Load Python if needed (depends on DTU module system)
module load python/3.10.12  

# Activate your virtual environment
source ~/torch-env/bin/activate

python load_imnet.py 
------------------------------------------------------------

Successfully completed.

Resource usage summary:

    CPU time :                                   16.26 sec.
    Max Memory :                                 690 MB
    Average Memory :                             690.00 MB
    Total Requested Memory :                     10240.00 MB
    Delta Memory :                               9550.00 MB
    Max Swap :                                   -
    Max Processes :                              4
    Max Threads :                                6
    Run time :                                   115 sec.
    Turnaround time :                            35 sec.

The output (if any) is above this job summary.



PS:

Read file <train_26771171.err> for stderr output of this job.

