
=== Round 1/8 ===
Client 0 training...
[Client 0] Epoch 1/10 - Loss: 2.3333 - Acc: 0.1000]
[Client 0] Epoch 2/10 - Loss: 2.3085 - Acc: 0.1000]
[Client 0] Epoch 3/10 - Loss: 2.3051 - Acc: 0.1000]
[Client 0] Epoch 4/10 - Loss: 2.3044 - Acc: 0.1000]
[Client 0] Epoch 5/10 - Loss: 2.3042 - Acc: 0.1000]
[Client 0] Epoch 6/10 - Loss: 2.3035 - Acc: 0.1000]
[Client 0] Epoch 7/10 - Loss: 2.3035 - Acc: 0.1000]
[Client 0] Epoch 8/10 - Loss: 2.3039 - Acc: 0.1000]
[Client 0] Epoch 9/10 - Loss: 2.3030 - Acc: 0.1000]
[Client 0] Epoch 10/10 - Loss: 2.3029 - Acc: 0.1000]
Client 1 training...
[Client 1] Epoch 1/10 - Loss: 2.3341 - Acc: 0.1000]
[Client 1] Epoch 2/10 - Loss: 2.3055 - Acc: 0.0956]
[Client 1] Epoch 3/10 - Loss: 2.3044 - Acc: 0.1000]
[Client 1] Epoch 4/10 - Loss: 2.3043 - Acc: 0.1000]
[Client 1] Epoch 5/10 - Loss: 2.3039 - Acc: 0.1000]
[Client 1] Epoch 6/10 - Loss: 2.3038 - Acc: 0.1000]
[Client 1] Epoch 7/10 - Loss: 2.3035 - Acc: 0.1000]
[Client 1] Epoch 8/10 - Loss: 2.3034 - Acc: 0.1006]
[Client 1] Epoch 9/10 - Loss: 2.3030 - Acc: 0.1494]
[Client 1] Epoch 10/10 - Loss: 2.3028 - Acc: 0.1000]
Client 2 training...
[Client 2] Epoch 1/10 - Loss: 2.3291 - Acc: 0.0791]
[Client 2] Epoch 2/10 - Loss: 2.3063 - Acc: 0.1000]
[Client 2] Epoch 3/10 - Loss: 2.3044 - Acc: 0.1000]
[Client 2] Epoch 4/10 - Loss: 2.3046 - Acc: 0.1000]
[Client 2] Epoch 5/10 - Loss: 2.3028 - Acc: 0.1000]
[Client 2] Epoch 6/10 - Loss: 2.3036 - Acc: 0.1000]
[Client 2] Epoch 7/10 - Loss: 2.3032 - Acc: 0.1000]
[Client 2] Epoch 8/10 - Loss: 2.3029 - Acc: 0.1000]
[Client 2] Epoch 9/10 - Loss: 2.3026 - Acc: 0.1000]
[Client 2] Epoch 10/10 - Loss: 2.3024 - Acc: 0.1000]
Client 3 training...
[Client 3] Epoch 1/10 - Loss: 2.3346 - Acc: 0.1000]
[Client 3] Epoch 2/10 - Loss: 2.3060 - Acc: 0.1000]
[Client 3] Epoch 3/10 - Loss: 2.3049 - Acc: 0.1000]
[Client 3] Epoch 4/10 - Loss: 2.3042 - Acc: 0.1000]
[Client 3] Epoch 5/10 - Loss: 2.3039 - Acc: 0.1000]
[Client 3] Epoch 6/10 - Loss: 2.3036 - Acc: 0.1000]
[Client 3] Epoch 7/10 - Loss: 2.3034 - Acc: 0.1000]
[Client 3] Epoch 8/10 - Loss: 2.3027 - Acc: 0.1000]
[Client 3] Epoch 9/10 - Loss: 2.3028 - Acc: 0.1000]
[Client 3] Epoch 10/10 - Loss: 2.3027 - Acc: 0.1173]
Client 4 training...
[Client 4] Epoch 1/10 - Loss: 2.3320 - Acc: 0.1000]
[Client 4] Epoch 2/10 - Loss: 2.3066 - Acc: 0.1000]
[Client 4] Epoch 3/10 - Loss: 2.3056 - Acc: 0.1000]
[Client 4] Epoch 4/10 - Loss: 2.3043 - Acc: 0.1000]
[Client 4] Epoch 5/10 - Loss: 2.3041 - Acc: 0.1000]
[Client 4] Epoch 6/10 - Loss: 2.3038 - Acc: 0.1000]
[Client 4] Epoch 7/10 - Loss: 2.3035 - Acc: 0.1000]
[Client 4] Epoch 8/10 - Loss: 2.3036 - Acc: 0.1000]
[Client 4] Epoch 9/10 - Loss: 2.3028 - Acc: 0.1038]
[Client 4] Epoch 10/10 - Loss: 2.3028 - Acc: 0.1045]
Client 5 training...
[Client 5] Epoch 1/10 - Loss: 2.3296 - Acc: 0.1000]
[Client 5] Epoch 2/10 - Loss: 2.3075 - Acc: 0.1000]
[Client 5] Epoch 3/10 - Loss: 2.3038 - Acc: 0.1000]
[Client 5] Epoch 4/10 - Loss: 2.3049 - Acc: 0.1000]
[Client 5] Epoch 5/10 - Loss: 2.3039 - Acc: 0.1000]
[Client 5] Epoch 6/10 - Loss: 2.3032 - Acc: 0.1000]
[Client 5] Epoch 7/10 - Loss: 2.3033 - Acc: 0.1000]
[Client 5] Epoch 8/10 - Loss: 2.3031 - Acc: 0.1000]
[Client 5] Epoch 9/10 - Loss: 2.3027 - Acc: 0.1000]
[Client 5] Epoch 10/10 - Loss: 2.3019 - Acc: 0.1118]
Global eval after round 1: 0.1067

=== Round 2/8 ===
Client 0 training...
[Client 0] Epoch 1/10 - Loss: 2.3027 - Acc: 0.1000]
[Client 0] Epoch 2/10 - Loss: 2.3027 - Acc: 0.1014]
[Client 0] Epoch 3/10 - Loss: 2.3025 - Acc: 0.1000]
[Client 0] Epoch 4/10 - Loss: 2.3022 - Acc: 0.1523]
[Client 0] Epoch 5/10 - Loss: 2.3017 - Acc: 0.1497]
[Client 0] Epoch 6/10 - Loss: 2.3013 - Acc: 0.1019]
[Client 0] Epoch 7/10 - Loss: 2.3006 - Acc: 0.1244]
[Client 0] Epoch 8/10 - Loss: 2.3001 - Acc: 0.1392]
[Client 0] Epoch 9/10 - Loss: 2.2993 - Acc: 0.1029]
[Client 0] Epoch 10/10 - Loss: 2.2983 - Acc: 0.1114]
Client 1 training...
[Client 1] Epoch 1/10 - Loss: 2.3030 - Acc: 0.1000]
[Client 1] Epoch 2/10 - Loss: 2.3024 - Acc: 0.1000]
[Client 1] Epoch 3/10 - Loss: 2.3024 - Acc: 0.1000]
[Client 1] Epoch 4/10 - Loss: 2.3018 - Acc: 0.1000]
[Client 1] Epoch 5/10 - Loss: 2.3015 - Acc: 0.1000]
[Client 1] Epoch 6/10 - Loss: 2.3013 - Acc: 0.1002]
[Client 1] Epoch 7/10 - Loss: 2.3005 - Acc: 0.1000]
[Client 1] Epoch 8/10 - Loss: 2.3009 - Acc: 0.1048]
[Client 1] Epoch 9/10 - Loss: 2.2999 - Acc: 0.1222]
[Client 1] Epoch 10/10 - Loss: 2.2988 - Acc: 0.1459]
Client 2 training...
[Client 2] Epoch 1/10 - Loss: 2.3022 - Acc: 0.1000]
[Client 2] Epoch 2/10 - Loss: 2.3023 - Acc: 0.1000]
[Client 2] Epoch 3/10 - Loss: 2.3015 - Acc: 0.1000]
[Client 2] Epoch 4/10 - Loss: 2.3012 - Acc: 0.1000]
[Client 2] Epoch 5/10 - Loss: 2.3013 - Acc: 0.1306]
[Client 2] Epoch 6/10 - Loss: 2.3007 - Acc: 0.1304]
[Client 2] Epoch 7/10 - Loss: 2.3001 - Acc: 0.1394]
[Client 2] Epoch 8/10 - Loss: 2.2999 - Acc: 0.1000]
[Client 2] Epoch 9/10 - Loss: 2.2983 - Acc: 0.1027]
[Client 2] Epoch 10/10 - Loss: 2.2970 - Acc: 0.1339]
Client 3 training...
[Client 3] Epoch 1/10 - Loss: 2.3025 - Acc: 0.1000]
[Client 3] Epoch 2/10 - Loss: 2.3022 - Acc: 0.1000]
[Client 3] Epoch 3/10 - Loss: 2.3023 - Acc: 0.1000]
[Client 3] Epoch 4/10 - Loss: 2.3020 - Acc: 0.1000]
[Client 3] Epoch 5/10 - Loss: 2.3013 - Acc: 0.1000]
[Client 3] Epoch 6/10 - Loss: 2.3012 - Acc: 0.1000]
[Client 3] Epoch 7/10 - Loss: 2.3003 - Acc: 0.1117]
[Client 3] Epoch 8/10 - Loss: 2.3002 - Acc: 0.1000]
[Client 3] Epoch 9/10 - Loss: 2.2990 - Acc: 0.1000]
[Client 3] Epoch 10/10 - Loss: 2.2982 - Acc: 0.1252]
Client 4 training...
[Client 4] Epoch 1/10 - Loss: 2.3027 - Acc: 0.1000]
[Client 4] Epoch 2/10 - Loss: 2.3025 - Acc: 0.1416]
[Client 4] Epoch 3/10 - Loss: 2.3024 - Acc: 0.1514]
[Client 4] Epoch 4/10 - Loss: 2.3019 - Acc: 0.1000]
[Client 4] Epoch 5/10 - Loss: 2.3017 - Acc: 0.1000]
[Client 4] Epoch 6/10 - Loss: 2.3013 - Acc: 0.1376]
[Client 4] Epoch 7/10 - Loss: 2.3008 - Acc: 0.1286]
[Client 4] Epoch 8/10 - Loss: 2.3005 - Acc: 0.1001]
[Client 4] Epoch 9/10 - Loss: 2.2992 - Acc: 0.1000]
[Client 4] Epoch 10/10 - Loss: 2.2984 - Acc: 0.1000]
Client 5 training...
[Client 5] Epoch 1/10 - Loss: 2.3023 - Acc: 0.1000]
[Client 5] Epoch 2/10 - Loss: 2.3021 - Acc: 0.1010]
[Client 5] Epoch 3/10 - Loss: 2.3017 - Acc: 0.1000]
[Client 5] Epoch 4/10 - Loss: 2.3015 - Acc: 0.1062]
[Client 5] Epoch 5/10 - Loss: 2.3013 - Acc: 0.1000]
[Client 5] Epoch 6/10 - Loss: 2.3007 - Acc: 0.1000]
[Client 5] Epoch 7/10 - Loss: 2.3005 - Acc: 0.1000]
[Client 5] Epoch 8/10 - Loss: 2.2995 - Acc: 0.1000]
[Client 5] Epoch 9/10 - Loss: 2.2990 - Acc: 0.1000]
[Client 5] Epoch 10/10 - Loss: 2.2972 - Acc: 0.1051]
Global eval after round 2: 0.1482

=== Round 3/8 ===
Client 0 training...
[Client 0] Epoch 1/10 - Loss: 2.2964 - Acc: 0.1453]
[Client 0] Epoch 2/10 - Loss: 2.2940 - Acc: 0.1411]
[Client 0] Epoch 3/10 - Loss: 2.2892 - Acc: 0.1784]
[Client 0] Epoch 4/10 - Loss: 2.2769 - Acc: 0.1314]
[Client 0] Epoch 5/10 - Loss: 2.2332 - Acc: 0.2045]
[Client 0] Epoch 6/10 - Loss: 2.1314 - Acc: 0.2417]
[Client 0] Epoch 7/10 - Loss: 2.0707 - Acc: 0.2283]
[Client 0] Epoch 8/10 - Loss: 2.0408 - Acc: 0.2543]
[Client 0] Epoch 9/10 - Loss: 2.0277 - Acc: 0.2606]
[Client 0] Epoch 10/10 - Loss: 2.0134 - Acc: 0.2611]
Client 1 training...
[Client 1] Epoch 1/10 - Loss: 2.2967 - Acc: 0.1002]
[Client 1] Epoch 2/10 - Loss: 2.2943 - Acc: 0.1162]
[Client 1] Epoch 3/10 - Loss: 2.2896 - Acc: 0.1376]
[Client 1] Epoch 4/10 - Loss: 2.2797 - Acc: 0.1778]
[Client 1] Epoch 5/10 - Loss: 2.2428 - Acc: 0.2332]
[Client 1] Epoch 6/10 - Loss: 2.1481 - Acc: 0.2133]
[Client 1] Epoch 7/10 - Loss: 2.0946 - Acc: 0.2505]
[Client 1] Epoch 8/10 - Loss: 2.0590 - Acc: 0.2589]
[Client 1] Epoch 9/10 - Loss: 2.0489 - Acc: 0.2658]
[Client 1] Epoch 10/10 - Loss: 2.0442 - Acc: 0.2722]
Client 2 training...
[Client 2] Epoch 1/10 - Loss: 2.2962 - Acc: 0.1136]
[Client 2] Epoch 2/10 - Loss: 2.2932 - Acc: 0.1492]
[Client 2] Epoch 3/10 - Loss: 2.2884 - Acc: 0.1389]
[Client 2] Epoch 4/10 - Loss: 2.2761 - Acc: 0.1941]
[Client 2] Epoch 5/10 - Loss: 2.2302 - Acc: 0.2206]
[Client 2] Epoch 6/10 - Loss: 2.1231 - Acc: 0.2165]
[Client 2] Epoch 7/10 - Loss: 2.0656 - Acc: 0.2292]
[Client 2] Epoch 8/10 - Loss: 2.0469 - Acc: 0.2431]
[Client 2] Epoch 9/10 - Loss: 2.0400 - Acc: 0.2625]
[Client 2] Epoch 10/10 - Loss: 2.0223 - Acc: 0.2560]
Client 3 training...
[Client 3] Epoch 1/10 - Loss: 2.2964 - Acc: 0.1107]
[Client 3] Epoch 2/10 - Loss: 2.2939 - Acc: 0.1259]
[Client 3] Epoch 3/10 - Loss: 2.2889 - Acc: 0.1472]
[Client 3] Epoch 4/10 - Loss: 2.2784 - Acc: 0.1431]
[Client 3] Epoch 5/10 - Loss: 2.2425 - Acc: 0.1933]
[Client 3] Epoch 6/10 - Loss: 2.1570 - Acc: 0.2178]
[Client 3] Epoch 7/10 - Loss: 2.0917 - Acc: 0.2336]
[Client 3] Epoch 8/10 - Loss: 2.0708 - Acc: 0.2452]
[Client 3] Epoch 9/10 - Loss: 2.0538 - Acc: 0.2393]
[Client 3] Epoch 10/10 - Loss: 2.0457 - Acc: 0.2579]
Client 4 training...
[Client 4] Epoch 1/10 - Loss: 2.2970 - Acc: 0.1000]
[Client 4] Epoch 2/10 - Loss: 2.2936 - Acc: 0.1580]
[Client 4] Epoch 3/10 - Loss: 2.2900 - Acc: 0.1624]
[Client 4] Epoch 4/10 - Loss: 2.2788 - Acc: 0.1636]
[Client 4] Epoch 5/10 - Loss: 2.2411 - Acc: 0.1886]
[Client 4] Epoch 6/10 - Loss: 2.1395 - Acc: 0.2455]
[Client 4] Epoch 7/10 - Loss: 2.0708 - Acc: 0.2454]
[Client 4] Epoch 8/10 - Loss: 2.0408 - Acc: 0.2621]
[Client 4] Epoch 9/10 - Loss: 2.0358 - Acc: 0.2575]
[Client 4] Epoch 10/10 - Loss: 2.0231 - Acc: 0.2672]
Client 5 training...
[Client 5] Epoch 1/10 - Loss: 2.2965 - Acc: 0.1000]
[Client 5] Epoch 2/10 - Loss: 2.2938 - Acc: 0.1633]
[Client 5] Epoch 3/10 - Loss: 2.2890 - Acc: 0.1213]
[Client 5] Epoch 4/10 - Loss: 2.2785 - Acc: 0.1838]
[Client 5] Epoch 5/10 - Loss: 2.2392 - Acc: 0.2229]
[Client 5] Epoch 6/10 - Loss: 2.1379 - Acc: 0.2442]
[Client 5] Epoch 7/10 - Loss: 2.0804 - Acc: 0.2542]
[Client 5] Epoch 8/10 - Loss: 2.0612 - Acc: 0.2418]
[Client 5] Epoch 9/10 - Loss: 2.0476 - Acc: 0.2581]
[Client 5] Epoch 10/10 - Loss: 2.0337 - Acc: 0.2704]
Global eval after round 3: 0.2809

=== Round 4/8 ===
Client 0 training...
[Client 0] Epoch 1/10 - Loss: 2.0055 - Acc: 0.2651]
[Client 0] Epoch 2/10 - Loss: 1.9907 - Acc: 0.2784]
[Client 0] Epoch 3/10 - Loss: 1.9790 - Acc: 0.2645]
[Client 0] Epoch 4/10 - Loss: 1.9707 - Acc: 0.2932]
[Client 0] Epoch 5/10 - Loss: 1.9540 - Acc: 0.2897]
[Client 0] Epoch 6/10 - Loss: 1.9345 - Acc: 0.2939]
[Client 0] Epoch 7/10 - Loss: 1.9251 - Acc: 0.3018]
[Client 0] Epoch 8/10 - Loss: 1.9155 - Acc: 0.3005]
[Client 0] Epoch 9/10 - Loss: 1.9078 - Acc: 0.3075]
[Client 0] Epoch 10/10 - Loss: 1.8927 - Acc: 0.3147]
Client 1 training...
[Client 1] Epoch 1/10 - Loss: 2.0211 - Acc: 0.2694]
[Client 1] Epoch 2/10 - Loss: 2.0152 - Acc: 0.2750]
[Client 1] Epoch 3/10 - Loss: 2.0015 - Acc: 0.2801]
[Client 1] Epoch 4/10 - Loss: 1.9891 - Acc: 0.2832]
[Client 1] Epoch 5/10 - Loss: 1.9710 - Acc: 0.2885]
[Client 1] Epoch 6/10 - Loss: 1.9666 - Acc: 0.2849]
[Client 1] Epoch 7/10 - Loss: 1.9589 - Acc: 0.2853]
[Client 1] Epoch 8/10 - Loss: 1.9426 - Acc: 0.2622]
[Client 1] Epoch 9/10 - Loss: 1.9280 - Acc: 0.3114]
[Client 1] Epoch 10/10 - Loss: 1.9247 - Acc: 0.3000]
Client 2 training...
[Client 2] Epoch 1/10 - Loss: 2.0154 - Acc: 0.2724]
[Client 2] Epoch 2/10 - Loss: 2.0084 - Acc: 0.2641]
[Client 2] Epoch 3/10 - Loss: 1.9884 - Acc: 0.2962]
[Client 2] Epoch 4/10 - Loss: 1.9832 - Acc: 0.2886]
[Client 2] Epoch 5/10 - Loss: 1.9604 - Acc: 0.2720]
[Client 2] Epoch 6/10 - Loss: 1.9550 - Acc: 0.2999]
[Client 2] Epoch 7/10 - Loss: 1.9359 - Acc: 0.3022]
[Client 2] Epoch 8/10 - Loss: 1.9173 - Acc: 0.3015]
[Client 2] Epoch 9/10 - Loss: 1.9114 - Acc: 0.3129]
[Client 2] Epoch 10/10 - Loss: 1.8852 - Acc: 0.2992]
Client 3 training...
[Client 3] Epoch 1/10 - Loss: 2.0232 - Acc: 0.2572]
[Client 3] Epoch 2/10 - Loss: 2.0177 - Acc: 0.2570]
[Client 3] Epoch 3/10 - Loss: 2.0069 - Acc: 0.2751]
[Client 3] Epoch 4/10 - Loss: 1.9846 - Acc: 0.2975]
[Client 3] Epoch 5/10 - Loss: 1.9676 - Acc: 0.2981]
[Client 3] Epoch 6/10 - Loss: 1.9547 - Acc: 0.2789]
[Client 3] Epoch 7/10 - Loss: 1.9473 - Acc: 0.3104]
[Client 3] Epoch 8/10 - Loss: 1.9221 - Acc: 0.3107]
[Client 3] Epoch 9/10 - Loss: 1.9232 - Acc: 0.2935]
[Client 3] Epoch 10/10 - Loss: 1.9054 - Acc: 0.3054]
Client 4 training...
[Client 4] Epoch 1/10 - Loss: 2.0058 - Acc: 0.2563]
[Client 4] Epoch 2/10 - Loss: 2.0019 - Acc: 0.2819]
[Client 4] Epoch 3/10 - Loss: 1.9906 - Acc: 0.2681]
[Client 4] Epoch 4/10 - Loss: 1.9869 - Acc: 0.2830]
[Client 4] Epoch 5/10 - Loss: 1.9589 - Acc: 0.2835]
[Client 4] Epoch 6/10 - Loss: 1.9561 - Acc: 0.2942]
[Client 4] Epoch 7/10 - Loss: 1.9348 - Acc: 0.2964]
[Client 4] Epoch 8/10 - Loss: 1.9196 - Acc: 0.2932]
[Client 4] Epoch 9/10 - Loss: 1.9082 - Acc: 0.2975]
[Client 4] Epoch 10/10 - Loss: 1.9031 - Acc: 0.3093]
Client 5 training...
[Client 5] Epoch 1/10 - Loss: 2.0197 - Acc: 0.2500]
[Client 5] Epoch 2/10 - Loss: 2.0183 - Acc: 0.2488]
[Client 5] Epoch 3/10 - Loss: 1.9974 - Acc: 0.2857]
[Client 5] Epoch 4/10 - Loss: 1.9847 - Acc: 0.2880]
[Client 5] Epoch 5/10 - Loss: 1.9650 - Acc: 0.2938]
[Client 5] Epoch 6/10 - Loss: 1.9581 - Acc: 0.2978]
[Client 5] Epoch 7/10 - Loss: 1.9427 - Acc: 0.2811]
[Client 5] Epoch 8/10 - Loss: 1.9171 - Acc: 0.3092]
[Client 5] Epoch 9/10 - Loss: 1.9106 - Acc: 0.2920]
[Client 5] Epoch 10/10 - Loss: 1.8989 - Acc: 0.3098]
Global eval after round 4: 0.3215

=== Round 5/8 ===
Client 0 training...
[Client 0] Epoch 1/10 - Loss: 1.8797 - Acc: 0.3194]
[Client 0] Epoch 2/10 - Loss: 1.8766 - Acc: 0.3220]
[Client 0] Epoch 3/10 - Loss: 1.8631 - Acc: 0.3145]
[Client 0] Epoch 4/10 - Loss: 1.8517 - Acc: 0.3274]
[Client 0] Epoch 5/10 - Loss: 1.8359 - Acc: 0.3373]
[Client 0] Epoch 6/10 - Loss: 1.8171 - Acc: 0.3400]
[Client 0] Epoch 7/10 - Loss: 1.7988 - Acc: 0.3511]
[Client 0] Epoch 8/10 - Loss: 1.7862 - Acc: 0.3463]
[Client 0] Epoch 9/10 - Loss: 1.7755 - Acc: 0.3588]
[Client 0] Epoch 10/10 - Loss: 1.7533 - Acc: 0.3615]
Client 1 training...
[Client 1] Epoch 1/10 - Loss: 1.9062 - Acc: 0.3071]
[Client 1] Epoch 2/10 - Loss: 1.8971 - Acc: 0.3190]
[Client 1] Epoch 3/10 - Loss: 1.8848 - Acc: 0.3176]
[Client 1] Epoch 4/10 - Loss: 1.8714 - Acc: 0.3215]
[Client 1] Epoch 5/10 - Loss: 1.8671 - Acc: 0.3403]
[Client 1] Epoch 6/10 - Loss: 1.8436 - Acc: 0.3360]
[Client 1] Epoch 7/10 - Loss: 1.8343 - Acc: 0.3480]
[Client 1] Epoch 8/10 - Loss: 1.8130 - Acc: 0.3528]
[Client 1] Epoch 9/10 - Loss: 1.8071 - Acc: 0.3695]
[Client 1] Epoch 10/10 - Loss: 1.7831 - Acc: 0.3653]
Client 2 training...
[Client 2] Epoch 1/10 - Loss: 1.8859 - Acc: 0.3287]
[Client 2] Epoch 2/10 - Loss: 1.8832 - Acc: 0.3270]
[Client 2] Epoch 3/10 - Loss: 1.8643 - Acc: 0.3333]
[Client 2] Epoch 4/10 - Loss: 1.8532 - Acc: 0.3406]
[Client 2] Epoch 5/10 - Loss: 1.8306 - Acc: 0.3525]
[Client 2] Epoch 6/10 - Loss: 1.8126 - Acc: 0.3437]
[Client 2] Epoch 7/10 - Loss: 1.7980 - Acc: 0.3457]
[Client 2] Epoch 8/10 - Loss: 1.7831 - Acc: 0.3549]
[Client 2] Epoch 9/10 - Loss: 1.7559 - Acc: 0.3529]
[Client 2] Epoch 10/10 - Loss: 1.7538 - Acc: 0.3720]
Client 3 training...
[Client 3] Epoch 1/10 - Loss: 1.8971 - Acc: 0.3223]
[Client 3] Epoch 2/10 - Loss: 1.8865 - Acc: 0.3270]
[Client 3] Epoch 3/10 - Loss: 1.8747 - Acc: 0.3278]
[Client 3] Epoch 4/10 - Loss: 1.8595 - Acc: 0.3364]
[Client 3] Epoch 5/10 - Loss: 1.8405 - Acc: 0.3404]
[Client 3] Epoch 6/10 - Loss: 1.8270 - Acc: 0.3457]
[Client 3] Epoch 7/10 - Loss: 1.8108 - Acc: 0.3472]
[Client 3] Epoch 8/10 - Loss: 1.7862 - Acc: 0.3325]
[Client 3] Epoch 9/10 - Loss: 1.7700 - Acc: 0.3659]
[Client 3] Epoch 10/10 - Loss: 1.7528 - Acc: 0.3552]
Client 4 training...
[Client 4] Epoch 1/10 - Loss: 1.8867 - Acc: 0.3026]
[Client 4] Epoch 2/10 - Loss: 1.8776 - Acc: 0.3246]
[Client 4] Epoch 3/10 - Loss: 1.8732 - Acc: 0.3355]
[Client 4] Epoch 4/10 - Loss: 1.8559 - Acc: 0.3249]
[Client 4] Epoch 5/10 - Loss: 1.8453 - Acc: 0.3493]
[Client 4] Epoch 6/10 - Loss: 1.8254 - Acc: 0.3348]
[Client 4] Epoch 7/10 - Loss: 1.8187 - Acc: 0.3621]
[Client 4] Epoch 8/10 - Loss: 1.7937 - Acc: 0.3586]
[Client 4] Epoch 9/10 - Loss: 1.7789 - Acc: 0.3689]
[Client 4] Epoch 10/10 - Loss: 1.7679 - Acc: 0.3750]
Client 5 training...
[Client 5] Epoch 1/10 - Loss: 1.8892 - Acc: 0.3257]
[Client 5] Epoch 2/10 - Loss: 1.8834 - Acc: 0.2874]
[Client 5] Epoch 3/10 - Loss: 1.8698 - Acc: 0.3099]
[Client 5] Epoch 4/10 - Loss: 1.8531 - Acc: 0.3265]
[Client 5] Epoch 5/10 - Loss: 1.8422 - Acc: 0.3450]
[Client 5] Epoch 6/10 - Loss: 1.8261 - Acc: 0.3517]
[Client 5] Epoch 7/10 - Loss: 1.8062 - Acc: 0.3427]
[Client 5] Epoch 8/10 - Loss: 1.7935 - Acc: 0.3481]
[Client 5] Epoch 9/10 - Loss: 1.7802 - Acc: 0.3376]
[Client 5] Epoch 10/10 - Loss: 1.7633 - Acc: 0.3761]
Global eval after round 5: 0.3791

=== Round 6/8 ===
Client 0 training...
[Client 0] Epoch 1/10 - Loss: 1.7494 - Acc: 0.3756]
[Client 0] Epoch 2/10 - Loss: 1.7311 - Acc: 0.3819]
[Client 0] Epoch 3/10 - Loss: 1.7218 - Acc: 0.3825]
[Client 0] Epoch 4/10 - Loss: 1.7003 - Acc: 0.3895]
[Client 0] Epoch 5/10 - Loss: 1.6874 - Acc: 0.3721]
[Client 0] Epoch 6/10 - Loss: 1.6729 - Acc: 0.3995]
[Client 0] Epoch 7/10 - Loss: 1.6630 - Acc: 0.3946]
[Client 0] Epoch 8/10 - Loss: 1.6551 - Acc: 0.3984]
[Client 0] Epoch 9/10 - Loss: 1.6403 - Acc: 0.4146]
[Client 0] Epoch 10/10 - Loss: 1.6301 - Acc: 0.4026]
Client 1 training...
[Client 1] Epoch 1/10 - Loss: 1.7685 - Acc: 0.3774]
[Client 1] Epoch 2/10 - Loss: 1.7555 - Acc: 0.3792]
[Client 1] Epoch 3/10 - Loss: 1.7485 - Acc: 0.3843]
[Client 1] Epoch 4/10 - Loss: 1.7475 - Acc: 0.3819]
[Client 1] Epoch 5/10 - Loss: 1.7168 - Acc: 0.3858]
[Client 1] Epoch 6/10 - Loss: 1.7039 - Acc: 0.3961]
[Client 1] Epoch 7/10 - Loss: 1.6975 - Acc: 0.3995]
[Client 1] Epoch 8/10 - Loss: 1.6924 - Acc: 0.4086]
[Client 1] Epoch 9/10 - Loss: 1.6789 - Acc: 0.3956]
[Client 1] Epoch 10/10 - Loss: 1.6706 - Acc: 0.3873]
Client 2 training...
[Client 2] Epoch 1/10 - Loss: 1.7482 - Acc: 0.3715]
[Client 2] Epoch 2/10 - Loss: 1.7274 - Acc: 0.3771]
[Client 2] Epoch 3/10 - Loss: 1.7112 - Acc: 0.3805]
[Client 2] Epoch 4/10 - Loss: 1.6989 - Acc: 0.3715]
[Client 2] Epoch 5/10 - Loss: 1.6908 - Acc: 0.3923]
[Client 2] Epoch 6/10 - Loss: 1.6695 - Acc: 0.3759]
[Client 2] Epoch 7/10 - Loss: 1.6706 - Acc: 0.3885]
[Client 2] Epoch 8/10 - Loss: 1.6491 - Acc: 0.3962]
[Client 2] Epoch 9/10 - Loss: 1.6389 - Acc: 0.3985]
[Client 2] Epoch 10/10 - Loss: 1.6240 - Acc: 0.3993]
Client 3 training...
[Client 3] Epoch 1/10 - Loss: 1.7595 - Acc: 0.3759]
[Client 3] Epoch 2/10 - Loss: 1.7402 - Acc: 0.3838]
[Client 3] Epoch 3/10 - Loss: 1.7255 - Acc: 0.3752]
[Client 3] Epoch 4/10 - Loss: 1.7119 - Acc: 0.3949]
[Client 3] Epoch 5/10 - Loss: 1.6993 - Acc: 0.3842]
[Client 3] Epoch 6/10 - Loss: 1.6878 - Acc: 0.3925]
[Client 3] Epoch 7/10 - Loss: 1.6744 - Acc: 0.3957]
[Client 3] Epoch 8/10 - Loss: 1.6595 - Acc: 0.4069]
[Client 3] Epoch 9/10 - Loss: 1.6523 - Acc: 0.4032]
[Client 3] Epoch 10/10 - Loss: 1.6355 - Acc: 0.4104]
Client 4 training...
[Client 4] Epoch 1/10 - Loss: 1.7542 - Acc: 0.3707]
[Client 4] Epoch 2/10 - Loss: 1.7446 - Acc: 0.3668]
[Client 4] Epoch 3/10 - Loss: 1.7278 - Acc: 0.3854]
[Client 4] Epoch 4/10 - Loss: 1.7182 - Acc: 0.3899]
[Client 4] Epoch 5/10 - Loss: 1.7056 - Acc: 0.3868]
[Client 4] Epoch 6/10 - Loss: 1.6915 - Acc: 0.3927]
[Client 4] Epoch 7/10 - Loss: 1.6813 - Acc: 0.3988]
[Client 4] Epoch 8/10 - Loss: 1.6699 - Acc: 0.4013]
[Client 4] Epoch 9/10 - Loss: 1.6597 - Acc: 0.4040]
[Client 4] Epoch 10/10 - Loss: 1.6578 - Acc: 0.3840]
Client 5 training...
[Client 5] Epoch 1/10 - Loss: 1.7540 - Acc: 0.3717]
[Client 5] Epoch 2/10 - Loss: 1.7384 - Acc: 0.3790]
[Client 5] Epoch 3/10 - Loss: 1.7219 - Acc: 0.3867]
[Client 5] Epoch 4/10 - Loss: 1.7081 - Acc: 0.3960]
[Client 5] Epoch 5/10 - Loss: 1.6978 - Acc: 0.3874]
[Client 5] Epoch 6/10 - Loss: 1.6880 - Acc: 0.3881]
[Client 5] Epoch 7/10 - Loss: 1.6843 - Acc: 0.3861]
[Client 5] Epoch 8/10 - Loss: 1.6678 - Acc: 0.3828]
[Client 5] Epoch 9/10 - Loss: 1.6576 - Acc: 0.3980]
[Client 5] Epoch 10/10 - Loss: 1.6505 - Acc: 0.3854]
Global eval after round 6: 0.4104

=== Round 7/8 ===
Client 0 training...
[Client 0] Epoch 1/10 - Loss: 1.6339 - Acc: 0.4090]
[Client 0] Epoch 2/10 - Loss: 1.6212 - Acc: 0.4046]
[Client 0] Epoch 3/10 - Loss: 1.6152 - Acc: 0.3982]
[Client 0] Epoch 4/10 - Loss: 1.6073 - Acc: 0.4172]
[Client 0] Epoch 5/10 - Loss: 1.5931 - Acc: 0.4189]
[Client 0] Epoch 6/10 - Loss: 1.5777 - Acc: 0.4014]
[Client 0] Epoch 7/10 - Loss: 1.5807 - Acc: 0.4287]
[Client 0] Epoch 8/10 - Loss: 1.5679 - Acc: 0.4206]
[Client 0] Epoch 9/10 - Loss: 1.5623 - Acc: 0.4254]
[Client 0] Epoch 10/10 - Loss: 1.5469 - Acc: 0.4322]
Client 1 training...
[Client 1] Epoch 1/10 - Loss: 1.6693 - Acc: 0.4001]
[Client 1] Epoch 2/10 - Loss: 1.6635 - Acc: 0.4108]
[Client 1] Epoch 3/10 - Loss: 1.6613 - Acc: 0.3961]
[Client 1] Epoch 4/10 - Loss: 1.6334 - Acc: 0.4183]
[Client 1] Epoch 5/10 - Loss: 1.6262 - Acc: 0.4242]
[Client 1] Epoch 6/10 - Loss: 1.6220 - Acc: 0.4247]
[Client 1] Epoch 7/10 - Loss: 1.6073 - Acc: 0.4168]
[Client 1] Epoch 8/10 - Loss: 1.6091 - Acc: 0.4020]
[Client 1] Epoch 9/10 - Loss: 1.5929 - Acc: 0.4290]
[Client 1] Epoch 10/10 - Loss: 1.5914 - Acc: 0.4215]
Client 2 training...
[Client 2] Epoch 1/10 - Loss: 1.6397 - Acc: 0.4148]
[Client 2] Epoch 2/10 - Loss: 1.6280 - Acc: 0.4081]
[Client 2] Epoch 3/10 - Loss: 1.6158 - Acc: 0.4156]
[Client 2] Epoch 4/10 - Loss: 1.5947 - Acc: 0.4101]
[Client 2] Epoch 5/10 - Loss: 1.5861 - Acc: 0.4241]
[Client 2] Epoch 6/10 - Loss: 1.5854 - Acc: 0.4249]
[Client 2] Epoch 7/10 - Loss: 1.5743 - Acc: 0.4199]
[Client 2] Epoch 8/10 - Loss: 1.5702 - Acc: 0.4203]
[Client 2] Epoch 9/10 - Loss: 1.5564 - Acc: 0.4276]
[Client 2] Epoch 10/10 - Loss: 1.5495 - Acc: 0.4185]
Client 3 training...
[Client 3] Epoch 1/10 - Loss: 1.6444 - Acc: 0.4058]
[Client 3] Epoch 2/10 - Loss: 1.6333 - Acc: 0.4092]
[Client 3] Epoch 3/10 - Loss: 1.6187 - Acc: 0.4127]
[Client 3] Epoch 4/10 - Loss: 1.6183 - Acc: 0.4134]
[Client 3] Epoch 5/10 - Loss: 1.6163 - Acc: 0.4109]
[Client 3] Epoch 6/10 - Loss: 1.5995 - Acc: 0.4101]
[Client 3] Epoch 7/10 - Loss: 1.5779 - Acc: 0.4133]
[Client 3] Epoch 8/10 - Loss: 1.5756 - Acc: 0.4016]
[Client 3] Epoch 9/10 - Loss: 1.5636 - Acc: 0.4130]
[Client 3] Epoch 10/10 - Loss: 1.5642 - Acc: 0.4269]
Client 4 training...
[Client 4] Epoch 1/10 - Loss: 1.6596 - Acc: 0.4113]
[Client 4] Epoch 2/10 - Loss: 1.6541 - Acc: 0.4102]
[Client 4] Epoch 3/10 - Loss: 1.6392 - Acc: 0.4087]
[Client 4] Epoch 4/10 - Loss: 1.6262 - Acc: 0.4167]
[Client 4] Epoch 5/10 - Loss: 1.6099 - Acc: 0.4101]
[Client 4] Epoch 6/10 - Loss: 1.6045 - Acc: 0.4207]
[Client 4] Epoch 7/10 - Loss: 1.6029 - Acc: 0.4189]
[Client 4] Epoch 8/10 - Loss: 1.5831 - Acc: 0.4225]
[Client 4] Epoch 9/10 - Loss: 1.5750 - Acc: 0.4238]
[Client 4] Epoch 10/10 - Loss: 1.5721 - Acc: 0.4230]
Client 5 training...
[Client 5] Epoch 1/10 - Loss: 1.6491 - Acc: 0.4081]
[Client 5] Epoch 2/10 - Loss: 1.6505 - Acc: 0.4157]
[Client 5] Epoch 3/10 - Loss: 1.6317 - Acc: 0.4155]
[Client 5] Epoch 4/10 - Loss: 1.6271 - Acc: 0.4061]
[Client 5] Epoch 5/10 - Loss: 1.6215 - Acc: 0.4157]
[Client 5] Epoch 6/10 - Loss: 1.6127 - Acc: 0.4109]
[Client 5] Epoch 7/10 - Loss: 1.6024 - Acc: 0.4215]
[Client 5] Epoch 8/10 - Loss: 1.5961 - Acc: 0.4113]
[Client 5] Epoch 9/10 - Loss: 1.5902 - Acc: 0.4282]
[Client 5] Epoch 10/10 - Loss: 1.5766 - Acc: 0.4287]
Global eval after round 7: 0.4416

=== Round 8/8 ===
Client 0 training...
[Client 0] Epoch 1/10 - Loss: 1.5709 - Acc: 0.4344]
[Client 0] Epoch 2/10 - Loss: 1.5560 - Acc: 0.4269]
[Client 0] Epoch 3/10 - Loss: 1.5488 - Acc: 0.4337]
[Client 0] Epoch 4/10 - Loss: 1.5444 - Acc: 0.4395]
[Client 0] Epoch 5/10 - Loss: 1.5296 - Acc: 0.4343]
[Client 0] Epoch 6/10 - Loss: 1.5172 - Acc: 0.4422]
[Client 0] Epoch 7/10 - Loss: 1.5167 - Acc: 0.4398]
[Client 0] Epoch 8/10 - Loss: 1.5043 - Acc: 0.4470]
[Client 0] Epoch 9/10 - Loss: 1.4973 - Acc: 0.4277]
[Client 0] Epoch 10/10 - Loss: 1.4960 - Acc: 0.4398]
Client 1 training...
[Client 1] Epoch 1/10 - Loss: 1.6042 - Acc: 0.4290]
[Client 1] Epoch 2/10 - Loss: 1.5893 - Acc: 0.4327]
[Client 1] Epoch 3/10 - Loss: 1.5820 - Acc: 0.4294]
[Client 1] Epoch 4/10 - Loss: 1.5720 - Acc: 0.4417]
[Client 1] Epoch 5/10 - Loss: 1.5646 - Acc: 0.4419]
[Client 1] Epoch 6/10 - Loss: 1.5494 - Acc: 0.4415]
[Client 1] Epoch 7/10 - Loss: 1.5485 - Acc: 0.4407]
[Client 1] Epoch 8/10 - Loss: 1.5389 - Acc: 0.4283]
[Client 1] Epoch 9/10 - Loss: 1.5389 - Acc: 0.4433]
[Client 1] Epoch 10/10 - Loss: 1.5256 - Acc: 0.4436]
Client 2 training...
[Client 2] Epoch 1/10 - Loss: 1.5703 - Acc: 0.4302]
[Client 2] Epoch 2/10 - Loss: 1.5574 - Acc: 0.4286]
[Client 2] Epoch 3/10 - Loss: 1.5543 - Acc: 0.4323]
[Client 2] Epoch 4/10 - Loss: 1.5394 - Acc: 0.4332]
[Client 2] Epoch 5/10 - Loss: 1.5325 - Acc: 0.4361]
[Client 2] Epoch 6/10 - Loss: 1.5235 - Acc: 0.4317]
[Client 2] Epoch 7/10 - Loss: 1.5139 - Acc: 0.4398]
[Client 2] Epoch 8/10 - Loss: 1.5111 - Acc: 0.4351]
[Client 2] Epoch 9/10 - Loss: 1.4998 - Acc: 0.4340]
[Client 2] Epoch 10/10 - Loss: 1.4896 - Acc: 0.4386]
Client 3 training...
[Client 3] Epoch 1/10 - Loss: 1.5804 - Acc: 0.4317]
[Client 3] Epoch 2/10 - Loss: 1.5742 - Acc: 0.4378]
[Client 3] Epoch 3/10 - Loss: 1.5682 - Acc: 0.4175]
[Client 3] Epoch 4/10 - Loss: 1.5444 - Acc: 0.4386]
[Client 3] Epoch 5/10 - Loss: 1.5386 - Acc: 0.4372]
[Client 3] Epoch 6/10 - Loss: 1.5345 - Acc: 0.4328]
[Client 3] Epoch 7/10 - Loss: 1.5251 - Acc: 0.4382]
[Client 3] Epoch 8/10 - Loss: 1.5059 - Acc: 0.4393]
[Client 3] Epoch 9/10 - Loss: 1.5053 - Acc: 0.4428]
[Client 3] Epoch 10/10 - Loss: 1.5006 - Acc: 0.4435]
Client 4 training...
[Client 4] Epoch 1/10 - Loss: 1.5860 - Acc: 0.4333]
[Client 4] Epoch 2/10 - Loss: 1.5770 - Acc: 0.4308]
[Client 4] Epoch 3/10 - Loss: 1.5681 - Acc: 0.4377]
[Client 4] Epoch 4/10 - Loss: 1.5634 - Acc: 0.4337]
[Client 4] Epoch 5/10 - Loss: 1.5473 - Acc: 0.4313]
[Client 4] Epoch 6/10 - Loss: 1.5378 - Acc: 0.4405]
[Client 4] Epoch 7/10 - Loss: 1.5364 - Acc: 0.4306]
[Client 4] Epoch 8/10 - Loss: 1.5351 - Acc: 0.4315]
[Client 4] Epoch 9/10 - Loss: 1.5169 - Acc: 0.4318]
[Client 4] Epoch 10/10 - Loss: 1.5121 - Acc: 0.4403]
Client 5 training...
[Client 5] Epoch 1/10 - Loss: 1.5869 - Acc: 0.4313]
[Client 5] Epoch 2/10 - Loss: 1.5839 - Acc: 0.4307]
[Client 5] Epoch 3/10 - Loss: 1.5788 - Acc: 0.4362]
[Client 5] Epoch 4/10 - Loss: 1.5655 - Acc: 0.4358]
[Client 5] Epoch 5/10 - Loss: 1.5586 - Acc: 0.4380]
[Client 5] Epoch 6/10 - Loss: 1.5488 - Acc: 0.4355]
[Client 5] Epoch 7/10 - Loss: 1.5424 - Acc: 0.4307]
[Client 5] Epoch 8/10 - Loss: 1.5471 - Acc: 0.4332]
[Client 5] Epoch 9/10 - Loss: 1.5337 - Acc: 0.4370]
[Client 5] Epoch 10/10 - Loss: 1.5286 - Acc: 0.4319]
Global eval after round 8: 0.4522

------------------------------------------------------------
Sender: LSF System <lsfadmin@hpc.dtu.dk>
Subject: Job 27440119: <train> in cluster <dcc> Done

Job <train> was submitted from host <n-62-30-7> by user <s224227> in cluster <dcc> at Wed Dec 17 10:54:40 2025
Job was executed on host(s) <n-62-31-9>, in queue <hpc>, as user <s224227> in cluster <dcc> at Wed Dec 17 10:54:42 2025
</zhome/d1/b/187261> was used as the home directory.
</zhome/d1/b/187261/Desktop/Bachelor/Bachelor> was used as the working directory.
Started at Wed Dec 17 10:54:42 2025
Terminated at Wed Dec 17 11:09:01 2025
Results reported at Wed Dec 17 11:09:01 2025

Your job looked like:

------------------------------------------------------------
# LSBATCH: User input
#!/bin/bash

#BSUB -J train
#BSUB -q hpc
#BSUB -W 120
#BSUB -R "rusage[mem=10G]"
#BSUB -R "select[model == XeonGold6126]"
#BSUB -R "span[hosts=1]"
#BSUB -n 1
#BSUB -o train_%J.out
#BSUB -e train_%J.err

# # Load Python if needed (depends on DTU module system)

module load python/3.10.21 

# Activate your virtual environment
source ~/bachelor-env/bin/activate

# python train.py model_b8_e100
python train_FL.py c6_b64_e10_FL
------------------------------------------------------------

Successfully completed.

Resource usage summary:

    CPU time :                                   852.42 sec.
    Max Memory :                                 1372 MB
    Average Memory :                             1257.88 MB
    Total Requested Memory :                     10240.00 MB
    Delta Memory :                               8868.00 MB
    Max Swap :                                   -
    Max Processes :                              4
    Max Threads :                                5
    Run time :                                   898 sec.
    Turnaround time :                            861 sec.

The output (if any) is above this job summary.



PS:

Read file <train_27440119.err> for stderr output of this job.

