Loading CIFAR-10 from OpenML...
Epoch 1/10 | Numpy ResNet18 Val Acc: 0.3200 | Torch ResNet18 Val Acc: 0.0900
Epoch 2/10 | Numpy ResNet18 Val Acc: 0.3950 | Torch ResNet18 Val Acc: 0.0950
Epoch 3/10 | Numpy ResNet18 Val Acc: 0.3750 | Torch ResNet18 Val Acc: 0.1000
Epoch 4/10 | Numpy ResNet18 Val Acc: 0.4150 | Torch ResNet18 Val Acc: 0.1000
Epoch 5/10 | Numpy ResNet18 Val Acc: 0.3950 | Torch ResNet18 Val Acc: 0.0950
Epoch 6/10 | Numpy ResNet18 Val Acc: 0.4200 | Torch ResNet18 Val Acc: 0.1150
Epoch 7/10 | Numpy ResNet18 Val Acc: 0.4150 | Torch ResNet18 Val Acc: 0.1000
Epoch 8/10 | Numpy ResNet18 Val Acc: 0.4350 | Torch ResNet18 Val Acc: 0.1000
Epoch 9/10 | Numpy ResNet18 Val Acc: 0.3800 | Torch ResNet18 Val Acc: 0.1000
Epoch 10/10 | Numpy ResNet18 Val Acc: 0.4300 | Torch ResNet18 Val Acc: 0.1000

------------------------------------------------------------
Sender: LSF System <lsfadmin@hpc.dtu.dk>
Subject: Job 26900300: <resnet_comparison> in cluster <dcc> Done

Job <resnet_comparison> was submitted from host <n-62-27-23> by user <s224235> in cluster <dcc> at Wed Nov 12 09:38:51 2025
Job was executed on host(s) <n-62-31-4>, in queue <hpc>, as user <s224235> in cluster <dcc> at Wed Nov 12 09:38:52 2025
</zhome/8e/8/187047> was used as the home directory.
</zhome/8e/8/187047/Documents/Bachelor> was used as the working directory.
Started at Wed Nov 12 09:38:52 2025
Terminated at Wed Nov 12 10:21:28 2025
Results reported at Wed Nov 12 10:21:28 2025

Your job looked like:

------------------------------------------------------------
# LSBATCH: User input
#!/bin/bash

#BSUB -J resnet_comparison
#BSUB -q hpc
#BSUB -W 180
#BSUB -R "rusage[mem=32G]"
#BSUB -R "select[model == XeonGold6126]"
#BSUB -R "span[hosts=1]"
#BSUB -n 1
#BSUB -o train_%J.out
#BSUB -e train_%J.err

# # Load Python if needed (depends on DTU module system)

module load python3/3.12.11 

# Activate your virtual environment
# source ~/bachelor-env/bin/activate
source /zhome/8e/8/187047/Documents/Bachelor/bachelor-env/bin/activate

python models/numpy_torch_com.py
------------------------------------------------------------

Successfully completed.

Resource usage summary:

    CPU time :                                   2554.31 sec.
    Max Memory :                                 5005 MB
    Average Memory :                             4139.80 MB
    Total Requested Memory :                     32768.00 MB
    Delta Memory :                               27763.00 MB
    Max Swap :                                   -
    Max Processes :                              4
    Max Threads :                                5
    Run time :                                   2609 sec.
    Turnaround time :                            2557 sec.

The output (if any) is above this job summary.



PS:

Read file <train_26900300.err> for stderr output of this job.

